<?xml version="1.0" encoding="UTF-8"?>
<testsuite xmlns:xsi="http://www.w3.org/2001/XMLSchema-instance" xsi:noNamespaceSchemaLocation="https://maven.apache.org/surefire/maven-surefire-plugin/xsd/surefire-test-report-3.0.xsd" version="3.0" name="com.examly.springapp.SpringappApplicationTests" time="4.899" tests="17" errors="0" skipped="0" failures="5">
  <properties>
    <property name="java.specification.version" value="17"/>
    <property name="sun.jnu.encoding" value="UTF-8"/>
    <property name="java.class.path" value="/home/coder/project/workspace/springapptests/springapp/target/test-classes:/home/coder/project/workspace/springapptests/springapp/target/classes:/home/coder/.m2/repository/org/springframework/boot/spring-boot-starter-data-jpa/3.3.8/spring-boot-starter-data-jpa-3.3.8.jar:/home/coder/.m2/repository/org/springframework/boot/spring-boot-starter-aop/3.3.8/spring-boot-starter-aop-3.3.8.jar:/home/coder/.m2/repository/org/springframework/spring-aop/6.1.16/spring-aop-6.1.16.jar:/home/coder/.m2/repository/org/aspectj/aspectjweaver/1.9.22.1/aspectjweaver-1.9.22.1.jar:/home/coder/.m2/repository/org/springframework/boot/spring-boot-starter-jdbc/3.3.8/spring-boot-starter-jdbc-3.3.8.jar:/home/coder/.m2/repository/com/zaxxer/HikariCP/5.1.0/HikariCP-5.1.0.jar:/home/coder/.m2/repository/org/springframework/spring-jdbc/6.1.16/spring-jdbc-6.1.16.jar:/home/coder/.m2/repository/org/hibernate/orm/hibernate-core/6.5.3.Final/hibernate-core-6.5.3.Final.jar:/home/coder/.m2/repository/jakarta/persistence/jakarta.persistence-api/3.1.0/jakarta.persistence-api-3.1.0.jar:/home/coder/.m2/repository/jakarta/transaction/jakarta.transaction-api/2.0.1/jakarta.transaction-api-2.0.1.jar:/home/coder/.m2/repository/org/jboss/logging/jboss-logging/3.5.3.Final/jboss-logging-3.5.3.Final.jar:/home/coder/.m2/repository/org/hibernate/common/hibernate-commons-annotations/6.0.6.Final/hibernate-commons-annotations-6.0.6.Final.jar:/home/coder/.m2/repository/io/smallrye/jandex/3.1.2/jandex-3.1.2.jar:/home/coder/.m2/repository/com/fasterxml/classmate/1.7.0/classmate-1.7.0.jar:/home/coder/.m2/repository/net/bytebuddy/byte-buddy/1.14.19/byte-buddy-1.14.19.jar:/home/coder/.m2/repository/org/glassfish/jaxb/jaxb-runtime/4.0.5/jaxb-runtime-4.0.5.jar:/home/coder/.m2/repository/org/glassfish/jaxb/jaxb-core/4.0.5/jaxb-core-4.0.5.jar:/home/coder/.m2/repository/org/eclipse/angus/angus-activation/2.0.2/angus-activation-2.0.2.jar:/home/coder/.m2/repository/org/glassfish/jaxb/txw2/4.0.5/txw2-4.0.5.jar:/home/coder/.m2/repository/com/sun/istack/istack-commons-runtime/4.1.2/istack-commons-runtime-4.1.2.jar:/home/coder/.m2/repository/jakarta/inject/jakarta.inject-api/2.0.1/jakarta.inject-api-2.0.1.jar:/home/coder/.m2/repository/org/antlr/antlr4-runtime/4.13.0/antlr4-runtime-4.13.0.jar:/home/coder/.m2/repository/org/springframework/data/spring-data-jpa/3.3.8/spring-data-jpa-3.3.8.jar:/home/coder/.m2/repository/org/springframework/data/spring-data-commons/3.3.8/spring-data-commons-3.3.8.jar:/home/coder/.m2/repository/org/springframework/spring-orm/6.1.16/spring-orm-6.1.16.jar:/home/coder/.m2/repository/org/springframework/spring-context/6.1.16/spring-context-6.1.16.jar:/home/coder/.m2/repository/org/springframework/spring-tx/6.1.16/spring-tx-6.1.16.jar:/home/coder/.m2/repository/org/springframework/spring-beans/6.1.16/spring-beans-6.1.16.jar:/home/coder/.m2/repository/jakarta/annotation/jakarta.annotation-api/2.1.1/jakarta.annotation-api-2.1.1.jar:/home/coder/.m2/repository/org/slf4j/slf4j-api/2.0.16/slf4j-api-2.0.16.jar:/home/coder/.m2/repository/org/springframework/spring-aspects/6.1.16/spring-aspects-6.1.16.jar:/home/coder/.m2/repository/org/springframework/boot/spring-boot-starter-web/3.3.8/spring-boot-starter-web-3.3.8.jar:/home/coder/.m2/repository/org/springframework/boot/spring-boot-starter/3.3.8/spring-boot-starter-3.3.8.jar:/home/coder/.m2/repository/org/springframework/boot/spring-boot-starter-logging/3.3.8/spring-boot-starter-logging-3.3.8.jar:/home/coder/.m2/repository/ch/qos/logback/logback-classic/1.5.16/logback-classic-1.5.16.jar:/home/coder/.m2/repository/ch/qos/logback/logback-core/1.5.16/logback-core-1.5.16.jar:/home/coder/.m2/repository/org/apache/logging/log4j/log4j-to-slf4j/2.23.1/log4j-to-slf4j-2.23.1.jar:/home/coder/.m2/repository/org/apache/logging/log4j/log4j-api/2.23.1/log4j-api-2.23.1.jar:/home/coder/.m2/repository/org/slf4j/jul-to-slf4j/2.0.16/jul-to-slf4j-2.0.16.jar:/home/coder/.m2/repository/org/yaml/snakeyaml/2.2/snakeyaml-2.2.jar:/home/coder/.m2/repository/org/springframework/boot/spring-boot-starter-json/3.3.8/spring-boot-starter-json-3.3.8.jar:/home/coder/.m2/repository/com/fasterxml/jackson/core/jackson-databind/2.17.3/jackson-databind-2.17.3.jar:/home/coder/.m2/repository/com/fasterxml/jackson/core/jackson-annotations/2.17.3/jackson-annotations-2.17.3.jar:/home/coder/.m2/repository/com/fasterxml/jackson/core/jackson-core/2.17.3/jackson-core-2.17.3.jar:/home/coder/.m2/repository/com/fasterxml/jackson/datatype/jackson-datatype-jdk8/2.17.3/jackson-datatype-jdk8-2.17.3.jar:/home/coder/.m2/repository/com/fasterxml/jackson/datatype/jackson-datatype-jsr310/2.17.3/jackson-datatype-jsr310-2.17.3.jar:/home/coder/.m2/repository/com/fasterxml/jackson/module/jackson-module-parameter-names/2.17.3/jackson-module-parameter-names-2.17.3.jar:/home/coder/.m2/repository/org/springframework/boot/spring-boot-starter-tomcat/3.3.8/spring-boot-starter-tomcat-3.3.8.jar:/home/coder/.m2/repository/org/apache/tomcat/embed/tomcat-embed-core/10.1.34/tomcat-embed-core-10.1.34.jar:/home/coder/.m2/repository/org/apache/tomcat/embed/tomcat-embed-el/10.1.34/tomcat-embed-el-10.1.34.jar:/home/coder/.m2/repository/org/apache/tomcat/embed/tomcat-embed-websocket/10.1.34/tomcat-embed-websocket-10.1.34.jar:/home/coder/.m2/repository/org/springframework/spring-web/6.1.16/spring-web-6.1.16.jar:/home/coder/.m2/repository/io/micrometer/micrometer-observation/1.13.10/micrometer-observation-1.13.10.jar:/home/coder/.m2/repository/io/micrometer/micrometer-commons/1.13.10/micrometer-commons-1.13.10.jar:/home/coder/.m2/repository/org/springframework/spring-webmvc/6.1.16/spring-webmvc-6.1.16.jar:/home/coder/.m2/repository/org/springframework/spring-expression/6.1.16/spring-expression-6.1.16.jar:/home/coder/.m2/repository/org/springframework/boot/spring-boot-devtools/3.3.8/spring-boot-devtools-3.3.8.jar:/home/coder/.m2/repository/org/springframework/boot/spring-boot/3.3.8/spring-boot-3.3.8.jar:/home/coder/.m2/repository/org/springframework/boot/spring-boot-autoconfigure/3.3.8/spring-boot-autoconfigure-3.3.8.jar:/home/coder/.m2/repository/com/mysql/mysql-connector-j/8.3.0/mysql-connector-j-8.3.0.jar:/home/coder/.m2/repository/org/springframework/boot/spring-boot-starter-test/3.3.8/spring-boot-starter-test-3.3.8.jar:/home/coder/.m2/repository/org/springframework/boot/spring-boot-test/3.3.8/spring-boot-test-3.3.8.jar:/home/coder/.m2/repository/org/springframework/boot/spring-boot-test-autoconfigure/3.3.8/spring-boot-test-autoconfigure-3.3.8.jar:/home/coder/.m2/repository/com/jayway/jsonpath/json-path/2.9.0/json-path-2.9.0.jar:/home/coder/.m2/repository/jakarta/xml/bind/jakarta.xml.bind-api/4.0.2/jakarta.xml.bind-api-4.0.2.jar:/home/coder/.m2/repository/jakarta/activation/jakarta.activation-api/2.1.3/jakarta.activation-api-2.1.3.jar:/home/coder/.m2/repository/net/minidev/json-smart/2.5.1/json-smart-2.5.1.jar:/home/coder/.m2/repository/net/minidev/accessors-smart/2.5.1/accessors-smart-2.5.1.jar:/home/coder/.m2/repository/org/ow2/asm/asm/9.6/asm-9.6.jar:/home/coder/.m2/repository/org/assertj/assertj-core/3.25.3/assertj-core-3.25.3.jar:/home/coder/.m2/repository/org/awaitility/awaitility/4.2.2/awaitility-4.2.2.jar:/home/coder/.m2/repository/org/hamcrest/hamcrest/2.2/hamcrest-2.2.jar:/home/coder/.m2/repository/org/junit/jupiter/junit-jupiter/5.10.5/junit-jupiter-5.10.5.jar:/home/coder/.m2/repository/org/junit/jupiter/junit-jupiter-api/5.10.5/junit-jupiter-api-5.10.5.jar:/home/coder/.m2/repository/org/opentest4j/opentest4j/1.3.0/opentest4j-1.3.0.jar:/home/coder/.m2/repository/org/junit/platform/junit-platform-commons/1.10.5/junit-platform-commons-1.10.5.jar:/home/coder/.m2/repository/org/apiguardian/apiguardian-api/1.1.2/apiguardian-api-1.1.2.jar:/home/coder/.m2/repository/org/junit/jupiter/junit-jupiter-params/5.10.5/junit-jupiter-params-5.10.5.jar:/home/coder/.m2/repository/org/junit/jupiter/junit-jupiter-engine/5.10.5/junit-jupiter-engine-5.10.5.jar:/home/coder/.m2/repository/org/junit/platform/junit-platform-engine/1.10.5/junit-platform-engine-1.10.5.jar:/home/coder/.m2/repository/org/mockito/mockito-core/5.11.0/mockito-core-5.11.0.jar:/home/coder/.m2/repository/net/bytebuddy/byte-buddy-agent/1.14.19/byte-buddy-agent-1.14.19.jar:/home/coder/.m2/repository/org/objenesis/objenesis/3.3/objenesis-3.3.jar:/home/coder/.m2/repository/org/mockito/mockito-junit-jupiter/5.11.0/mockito-junit-jupiter-5.11.0.jar:/home/coder/.m2/repository/org/skyscreamer/jsonassert/1.5.3/jsonassert-1.5.3.jar:/home/coder/.m2/repository/com/vaadin/external/google/android-json/0.0.20131108.vaadin1/android-json-0.0.20131108.vaadin1.jar:/home/coder/.m2/repository/org/springframework/spring-core/6.1.16/spring-core-6.1.16.jar:/home/coder/.m2/repository/org/springframework/spring-jcl/6.1.16/spring-jcl-6.1.16.jar:/home/coder/.m2/repository/org/springframework/spring-test/6.1.16/spring-test-6.1.16.jar:/home/coder/.m2/repository/org/xmlunit/xmlunit-core/2.9.1/xmlunit-core-2.9.1.jar:"/>
    <property name="java.vm.vendor" value="Debian"/>
    <property name="sun.arch.data.model" value="64"/>
    <property name="java.vendor.url" value="https://tracker.debian.org/openjdk-17"/>
    <property name="user.timezone" value="Etc/UTC"/>
    <property name="org.jboss.logging.provider" value="slf4j"/>
    <property name="os.name" value="Linux"/>
    <property name="java.vm.specification.version" value="17"/>
    <property name="sun.java.launcher" value="SUN_STANDARD"/>
    <property name="user.country" value="US"/>
    <property name="sun.boot.library.path" value="/usr/lib/jvm/java-17-openjdk-amd64/lib"/>
    <property name="sun.java.command" value="/home/coder/project/workspace/springapptests/springapp/target/surefire/surefirebooter3433848143427637386.jar /home/coder/project/workspace/springapptests/springapp/target/surefire 2025-04-29T07-04-43_319-jvmRun1 surefire14679938084918968793tmp surefire_016875275644689209412tmp"/>
    <property name="jdk.debug" value="release"/>
    <property name="surefire.test.class.path" value="/home/coder/project/workspace/springapptests/springapp/target/test-classes:/home/coder/project/workspace/springapptests/springapp/target/classes:/home/coder/.m2/repository/org/springframework/boot/spring-boot-starter-data-jpa/3.3.8/spring-boot-starter-data-jpa-3.3.8.jar:/home/coder/.m2/repository/org/springframework/boot/spring-boot-starter-aop/3.3.8/spring-boot-starter-aop-3.3.8.jar:/home/coder/.m2/repository/org/springframework/spring-aop/6.1.16/spring-aop-6.1.16.jar:/home/coder/.m2/repository/org/aspectj/aspectjweaver/1.9.22.1/aspectjweaver-1.9.22.1.jar:/home/coder/.m2/repository/org/springframework/boot/spring-boot-starter-jdbc/3.3.8/spring-boot-starter-jdbc-3.3.8.jar:/home/coder/.m2/repository/com/zaxxer/HikariCP/5.1.0/HikariCP-5.1.0.jar:/home/coder/.m2/repository/org/springframework/spring-jdbc/6.1.16/spring-jdbc-6.1.16.jar:/home/coder/.m2/repository/org/hibernate/orm/hibernate-core/6.5.3.Final/hibernate-core-6.5.3.Final.jar:/home/coder/.m2/repository/jakarta/persistence/jakarta.persistence-api/3.1.0/jakarta.persistence-api-3.1.0.jar:/home/coder/.m2/repository/jakarta/transaction/jakarta.transaction-api/2.0.1/jakarta.transaction-api-2.0.1.jar:/home/coder/.m2/repository/org/jboss/logging/jboss-logging/3.5.3.Final/jboss-logging-3.5.3.Final.jar:/home/coder/.m2/repository/org/hibernate/common/hibernate-commons-annotations/6.0.6.Final/hibernate-commons-annotations-6.0.6.Final.jar:/home/coder/.m2/repository/io/smallrye/jandex/3.1.2/jandex-3.1.2.jar:/home/coder/.m2/repository/com/fasterxml/classmate/1.7.0/classmate-1.7.0.jar:/home/coder/.m2/repository/net/bytebuddy/byte-buddy/1.14.19/byte-buddy-1.14.19.jar:/home/coder/.m2/repository/org/glassfish/jaxb/jaxb-runtime/4.0.5/jaxb-runtime-4.0.5.jar:/home/coder/.m2/repository/org/glassfish/jaxb/jaxb-core/4.0.5/jaxb-core-4.0.5.jar:/home/coder/.m2/repository/org/eclipse/angus/angus-activation/2.0.2/angus-activation-2.0.2.jar:/home/coder/.m2/repository/org/glassfish/jaxb/txw2/4.0.5/txw2-4.0.5.jar:/home/coder/.m2/repository/com/sun/istack/istack-commons-runtime/4.1.2/istack-commons-runtime-4.1.2.jar:/home/coder/.m2/repository/jakarta/inject/jakarta.inject-api/2.0.1/jakarta.inject-api-2.0.1.jar:/home/coder/.m2/repository/org/antlr/antlr4-runtime/4.13.0/antlr4-runtime-4.13.0.jar:/home/coder/.m2/repository/org/springframework/data/spring-data-jpa/3.3.8/spring-data-jpa-3.3.8.jar:/home/coder/.m2/repository/org/springframework/data/spring-data-commons/3.3.8/spring-data-commons-3.3.8.jar:/home/coder/.m2/repository/org/springframework/spring-orm/6.1.16/spring-orm-6.1.16.jar:/home/coder/.m2/repository/org/springframework/spring-context/6.1.16/spring-context-6.1.16.jar:/home/coder/.m2/repository/org/springframework/spring-tx/6.1.16/spring-tx-6.1.16.jar:/home/coder/.m2/repository/org/springframework/spring-beans/6.1.16/spring-beans-6.1.16.jar:/home/coder/.m2/repository/jakarta/annotation/jakarta.annotation-api/2.1.1/jakarta.annotation-api-2.1.1.jar:/home/coder/.m2/repository/org/slf4j/slf4j-api/2.0.16/slf4j-api-2.0.16.jar:/home/coder/.m2/repository/org/springframework/spring-aspects/6.1.16/spring-aspects-6.1.16.jar:/home/coder/.m2/repository/org/springframework/boot/spring-boot-starter-web/3.3.8/spring-boot-starter-web-3.3.8.jar:/home/coder/.m2/repository/org/springframework/boot/spring-boot-starter/3.3.8/spring-boot-starter-3.3.8.jar:/home/coder/.m2/repository/org/springframework/boot/spring-boot-starter-logging/3.3.8/spring-boot-starter-logging-3.3.8.jar:/home/coder/.m2/repository/ch/qos/logback/logback-classic/1.5.16/logback-classic-1.5.16.jar:/home/coder/.m2/repository/ch/qos/logback/logback-core/1.5.16/logback-core-1.5.16.jar:/home/coder/.m2/repository/org/apache/logging/log4j/log4j-to-slf4j/2.23.1/log4j-to-slf4j-2.23.1.jar:/home/coder/.m2/repository/org/apache/logging/log4j/log4j-api/2.23.1/log4j-api-2.23.1.jar:/home/coder/.m2/repository/org/slf4j/jul-to-slf4j/2.0.16/jul-to-slf4j-2.0.16.jar:/home/coder/.m2/repository/org/yaml/snakeyaml/2.2/snakeyaml-2.2.jar:/home/coder/.m2/repository/org/springframework/boot/spring-boot-starter-json/3.3.8/spring-boot-starter-json-3.3.8.jar:/home/coder/.m2/repository/com/fasterxml/jackson/core/jackson-databind/2.17.3/jackson-databind-2.17.3.jar:/home/coder/.m2/repository/com/fasterxml/jackson/core/jackson-annotations/2.17.3/jackson-annotations-2.17.3.jar:/home/coder/.m2/repository/com/fasterxml/jackson/core/jackson-core/2.17.3/jackson-core-2.17.3.jar:/home/coder/.m2/repository/com/fasterxml/jackson/datatype/jackson-datatype-jdk8/2.17.3/jackson-datatype-jdk8-2.17.3.jar:/home/coder/.m2/repository/com/fasterxml/jackson/datatype/jackson-datatype-jsr310/2.17.3/jackson-datatype-jsr310-2.17.3.jar:/home/coder/.m2/repository/com/fasterxml/jackson/module/jackson-module-parameter-names/2.17.3/jackson-module-parameter-names-2.17.3.jar:/home/coder/.m2/repository/org/springframework/boot/spring-boot-starter-tomcat/3.3.8/spring-boot-starter-tomcat-3.3.8.jar:/home/coder/.m2/repository/org/apache/tomcat/embed/tomcat-embed-core/10.1.34/tomcat-embed-core-10.1.34.jar:/home/coder/.m2/repository/org/apache/tomcat/embed/tomcat-embed-el/10.1.34/tomcat-embed-el-10.1.34.jar:/home/coder/.m2/repository/org/apache/tomcat/embed/tomcat-embed-websocket/10.1.34/tomcat-embed-websocket-10.1.34.jar:/home/coder/.m2/repository/org/springframework/spring-web/6.1.16/spring-web-6.1.16.jar:/home/coder/.m2/repository/io/micrometer/micrometer-observation/1.13.10/micrometer-observation-1.13.10.jar:/home/coder/.m2/repository/io/micrometer/micrometer-commons/1.13.10/micrometer-commons-1.13.10.jar:/home/coder/.m2/repository/org/springframework/spring-webmvc/6.1.16/spring-webmvc-6.1.16.jar:/home/coder/.m2/repository/org/springframework/spring-expression/6.1.16/spring-expression-6.1.16.jar:/home/coder/.m2/repository/org/springframework/boot/spring-boot-devtools/3.3.8/spring-boot-devtools-3.3.8.jar:/home/coder/.m2/repository/org/springframework/boot/spring-boot/3.3.8/spring-boot-3.3.8.jar:/home/coder/.m2/repository/org/springframework/boot/spring-boot-autoconfigure/3.3.8/spring-boot-autoconfigure-3.3.8.jar:/home/coder/.m2/repository/com/mysql/mysql-connector-j/8.3.0/mysql-connector-j-8.3.0.jar:/home/coder/.m2/repository/org/springframework/boot/spring-boot-starter-test/3.3.8/spring-boot-starter-test-3.3.8.jar:/home/coder/.m2/repository/org/springframework/boot/spring-boot-test/3.3.8/spring-boot-test-3.3.8.jar:/home/coder/.m2/repository/org/springframework/boot/spring-boot-test-autoconfigure/3.3.8/spring-boot-test-autoconfigure-3.3.8.jar:/home/coder/.m2/repository/com/jayway/jsonpath/json-path/2.9.0/json-path-2.9.0.jar:/home/coder/.m2/repository/jakarta/xml/bind/jakarta.xml.bind-api/4.0.2/jakarta.xml.bind-api-4.0.2.jar:/home/coder/.m2/repository/jakarta/activation/jakarta.activation-api/2.1.3/jakarta.activation-api-2.1.3.jar:/home/coder/.m2/repository/net/minidev/json-smart/2.5.1/json-smart-2.5.1.jar:/home/coder/.m2/repository/net/minidev/accessors-smart/2.5.1/accessors-smart-2.5.1.jar:/home/coder/.m2/repository/org/ow2/asm/asm/9.6/asm-9.6.jar:/home/coder/.m2/repository/org/assertj/assertj-core/3.25.3/assertj-core-3.25.3.jar:/home/coder/.m2/repository/org/awaitility/awaitility/4.2.2/awaitility-4.2.2.jar:/home/coder/.m2/repository/org/hamcrest/hamcrest/2.2/hamcrest-2.2.jar:/home/coder/.m2/repository/org/junit/jupiter/junit-jupiter/5.10.5/junit-jupiter-5.10.5.jar:/home/coder/.m2/repository/org/junit/jupiter/junit-jupiter-api/5.10.5/junit-jupiter-api-5.10.5.jar:/home/coder/.m2/repository/org/opentest4j/opentest4j/1.3.0/opentest4j-1.3.0.jar:/home/coder/.m2/repository/org/junit/platform/junit-platform-commons/1.10.5/junit-platform-commons-1.10.5.jar:/home/coder/.m2/repository/org/apiguardian/apiguardian-api/1.1.2/apiguardian-api-1.1.2.jar:/home/coder/.m2/repository/org/junit/jupiter/junit-jupiter-params/5.10.5/junit-jupiter-params-5.10.5.jar:/home/coder/.m2/repository/org/junit/jupiter/junit-jupiter-engine/5.10.5/junit-jupiter-engine-5.10.5.jar:/home/coder/.m2/repository/org/junit/platform/junit-platform-engine/1.10.5/junit-platform-engine-1.10.5.jar:/home/coder/.m2/repository/org/mockito/mockito-core/5.11.0/mockito-core-5.11.0.jar:/home/coder/.m2/repository/net/bytebuddy/byte-buddy-agent/1.14.19/byte-buddy-agent-1.14.19.jar:/home/coder/.m2/repository/org/objenesis/objenesis/3.3/objenesis-3.3.jar:/home/coder/.m2/repository/org/mockito/mockito-junit-jupiter/5.11.0/mockito-junit-jupiter-5.11.0.jar:/home/coder/.m2/repository/org/skyscreamer/jsonassert/1.5.3/jsonassert-1.5.3.jar:/home/coder/.m2/repository/com/vaadin/external/google/android-json/0.0.20131108.vaadin1/android-json-0.0.20131108.vaadin1.jar:/home/coder/.m2/repository/org/springframework/spring-core/6.1.16/spring-core-6.1.16.jar:/home/coder/.m2/repository/org/springframework/spring-jcl/6.1.16/spring-jcl-6.1.16.jar:/home/coder/.m2/repository/org/springframework/spring-test/6.1.16/spring-test-6.1.16.jar:/home/coder/.m2/repository/org/xmlunit/xmlunit-core/2.9.1/xmlunit-core-2.9.1.jar:"/>
    <property name="sun.cpu.endian" value="little"/>
    <property name="user.home" value="/home/coder"/>
    <property name="user.language" value="en"/>
    <property name="java.specification.vendor" value="Oracle Corporation"/>
    <property name="java.version.date" value="2025-01-21"/>
    <property name="java.home" value="/usr/lib/jvm/java-17-openjdk-amd64"/>
    <property name="file.separator" value="/"/>
    <property name="basedir" value="/home/coder/project/workspace/springapptests/springapp"/>
    <property name="java.vm.compressedOopsMode" value="32-bit"/>
    <property name="line.separator" value="&#10;"/>
    <property name="java.specification.name" value="Java Platform API Specification"/>
    <property name="java.vm.specification.vendor" value="Oracle Corporation"/>
    <property name="FILE_LOG_CHARSET" value="UTF-8"/>
    <property name="java.awt.headless" value="true"/>
    <property name="surefire.real.class.path" value="/home/coder/project/workspace/springapptests/springapp/target/surefire/surefirebooter3433848143427637386.jar"/>
    <property name="sun.management.compiler" value="HotSpot 64-Bit Tiered Compilers"/>
    <property name="java.runtime.version" value="17.0.14+7-Debian-1deb11u1"/>
    <property name="user.name" value="coder"/>
    <property name="path.separator" value=":"/>
    <property name="os.version" value="6.1.123+"/>
    <property name="java.runtime.name" value="OpenJDK Runtime Environment"/>
    <property name="file.encoding" value="UTF-8"/>
    <property name="java.vm.name" value="OpenJDK 64-Bit Server VM"/>
    <property name="localRepository" value="/home/coder/.m2/repository"/>
    <property name="java.vendor.url.bug" value="https://bugs.debian.org/openjdk-17"/>
    <property name="java.io.tmpdir" value="/tmp"/>
    <property name="com.zaxxer.hikari.pool_number" value="1"/>
    <property name="java.version" value="17.0.14"/>
    <property name="user.dir" value="/home/coder/project/workspace/springapptests/springapp"/>
    <property name="os.arch" value="amd64"/>
    <property name="java.vm.specification.name" value="Java Virtual Machine Specification"/>
    <property name="PID" value="1817"/>
    <property name="CONSOLE_LOG_CHARSET" value="UTF-8"/>
    <property name="native.encoding" value="UTF-8"/>
    <property name="java.library.path" value="/usr/java/packages/lib:/usr/lib/x86_64-linux-gnu/jni:/lib/x86_64-linux-gnu:/usr/lib/x86_64-linux-gnu:/usr/lib/jni:/lib:/usr/lib"/>
    <property name="java.vm.info" value="mixed mode, sharing"/>
    <property name="java.vendor" value="Debian"/>
    <property name="java.vm.version" value="17.0.14+7-Debian-1deb11u1"/>
    <property name="java.specification.maintenance.version" value="1"/>
    <property name="sun.io.unicode.encoding" value="UnicodeLittle"/>
    <property name="java.class.version" value="61.0"/>
  </properties>
  <testcase name="testGetAllGyms_NoContent" classname="com.examly.springapp.SpringappApplicationTests" time="0.571">
    <system-out><![CDATA[07:04:45.239 [main] INFO org.springframework.test.context.support.AnnotationConfigContextLoaderUtils -- Could not detect default configuration classes for test class [com.examly.springapp.SpringappApplicationTests]: SpringappApplicationTests does not declare any static, non-private, non-final, nested classes annotated with @Configuration.
07:04:45.338 [main] INFO org.springframework.boot.test.context.SpringBootTestContextBootstrapper -- Found @SpringBootConfiguration com.examly.springapp.SpringappApplication for test class com.examly.springapp.SpringappApplicationTests
07:04:45.451 [main] INFO org.springframework.boot.devtools.restart.RestartApplicationListener -- Restart disabled due to context in which it is running

  .   ____          _            __ _ _
 /\\ / ___'_ __ _ _(_)_ __  __ _ \ \ \ \
( ( )\___ | '_ | '_| | '_ \/ _` | \ \ \ \
 \\/  ___)| |_)| | | | | || (_| |  ) ) ) )
  '  |____| .__|_| |_|_| |_\__, | / / / /
 =========|_|==============|___/=/_/_/_/

 :: Spring Boot ::                (v3.3.8)

2025-04-29T07:04:45.666Z  INFO 1817 --- [           main] c.e.springapp.SpringappApplicationTests  : Starting SpringappApplicationTests using Java 17.0.14 with PID 1817 (started by coder in /home/coder/project/workspace/springapptests/springapp)
2025-04-29T07:04:45.668Z  INFO 1817 --- [           main] c.e.springapp.SpringappApplicationTests  : No active profile set, falling back to 1 default profile: "default"
2025-04-29T07:04:46.267Z  INFO 1817 --- [           main] .s.d.r.c.RepositoryConfigurationDelegate : Bootstrapping Spring Data JPA repositories in DEFAULT mode.
2025-04-29T07:04:46.305Z  INFO 1817 --- [           main] .s.d.r.c.RepositoryConfigurationDelegate : Finished Spring Data repository scanning in 32 ms. Found 2 JPA repository interfaces.
2025-04-29T07:04:46.655Z  INFO 1817 --- [           main] o.hibernate.jpa.internal.util.LogHelper  : HHH000204: Processing PersistenceUnitInfo [name: default]
2025-04-29T07:04:46.687Z  INFO 1817 --- [           main] org.hibernate.Version                    : HHH000412: Hibernate ORM core version 6.5.3.Final
2025-04-29T07:04:46.709Z  INFO 1817 --- [           main] o.h.c.internal.RegionFactoryInitiator    : HHH000026: Second-level cache disabled
2025-04-29T07:04:46.941Z  INFO 1817 --- [           main] o.s.o.j.p.SpringPersistenceUnitInfo      : No LoadTimeWeaver setup: ignoring JPA class transformer
2025-04-29T07:04:46.961Z  INFO 1817 --- [           main] com.zaxxer.hikari.HikariDataSource       : HikariPool-1 - Starting...
2025-04-29T07:04:47.094Z  INFO 1817 --- [           main] com.zaxxer.hikari.pool.HikariPool        : HikariPool-1 - Added connection com.mysql.cj.jdbc.ConnectionImpl@14b5752f
2025-04-29T07:04:47.096Z  INFO 1817 --- [           main] com.zaxxer.hikari.HikariDataSource       : HikariPool-1 - Start completed.
2025-04-29T07:04:47.112Z  WARN 1817 --- [           main] org.hibernate.orm.deprecation            : HHH90000025: MySQL8Dialect does not need to be specified explicitly using 'hibernate.dialect' (remove the property setting and it will be selected by default)
2025-04-29T07:04:47.113Z  WARN 1817 --- [           main] org.hibernate.orm.deprecation            : HHH90000026: MySQL8Dialect has been deprecated; use org.hibernate.dialect.MySQLDialect instead
2025-04-29T07:04:47.774Z  INFO 1817 --- [           main] o.h.e.t.j.p.i.JtaPlatformInitiator       : HHH000489: No JTA platform available (set 'hibernate.transaction.jta.platform' to enable JTA platform integration)
Hibernate: alter table membership drop foreign key FKi3xs41hmknxgrgd1lcie8vpfr
2025-04-29T07:04:47.802Z  WARN 1817 --- [           main] o.h.t.s.i.ExceptionHandlerLoggedImpl     : GenerationTarget encountered exception accepting command : Error executing DDL "alter table membership drop foreign key FKi3xs41hmknxgrgd1lcie8vpfr" via JDBC [Table 'appdb.membership' doesn't exist]

org.hibernate.tool.schema.spi.CommandAcceptanceException: Error executing DDL "alter table membership drop foreign key FKi3xs41hmknxgrgd1lcie8vpfr" via JDBC [Table 'appdb.membership' doesn't exist]
	at org.hibernate.tool.schema.internal.exec.GenerationTargetToDatabase.accept(GenerationTargetToDatabase.java:94) ~[hibernate-core-6.5.3.Final.jar:6.5.3.Final]
	at org.hibernate.tool.schema.internal.Helper.applySqlString(Helper.java:233) ~[hibernate-core-6.5.3.Final.jar:6.5.3.Final]
	at org.hibernate.tool.schema.internal.Helper.applySqlStrings(Helper.java:217) ~[hibernate-core-6.5.3.Final.jar:6.5.3.Final]
	at org.hibernate.tool.schema.internal.SchemaDropperImpl.applyConstraintDropping(SchemaDropperImpl.java:476) ~[hibernate-core-6.5.3.Final.jar:6.5.3.Final]
	at org.hibernate.tool.schema.internal.SchemaDropperImpl.dropConstraintsTablesSequences(SchemaDropperImpl.java:242) ~[hibernate-core-6.5.3.Final.jar:6.5.3.Final]
	at org.hibernate.tool.schema.internal.SchemaDropperImpl.dropFromMetadata(SchemaDropperImpl.java:215) ~[hibernate-core-6.5.3.Final.jar:6.5.3.Final]
	at org.hibernate.tool.schema.internal.SchemaDropperImpl.performDrop(SchemaDropperImpl.java:185) ~[hibernate-core-6.5.3.Final.jar:6.5.3.Final]
	at org.hibernate.tool.schema.internal.SchemaDropperImpl.doDrop(SchemaDropperImpl.java:155) ~[hibernate-core-6.5.3.Final.jar:6.5.3.Final]
	at org.hibernate.tool.schema.internal.SchemaDropperImpl.doDrop(SchemaDropperImpl.java:115) ~[hibernate-core-6.5.3.Final.jar:6.5.3.Final]
	at org.hibernate.tool.schema.spi.SchemaManagementToolCoordinator.performDatabaseAction(SchemaManagementToolCoordinator.java:238) ~[hibernate-core-6.5.3.Final.jar:6.5.3.Final]
	at org.hibernate.tool.schema.spi.SchemaManagementToolCoordinator.lambda$process$5(SchemaManagementToolCoordinator.java:144) ~[hibernate-core-6.5.3.Final.jar:6.5.3.Final]
	at java.base/java.util.HashMap.forEach(HashMap.java:1421) ~[na:na]
	at org.hibernate.tool.schema.spi.SchemaManagementToolCoordinator.process(SchemaManagementToolCoordinator.java:141) ~[hibernate-core-6.5.3.Final.jar:6.5.3.Final]
	at org.hibernate.boot.internal.SessionFactoryObserverForSchemaExport.sessionFactoryCreated(SessionFactoryObserverForSchemaExport.java:37) ~[hibernate-core-6.5.3.Final.jar:6.5.3.Final]
	at org.hibernate.internal.SessionFactoryObserverChain.sessionFactoryCreated(SessionFactoryObserverChain.java:35) ~[hibernate-core-6.5.3.Final.jar:6.5.3.Final]
	at org.hibernate.internal.SessionFactoryImpl.<init>(SessionFactoryImpl.java:322) ~[hibernate-core-6.5.3.Final.jar:6.5.3.Final]
	at org.hibernate.boot.internal.SessionFactoryBuilderImpl.build(SessionFactoryBuilderImpl.java:457) ~[hibernate-core-6.5.3.Final.jar:6.5.3.Final]
	at org.hibernate.jpa.boot.internal.EntityManagerFactoryBuilderImpl.build(EntityManagerFactoryBuilderImpl.java:1506) ~[hibernate-core-6.5.3.Final.jar:6.5.3.Final]
	at org.springframework.orm.jpa.vendor.SpringHibernateJpaPersistenceProvider.createContainerEntityManagerFactory(SpringHibernateJpaPersistenceProvider.java:75) ~[spring-orm-6.1.16.jar:6.1.16]
	at org.springframework.orm.jpa.LocalContainerEntityManagerFactoryBean.createNativeEntityManagerFactory(LocalContainerEntityManagerFactoryBean.java:390) ~[spring-orm-6.1.16.jar:6.1.16]
	at org.springframework.orm.jpa.AbstractEntityManagerFactoryBean.buildNativeEntityManagerFactory(AbstractEntityManagerFactoryBean.java:409) ~[spring-orm-6.1.16.jar:6.1.16]
	at org.springframework.orm.jpa.AbstractEntityManagerFactoryBean.afterPropertiesSet(AbstractEntityManagerFactoryBean.java:396) ~[spring-orm-6.1.16.jar:6.1.16]
	at org.springframework.orm.jpa.LocalContainerEntityManagerFactoryBean.afterPropertiesSet(LocalContainerEntityManagerFactoryBean.java:366) ~[spring-orm-6.1.16.jar:6.1.16]
	at org.springframework.beans.factory.support.AbstractAutowireCapableBeanFactory.invokeInitMethods(AbstractAutowireCapableBeanFactory.java:1853) ~[spring-beans-6.1.16.jar:6.1.16]
	at org.springframework.beans.factory.support.AbstractAutowireCapableBeanFactory.initializeBean(AbstractAutowireCapableBeanFactory.java:1802) ~[spring-beans-6.1.16.jar:6.1.16]
	at org.springframework.beans.factory.support.AbstractAutowireCapableBeanFactory.doCreateBean(AbstractAutowireCapableBeanFactory.java:600) ~[spring-beans-6.1.16.jar:6.1.16]
	at org.springframework.beans.factory.support.AbstractAutowireCapableBeanFactory.createBean(AbstractAutowireCapableBeanFactory.java:522) ~[spring-beans-6.1.16.jar:6.1.16]
	at org.springframework.beans.factory.support.AbstractBeanFactory.lambda$doGetBean$0(AbstractBeanFactory.java:337) ~[spring-beans-6.1.16.jar:6.1.16]
	at org.springframework.beans.factory.support.DefaultSingletonBeanRegistry.getSingleton(DefaultSingletonBeanRegistry.java:234) ~[spring-beans-6.1.16.jar:6.1.16]
	at org.springframework.beans.factory.support.AbstractBeanFactory.doGetBean(AbstractBeanFactory.java:335) ~[spring-beans-6.1.16.jar:6.1.16]
	at org.springframework.beans.factory.support.AbstractBeanFactory.getBean(AbstractBeanFactory.java:205) ~[spring-beans-6.1.16.jar:6.1.16]
	at org.springframework.context.support.AbstractApplicationContext.finishBeanFactoryInitialization(AbstractApplicationContext.java:954) ~[spring-context-6.1.16.jar:6.1.16]
	at org.springframework.context.support.AbstractApplicationContext.refresh(AbstractApplicationContext.java:625) ~[spring-context-6.1.16.jar:6.1.16]
	at org.springframework.boot.SpringApplication.refresh(SpringApplication.java:754) ~[spring-boot-3.3.8.jar:3.3.8]
	at org.springframework.boot.SpringApplication.refreshContext(SpringApplication.java:456) ~[spring-boot-3.3.8.jar:3.3.8]
	at org.springframework.boot.SpringApplication.run(SpringApplication.java:335) ~[spring-boot-3.3.8.jar:3.3.8]
	at org.springframework.boot.test.context.SpringBootContextLoader.lambda$loadContext$3(SpringBootContextLoader.java:137) ~[spring-boot-test-3.3.8.jar:3.3.8]
	at org.springframework.util.function.ThrowingSupplier.get(ThrowingSupplier.java:58) ~[spring-core-6.1.16.jar:6.1.16]
	at org.springframework.util.function.ThrowingSupplier.get(ThrowingSupplier.java:46) ~[spring-core-6.1.16.jar:6.1.16]
	at org.springframework.boot.SpringApplication.withHook(SpringApplication.java:1463) ~[spring-boot-3.3.8.jar:3.3.8]
	at org.springframework.boot.test.context.SpringBootContextLoader$ContextLoaderHook.run(SpringBootContextLoader.java:553) ~[spring-boot-test-3.3.8.jar:3.3.8]
	at org.springframework.boot.test.context.SpringBootContextLoader.loadContext(SpringBootContextLoader.java:137) ~[spring-boot-test-3.3.8.jar:3.3.8]
	at org.springframework.boot.test.context.SpringBootContextLoader.loadContext(SpringBootContextLoader.java:108) ~[spring-boot-test-3.3.8.jar:3.3.8]
	at org.springframework.test.context.cache.DefaultCacheAwareContextLoaderDelegate.loadContextInternal(DefaultCacheAwareContextLoaderDelegate.java:225) ~[spring-test-6.1.16.jar:6.1.16]
	at org.springframework.test.context.cache.DefaultCacheAwareContextLoaderDelegate.loadContext(DefaultCacheAwareContextLoaderDelegate.java:152) ~[spring-test-6.1.16.jar:6.1.16]
	at org.springframework.test.context.support.DefaultTestContext.getApplicationContext(DefaultTestContext.java:130) ~[spring-test-6.1.16.jar:6.1.16]
	at org.springframework.test.context.web.ServletTestExecutionListener.setUpRequestContextIfNecessary(ServletTestExecutionListener.java:191) ~[spring-test-6.1.16.jar:6.1.16]
	at org.springframework.test.context.web.ServletTestExecutionListener.prepareTestInstance(ServletTestExecutionListener.java:130) ~[spring-test-6.1.16.jar:6.1.16]
	at org.springframework.test.context.TestContextManager.prepareTestInstance(TestContextManager.java:260) ~[spring-test-6.1.16.jar:6.1.16]
	at org.springframework.test.context.junit.jupiter.SpringExtension.postProcessTestInstance(SpringExtension.java:163) ~[spring-test-6.1.16.jar:6.1.16]
	at org.junit.jupiter.engine.descriptor.ClassBasedTestDescriptor.lambda$invokeTestInstancePostProcessors$10(ClassBasedTestDescriptor.java:378) ~[junit-jupiter-engine-5.10.5.jar:5.10.5]
	at org.junit.jupiter.engine.descriptor.ClassBasedTestDescriptor.executeAndMaskThrowable(ClassBasedTestDescriptor.java:383) ~[junit-jupiter-engine-5.10.5.jar:5.10.5]
	at org.junit.jupiter.engine.descriptor.ClassBasedTestDescriptor.lambda$invokeTestInstancePostProcessors$11(ClassBasedTestDescriptor.java:378) ~[junit-jupiter-engine-5.10.5.jar:5.10.5]
	at java.base/java.util.stream.ReferencePipeline$3$1.accept(ReferencePipeline.java:197) ~[na:na]
	at java.base/java.util.stream.ReferencePipeline$2$1.accept(ReferencePipeline.java:179) ~[na:na]
	at java.base/java.util.ArrayList$ArrayListSpliterator.forEachRemaining(ArrayList.java:1625) ~[na:na]
	at java.base/java.util.stream.AbstractPipeline.copyInto(AbstractPipeline.java:509) ~[na:na]
	at java.base/java.util.stream.AbstractPipeline.wrapAndCopyInto(AbstractPipeline.java:499) ~[na:na]
	at java.base/java.util.stream.StreamSpliterators$WrappingSpliterator.forEachRemaining(StreamSpliterators.java:310) ~[na:na]
	at java.base/java.util.stream.Streams$ConcatSpliterator.forEachRemaining(Streams.java:735) ~[na:na]
	at java.base/java.util.stream.Streams$ConcatSpliterator.forEachRemaining(Streams.java:734) ~[na:na]
	at java.base/java.util.stream.ReferencePipeline$Head.forEach(ReferencePipeline.java:762) ~[na:na]
	at org.junit.jupiter.engine.descriptor.ClassBasedTestDescriptor.invokeTestInstancePostProcessors(ClassBasedTestDescriptor.java:377) ~[junit-jupiter-engine-5.10.5.jar:5.10.5]
	at org.junit.jupiter.engine.descriptor.ClassBasedTestDescriptor.lambda$instantiateAndPostProcessTestInstance$6(ClassBasedTestDescriptor.java:290) ~[junit-jupiter-engine-5.10.5.jar:5.10.5]
	at org.junit.platform.engine.support.hierarchical.ThrowableCollector.execute(ThrowableCollector.java:73) ~[junit-platform-engine-1.10.5.jar:1.10.5]
	at org.junit.jupiter.engine.descriptor.ClassBasedTestDescriptor.instantiateAndPostProcessTestInstance(ClassBasedTestDescriptor.java:289) ~[junit-jupiter-engine-5.10.5.jar:5.10.5]
	at org.junit.jupiter.engine.descriptor.ClassBasedTestDescriptor.lambda$testInstancesProvider$4(ClassBasedTestDescriptor.java:279) ~[junit-jupiter-engine-5.10.5.jar:5.10.5]
	at java.base/java.util.Optional.orElseGet(Optional.java:364) ~[na:na]
	at org.junit.jupiter.engine.descriptor.ClassBasedTestDescriptor.lambda$testInstancesProvider$5(ClassBasedTestDescriptor.java:278) ~[junit-jupiter-engine-5.10.5.jar:5.10.5]
	at org.junit.jupiter.engine.execution.TestInstancesProvider.getTestInstances(TestInstancesProvider.java:31) ~[junit-jupiter-engine-5.10.5.jar:5.10.5]
	at org.junit.jupiter.engine.descriptor.TestMethodTestDescriptor.lambda$prepare$0(TestMethodTestDescriptor.java:106) ~[junit-jupiter-engine-5.10.5.jar:5.10.5]
	at org.junit.platform.engine.support.hierarchical.ThrowableCollector.execute(ThrowableCollector.java:73) ~[junit-platform-engine-1.10.5.jar:1.10.5]
	at org.junit.jupiter.engine.descriptor.TestMethodTestDescriptor.prepare(TestMethodTestDescriptor.java:105) ~[junit-jupiter-engine-5.10.5.jar:5.10.5]
	at org.junit.jupiter.engine.descriptor.TestMethodTestDescriptor.prepare(TestMethodTestDescriptor.java:69) ~[junit-jupiter-engine-5.10.5.jar:5.10.5]
	at org.junit.platform.engine.support.hierarchical.NodeTestTask.lambda$prepare$2(NodeTestTask.java:128) ~[junit-platform-engine-1.10.5.jar:1.10.5]
	at org.junit.platform.engine.support.hierarchical.ThrowableCollector.execute(ThrowableCollector.java:73) ~[junit-platform-engine-1.10.5.jar:1.10.5]
	at org.junit.platform.engine.support.hierarchical.NodeTestTask.prepare(NodeTestTask.java:128) ~[junit-platform-engine-1.10.5.jar:1.10.5]
	at org.junit.platform.engine.support.hierarchical.NodeTestTask.execute(NodeTestTask.java:95) ~[junit-platform-engine-1.10.5.jar:1.10.5]
	at java.base/java.util.ArrayList.forEach(ArrayList.java:1511) ~[na:na]
	at org.junit.platform.engine.support.hierarchical.SameThreadHierarchicalTestExecutorService.invokeAll(SameThreadHierarchicalTestExecutorService.java:41) ~[junit-platform-engine-1.10.5.jar:1.10.5]
	at org.junit.platform.engine.support.hierarchical.NodeTestTask.lambda$executeRecursively$6(NodeTestTask.java:160) ~[junit-platform-engine-1.10.5.jar:1.10.5]
	at org.junit.platform.engine.support.hierarchical.ThrowableCollector.execute(ThrowableCollector.java:73) ~[junit-platform-engine-1.10.5.jar:1.10.5]
	at org.junit.platform.engine.support.hierarchical.NodeTestTask.lambda$executeRecursively$8(NodeTestTask.java:146) ~[junit-platform-engine-1.10.5.jar:1.10.5]
	at org.junit.platform.engine.support.hierarchical.Node.around(Node.java:137) ~[junit-platform-engine-1.10.5.jar:1.10.5]
	at org.junit.platform.engine.support.hierarchical.NodeTestTask.lambda$executeRecursively$9(NodeTestTask.java:144) ~[junit-platform-engine-1.10.5.jar:1.10.5]
	at org.junit.platform.engine.support.hierarchical.ThrowableCollector.execute(ThrowableCollector.java:73) ~[junit-platform-engine-1.10.5.jar:1.10.5]
	at org.junit.platform.engine.support.hierarchical.NodeTestTask.executeRecursively(NodeTestTask.java:143) ~[junit-platform-engine-1.10.5.jar:1.10.5]
	at org.junit.platform.engine.support.hierarchical.NodeTestTask.execute(NodeTestTask.java:100) ~[junit-platform-engine-1.10.5.jar:1.10.5]
	at java.base/java.util.ArrayList.forEach(ArrayList.java:1511) ~[na:na]
	at org.junit.platform.engine.support.hierarchical.SameThreadHierarchicalTestExecutorService.invokeAll(SameThreadHierarchicalTestExecutorService.java:41) ~[junit-platform-engine-1.10.5.jar:1.10.5]
	at org.junit.platform.engine.support.hierarchical.NodeTestTask.lambda$executeRecursively$6(NodeTestTask.java:160) ~[junit-platform-engine-1.10.5.jar:1.10.5]
	at org.junit.platform.engine.support.hierarchical.ThrowableCollector.execute(ThrowableCollector.java:73) ~[junit-platform-engine-1.10.5.jar:1.10.5]
	at org.junit.platform.engine.support.hierarchical.NodeTestTask.lambda$executeRecursively$8(NodeTestTask.java:146) ~[junit-platform-engine-1.10.5.jar:1.10.5]
	at org.junit.platform.engine.support.hierarchical.Node.around(Node.java:137) ~[junit-platform-engine-1.10.5.jar:1.10.5]
	at org.junit.platform.engine.support.hierarchical.NodeTestTask.lambda$executeRecursively$9(NodeTestTask.java:144) ~[junit-platform-engine-1.10.5.jar:1.10.5]
	at org.junit.platform.engine.support.hierarchical.ThrowableCollector.execute(ThrowableCollector.java:73) ~[junit-platform-engine-1.10.5.jar:1.10.5]
	at org.junit.platform.engine.support.hierarchical.NodeTestTask.executeRecursively(NodeTestTask.java:143) ~[junit-platform-engine-1.10.5.jar:1.10.5]
	at org.junit.platform.engine.support.hierarchical.NodeTestTask.execute(NodeTestTask.java:100) ~[junit-platform-engine-1.10.5.jar:1.10.5]
	at org.junit.platform.engine.support.hierarchical.SameThreadHierarchicalTestExecutorService.submit(SameThreadHierarchicalTestExecutorService.java:35) ~[junit-platform-engine-1.10.5.jar:1.10.5]
	at org.junit.platform.engine.support.hierarchical.HierarchicalTestExecutor.execute(HierarchicalTestExecutor.java:57) ~[junit-platform-engine-1.10.5.jar:1.10.5]
	at org.junit.platform.engine.support.hierarchical.HierarchicalTestEngine.execute(HierarchicalTestEngine.java:54) ~[junit-platform-engine-1.10.5.jar:1.10.5]
	at org.junit.platform.launcher.core.EngineExecutionOrchestrator.execute(EngineExecutionOrchestrator.java:198) ~[junit-platform-launcher-1.10.5.jar:1.10.5]
	at org.junit.platform.launcher.core.EngineExecutionOrchestrator.execute(EngineExecutionOrchestrator.java:169) ~[junit-platform-launcher-1.10.5.jar:1.10.5]
	at org.junit.platform.launcher.core.EngineExecutionOrchestrator.execute(EngineExecutionOrchestrator.java:93) ~[junit-platform-launcher-1.10.5.jar:1.10.5]
	at org.junit.platform.launcher.core.EngineExecutionOrchestrator.lambda$execute$0(EngineExecutionOrchestrator.java:58) ~[junit-platform-launcher-1.10.5.jar:1.10.5]
	at org.junit.platform.launcher.core.EngineExecutionOrchestrator.withInterceptedStreams(EngineExecutionOrchestrator.java:141) ~[junit-platform-launcher-1.10.5.jar:1.10.5]
	at org.junit.platform.launcher.core.EngineExecutionOrchestrator.execute(EngineExecutionOrchestrator.java:57) ~[junit-platform-launcher-1.10.5.jar:1.10.5]
	at org.junit.platform.launcher.core.DefaultLauncher.execute(DefaultLauncher.java:103) ~[junit-platform-launcher-1.10.5.jar:1.10.5]
	at org.junit.platform.launcher.core.DefaultLauncher.execute(DefaultLauncher.java:85) ~[junit-platform-launcher-1.10.5.jar:1.10.5]
	at org.junit.platform.launcher.core.DelegatingLauncher.execute(DelegatingLauncher.java:47) ~[junit-platform-launcher-1.10.5.jar:1.10.5]
	at org.junit.platform.launcher.core.SessionPerRequestLauncher.execute(SessionPerRequestLauncher.java:63) ~[junit-platform-launcher-1.10.5.jar:1.10.5]
	at org.apache.maven.surefire.junitplatform.JUnitPlatformProvider.execute(JUnitPlatformProvider.java:188) ~[surefire-junit-platform-3.0.0-M5.jar:3.0.0-M5]
	at org.apache.maven.surefire.junitplatform.JUnitPlatformProvider.invokeAllTests(JUnitPlatformProvider.java:154) ~[surefire-junit-platform-3.0.0-M5.jar:3.0.0-M5]
	at org.apache.maven.surefire.junitplatform.JUnitPlatformProvider.invoke(JUnitPlatformProvider.java:128) ~[surefire-junit-platform-3.0.0-M5.jar:3.0.0-M5]
	at org.apache.maven.surefire.booter.ForkedBooter.runSuitesInProcess(ForkedBooter.java:428) ~[surefire-booter-3.0.0-M5.jar:3.0.0-M5]
	at org.apache.maven.surefire.booter.ForkedBooter.execute(ForkedBooter.java:162) ~[surefire-booter-3.0.0-M5.jar:3.0.0-M5]
	at org.apache.maven.surefire.booter.ForkedBooter.run(ForkedBooter.java:562) ~[surefire-booter-3.0.0-M5.jar:3.0.0-M5]
	at org.apache.maven.surefire.booter.ForkedBooter.main(ForkedBooter.java:548) ~[surefire-booter-3.0.0-M5.jar:3.0.0-M5]
Caused by: java.sql.SQLSyntaxErrorException: Table 'appdb.membership' doesn't exist
	at com.mysql.cj.jdbc.exceptions.SQLError.createSQLException(SQLError.java:121) ~[mysql-connector-j-8.3.0.jar:8.3.0]
	at com.mysql.cj.jdbc.exceptions.SQLExceptionsMapping.translateException(SQLExceptionsMapping.java:122) ~[mysql-connector-j-8.3.0.jar:8.3.0]
	at com.mysql.cj.jdbc.StatementImpl.executeInternal(StatementImpl.java:770) ~[mysql-connector-j-8.3.0.jar:8.3.0]
	at com.mysql.cj.jdbc.StatementImpl.execute(StatementImpl.java:653) ~[mysql-connector-j-8.3.0.jar:8.3.0]
	at com.zaxxer.hikari.pool.ProxyStatement.execute(ProxyStatement.java:94) ~[HikariCP-5.1.0.jar:na]
	at com.zaxxer.hikari.pool.HikariProxyStatement.execute(HikariProxyStatement.java) ~[HikariCP-5.1.0.jar:na]
	at org.hibernate.tool.schema.internal.exec.GenerationTargetToDatabase.accept(GenerationTargetToDatabase.java:80) ~[hibernate-core-6.5.3.Final.jar:6.5.3.Final]
	... 117 common frames omitted

Hibernate: drop table if exists gym
Hibernate: drop table if exists membership
Hibernate: create table gym (id bigint not null auto_increment, description varchar(255), location varchar(255), name varchar(255), primary key (id)) engine=InnoDB
Hibernate: create table membership (end_date date, start_date date, gym_id bigint, id bigint not null auto_increment, member_name varchar(255), type varchar(255), primary key (id)) engine=InnoDB
Hibernate: alter table membership add constraint FKi3xs41hmknxgrgd1lcie8vpfr foreign key (gym_id) references gym (id)
2025-04-29T07:04:47.872Z  INFO 1817 --- [           main] j.LocalContainerEntityManagerFactoryBean : Initialized JPA EntityManagerFactory for persistence unit 'default'
2025-04-29T07:04:48.126Z  INFO 1817 --- [           main] o.s.d.j.r.query.QueryEnhancerFactory     : Hibernate is in classpath; If applicable, HQL parser will be used.
2025-04-29T07:04:48.525Z  WARN 1817 --- [           main] JpaBaseConfiguration$JpaWebConfiguration : spring.jpa.open-in-view is enabled by default. Therefore, database queries may be performed during view rendering. Explicitly configure spring.jpa.open-in-view to disable this warning
2025-04-29T07:04:48.837Z  INFO 1817 --- [           main] o.s.b.t.m.w.SpringBootMockServletContext : Initializing Spring TestDispatcherServlet ''
2025-04-29T07:04:48.837Z  INFO 1817 --- [           main] o.s.t.web.servlet.TestDispatcherServlet  : Initializing Servlet ''
2025-04-29T07:04:48.839Z  INFO 1817 --- [           main] o.s.t.web.servlet.TestDispatcherServlet  : Completed initialization in 1 ms
2025-04-29T07:04:48.860Z  INFO 1817 --- [           main] c.e.springapp.SpringappApplicationTests  : Started SpringappApplicationTests in 3.418 seconds (process running for 4.382)
Hibernate: select g1_0.id,g1_0.description,g1_0.location,g1_0.name from gym g1_0
]]></system-out>
  </testcase>
  <testcase name="testAddGym" classname="com.examly.springapp.SpringappApplicationTests" time="0.128">
    <system-out><![CDATA[Hibernate: select g1_0.id,g1_0.description,g1_0.location,g1_0.name from gym g1_0
Hibernate: insert into gym (description,location,name) values (?,?,?)
]]></system-out>
  </testcase>
  <testcase name="testDuplicateAddGym" classname="com.examly.springapp.SpringappApplicationTests" time="0.017">
    <system-out><![CDATA[Hibernate: select g1_0.id,g1_0.description,g1_0.location,g1_0.name from gym g1_0
]]></system-out>
  </testcase>
  <testcase name="testGetGymById" classname="com.examly.springapp.SpringappApplicationTests" time="0.024">
    <system-out><![CDATA[Hibernate: select g1_0.id,g1_0.description,g1_0.location,g1_0.name from gym g1_0 where g1_0.id=?
Hibernate: select m1_0.gym_id,m1_0.id,m1_0.end_date,m1_0.member_name,m1_0.start_date,m1_0.type from membership m1_0 where m1_0.gym_id=?
]]></system-out>
  </testcase>
  <testcase name="testGetGymById_NotFound" classname="com.examly.springapp.SpringappApplicationTests" time="0.009">
    <system-out><![CDATA[Hibernate: select g1_0.id,g1_0.description,g1_0.location,g1_0.name from gym g1_0 where g1_0.id=?
]]></system-out>
  </testcase>
  <testcase name="testGetAllGyms" classname="com.examly.springapp.SpringappApplicationTests" time="0.013">
    <system-out><![CDATA[Hibernate: select g1_0.id,g1_0.description,g1_0.location,g1_0.name from gym g1_0
Hibernate: select m1_0.gym_id,m1_0.id,m1_0.end_date,m1_0.member_name,m1_0.start_date,m1_0.type from membership m1_0 where m1_0.gym_id=?
]]></system-out>
  </testcase>
  <testcase name="testAddMembership" classname="com.examly.springapp.SpringappApplicationTests" time="0.055">
    <failure type="java.lang.AssertionError"><![CDATA[java.lang.AssertionError: No value at JSON path "$.memberName"
	at com.examly.springapp.SpringappApplicationTests.testAddMembership(SpringappApplicationTests.java:116)
Caused by: com.jayway.jsonpath.InvalidJsonException: net.minidev.json.parser.ParseException: Malicious payload, having non natural depths, parsing stoped on { at position 27102.
	at com.examly.springapp.SpringappApplicationTests.testAddMembership(SpringappApplicationTests.java:116)
Caused by: net.minidev.json.parser.ParseException: Malicious payload, having non natural depths, parsing stoped on { at position 27102.
	at com.examly.springapp.SpringappApplicationTests.testAddMembership(SpringappApplicationTests.java:116)
]]></failure>
    <system-out><![CDATA[Hibernate: select g1_0.id,g1_0.description,g1_0.location,g1_0.name from gym g1_0 where g1_0.id=?
Hibernate: insert into membership (end_date,gym_id,member_name,start_date,type) values (?,?,?,?,?)
Hibernate: select m1_0.gym_id,m1_0.id,m1_0.end_date,m1_0.member_name,m1_0.start_date,m1_0.type from membership m1_0 where m1_0.gym_id=?
2025-04-29T07:04:49.677Z  WARN 1817 --- [           main] .w.s.m.s.DefaultHandlerExceptionResolver : Ignoring exception, response committed already: org.springframework.http.converter.HttpMessageNotWritableException: Could not write JSON: Document nesting depth (1001) exceeds the maximum allowed (1000, from `StreamWriteConstraints.getMaxNestingDepth()`)
2025-04-29T07:04:49.678Z  WARN 1817 --- [           main] .w.s.m.s.DefaultHandlerExceptionResolver : Resolved [org.springframework.http.converter.HttpMessageNotWritableException: Could not write JSON: Document nesting depth (1001) exceeds the maximum allowed (1000, from `StreamWriteConstraints.getMaxNestingDepth()`)]

MockHttpServletRequest:
      HTTP Method = POST
      Request URI = /api/membership/1
       Parameters = {}
          Headers = [Content-Type:"application/json;charset=UTF-8", Content-Length:"99"]
             Body = { "memberName": "John Doe", "startDate": "2023-01-01", "endDate": "2023-12-31", "type": "Premium" }
    Session Attrs = {}

Handler:
             Type = com.examly.springapp.controller.MembershipController
           Method = com.examly.springapp.controller.MembershipController#addMembership(Long, Membership)

Async:
    Async started = false
     Async result = null

Resolved Exception:
             Type = org.springframework.http.converter.HttpMessageNotWritableException

ModelAndView:
        View name = null
             View = null
            Model = null

FlashMap:
       Attributes = null

MockHttpServletResponse:
           Status = 201
    Error message = null
          Headers = [Content-Type:"application/json"]
     Content type = application/json
             Body = {"id":1,"memberName":"John Doe","startDate":"2023-01-01","endDate":"2023-12-31","type":"Premium","gym":{"id":1,"name":"Fitness Plus","location":"Downtown","description":"Best gym in town","memberships":[{"id":1,"memberName":"John Doe","startDate":"2023-01-01","endDate":"2023-12-31","type":"Premium","gym":{"id":1,"name":"Fitness Plus","location":"Downtown","description":"Best gym in town","memberships":[{"id":1,"memberName":"John Doe","startDate":"2023-01-01","endDate":"2023-12-31","type":"Premium","gym":{"id":1,"name":"Fitness Plus","location":"Downtown","description":"Best gym in town","memberships":[{"id":1,"memberName":"John Doe","startDate":"2023-01-01","endDate":"2023-12-31","type":"Premium","gym":{"id":1,"name":"Fitness Plus","location":"Downtown","description":"Best gym in town","memberships":[{"id":1,"memberName":"John Doe","startDate":"2023-01-01","endDate":"2023-12-31","type":"Premium","gym":{"id":1,"name":"Fitness Plus","location":"Downtown","description":"Best gym in town","memberships":[{"id":1,"memberName":"John Doe","startDate":"2023-01-01","endDate":"2023-12-31","type":"Premium","gym":{"id":1,"name":"Fitness Plus","location":"Downtown","description":"Best gym in town","memberships":[{"id":1,"memberName":"John Doe","startDate":"2023-01-01","endDate":"2023-12-31","type":"Premium","gym":{"id":1,"name":"Fitness Plus","location":"Downtown","description":"Best gym in town","memberships":[{"id":1,"memberName":"John Doe","startDate":"2023-01-01","endDate":"2023-12-31","type":"Premium","gym":{"id":1,"name":"Fitness Plus","location":"Downtown","description":"Best gym in town","memberships":[{"id":1,"memberName":"John Doe","startDate":"2023-01-01","endDate":"2023-12-31","type":"Premium","gym":{"id":1,"name":"Fitness Plus","location":"Downtown","description":"Best gym in town","memberships":[{"id":1,"memberName":"John Doe","startDate":"2023-01-01","endDate":"2023-12-31","type":"Premium","gym":{"id":1,"name":"Fitness Plus","location":"Downtown","description":"Best gym in town","memberships":[{"id":1,"memberName":"John Doe","startDate":"2023-01-01","endDate":"2023-12-31","type":"Premium","gym":{"id":1,"name":"Fitness Plus","location":"Downtown","description":"Best gym in town","memberships":[{"id":1,"memberName":"John Doe","startDate":"2023-01-01","endDate":"2023-12-31","type":"Premium","gym":{"id":1,"name":"Fitness Plus","location":"Downtown","description":"Best gym in town","memberships":[{"id":1,"memberName":"John Doe","startDate":"2023-01-01","endDate":"2023-12-31","type":"Premium","gym":{"id":1,"name":"Fitness Plus","location":"Downtown","description":"Best gym in town","memberships":[{"id":1,"memberName":"John Doe","startDate":"2023-01-01","endDate":"2023-12-31","type":"Premium","gym":{"id":1,"name":"Fitness Plus","location":"Downtown","description":"Best gym in town","memberships":[{"id":1,"memberName":"John Doe","startDate":"2023-01-01","endDate":"2023-12-31","type":"Premium","gym":{"id":1,"name":"Fitness Plus","location":"Downtown","description":"Best gym in town","memberships":[{"id":1,"memberName":"John Doe","startDate":"2023-01-01","endDate":"2023-12-31","type":"Premium","gym":{"id":1,"name":"Fitness Plus","location":"Downtown","description":"Best gym in town","memberships":[{"id":1,"memberName":"John Doe","startDate":"2023-01-01","endDate":"2023-12-31","type":"Premium","gym":{"id":1,"name":"Fitness Plus","location":"Downtown","description":"Best gym in town","memberships":[{"id":1,"memberName":"John Doe","startDate":"2023-01-01","endDate":"2023-12-31","type":"Premium","gym":{"id":1,"name":"Fitness Plus","location":"Downtown","description":"Best gym in town","memberships":[{"id":1,"memberName":"John Doe","startDate":"2023-01-01","endDate":"2023-12-31","type":"Premium","gym":{"id":1,"name":"Fitness Plus","location":"Downtown","description":"Best gym in town","memberships":[{"id":1,"memberName":"John Doe","startDate":"2023-01-01","endDate":"2023-12-31","type":"Premium","gym":{"id":1,"name":"Fitness Plus","location":"Downtown","description":"Best gym in town","memberships":[{"id":1,"memberName":"John Doe","startDate":"2023-01-01","endDate":"2023-12-31","type":"Premium","gym":{"id":1,"name":"Fitness Plus","location":"Downtown","description":"Best gym in town","memberships":[{"id":1,"memberName":"John Doe","startDate":"2023-01-01","endDate":"2023-12-31","type":"Premium","gym":{"id":1,"name":"Fitness Plus","location":"Downtown","description":"Best gym in town","memberships":[{"id":1,"memberName":"John Doe","startDate":"2023-01-01","endDate":"2023-12-31","type":"Premium","gym":{"id":1,"name":"Fitness Plus","location":"Downtown","description":"Best gym in town","memberships":[{"id":1,"memberName":"John Doe","startDate":"2023-01-01","endDate":"2023-12-31","type":"Premium","gym":{"id":1,"name":"Fitness Plus","location":"Downtown","description":"Best gym in town","memberships":[{"id":1,"memberName":"John Doe","startDate":"2023-01-01","endDate":"2023-12-31","type":"Premium","gym":{"id":1,"name":"Fitness Plus","location":"Downtown","description":"Best gym in town","memberships":[{"id":1,"memberName":"John Doe","startDate":"2023-01-01","endDate":"2023-12-31","type":"Premium","gym":{"id":1,"name":"Fitness Plus","location":"Downtown","description":"Best gym in town","memberships":[{"id":1,"memberName":"John Doe","startDate":"2023-01-01","endDate":"2023-12-31","type":"Premium","gym":{"id":1,"name":"Fitness Plus","location":"Downtown","description":"Best gym in town","memberships":[{"id":1,"memberName":"John Doe","startDate":"2023-01-01","endDate":"2023-12-31","type":"Premium","gym":{"id":1,"name":"Fitness Plus","location":"Downtown","description":"Best gym in town","memberships":[{"id":1,"memberName":"John Doe","startDate":"2023-01-01","endDate":"2023-12-31","type":"Premium","gym":{"id":1,"name":"Fitness Plus","location":"Downtown","description":"Best gym in town","memberships":[{"id":1,"memberName":"John Doe","startDate":"2023-01-01","endDate":"2023-12-31","type":"Premium","gym":{"id":1,"name":"Fitness Plus","location":"Downtown","description":"Best gym in town","memberships":[{"id":1,"memberName":"John Doe","startDate":"2023-01-01","endDate":"2023-12-31","type":"Premium","gym":{"id":1,"name":"Fitness Plus","location":"Downtown","description":"Best gym in town","memberships":[{"id":1,"memberName":"John Doe","startDate":"2023-01-01","endDate":"2023-12-31","type":"Premium","gym":{"id":1,"name":"Fitness Plus","location":"Downtown","description":"Best gym in town","memberships":[{"id":1,"memberName":"John Doe","startDate":"2023-01-01","endDate":"2023-12-31","type":"Premium","gym":{"id":1,"name":"Fitness Plus","location":"Downtown","description":"Best gym in town","memberships":[{"id":1,"memberName":"John Doe","startDate":"2023-01-01","endDate":"2023-12-31","type":"Premium","gym":{"id":1,"name":"Fitness Plus","location":"Downtown","description":"Best gym in town","memberships":[{"id":1,"memberName":"John Doe","startDate":"2023-01-01","endDate":"2023-12-31","type":"Premium","gym":{"id":1,"name":"Fitness Plus","location":"Downtown","description":"Best gym in town","memberships":[{"id":1,"memberName":"John Doe","startDate":"2023-01-01","endDate":"2023-12-31","type":"Premium","gym":{"id":1,"name":"Fitness Plus","location":"Downtown","description":"Best gym in town","memberships":[{"id":1,"memberName":"John Doe","startDate":"2023-01-01","endDate":"2023-12-31","type":"Premium","gym":{"id":1,"name":"Fitness Plus","location":"Downtown","description":"Best gym in town","memberships":[{"id":1,"memberName":"John Doe","startDate":"2023-01-01","endDate":"2023-12-31","type":"Premium","gym":{"id":1,"name":"Fitness Plus","location":"Downtown","description":"Best gym in town","memberships":[{"id":1,"memberName":"John Doe","startDate":"2023-01-01","endDate":"2023-12-31","type":"Premium","gym":{"id":1,"name":"Fitness Plus","location":"Downtown","description":"Best gym in town","memberships":[{"id":1,"memberName":"John Doe","startDate":"2023-01-01","endDate":"2023-12-31","type":"Premium","gym":{"id":1,"name":"Fitness Plus","location":"Downtown","description":"Best gym in town","memberships":[{"id":1,"memberName":"John Doe","startDate":"2023-01-01","endDate":"2023-12-31","type":"Premium","gym":{"id":1,"name":"Fitness Plus","location":"Downtown","description":"Best gym in town","memberships":[{"id":1,"memberName":"John Doe","startDate":"2023-01-01","endDate":"2023-12-31","type":"Premium","gym":{"id":1,"name":"Fitness Plus","location":"Downtown","description":"Best gym in town","memberships":[{"id":1,"memberName":"John Doe","startDate":"2023-01-01","endDate":"2023-12-31","type":"Premium","gym":{"id":1,"name":"Fitness Plus","location":"Downtown","description":"Best gym in town","memberships":[{"id":1,"memberName":"John Doe","startDate":"2023-01-01","endDate":"2023-12-31","type":"Premium","gym":{"id":1,"name":"Fitness Plus","location":"Downtown","description":"Best gym in town","memberships":[{"id":1,"memberName":"John Doe","startDate":"2023-01-01","endDate":"2023-12-31","type":"Premium","gym":{"id":1,"name":"Fitness Plus","location":"Downtown","description":"Best gym in town","memberships":[{"id":1,"memberName":"John Doe","startDate":"2023-01-01","endDate":"2023-12-31","type":"Premium","gym":{"id":1,"name":"Fitness Plus","location":"Downtown","description":"Best gym in town","memberships":[{"id":1,"memberName":"John Doe","startDate":"2023-01-01","endDate":"2023-12-31","type":"Premium","gym":{"id":1,"name":"Fitness Plus","location":"Downtown","description":"Best gym in town","memberships":[{"id":1,"memberName":"John Doe","startDate":"2023-01-01","endDate":"2023-12-31","type":"Premium","gym":{"id":1,"name":"Fitness Plus","location":"Downtown","description":"Best gym in town","memberships":[{"id":1,"memberName":"John Doe","startDate":"2023-01-01","endDate":"2023-12-31","type":"Premium","gym":{"id":1,"name":"Fitness Plus","location":"Downtown","description":"Best gym in town","memberships":[{"id":1,"memberName":"John Doe","startDate":"2023-01-01","endDate":"2023-12-31","type":"Premium","gym":{"id":1,"name":"Fitness Plus","location":"Downtown","description":"Best gym in town","memberships":[{"id":1,"memberName":"John Doe","startDate":"2023-01-01","endDate":"2023-12-31","type":"Premium","gym":{"id":1,"name":"Fitness Plus","location":"Downtown","description":"Best gym in town","memberships":[{"id":1,"memberName":"John Doe","startDate":"2023-01-01","endDate":"2023-12-31","type":"Premium","gym":{"id":1,"name":"Fitness Plus","location":"Downtown","description":"Best gym in town","memberships":[{"id":1,"memberName":"John Doe","startDate":"2023-01-01","endDate":"2023-12-31","type":"Premium","gym":{"id":1,"name":"Fitness Plus","location":"Downtown","description":"Best gym in town","memberships":[{"id":1,"memberName":"John Doe","startDate":"2023-01-01","endDate":"2023-12-31","type":"Premium","gym":{"id":1,"name":"Fitness Plus","location":"Downtown","description":"Best gym in town","memberships":[{"id":1,"memberName":"John Doe","startDate":"2023-01-01","endDate":"2023-12-31","type":"Premium","gym":{"id":1,"name":"Fitness Plus","location":"Downtown","description":"Best gym in town","memberships":[{"id":1,"memberName":"John Doe","startDate":"2023-01-01","endDate":"2023-12-31","type":"Premium","gym":{"id":1,"name":"Fitness Plus","location":"Downtown","description":"Best gym in town","memberships":[{"id":1,"memberName":"John Doe","startDate":"2023-01-01","endDate":"2023-12-31","type":"Premium","gym":{"id":1,"name":"Fitness Plus","location":"Downtown","description":"Best gym in town","memberships":[{"id":1,"memberName":"John Doe","startDate":"2023-01-01","endDate":"2023-12-31","type":"Premium","gym":{"id":1,"name":"Fitness Plus","location":"Downtown","description":"Best gym in town","memberships":[{"id":1,"memberName":"John Doe","startDate":"2023-01-01","endDate":"2023-12-31","type":"Premium","gym":{"id":1,"name":"Fitness Plus","location":"Downtown","description":"Best gym in town","memberships":[{"id":1,"memberName":"John Doe","startDate":"2023-01-01","endDate":"2023-12-31","type":"Premium","gym":{"id":1,"name":"Fitness Plus","location":"Downtown","description":"Best gym in town","memberships":[{"id":1,"memberName":"John Doe","startDate":"2023-01-01","endDate":"2023-12-31","type":"Premium","gym":{"id":1,"name":"Fitness Plus","location":"Downtown","description":"Best gym in town","memberships":[{"id":1,"memberName":"John Doe","startDate":"2023-01-01","endDate":"2023-12-31","type":"Premium","gym":{"id":1,"name":"Fitness Plus","location":"Downtown","description":"Best gym in town","memberships":[{"id":1,"memberName":"John Doe","startDate":"2023-01-01","endDate":"2023-12-31","type":"Premium","gym":{"id":1,"name":"Fitness Plus","location":"Downtown","description":"Best gym in town","memberships":[{"id":1,"memberName":"John Doe","startDate":"2023-01-01","endDate":"2023-12-31","type":"Premium","gym":{"id":1,"name":"Fitness Plus","location":"Downtown","description":"Best gym in town","memberships":[{"id":1,"memberName":"John Doe","startDate":"2023-01-01","endDate":"2023-12-31","type":"Premium","gym":{"id":1,"name":"Fitness Plus","location":"Downtown","description":"Best gym in town","memberships":[{"id":1,"memberName":"John Doe","startDate":"2023-01-01","endDate":"2023-12-31","type":"Premium","gym":{"id":1,"name":"Fitness Plus","location":"Downtown","description":"Best gym in town","memberships":[{"id":1,"memberName":"John Doe","startDate":"2023-01-01","endDate":"2023-12-31","type":"Premium","gym":{"id":1,"name":"Fitness Plus","location":"Downtown","description":"Best gym in town","memberships":[{"id":1,"memberName":"John Doe","startDate":"2023-01-01","endDate":"2023-12-31","type":"Premium","gym":{"id":1,"name":"Fitness Plus","location":"Downtown","description":"Best gym in town","memberships":[{"id":1,"memberName":"John Doe","startDate":"2023-01-01","endDate":"2023-12-31","type":"Premium","gym":{"id":1,"name":"Fitness Plus","location":"Downtown","description":"Best gym in town","memberships":[{"id":1,"memberName":"John Doe","startDate":"2023-01-01","endDate":"2023-12-31","type":"Premium","gym":{"id":1,"name":"Fitness Plus","location":"Downtown","description":"Best gym in town","memberships":[{"id":1,"memberName":"John Doe","startDate":"2023-01-01","endDate":"2023-12-31","type":"Premium","gym":{"id":1,"name":"Fitness Plus","location":"Downtown","description":"Best gym in town","memberships":[{"id":1,"memberName":"John Doe","startDate":"2023-01-01","endDate":"2023-12-31","type":"Premium","gym":{"id":1,"name":"Fitness Plus","location":"Downtown","description":"Best gym in town","memberships":[{"id":1,"memberName":"John Doe","startDate":"2023-01-01","endDate":"2023-12-31","type":"Premium","gym":{"id":1,"name":"Fitness Plus","location":"Downtown","description":"Best gym in town","memberships":[{"id":1,"memberName":"John Doe","startDate":"2023-01-01","endDate":"2023-12-31","type":"Premium","gym":{"id":1,"name":"Fitness Plus","location":"Downtown","description":"Best gym in town","memberships":[{"id":1,"memberName":"John Doe","startDate":"2023-01-01","endDate":"2023-12-31","type":"Premium","gym":{"id":1,"name":"Fitness Plus","location":"Downtown","description":"Best gym in town","memberships":[{"id":1,"memberName":"John Doe","startDate":"2023-01-01","endDate":"2023-12-31","type":"Premium","gym":{"id":1,"name":"Fitness Plus","location":"Downtown","description":"Best gym in town","memberships":[{"id":1,"memberName":"John Doe","startDate":"2023-01-01","endDate":"2023-12-31","type":"Premium","gym":{"id":1,"name":"Fitness Plus","location":"Downtown","description":"Best gym in town","memberships":[{"id":1,"memberName":"John Doe","startDate":"2023-01-01","endDate":"2023-12-31","type":"Premium","gym":{"id":1,"name":"Fitness Plus","location":"Downtown","description":"Best gym in town","memberships":[{"id":1,"memberName":"John Doe","startDate":"2023-01-01","endDate":"2023-12-31","type":"Premium","gym":{"id":1,"name":"Fitness Plus","location":"Downtown","description":"Best gym in town","memberships":[{"id":1,"memberName":"John Doe","startDate":"2023-01-01","endDate":"2023-12-31","type":"Premium","gym":{"id":1,"name":"Fitness Plus","location":"Downtown","description":"Best gym in town","memberships":[{"id":1,"memberName":"John Doe","startDate":"2023-01-01","endDate":"2023-12-31","type":"Premium","gym":{"id":1,"name":"Fitness Plus","location":"Downtown","description":"Best gym in town","memberships":[{"id":1,"memberName":"John Doe","startDate":"2023-01-01","endDate":"2023-12-31","type":"Premium","gym":{"id":1,"name":"Fitness Plus","location":"Downtown","description":"Best gym in town","memberships":[{"id":1,"memberName":"John Doe","startDate":"2023-01-01","endDate":"2023-12-31","type":"Premium","gym":{"id":1,"name":"Fitness Plus","location":"Downtown","description":"Best gym in town","memberships":[{"id":1,"memberName":"John Doe","startDate":"2023-01-01","endDate":"2023-12-31","type":"Premium","gym":{"id":1,"name":"Fitness Plus","location":"Downtown","description":"Best gym in town","memberships":[{"id":1,"memberName":"John Doe","startDate":"2023-01-01","endDate":"2023-12-31","type":"Premium","gym":{"id":1,"name":"Fitness Plus","location":"Downtown","description":"Best gym in town","memberships":[{"id":1,"memberName":"John Doe","startDate":"2023-01-01","endDate":"2023-12-31","type":"Premium","gym":{"id":1,"name":"Fitness Plus","location":"Downtown","description":"Best gym in town","memberships":[{"id":1,"memberName":"John Doe","startDate":"2023-01-01","endDate":"2023-12-31","type":"Premium","gym":{"id":1,"name":"Fitness Plus","location":"Downtown","description":"Best gym in town","memberships":[{"id":1,"memberName":"John Doe","startDate":"2023-01-01","endDate":"2023-12-31","type":"Premium","gym":{"id":1,"name":"Fitness Plus","location":"Downtown","description":"Best gym in town","memberships":[{"id":1,"memberName":"John Doe","startDate":"2023-01-01","endDate":"2023-12-31","type":"Premium","gym":{"id":1,"name":"Fitness Plus","location":"Downtown","description":"Best gym in town","memberships":[{"id":1,"memberName":"John Doe","startDate":"2023-01-01","endDate":"2023-12-31","type":"Premium","gym":{"id":1,"name":"Fitness Plus","location":"Downtown","description":"Best gym in town","memberships":[{"id":1,"memberName":"John Doe","startDate":"2023-01-01","endDate":"2023-12-31","type":"Premium","gym":{"id":1,"name":"Fitness Plus","location":"Downtown","description":"Best gym in town","memberships":[{"id":1,"memberName":"John Doe","startDate":"2023-01-01","endDate":"2023-12-31","type":"Premium","gym":{"id":1,"name":"Fitness Plus","location":"Downtown","description":"Best gym in town","memberships":[{"id":1,"memberName":"John Doe","startDate":"2023-01-01","endDate":"2023-12-31","type":"Premium","gym":{"id":1,"name":"Fitness Plus","location":"Downtown","description":"Best gym in town","memberships":[{"id":1,"memberName":"John Doe","startDate":"2023-01-01","endDate":"2023-12-31","type":"Premium","gym":{"id":1,"name":"Fitness Plus","location":"Downtown","description":"Best gym in town","memberships":[{"id":1,"memberName":"John Doe","startDate":"2023-01-01","endDate":"2023-12-31","type":"Premium","gym":{"id":1,"name":"Fitness Plus","location":"Downtown","description":"Best gym in town","memberships":[{"id":1,"memberName":"John Doe","startDate":"2023-01-01","endDate":"2023-12-31","type":"Premium","gym":{"id":1,"name":"Fitness Plus","location":"Downtown","description":"Best gym in town","memberships":[{"id":1,"memberName":"John Doe","startDate":"2023-01-01","endDate":"2023-12-31","type":"Premium","gym":{"id":1,"name":"Fitness Plus","location":"Downtown","description":"Best gym in town","memberships":[{"id":1,"memberName":"John Doe","startDate":"2023-01-01","endDate":"2023-12-31","type":"Premium","gym":{"id":1,"name":"Fitness Plus","location":"Downtown","description":"Best gym in town","memberships":[{"id":1,"memberName":"John Doe","startDate":"2023-01-01","endDate":"2023-12-31","type":"Premium","gym":{"id":1,"name":"Fitness Plus","location":"Downtown","description":"Best gym in town","memberships":[{"id":1,"memberName":"John Doe","startDate":"2023-01-01","endDate":"2023-12-31","type":"Premium","gym":{"id":1,"name":"Fitness Plus","location":"Downtown","description":"Best gym in town","memberships":[{"id":1,"memberName":"John Doe","startDate":"2023-01-01","endDate":"2023-12-31","type":"Premium","gym":{"id":1,"name":"Fitness Plus","location":"Downtown","description":"Best gym in town","memberships":[{"id":1,"memberName":"John Doe","startDate":"2023-01-01","endDate":"2023-12-31","type":"Premium","gym":{"id":1,"name":"Fitness Plus","location":"Downtown","description":"Best gym in town","memberships":[{"id":1,"memberName":"John Doe","startDate":"2023-01-01","endDate":"2023-12-31","type":"Premium","gym":{"id":1,"name":"Fitness Plus","location":"Downtown","description":"Best gym in town","memberships":[{"id":1,"memberName":"John Doe","startDate":"2023-01-01","endDate":"2023-12-31","type":"Premium","gym":{"id":1,"name":"Fitness Plus","location":"Downtown","description":"Best gym in town","memberships":[{"id":1,"memberName":"John Doe","startDate":"2023-01-01","endDate":"2023-12-31","type":"Premium","gym":{"id":1,"name":"Fitness Plus","location":"Downtown","description":"Best gym in town","memberships":[{"id":1,"memberName":"John Doe","startDate":"2023-01-01","endDate":"2023-12-31","type":"Premium","gym":{"id":1,"name":"Fitness Plus","location":"Downtown","description":"Best gym in town","memberships":[{"id":1,"memberName":"John Doe","startDate":"2023-01-01","endDate":"2023-12-31","type":"Premium","gym":{"id":1,"name":"Fitness Plus","location":"Downtown","description":"Best gym in town","memberships":[{"id":1,"memberName":"John Doe","startDate":"2023-01-01","endDate":"2023-12-31","type":"Premium","gym":{"id":1,"name":"Fitness Plus","location":"Downtown","description":"Best gym in town","memberships":[{"id":1,"memberName":"John Doe","startDate":"2023-01-01","endDate":"2023-12-31","type":"Premium","gym":{"id":1,"name":"Fitness Plus","location":"Downtown","description":"Best gym in town","memberships":[{"id":1,"memberName":"John Doe","startDate":"2023-01-01","endDate":"2023-12-31","type":"Premium","gym":{"id":1,"name":"Fitness Plus","location":"Downtown","description":"Best gym in town","memberships":[{"id":1,"memberName":"John Doe","startDate":"2023-01-01","endDate":"2023-12-31","type":"Premium","gym":{"id":1,"name":"Fitness Plus","location":"Downtown","description":"Best gym in town","memberships":[{"id":1,"memberName":"John Doe","startDate":"2023-01-01","endDate":"2023-12-31","type":"Premium","gym":{"id":1,"name":"Fitness Plus","location":"Downtown","description":"Best gym in town","memberships":[{"id":1,"memberName":"John Doe","startDate":"2023-01-01","endDate":"2023-12-31","type":"Premium","gym":{"id":1,"name":"Fitness Plus","location":"Downtown","description":"Best gym in town","memberships":[{"id":1,"memberName":"John Doe","startDate":"2023-01-01","endDate":"2023-12-31","type":"Premium","gym":{"id":1,"name":"Fitness Plus","location":"Downtown","description":"Best gym in town","memberships":[{"id":1,"memberName":"John Doe","startDate":"2023-01-01","endDate":"2023-12-31","type":"Premium","gym":{"id":1,"name":"Fitness Plus","location":"Downtown","description":"Best gym in town","memberships":[{"id":1,"memberName":"John Doe","startDate":"2023-01-01","endDate":"2023-12-31","type":"Premium","gym":{"id":1,"name":"Fitness Plus","location":"Downtown","description":"Best gym in town","memberships":[{"id":1,"memberName":"John Doe","startDate":"2023-01-01","endDate":"2023-12-31","type":"Premium","gym":{"id":1,"name":"Fitness Plus","location":"Downtown","description":"Best gym in town","memberships":[{"id":1,"memberName":"John Doe","startDate":"2023-01-01","endDate":"2023-12-31","type":"Premium","gym":{"id":1,"name":"Fitness Plus","location":"Downtown","description":"Best gym in town","memberships":[{"id":1,"memberName":"John Doe","startDate":"2023-01-01","endDate":"2023-12-31","type":"Premium","gym":{"id":1,"name":"Fitness Plus","location":"Downtown","description":"Best gym in town","memberships":[{"id":1,"memberName":"John Doe","startDate":"2023-01-01","endDate":"2023-12-31","type":"Premium","gym":{"id":1,"name":"Fitness Plus","location":"Downtown","description":"Best gym in town","memberships":[{"id":1,"memberName":"John Doe","startDate":"2023-01-01","endDate":"2023-12-31","type":"Premium","gym":{"id":1,"name":"Fitness Plus","location":"Downtown","description":"Best gym in town","memberships":[{"id":1,"memberName":"John Doe","startDate":"2023-01-01","endDate":"2023-12-31","type":"Premium","gym":{"id":1,"name":"Fitness Plus","location":"Downtown","description":"Best gym in town","memberships":[{"id":1,"memberName":"John Doe","startDate":"2023-01-01","endDate":"2023-12-31","type":"Premium","gym":{"id":1,"name":"Fitness Plus","location":"Downtown","description":"Best gym in town","memberships":[{"id":1,"memberName":"John Doe","startDate":"2023-01-01","endDate":"2023-12-31","type":"Premium","gym":{"id":1,"name":"Fitness Plus","location":"Downtown","description":"Best gym in town","memberships":[{"id":1,"memberName":"John Doe","startDate":"2023-01-01","endDate":"2023-12-31","type":"Premium","gym":{"id":1,"name":"Fitness Plus","location":"Downtown","description":"Best gym in town","memberships":[{"id":1,"memberName":"John Doe","startDate":"2023-01-01","endDate":"2023-12-31","type":"Premium","gym":{"id":1,"name":"Fitness Plus","location":"Downtown","description":"Best gym in town","memberships":[{"id":1,"memberName":"John Doe","startDate":"2023-01-01","endDate":"2023-12-31","type":"Premium","gym":{"id":1,"name":"Fitness Plus","location":"Downtown","description":"Best gym in town","memberships":[{"id":1,"memberName":"John Doe","startDate":"2023-01-01","endDate":"2023-12-31","type":"Premium","gym":{"id":1,"name":"Fitness Plus","location":"Downtown","description":"Best gym in town","memberships":[{"id":1,"memberName":"John Doe","startDate":"2023-01-01","endDate":"2023-12-31","type":"Premium","gym":{"id":1,"name":"Fitness Plus","location":"Downtown","description":"Best gym in town","memberships":[{"id":1,"memberName":"John Doe","startDate":"2023-01-01","endDate":"2023-12-31","type":"Premium","gym":{"id":1,"name":"Fitness Plus","location":"Downtown","description":"Best gym in town","memberships":[{"id":1,"memberName":"John Doe","startDate":"2023-01-01","endDate":"2023-12-31","type":"Premium","gym":{"id":1,"name":"Fitness Plus","location":"Downtown","description":"Best gym in town","memberships":[{"id":1,"memberName":"John Doe","startDate":"2023-01-01","endDate":"2023-12-31","type":"Premium","gym":{"id":1,"name":"Fitness Plus","location":"Downtown","description":"Best gym in town","memberships":[{"id":1,"memberName":"John Doe","startDate":"2023-01-01","endDate":"2023-12-31","type":"Premium","gym":{"id":1,"name":"Fitness Plus","location":"Downtown","description":"Best gym in town","memberships":[{"id":1,"memberName":"John Doe","startDate":"2023-01-01","endDate":"2023-12-31","type":"Premium","gym":{"id":1,"name":"Fitness Plus","location":"Downtown","description":"Best gym in town","memberships":[{"id":1,"memberName":"John Doe","startDate":"2023-01-01","endDate":"2023-12-31","type":"Premium","gym":{"id":1,"name":"Fitness Plus","location":"Downtown","description":"Best gym in town","memberships":[{"id":1,"memberName":"John Doe","startDate":"2023-01-01","endDate":"2023-12-31","type":"Premium","gym":{"id":1,"name":"Fitness Plus","location":"Downtown","description":"Best gym in town","memberships":[{"id":1,"memberName":"John Doe","startDate":"2023-01-01","endDate":"2023-12-31","type":"Premium","gym":{"id":1,"name":"Fitness Plus","location":"Downtown","description":"Best gym in town","memberships":[{"id":1,"memberName":"John Doe","startDate":"2023-01-01","endDate":"2023-12-31","type":"Premium","gym":{"id":1,"name":"Fitness Plus","location":"Downtown","description":"Best gym in town","memberships":[{"id":1,"memberName":"John Doe","startDate":"2023-01-01","endDate":"2023-12-31","type":"Premium","gym":{"id":1,"name":"Fitness Plus","location":"Downtown","description":"Best gym in town","memberships":[{"id":1,"memberName":"John Doe","startDate":"2023-01-01","endDate":"2023-12-31","type":"Premium","gym":{"id":1,"name":"Fitness Plus","location":"Downtown","description":"Best gym in town","memberships":[{"id":1,"memberName":"John Doe","startDate":"2023-01-01","endDate":"2023-12-31","type":"Premium","gym":{"id":1,"name":"Fitness Plus","location":"Downtown","description":"Best gym in town","memberships":[{"id":1,"memberName":"John Doe","startDate":"2023-01-01","endDate":"2023-12-31","type":"Premium","gym":{"id":1,"name":"Fitness Plus","location":"Downtown","description":"Best gym in town","memberships":[{"id":1,"memberName":"John Doe","startDate":"2023-01-01","endDate":"2023-12-31","type":"Premium","gym":{"id":1,"name":"Fitness Plus","location":"Downtown","description":"Best gym in town","memberships":[{"id":1,"memberName":"John Doe","startDate":"2023-01-01","endDate":"2023-12-31","type":"Premium","gym":{"id":1,"name":"Fitness Plus","location":"Downtown","description":"Best gym in town","memberships":[{"id":1,"memberName":"John Doe","startDate":"2023-01-01","endDate":"2023-12-31","type":"Premium","gym":{"id":1,"name":"Fitness Plus","location":"Downtown","description":"Best gym in town","memberships":[{"id":1,"memberName":"John Doe","startDate":"2023-01-01","endDate":"2023-12-31","type":"Premium","gym":{"id":1,"name":"Fitness Plus","location":"Downtown","description":"Best gym in town","memberships":[{"id":1,"memberName":"John Doe","startDate":"2023-01-01","endDate":"2023-12-31","type":"Premium","gym":{"id":1,"name":"Fitness Plus","location":"Downtown","description":"Best gym in town","memberships":[{"id":1,"memberName":"John Doe","startDate":"2023-01-01","endDate":"2023-12-31","type":"Premium","gym":{"id":1,"name":"Fitness Plus","location":"Downtown","description":"Best gym in town","memberships":[{"id":1,"memberName":"John Doe","startDate":"2023-01-01","endDate":"2023-12-31","type":"Premium","gym":{"id":1,"name":"Fitness Plus","location":"Downtown","description":"Best gym in town","memberships":[{"id":1,"memberName":"John Doe","startDate":"2023-01-01","endDate":"2023-12-31","type":"Premium","gym":{"id":1,"name":"Fitness Plus","location":"Downtown","description":"Best gym in town","memberships":[{"id":1,"memberName":"John Doe","startDate":"2023-01-01","endDate":"2023-12-31","type":"Premium","gym":{"id":1,"name":"Fitness Plus","location":"Downtown","description":"Best gym in town","memberships":[{"id":1,"memberName":"John Doe","startDate":"2023-01-01","endDate":"2023-12-31","type":"Premium","gym":{"id":1,"name":"Fitness Plus","location":"Downtown","description":"Best gym in town","memberships":[{"id":1,"memberName":"John Doe","startDate":"2023-01-01","endDate":"2023-12-31","type":"Premium","gym":{"id":1,"name":"Fitness Plus","location":"Downtown","description":"Best gym in town","memberships":[{"id":1,"memberName":"John Doe","startDate":"2023-01-01","endDate":"2023-12-31","type":"Premium","gym":{"id":1,"name":"Fitness Plus","location":"Downtown","description":"Best gym in town","memberships":[{"id":1,"memberName":"John Doe","startDate":"2023-01-01","endDate":"2023-12-31","type":"Premium","gym":{"id":1,"name":"Fitness Plus","location":"Downtown","description":"Best gym in town","memberships":[{"id":1,"memberName":"John Doe","startDate":"2023-01-01","endDate":"2023-12-31","type":"Premium","gym":{"id":1,"name":"Fitness Plus","location":"Downtown","description":"Best gym in town","memberships":[{"id":1,"memberName":"John Doe","startDate":"2023-01-01","endDate":"2023-12-31","type":"Premium","gym":{"id":1,"name":"Fitness Plus","location":"Downtown","description":"Best gym in town","memberships":[{"id":1,"memberName":"John Doe","startDate":"2023-01-01","endDate":"2023-12-31","type":"Premium","gym":{"id":1,"name":"Fitness Plus","location":"Downtown","description":"Best gym in town","memberships":[{"id":1,"memberName":"John Doe","startDate":"2023-01-01","endDate":"2023-12-31","type":"Premium","gym":{"id":1,"name":"Fitness Plus","location":"Downtown","description":"Best gym in town","memberships":[{"id":1,"memberName":"John Doe","startDate":"2023-01-01","endDate":"2023-12-31","type":"Premium","gym":{"id":1,"name":"Fitness Plus","location":"Downtown","description":"Best gym in town","memberships":[{"id":1,"memberName":"John Doe","startDate":"2023-01-01","endDate":"2023-12-31","type":"Premium","gym":{"id":1,"name":"Fitness Plus","location":"Downtown","description":"Best gym in town","memberships":[{"id":1,"memberName":"John Doe","startDate":"2023-01-01","endDate":"2023-12-31","type":"Premium","gym":{"id":1,"name":"Fitness Plus","location":"Downtown","description":"Best gym in town","memberships":[{"id":1,"memberName":"John Doe","startDate":"2023-01-01","endDate":"2023-12-31","type":"Premium","gym":{"id":1,"name":"Fitness Plus","location":"Downtown","description":"Best gym in town","memberships":[{"id":1,"memberName":"John Doe","startDate":"2023-01-01","endDate":"2023-12-31","type":"Premium","gym":{"id":1,"name":"Fitness Plus","location":"Downtown","description":"Best gym in town","memberships":[{"id":1,"memberName":"John Doe","startDate":"2023-01-01","endDate":"2023-12-31","type":"Premium","gym":{"id":1,"name":"Fitness Plus","location":"Downtown","description":"Best gym in town","memberships":[{"id":1,"memberName":"John Doe","startDate":"2023-01-01","endDate":"2023-12-31","type":"Premium","gym":{"id":1,"name":"Fitness Plus","location":"Downtown","description":"Best gym in town","memberships":[{"id":1,"memberName":"John Doe","startDate":"2023-01-01","endDate":"2023-12-31","type":"Premium","gym":{"id":1,"name":"Fitness Plus","location":"Downtown","description":"Best gym in town","memberships":[{"id":1,"memberName":"John Doe","startDate":"2023-01-01","endDate":"2023-12-31","type":"Premium","gym":{"id":1,"name":"Fitness Plus","location":"Downtown","description":"Best gym in town","memberships":[{"id":1,"memberName":"John Doe","startDate":"2023-01-01","endDate":"2023-12-31","type":"Premium","gym":{"id":1,"name":"Fitness Plus","location":"Downtown","description":"Best gym in town","memberships":[{"id":1,"memberName":"John Doe","startDate":"2023-01-01","endDate":"2023-12-31","type":"Premium","gym":{"id":1,"name":"Fitness Plus","location":"Downtown","description":"Best gym in town","memberships":[{"id":1,"memberName":"John Doe","startDate":"2023-01-01","endDate":"2023-12-31","type":"Premium","gym":{"id":1,"name":"Fitness Plus","location":"Downtown","description":"Best gym in town","memberships":[{"id":1,"memberName":"John Doe","startDate":"2023-01-01","endDate":"2023-12-31","type":"Premium","gym":{"id":1,"name":"Fitness Plus","location":"Downtown","description":"Best gym in town","memberships":[{"id":1,"memberName":"John Doe","startDate":"2023-01-01","endDate":"2023-12-31","type":"Premium","gym":{"id":1,"name":"Fitness Plus","location":"Downtown","description":"Best gym in town","memberships":[{"id":1,"memberName":"John Doe","startDate":"2023-01-01","endDate":"2023-12-31","type":"Premium","gym":{"id":1,"name":"Fitness Plus","location":"Downtown","description":"Best gym in town","memberships":[{"id":1,"memberName":"John Doe","startDate":"2023-01-01","endDate":"2023-12-31","type":"Premium","gym":{"id":1,"name":"Fitness Plus","location":"Downtown","description":"Best gym in town","memberships":[{"id":1,"memberName":"John Doe","startDate":"2023-01-01","endDate":"2023-12-31","type":"Premium","gym":{"id":1,"name":"Fitness Plus","location":"Downtown","description":"Best gym in town","memberships":[{"id":1,"memberName":"John Doe","startDate":"2023-01-01","endDate":"2023-12-31","type":"Premium","gym":{"id":1,"name":"Fitness Plus","location":"Downtown","description":"Best gym in town","memberships":[{"id":1,"memberName":"John Doe","startDate":"2023-01-01","endDate":"2023-12-31","type":"Premium","gym":{"id":1,"name":"Fitness Plus","location":"Downtown","description":"Best gym in town","memberships":[{"id":1,"memberName":"John Doe","startDate":"2023-01-01","endDate":"2023-12-31","type":"Premium","gym":{"id":1,"name":"Fitness Plus","location":"Downtown","description":"Best gym in town","memberships":[{"id":1,"memberName":"John Doe","startDate":"2023-01-01","endDate":"2023-12-31","type":"Premium","gym":{"id":1,"name":"Fitness Plus","location":"Downtown","description":"Best gym in town","memberships":[{"id":1,"memberName":"John Doe","startDate":"2023-01-01","endDate":"2023-12-31","type":"Premium","gym":{"id":1,"name":"Fitness Plus","location":"Downtown","description":"Best gym in town","memberships":[{"id":1,"memberName":"John Doe","startDate":"2023-01-01","endDate":"2023-12-31","type":"Premium","gym":{"id":1,"name":"Fitness Plus","location":"Downtown","description":"Best gym in town","memberships":[{"id":1,"memberName":"John Doe","startDate":"2023-01-01","endDate":"2023-12-31","type":"Premium","gym":{"id":1,"name":"Fitness Plus","location":"Downtown","description":"Best gym in town","memberships":[{"id":1,"memberName":"John Doe","startDate":"2023-01-01","endDate":"2023-12-31","type":"Premium","gym":{"id":1,"name":"Fitness Plus","location":"Downtown","description":"Best gym in town","memberships":[{"id":1,"memberName":"John Doe","startDate":"2023-01-01","endDate":"2023-12-31","type":"Premium","gym":{"id":1,"name":"Fitness Plus","location":"Downtown","description":"Best gym in town","memberships":[{"id":1,"memberName":"John Doe","startDate":"2023-01-01","endDate":"2023-12-31","type":"Premium","gym":{"id":1,"name":"Fitness Plus","location":"Downtown","description":"Best gym in town","memberships":[{"id":1,"memberName":"John Doe","startDate":"2023-01-01","endDate":"2023-12-31","type":"Premium","gym":{"id":1,"name":"Fitness Plus","location":"Downtown","description":"Best gym in town","memberships":[{"id":1,"memberName":"John Doe","startDate":"2023-01-01","endDate":"2023-12-31","type":"Premium","gym":{"id":1,"name":"Fitness Plus","location":"Downtown","description":"Best gym in town","memberships":[{"id":1,"memberName":"John Doe","startDate":"2023-01-01","endDate":"2023-12-31","type":"Premium","gym":{"id":1,"name":"Fitness Plus","location":"Downtown","description":"Best gym in town","memberships":[{"id":1,"memberName":"John Doe","startDate":"2023-01-01","endDate":"2023-12-31","type":"Premium","gym":{"id":1,"name":"Fitness Plus","location":"Downtown","description":"Best gym in town","memberships":[{"id":1,"memberName":"John Doe","startDate":"2023-01-01","endDate":"2023-12-31","type":"Premium","gym":{"id":1,"name":"Fitness Plus","location":"Downtown","description":"Best gym in town","memberships":[{"id":1,"memberName":"John Doe","startDate":"2023-01-01","endDate":"2023-12-31","type":"Premium","gym":{"id":1,"name":"Fitness Plus","location":"Downtown","description":"Best gym in town","memberships":[{"id":1,"memberName":"John Doe","startDate":"2023-01-01","endDate":"2023-12-31","type":"Premium","gym":{"id":1,"name":"Fitness Plus","location":"Downtown","description":"Best gym in town","memberships":[{"id":1,"memberName":"John Doe","startDate":"2023-01-01","endDate":"2023-12-31","type":"Premium","gym":{"id":1,"name":"Fitness Plus","location":"Downtown","description":"Best gym in town","memberships":[{"id":1,"memberName":"John Doe","startDate":"2023-01-01","endDate":"2023-12-31","type":"Premium","gym":{"id":1,"name":"Fitness Plus","location":"Downtown","description":"Best gym in town","memberships":[{"id":1,"memberName":"John Doe","startDate":"2023-01-01","endDate":"2023-12-31","type":"Premium","gym":{"id":1,"name":"Fitness Plus","location":"Downtown","description":"Best gym in town","memberships":[{"id":1,"memberName":"John Doe","startDate":"2023-01-01","endDate":"2023-12-31","type":"Premium","gym":{"id":1,"name":"Fitness Plus","location":"Downtown","description":"Best gym in town","memberships":[{"id":1,"memberName":"John Doe","startDate":"2023-01-01","endDate":"2023-12-31","type":"Premium","gym":{"id":1,"name":"Fitness Plus","location":"Downtown","description":"Best gym in town","memberships":[{"id":1,"memberName":"John Doe","startDate":"2023-01-01","endDate":"2023-12-31","type":"Premium","gym":{"id":1,"name":"Fitness Plus","location":"Downtown","description":"Best gym in town","memberships":[{"id":1,"memberName":"John Doe","startDate":"2023-01-01","endDate":"2023-12-31","type":"Premium","gym":{"id":1,"name":"Fitness Plus","location":"Downtown","description":"Best gym in town","memberships":[{"id":1,"memberName":"John Doe","startDate":"2023-01-01","endDate":"2023-12-31","type":"Premium","gym":{"id":1,"name":"Fitness Plus","location":"Downtown","description":"Best gym in town","memberships":[{"id":1,"memberName":"John Doe","startDate":"2023-01-01","endDate":"2023-12-31","type":"Premium","gym":{"id":1,"name":"Fitness Plus","location":"Downtown","description":"Best gym in town","memberships":[{"id":1,"memberName":"John Doe","startDate":"2023-01-01","endDate":"2023-12-31","type":"Premium","gym":{"id":1,"name":"Fitness Plus","location":"Downtown","description":"Best gym in town","memberships":[{"id":1,"memberName":"John Doe","startDate":"2023-01-01","endDate":"2023-12-31","type":"Premium","gym":{"id":1,"name":"Fitness Plus","location":"Downtown","description":"Best gym in town","memberships":[{"id":1,"memberName":"John Doe","startDate":"2023-01-01","endDate":"2023-12-31","type":"Premium","gym":{"id":1,"name":"Fitness Plus","location":"Downtown","description":"Best gym in town","memberships":[{"id":1,"memberName":"John Doe","startDate":"2023-01-01","endDate":"2023-12-31","type":"Premium","gym":{"id":1,"name":"Fitness Plus","location":"Downtown","description":"Best gym in town","memberships":[{"id":1,"memberName":"John Doe","startDate":"2023-01-01","endDate":"2023-12-31","type":"Premium","gym":{"id":1,"name":"Fitness Plus","location":"Downtown","description":"Best gym in town","memberships":[{"id":1,"memberName":"John Doe","startDate":"2023-01-01","endDate":"2023-12-31","type":"Premium","gym":{"id":1,"name":"Fitness Plus","location":"Downtown","description":"Best gym in town","memberships":[{"id":1,"memberName":"John Doe","startDate":"2023-01-01","endDate":"2023-12-31","type":"Premium","gym":{"id":1,"name":"Fitness Plus","location":"Downtown","description":"Best gym in town","memberships":[{"id":1,"memberName":"John Doe","startDate":"2023-01-01","endDate":"2023-12-31","type":"Premium","gym":{"id":1,"name":"Fitness Plus","location":"Downtown","description":"Best gym in town","memberships":[{"id":1,"memberName":"John Doe","startDate":"2023-01-01","endDate":"2023-12-31","type":"Premium","gym":{"id":1,"name":"Fitness Plus","location":"Downtown","description":"Best gym in town","memberships":[{"id":1,"memberName":"John Doe","startDate":"2023-01-01","endDate":"2023-12-31","type":"Premium","gym":{"id":1,"name":"Fitness Plus","location":"Downtown","description":"Best gym in town","memberships":[{"id":1,"memberName":"John Doe","startDate":"2023-01-01","endDate":"2023-12-31","type":"Premium","gym":{"id":1,"name":"Fitness Plus","location":"Downtown","description":"Best gym in town","memberships":[{"id":1,"memberName":"John Doe","startDate":"2023-01-01","endDate":"2023-12-31","type":"Premium","gym":{"id":1,"name":"Fitness Plus","location":"Downtown","description":"Best gym in town","memberships":[{"id":1,"memberName":"John Doe","startDate":"2023-01-01","endDate":"2023-12-31","type":"Premium","gym":{"id":1,"name":"Fitness Plus","location":"Downtown","description":"Best gym in town","memberships":[{"id":1,"memberName":"John Doe","startDate":"2023-01-01","endDate":"2023-12-31","type":"Premium","gym":{"id":1,"name":"Fitness Plus","location":"Downtown","description":"Best gym in town","memberships":[{"id":1,"memberName":"John Doe","startDate":"2023-01-01","endDate":"2023-12-31","type":"Premium","gym":{"id":1,"name":"Fitness Plus","location":"Downtown","description":"Best gym in town","memberships":[{"id":1,"memberName":"John Doe","startDate":"2023-01-01","endDate":"2023-12-31","type":"Premium","gym":{"id":1,"name":"Fitness Plus","location":"Downtown","description":"Best gym in town","memberships":[{"id":1,"memberName":"John Doe","startDate":"2023-01-01","endDate":"2023-12-31","type":"Premium","gym":{"id":1,"name":"Fitness Plus","location":"Downtown","description":"Best gym in town","memberships":[{"id":1,"memberName":"John Doe","startDate":"2023-01-01","endDate":"2023-12-31","type":"Premium","gym":{"id":1,"name":"Fitness Plus","location":"Downtown","description":"Best gym in town","memberships":[{"id":1,"memberName":"John Doe","startDate":"2023-01-01","endDate":"2023-12-31","type":"Premium","gym":{"id":1,"name":"Fitness Plus","location":"Downtown","description":"Best gym in town","memberships":[{"id":1,"memberName":"John Doe","startDate":"2023-01-01","endDate":"2023-12-31","type":"Premium","gym":{"id":1,"name":"Fitness Plus","location":"Downtown","description":"Best gym in town","memberships":[{"id":1,"memberName":"John Doe","startDate":"2023-01-01","endDate":"2023-12-31","type":"Premium","gym":{"id":1,"name":"Fitness Plus","location":"Downtown","description":"Best gym in town","memberships":[{"id":1,"memberName":"John Doe","startDate":"2023-01-01","endDate":"2023-12-31","type":"Premium","gym":{"id":1,"name":"Fitness Plus","location":"Downtown","description":"Best gym in town","memberships":[{"id":1,"memberName":"John Doe","startDate":"2023-01-01","endDate":"2023-12-31","type":"Premium","gym":{"id":1,"name":"Fitness Plus","location":"Downtown","description":"Best gym in town","memberships":[{"id":1,"memberName":"John Doe","startDate":"2023-01-01","endDate":"2023-12-31","type":"Premium","gym":{"id":1,"name":"Fitness Plus","location":"Downtown","description":"Best gym in town","memberships":[{"id":1,"memberName":"John Doe","startDate":"2023-01-01","endDate":"2023-12-31","type":"Premium","gym":{"id":1,"name":"Fitness Plus","location":"Downtown","description":"Best gym in town","memberships":[{"id":1,"memberName":"John Doe","startDate":"2023-01-01","endDate":"2023-12-31","type":"Premium","gym":{"id":1,"name":"Fitness Plus","location":"Downtown","description":"Best gym in town","memberships":[{"id":1,"memberName":"John Doe","startDate":"2023-01-01","endDate":"2023-12-31","type":"Premium","gym":{"id":1,"name":"Fitness Plus","location":"Downtown","description":"Best gym in town","memberships":[{"id":1,"memberName":"John Doe","startDate":"2023-01-01","endDate":"2023-12-31","type":"Premium","gym":{"id":1,"name":"Fitness Plus","location":"Downtown","description":"Best gym in town","memberships":[{"id":1,"memberName":"John Doe","startDate":"2023-01-01","endDate":"2023-12-31","type":"Premium","gym":{"id":1,"name":"Fitness Plus","location":"Downtown","description":"Best gym in town","memberships":[{"id":1,"memberName":"John Doe","startDate":"2023-01-01","endDate":"2023-12-31","type":"Premium","gym":{"id":1,"name":"Fitness Plus","location":"Downtown","description":"Best gym in town","memberships":[{"id":1,"memberName":"John Doe","startDate":"2023-01-01","endDate":"2023-12-31","type":"Premium","gym":{"id":1,"name":"Fitness Plus","location":"Downtown","description":"Best gym in town","memberships":[{"id":1,"memberName":"John Doe","startDate":"2023-01-01","endDate":"2023-12-31","type":"Premium","gym":{"id":1,"name":"Fitness Plus","location":"Downtown","description":"Best gym in town","memberships":[{"id":1,"memberName":"John Doe","startDate":"2023-01-01","endDate":"2023-12-31","type":"Premium","gym":{"id":1,"name":"Fitness Plus","location":"Downtown","description":"Best gym in town","memberships":[{"id":1,"memberName":"John Doe","startDate":"2023-01-01","endDate":"2023-12-31","type":"Premium","gym":{"id":1,"name":"Fitness Plus","location":"Downtown","description":"Best gym in town","memberships":[{"id":1,"memberName":"John Doe","startDate":"2023-01-01","endDate":"2023-12-31","type":"Premium","gym":{"id":1,"name":"Fitness Plus","location":"Downtown","description":"Best gym in town","memberships":[{"id":1,"memberName":"John Doe","startDate":"2023-01-01","endDate":"2023-12-31","type":"Premium","gym":{"id":1,"name":"Fitness Plus","location":"Downtown","description":"Best gym in town","memberships":[{"id":1,"memberName":"John Doe","startDate":"2023-01-01","endDate":"2023-12-31","type":"Premium","gym":{"id":1,"name":"Fitness Plus","location":"Downtown","description":"Best gym in town","memberships":[{"id":1,"memberName":"John Doe","startDate":"2023-01-01","endDate":"2023-12-31","type":"Premium","gym":{"id":1,"name":"Fitness Plus","location":"Downtown","description":"Best gym in town","memberships":[{"id":1,"memberName":"John Doe","startDate":"2023-01-01","endDate":"2023-12-31","type":"Premium","gym":{"id":1,"name":"Fitness Plus","location":"Downtown","description":"Best gym in town","memberships":[{"id":1,"memberName":"John Doe","startDate":"2023-01-01","endDate":"2023-12-31","type":"Premium","gym":{"id":1,"name":"Fitness Plus","location":"Downtown","description":"Best gym in town","memberships":[{"id":1,"memberName":"John Doe","startDate":"2023-01-01","endDate":"2023-12-31","type":"Premium","gym":{"id":1,"name":"Fitness Plus","location":"Downtown","description":"Best gym in town","memberships":[{"id":1,"memberName":"John Doe","startDate":"2023-01-01","endDate":"2023-12-31","type":"Premium","gym":{"id":1,"name":"Fitness Plus","location":"Downtown","description":"Best gym in town","memberships":[{"id":1,"memberName":"John Doe","startDate":"2023-01-01","endDate":"2023-12-31","type":"Premium","gym":{"id":1,"name":"Fitness Plus","location":"Downtown","description":"Best gym in town","memberships":[{"id":1,"memberName":"John Doe","startDate":"2023-01-01","endDate":"2023-12-31","type":"Premium","gym":{"id":1,"name":"Fitness Plus","location":"Downtown","description":"Best gym in town","memberships":[{"id":1,"memberName":"John Doe","startDate":"2023-01-01","endDate":"2023-12-31","type":"Premium","gym":{"id":1,"name":"Fitness Plus","location":"Downtown","description":"Best gym in town","memberships":[{"id":1,"memberName":"John Doe","startDate":"2023-01-01","endDate":"2023-12-31","type":"Premium","gym":{"id":1,"name":"Fitness Plus","location":"Downtown","description":"Best gym in town","memberships":[{"id":1,"memberName":"John Doe","startDate":"2023-01-01","endDate":"2023-12-31","type":"Premium","gym":{"id":1,"name":"Fitness Plus","location":"Downtown","description":"Best gym in town","memberships":[{"id":1,"memberName":"John Doe","startDate":"2023-01-01","endDate":"2023-12-31","type":"Premium","gym":{"id":1,"name":"Fitness Plus","location":"Downtown","description":"Best gym in town","memberships":[{"id":1,"memberName":"John Doe","startDate":"2023-01-01","endDate":"2023-12-31","type":"Premium","gym":{"id":1,"name":"Fitness Plus","location":"Downtown","description":"Best gym in town","memberships":[{"id":1,"memberName":"John Doe","startDate":"2023-01-01","endDate":"2023-12-31","type":"Premium","gym":{"id":1,"name":"Fitness Plus","location":"Downtown","description":"Best gym in town","memberships":[{"id":1,"memberName":"John Doe","startDate":"2023-01-01","endDate":"2023-12-31","type":"Premium","gym":{"id":1,"name":"Fitness Plus","location":"Downtown","description":"Best gym in town","memberships":[{"id":1,"memberName":"John Doe","startDate":"2023-01-01","endDate":"2023-12-31","type":"Premium","gym":{"id":1,"name":"Fitness Plus","location":"Downtown","description":"Best gym in town","memberships":[{"id":1,"memberName":"John Doe","startDate":"2023-01-01","endDate":"2023-12-31","type":"Premium","gym":{"id":1,"name":"Fitness Plus","location":"Downtown","description":"Best gym in town","memberships":[{"id":1,"memberName":"John Doe","startDate":"2023-01-01","endDate":"2023-12-31","type":"Premium","gym":{"id":1,"name":"Fitness Plus","location":"Downtown","description":"Best gym in town","memberships":[{"id":1,"memberName":"John Doe","startDate":"2023-01-01","endDate":"2023-12-31","type":"Premium","gym":{"id":1,"name":"Fitness Plus","location":"Downtown","description":"Best gym in town","memberships":[{"id":1,"memberName":"John Doe","startDate":"2023-01-01","endDate":"2023-12-31","type":"Premium","gym":{"id":1,"name":"Fitness Plus","location":"Downtown","description":"Best gym in town","memberships":[{"id":1,"memberName":"John Doe","startDate":"2023-01-01","endDate":"2023-12-31","type":"Premium","gym":{"id":1,"name":"Fitness Plus","location":"Downtown","description":"Best gym in town","memberships":[{"id":1,"memberName":"John Doe","startDate":"2023-01-01","endDate":"2023-12-31","type":"Premium","gym":{"id":1,"name":"Fitness Plus","location":"Downtown","description":"Best gym in town","memberships":[{"id":1,"memberName":"John Doe","startDate":"2023-01-01","endDate":"2023-12-31","type":"Premium","gym":{"id":1,"name":"Fitness Plus","location":"Downtown","description":"Best gym in town","memberships":[{"id":1,"memberName":"John Doe","startDate":"2023-01-01","endDate":"2023-12-31","type":"Premium","gym":{"id":1,"name":"Fitness Plus","location":"Downtown","description":"Best gym in town","memberships":[{"id":1,"memberName":"John Doe","startDate":"2023-01-01","endDate":"2023-12-31","type":"Premium","gym":{"id":1,"name":"Fitness Plus","location":"Downtown","description":"Best gym in town","memberships":[{"id":1,"memberName":"John Doe","startDate":"2023-01-01","endDate":"2023-12-31","type":"Premium","gym":{"id":1,"name":"Fitness Plus","location":"Downtown","description":"Best gym in town","memberships":[{"id":1,"memberName":"John Doe","startDate":"2023-01-01","endDate":"2023-12-31","type":"Premium","gym":{"id":1,"name":"Fitness Plus","location":"Downtown","description":"Best gym in town","memberships":[{"id":1,"memberName":"John Doe","startDate":"2023-01-01","endDate":"2023-12-31","type":"Premium","gym":{"id":1,"name":"Fitness Plus","location":"Downtown","description":"Best gym in town","memberships":[{"id":1,"memberName":"John Doe","startDate":"2023-01-01","endDate":"2023-12-31","type":"Premium","gym":{"id":1,"name":"Fitness Plus","location":"Downtown","description":"Best gym in town","memberships":[{"id":1,"memberName":"John Doe","startDate":"2023-01-01","endDate":"2023-12-31","type":"Premium","gym":{"id":1,"name":"Fitness Plus","location":"Downtown","description":"Best gym in town","memberships":[{"id":1,"memberName":"John Doe","startDate":"2023-01-01","endDate":"2023-12-31","type":"Premium","gym":{"id":1,"name":"Fitness Plus","location":"Downtown","description":"Best gym in town","memberships":[{"id":1,"memberName":"John Doe","startDate":"2023-01-01","endDate":"2023-12-31","type":"Premium","gym":{"id":1,"name":"Fitness Plus","location":"Downtown","description":"Best gym in town","memberships":[{"id":1,"memberName":"John Doe","startDate":"2023-01-01","endDate":"2023-12-31","type":"Premium","gym":{"id":1,"name":"Fitness Plus","location":"Downtown","description":"Best gym in town","memberships":[{"id":1,"memberName":"John Doe","startDate":"2023-01-01","endDate":"2023-12-31","type":"Premium","gym":{"id":1,"name":"Fitness Plus","location":"Downtown","description":"Best gym in town","memberships":[{"id":1,"memberName":"John Doe","startDate":"2023-01-01","endDate":"2023-12-31","type":"Premium","gym":{"id":1,"name":"Fitness Plus","location":"Downtown","description":"Best gym in town","memberships":[{"id":1,"memberName":"John Doe","startDate":"2023-01-01","endDate":"2023-12-31","type":"Premium","gym":{"id":1,"name":"Fitness Plus","location":"Downtown","description":"Best gym in town","memberships":[{"id":1,"memberName":"John Doe","startDate":"2023-01-01","endDate":"2023-12-31","type":"Premium","gym":{"id":1,"name":"Fitness Plus","location":"Downtown","description":"Best gym in town","memberships":[{"id":1,"memberName":"John Doe","startDate":"2023-01-01","endDate":"2023-12-31","type":"Premium","gym":{"id":1,"name":"Fitness Plus","location":"Downtown","description":"Best gym in town","memberships":[{"id":1,"memberName":"John Doe","startDate":"2023-01-01","endDate":"2023-12-31","type":"Premium","gym":{"id":1,"name":"Fitness Plus","location":"Downtown","description":"Best gym in town","memberships":[{"id":1,"memberName":"John Doe","startDate":"2023-01-01","endDate":"2023-12-31","type":"Premium","gym":{"id":1,"name":"Fitness Plus","location":"Downtown","description":"Best gym in town","memberships":[{"id":1,"memberName":"John Doe","startDate":"2023-01-01","endDate":"2023-12-31","type":"Premium","gym":{"id":1,"name":"Fitness Plus","location":"Downtown","description":"Best gym in town","memberships":[{"id":1,"memberName":"John Doe","startDate":"2023-01-01","endDate":"2023-12-31","type":"Premium","gym":{"id":1,"name":"Fitness Plus","location":"Downtown","description":"Best gym in town","memberships":[{"id":1,"memberName":"John Doe","startDate":"2023-01-01","endDate":"2023-12-31","type":"Premium","gym":{"id":1,"name":"Fitness Plus","location":"Downtown","description":"Best gym in town","memberships":[{"id":1,"memberName":"John Doe","startDate":"2023-01-01","endDate":"2023-12-31","type":"Premium","gym":{"id":1,"name":"Fitness Plus","location":"Downtown","description":"Best gym in town","memberships":[{"id":1,"memberName":"John Doe","startDate":"2023-01-01","endDate":"2023-12-31","type":"Premium","gym":{"id":1,"name":"Fitness Plus","location":"Downtown","description":"Best gym in town","memberships":[{"id":1,"memberName":"John Doe","startDate":"2023-01-01","endDate":"2023-12-31","type":"Premium","gym":{"id":1,"name":"Fitness Plus","location":"Downtown","description":"Best gym in town","memberships":[{"id":1,"memberName":"John Doe","startDate":"2023-01-01","endDate":"2023-12-31","type":"Premium","gym":{"id":1,"name":"Fitness Plus","location":"Downtown","description":"Best gym in town","memberships":[{"id":1,"memberName":"John Doe","startDate":"2023-01-01","endDate":"2023-12-31","type":"Premium","gym":{"id":1,"name":"Fitness Plus","location":"Downtown","description":"Best gym in town","memberships":[{"id":1,"memberName":"John Doe","startDate":"2023-01-01","endDate":"2023-12-31","type":"Premium","gym":{"id":1,"name":"Fitness Plus","location":"Downtown","description":"Best gym in town","memberships":[{"id":1,"memberName":"John Doe","startDate":"2023-01-01","endDate":"2023-12-31","type":"Premium","gym":{"id":1,"name":"Fitness Plus","location":"Downtown","description":"Best gym in town","memberships":[{"id":1,"memberName":"John Doe","startDate":"2023-01-01","endDate":"2023-12-31","type":"Premium","gym":{"id":1,"name":"Fitness Plus","location":"Downtown","description":"Best gym in town","memberships":[{"id":1,"memberName":"John Doe","startDate":"2023-01-01","endDate":"2023-12-31","type":"Premium","gym":{"id":1,"name":"Fitness Plus","location":"Downtown","description":"Best gym in town","memberships":[{"id":1,"memberName":"John Doe","startDate":"2023-01-01","endDate":"2023-12-31","type":"Premium","gym":{"id":1,"name":"Fitness Plus","location":"Downtown","description":"Best gym in town","memberships":[{"id":1,"memberName":"John Doe","startDate":"2023-01-01","endDate":"2023-12-31","type":"Premium","gym":{"id":1,"name":"Fitness Plus","location":"Downtown","description":"Best gym in town","memberships":[{"id":1,"memberName":"John Doe","startDate":"2023-01-01","endDate":"2023-12-31","type":"Premium","gym":{"id":1,"name":"Fitness Plus","location":"Downtown","description":"Best gym in town","memberships":[{"id":1,"memberName":"John Doe","startDate":"2023-01-01","endDate":"2023-12-31","type":"Premium","gym":{"id":1,"name":"Fitness Plus","location":"Downtown","description":"Best gym in town","memberships":[{"id":1,"memberName":"John Doe","startDate":"2023-01-01","endDate":"2023-12-31","type":"Premium","gym":{"id":1,"name":"Fitness Plus","location":"Downtown","description":"Best gym in town","memberships":[{"id":1,"memberName":"John Doe","startDate":"2023-01-01","endDate":"2023-12-31","type":"Premium","gym":{"id":1,"name":"Fitness Plus","location":"Downtown","description":"Best gym in town","memberships":[{"id":1,"memberName":"John Doe","startDate":"2023-01-01","endDate":"2023-12-31","type":"Premium","gym":{"id":1,"name":"Fitness Plus","location":"Downtown","description":"Best gym in town","memberships":[{"id":1,"memberName":"John Doe","startDate":"2023-01-01","endDate":"2023-12-31","type":"Premium","gym":{"id":1,"name":"Fitness Plus","location":"Downtown","description":"Best gym in town","memberships":[{"id":1,"memberName":"John Doe","startDate":"2023-01-01","endDate":"2023-12-31","type":"Premium","gym":{"id":1,"name":"Fitness Plus","location":"Downtown","description":"Best gym in town","memberships":[{"id":1,"memberName":"John Doe","startDate":"2023-01-01","endDate":"2023-12-31","type":"Premium","gym":{"id":1,"name":"Fitness Plus","location":"Downtown","description":"Best gym in town","memberships":[{"id":1,"memberName":"John Doe","startDate":"2023-01-01","endDate":"2023-12-31","type":"Premium","gym":{"id":1,"name":"Fitness Plus","location":"Downtown","description":"Best gym in town","memberships":[{"id":1,"memberName":"John Doe","startDate":"2023-01-01","endDate":"2023-12-31","type":"Premium","gym":{"id":1,"name":"Fitness Plus","location":"Downtown","description":"Best gym in town","memberships":[{"id":1,"memberName":"John Doe","startDate":"2023-01-01","endDate":"2023-12-31","type":"Premium","gym":{"id":1,"name":"Fitness Plus","location":"Downtown","description":"Best gym in town","memberships":[{"id":1,"memberName":"John Doe","startDate":"2023-01-01","endDate":"2023-12-31","type":"Premium","gym":{"id":1,"name":"Fitness Plus","location":"Downtown","description":"Best gym in town","memberships":[{"id":1,"memberName":"John Doe","startDate":"2023-01-01","endDate":"2023-12-31","type":"Premium","gym":{"id":1,"name":"Fitness Plus","location":"Downtown","description":"Best gym in town","memberships":[{"id":1,"memberName":"John Doe","startDate":"2023-01-01","endDate":"2023-12-31","type":"Premium","gym":{"id":1,"name":"Fitness Plus","location":"Downtown","description":"Best gym in town","memberships":[{"id":1,"memberName":"John Doe","startDate":"2023-01-01","endDate":"2023-12-31","type":"Premium","gym":{"id":1,"name":"Fitness Plus","location":"Downtown","description":"Best gym in town","memberships":[{"id":1,"memberName":"John Doe","startDate":"2023-01-01","endDate":"2023-12-31","type":"Premium","gym":{"id":1,"name":"Fitness Plus","location":"Downtown","description":"Best gym in town","memberships":[{"id":1,"memberName":"John Doe","startDate":"2023-01-01","endDate":"2023-12-31","type":"Premium","gym":{"id":1,"name":"Fitness Plus","location":"Downtown","description":"Best gym in town","memberships":[{"id":1,"memberName":"John Doe","startDate":"2023-01-01","endDate":"2023-12-31","type":"Premium","gym":{"id":1,"name":"Fitness Plus","location":"Downtown","description":"Best gym in town","memberships":[{"id":1,"memberName":"John Doe","startDate":"2023-01-01","endDate":"2023-12-31","type":"Premium","gym":{"id":1,"name":"Fitness Plus","location":"Downtown","description":"Best gym in town","memberships":[{"id":1,"memberName":"John Doe","startDate":"2023-01-01","endDate":"2023-12-31","type":"Premium","gym":{"id":1,"name":"Fitness Plus","location":"Downtown","description":"Best gym in town","memberships":[{"id":1,"memberName":"John Doe","startDate":"2023-01-01","endDate":"2023-12-31","type":"Premium","gym":{"id":1,"name":"Fitness Plus","location":"Downtown","description":"Best gym in town","memberships":[{"id":1,"memberName":"John Doe","startDate":"2023-01-01","endDate":"2023-12-31","type":"Premium","gym":{"id":1,"name":"Fitness Plus","location":"Downtown","description":"Best gym in town","memberships":[{"id":1,"memberName":"John Doe","startDate":"2023-01-01","endDate":"2023-12-31","type":"Premium","gym":{"id":1,"name":"Fitness Plus","location":"Downtown","description":"Best gym in town","memberships":[{"id":1,"memberName":"John Doe","startDate":"2023-01-01","endDate":"2023-12-31","type":"Premium","gym":{"id":1,"name":"Fitness Plus","location":"Downtown","description":"Best gym in town","memberships":[{"id":1,"memberName":"John Doe","startDate":"2023-01-01","endDate":"2023-12-31","type":"Premium","gym":{"id":1,"name":"Fitness Plus","location":"Downtown","description":"Best gym in town","memberships":[{"id":1,"memberName":"John Doe","startDate":"2023-01-01","endDate":"2023-12-31","type":"Premium","gym":{"id":1,"name":"Fitness Plus","location":"Downtown","description":"Best gym in town","memberships":[{"id":1,"memberName":"John Doe","startDate":"2023-01-01","endDate":"2023-12-31","type":"Premium","gym":{"id":1,"name":"Fitness Plus","location":"Downtown","description":"Best gym in town","memberships":[{"id":1,"memberName":"John Doe","startDate":"2023-01-01","endDate":"2023-12-31","type":"Premium","gym":{"id":1,"name":"Fitness Plus","location":"Downtown","description":"Best gym in town","memberships":[{"id":1,"memberName":"John Doe","startDate":"2023-01-01","endDate":"2023-12-31","type":"Premium","gym":{"id":1,"name":"Fitness Plus","location":"Downtown","description":"Best gym in town","memberships":[{"id":1,"memberName":"John Doe","startDate":"2023-01-01","endDate":"2023-12-31","type":"Premium","gym":{"id":1,"name":"Fitness Plus","location":"Downtown","description":"Best gym in town","memberships":[{"id":1,"memberName":"John Doe","startDate":"2023-01-01","endDate":"2023-12-31","type":"Premium","gym":{"id":1,"name":"Fitness Plus","location":"Downtown","description":"Best gym in town","memberships":[{"id":1,"memberName":"John Doe","startDate":"2023-01-01","endDate":"2023-12-31","type":"Premium","gym":{"id":1,"name":"Fitness Plus","location":"Downtown","description":"Best gym in town","memberships":[{"id":1,"memberName":"John Doe","startDate":"2023-01-01","endDate":"2023-12-31","type":"Premium","gym":{"id":1,"name":"Fitness Plus","location":"Downtown","description":"Best gym in town","memberships":[{"id":1,"memberName":"John Doe","startDate":"2023-01-01","endDate":"2023-12-31","type":"Premium","gym":{"id":1,"name":"Fitness Plus","location":"Downtown","description":"Best gym in town","memberships":[{"id":1,"memberName":"John Doe","startDate":"2023-01-01","endDate":"2023-12-31","type":"Premium","gym":{"id":1,"name":"Fitness Plus","location":"Downtown","description":"Best gym in town","memberships":[{"id":1,"memberName":"John Doe","startDate":"2023-01-01","endDate":"2023-12-31","type":"Premium","gym":{"id":1,"name":"Fitness Plus","location":"Downtown","description":"Best gym in town","memberships":[{"id":1,"memberName":"John Doe","startDate":"2023-01-01","endDate":"2023-12-31","type":"Premium","gym":{"id":1,"name":"Fitness Plus","location":"Downtown","description":"Best gym in town","memberships":[{"id":1,"memberName":"John Doe","startDate":"2023-01-01","endDate":"2023-12-31","type":"Premium","gym":{"id":1,"name":"Fitness Plus","location":"Downtown","description":"Best gym in town","memberships":[{"id":1,"memberName":"John Doe","startDate":"2023-01-01","endDate":"2023-12-31","type":"Premium","gym":{"id":1,"name":"Fitness Plus","location":"Downtown","description":"Best gym in town","memberships":[{"id":1,"memberName":"John Doe","startDate":"2023-01-01","endDate":"2023-12-31","type":"Premium","gym":{"id":1,"name":"Fitness Plus","location":"Downtown","description":"Best gym in town","memberships":[{"id":1,"memberName":"John Doe","startDate":"2023-01-01","endDate":"2023-12-31","type":"Premium","gym":{"id":1,"name":"Fitness Plus","location":"Downtown","description":"Best gym in town","memberships":[{"id":1,"memberName":"John Doe","startDate":"2023-01-01","endDate":"2023-12-31","type":"Premium","gym":}]}}]}}]}}]}}]}}]}}]}}]}}]}}]}}]}}]}}]}}]}}]}}]}}]}}]}}]}}]}}]}}]}}]}}]}}]}}]}}]}}]}}]}}]}}]}}]}}]}}]}}]}}]}}]}}]}}]}}]}}]}}]}}]}}]}}]}}]}}]}}]}}]}}]}}]}}]}}]}}]}}]}}]}}]}}]}}]}}]}}]}}]}}]}}]}}]}}]}}]}}]}}]}}]}}]}}]}}]}}]}}]}}]}}]}}]}}]}}]}}]}}]}}]}}]}}]}}]}}]}}]}}]}}]}}]}}]}}]}}]}}]}}]}}]}}]}}]}}]}}]}}]}}]}}]}}]}}]}}]}}]}}]}}]}}]}}]}}]}}]}}]}}]}}]}}]}}]}}]}}]}}]}}]}}]}}]}}]}}]}}]}}]}}]}}]}}]}}]}}]}}]}}]}}]}}]}}]}}]}}]}}]}}]}}]}}]}}]}}]}}]}}]}}]}}]}}]}}]}}]}}]}}]}}]}}]}}]}}]}}]}}]}}]}}]}}]}}]}}]}}]}}]}}]}}]}}]}}]}}]}}]}}]}}]}}]}}]}}]}}]}}]}}]}}]}}]}}]}}]}}]}}]}}]}}]}}]}}]}}]}}]}}]}}]}}]}}]}}]}}]}}]}}]}}]}}]}}]}}]}}]}}]}}]}}]}}]}}]}}]}}]}}]}}]}}]}}]}}]}}]}}]}}]}}]}}]}}]}}]}}]}}]}}]}}]}}]}}]}}]}}]}}]}}]}}]}}]}}]}}]}}]}}]}}]}}]}}]}}]}}]}}]}}]}}]}}]}}]}}]}}]}}]}}]}}]}}]}}]}}]}}]}}]}}]}}]}}]}}]}}]}}]}}]}}]}}]}}]}}]}}]}}]}}]}}]}}]}}]}}]}}]}}]}}]}}]}}]}}]}}]}}]}}]}}]}}]}}]}}]}}]}}]}}]}}]}}]}}]}}]}}]}}]}}]}}]}}]}}]}}]}}]}}]}}]}}]}}]}}]}}]}}]}}]}}]}}]}}]}}]}}]}}]}}]}}]}}]}}]}}]}}]}}]}}]}}]}}]}}
    Forwarded URL = null
   Redirected URL = null
          Cookies = []
]]></system-out>
  </testcase>
  <testcase name="testGetMembershipsByGymId" classname="com.examly.springapp.SpringappApplicationTests" time="0.063">
    <failure type="java.lang.AssertionError"><![CDATA[java.lang.AssertionError: No value at JSON path "$"
	at com.examly.springapp.SpringappApplicationTests.testGetMembershipsByGymId(SpringappApplicationTests.java:127)
Caused by: com.jayway.jsonpath.InvalidJsonException: net.minidev.json.parser.ParseException: Malicious payload, having non natural depths, parsing stoped on { at position 27000.
	at com.examly.springapp.SpringappApplicationTests.testGetMembershipsByGymId(SpringappApplicationTests.java:127)
Caused by: net.minidev.json.parser.ParseException: Malicious payload, having non natural depths, parsing stoped on { at position 27000.
	at com.examly.springapp.SpringappApplicationTests.testGetMembershipsByGymId(SpringappApplicationTests.java:127)
]]></failure>
    <system-out><![CDATA[Hibernate: select m1_0.id,m1_0.end_date,m1_0.gym_id,m1_0.member_name,m1_0.start_date,m1_0.type from membership m1_0 where m1_0.gym_id=?
Hibernate: select g1_0.id,g1_0.description,g1_0.location,g1_0.name from gym g1_0 where g1_0.id=?
Hibernate: select m1_0.gym_id,m1_0.id,m1_0.end_date,m1_0.member_name,m1_0.start_date,m1_0.type from membership m1_0 where m1_0.gym_id=?
2025-04-29T07:04:49.747Z  WARN 1817 --- [           main] .w.s.m.s.DefaultHandlerExceptionResolver : Ignoring exception, response committed already: org.springframework.http.converter.HttpMessageNotWritableException: Could not write JSON: Document nesting depth (1001) exceeds the maximum allowed (1000, from `StreamWriteConstraints.getMaxNestingDepth()`)
2025-04-29T07:04:49.748Z  WARN 1817 --- [           main] .w.s.m.s.DefaultHandlerExceptionResolver : Resolved [org.springframework.http.converter.HttpMessageNotWritableException: Could not write JSON: Document nesting depth (1001) exceeds the maximum allowed (1000, from `StreamWriteConstraints.getMaxNestingDepth()`)]

MockHttpServletRequest:
      HTTP Method = GET
      Request URI = /api/membership/search/1
       Parameters = {}
          Headers = [Accept:"application/json"]
             Body = null
    Session Attrs = {}

Handler:
             Type = com.examly.springapp.controller.MembershipController
           Method = com.examly.springapp.controller.MembershipController#getMembershipsByGym(Long)

Async:
    Async started = false
     Async result = null

Resolved Exception:
             Type = org.springframework.http.converter.HttpMessageNotWritableException

ModelAndView:
        View name = null
             View = null
            Model = null

FlashMap:
       Attributes = null

MockHttpServletResponse:
           Status = 200
    Error message = null
          Headers = [Content-Type:"application/json"]
     Content type = application/json
             Body = [{"id":1,"memberName":"John Doe","startDate":"2023-01-01","endDate":"2023-12-31","type":"Premium","gym":{"id":1,"name":"Fitness Plus","location":"Downtown","description":"Best gym in town","memberships":[{"id":1,"memberName":"John Doe","startDate":"2023-01-01","endDate":"2023-12-31","type":"Premium","gym":{"id":1,"name":"Fitness Plus","location":"Downtown","description":"Best gym in town","memberships":[{"id":1,"memberName":"John Doe","startDate":"2023-01-01","endDate":"2023-12-31","type":"Premium","gym":{"id":1,"name":"Fitness Plus","location":"Downtown","description":"Best gym in town","memberships":[{"id":1,"memberName":"John Doe","startDate":"2023-01-01","endDate":"2023-12-31","type":"Premium","gym":{"id":1,"name":"Fitness Plus","location":"Downtown","description":"Best gym in town","memberships":[{"id":1,"memberName":"John Doe","startDate":"2023-01-01","endDate":"2023-12-31","type":"Premium","gym":{"id":1,"name":"Fitness Plus","location":"Downtown","description":"Best gym in town","memberships":[{"id":1,"memberName":"John Doe","startDate":"2023-01-01","endDate":"2023-12-31","type":"Premium","gym":{"id":1,"name":"Fitness Plus","location":"Downtown","description":"Best gym in town","memberships":[{"id":1,"memberName":"John Doe","startDate":"2023-01-01","endDate":"2023-12-31","type":"Premium","gym":{"id":1,"name":"Fitness Plus","location":"Downtown","description":"Best gym in town","memberships":[{"id":1,"memberName":"John Doe","startDate":"2023-01-01","endDate":"2023-12-31","type":"Premium","gym":{"id":1,"name":"Fitness Plus","location":"Downtown","description":"Best gym in town","memberships":[{"id":1,"memberName":"John Doe","startDate":"2023-01-01","endDate":"2023-12-31","type":"Premium","gym":{"id":1,"name":"Fitness Plus","location":"Downtown","description":"Best gym in town","memberships":[{"id":1,"memberName":"John Doe","startDate":"2023-01-01","endDate":"2023-12-31","type":"Premium","gym":{"id":1,"name":"Fitness Plus","location":"Downtown","description":"Best gym in town","memberships":[{"id":1,"memberName":"John Doe","startDate":"2023-01-01","endDate":"2023-12-31","type":"Premium","gym":{"id":1,"name":"Fitness Plus","location":"Downtown","description":"Best gym in town","memberships":[{"id":1,"memberName":"John Doe","startDate":"2023-01-01","endDate":"2023-12-31","type":"Premium","gym":{"id":1,"name":"Fitness Plus","location":"Downtown","description":"Best gym in town","memberships":[{"id":1,"memberName":"John Doe","startDate":"2023-01-01","endDate":"2023-12-31","type":"Premium","gym":{"id":1,"name":"Fitness Plus","location":"Downtown","description":"Best gym in town","memberships":[{"id":1,"memberName":"John Doe","startDate":"2023-01-01","endDate":"2023-12-31","type":"Premium","gym":{"id":1,"name":"Fitness Plus","location":"Downtown","description":"Best gym in town","memberships":[{"id":1,"memberName":"John Doe","startDate":"2023-01-01","endDate":"2023-12-31","type":"Premium","gym":{"id":1,"name":"Fitness Plus","location":"Downtown","description":"Best gym in town","memberships":[{"id":1,"memberName":"John Doe","startDate":"2023-01-01","endDate":"2023-12-31","type":"Premium","gym":{"id":1,"name":"Fitness Plus","location":"Downtown","description":"Best gym in town","memberships":[{"id":1,"memberName":"John Doe","startDate":"2023-01-01","endDate":"2023-12-31","type":"Premium","gym":{"id":1,"name":"Fitness Plus","location":"Downtown","description":"Best gym in town","memberships":[{"id":1,"memberName":"John Doe","startDate":"2023-01-01","endDate":"2023-12-31","type":"Premium","gym":{"id":1,"name":"Fitness Plus","location":"Downtown","description":"Best gym in town","memberships":[{"id":1,"memberName":"John Doe","startDate":"2023-01-01","endDate":"2023-12-31","type":"Premium","gym":{"id":1,"name":"Fitness Plus","location":"Downtown","description":"Best gym in town","memberships":[{"id":1,"memberName":"John Doe","startDate":"2023-01-01","endDate":"2023-12-31","type":"Premium","gym":{"id":1,"name":"Fitness Plus","location":"Downtown","description":"Best gym in town","memberships":[{"id":1,"memberName":"John Doe","startDate":"2023-01-01","endDate":"2023-12-31","type":"Premium","gym":{"id":1,"name":"Fitness Plus","location":"Downtown","description":"Best gym in town","memberships":[{"id":1,"memberName":"John Doe","startDate":"2023-01-01","endDate":"2023-12-31","type":"Premium","gym":{"id":1,"name":"Fitness Plus","location":"Downtown","description":"Best gym in town","memberships":[{"id":1,"memberName":"John Doe","startDate":"2023-01-01","endDate":"2023-12-31","type":"Premium","gym":{"id":1,"name":"Fitness Plus","location":"Downtown","description":"Best gym in town","memberships":[{"id":1,"memberName":"John Doe","startDate":"2023-01-01","endDate":"2023-12-31","type":"Premium","gym":{"id":1,"name":"Fitness Plus","location":"Downtown","description":"Best gym in town","memberships":[{"id":1,"memberName":"John Doe","startDate":"2023-01-01","endDate":"2023-12-31","type":"Premium","gym":{"id":1,"name":"Fitness Plus","location":"Downtown","description":"Best gym in town","memberships":[{"id":1,"memberName":"John Doe","startDate":"2023-01-01","endDate":"2023-12-31","type":"Premium","gym":{"id":1,"name":"Fitness Plus","location":"Downtown","description":"Best gym in town","memberships":[{"id":1,"memberName":"John Doe","startDate":"2023-01-01","endDate":"2023-12-31","type":"Premium","gym":{"id":1,"name":"Fitness Plus","location":"Downtown","description":"Best gym in town","memberships":[{"id":1,"memberName":"John Doe","startDate":"2023-01-01","endDate":"2023-12-31","type":"Premium","gym":{"id":1,"name":"Fitness Plus","location":"Downtown","description":"Best gym in town","memberships":[{"id":1,"memberName":"John Doe","startDate":"2023-01-01","endDate":"2023-12-31","type":"Premium","gym":{"id":1,"name":"Fitness Plus","location":"Downtown","description":"Best gym in town","memberships":[{"id":1,"memberName":"John Doe","startDate":"2023-01-01","endDate":"2023-12-31","type":"Premium","gym":{"id":1,"name":"Fitness Plus","location":"Downtown","description":"Best gym in town","memberships":[{"id":1,"memberName":"John Doe","startDate":"2023-01-01","endDate":"2023-12-31","type":"Premium","gym":{"id":1,"name":"Fitness Plus","location":"Downtown","description":"Best gym in town","memberships":[{"id":1,"memberName":"John Doe","startDate":"2023-01-01","endDate":"2023-12-31","type":"Premium","gym":{"id":1,"name":"Fitness Plus","location":"Downtown","description":"Best gym in town","memberships":[{"id":1,"memberName":"John Doe","startDate":"2023-01-01","endDate":"2023-12-31","type":"Premium","gym":{"id":1,"name":"Fitness Plus","location":"Downtown","description":"Best gym in town","memberships":[{"id":1,"memberName":"John Doe","startDate":"2023-01-01","endDate":"2023-12-31","type":"Premium","gym":{"id":1,"name":"Fitness Plus","location":"Downtown","description":"Best gym in town","memberships":[{"id":1,"memberName":"John Doe","startDate":"2023-01-01","endDate":"2023-12-31","type":"Premium","gym":{"id":1,"name":"Fitness Plus","location":"Downtown","description":"Best gym in town","memberships":[{"id":1,"memberName":"John Doe","startDate":"2023-01-01","endDate":"2023-12-31","type":"Premium","gym":{"id":1,"name":"Fitness Plus","location":"Downtown","description":"Best gym in town","memberships":[{"id":1,"memberName":"John Doe","startDate":"2023-01-01","endDate":"2023-12-31","type":"Premium","gym":{"id":1,"name":"Fitness Plus","location":"Downtown","description":"Best gym in town","memberships":[{"id":1,"memberName":"John Doe","startDate":"2023-01-01","endDate":"2023-12-31","type":"Premium","gym":{"id":1,"name":"Fitness Plus","location":"Downtown","description":"Best gym in town","memberships":[{"id":1,"memberName":"John Doe","startDate":"2023-01-01","endDate":"2023-12-31","type":"Premium","gym":{"id":1,"name":"Fitness Plus","location":"Downtown","description":"Best gym in town","memberships":[{"id":1,"memberName":"John Doe","startDate":"2023-01-01","endDate":"2023-12-31","type":"Premium","gym":{"id":1,"name":"Fitness Plus","location":"Downtown","description":"Best gym in town","memberships":[{"id":1,"memberName":"John Doe","startDate":"2023-01-01","endDate":"2023-12-31","type":"Premium","gym":{"id":1,"name":"Fitness Plus","location":"Downtown","description":"Best gym in town","memberships":[{"id":1,"memberName":"John Doe","startDate":"2023-01-01","endDate":"2023-12-31","type":"Premium","gym":{"id":1,"name":"Fitness Plus","location":"Downtown","description":"Best gym in town","memberships":[{"id":1,"memberName":"John Doe","startDate":"2023-01-01","endDate":"2023-12-31","type":"Premium","gym":{"id":1,"name":"Fitness Plus","location":"Downtown","description":"Best gym in town","memberships":[{"id":1,"memberName":"John Doe","startDate":"2023-01-01","endDate":"2023-12-31","type":"Premium","gym":{"id":1,"name":"Fitness Plus","location":"Downtown","description":"Best gym in town","memberships":[{"id":1,"memberName":"John Doe","startDate":"2023-01-01","endDate":"2023-12-31","type":"Premium","gym":{"id":1,"name":"Fitness Plus","location":"Downtown","description":"Best gym in town","memberships":[{"id":1,"memberName":"John Doe","startDate":"2023-01-01","endDate":"2023-12-31","type":"Premium","gym":{"id":1,"name":"Fitness Plus","location":"Downtown","description":"Best gym in town","memberships":[{"id":1,"memberName":"John Doe","startDate":"2023-01-01","endDate":"2023-12-31","type":"Premium","gym":{"id":1,"name":"Fitness Plus","location":"Downtown","description":"Best gym in town","memberships":[{"id":1,"memberName":"John Doe","startDate":"2023-01-01","endDate":"2023-12-31","type":"Premium","gym":{"id":1,"name":"Fitness Plus","location":"Downtown","description":"Best gym in town","memberships":[{"id":1,"memberName":"John Doe","startDate":"2023-01-01","endDate":"2023-12-31","type":"Premium","gym":{"id":1,"name":"Fitness Plus","location":"Downtown","description":"Best gym in town","memberships":[{"id":1,"memberName":"John Doe","startDate":"2023-01-01","endDate":"2023-12-31","type":"Premium","gym":{"id":1,"name":"Fitness Plus","location":"Downtown","description":"Best gym in town","memberships":[{"id":1,"memberName":"John Doe","startDate":"2023-01-01","endDate":"2023-12-31","type":"Premium","gym":{"id":1,"name":"Fitness Plus","location":"Downtown","description":"Best gym in town","memberships":[{"id":1,"memberName":"John Doe","startDate":"2023-01-01","endDate":"2023-12-31","type":"Premium","gym":{"id":1,"name":"Fitness Plus","location":"Downtown","description":"Best gym in town","memberships":[{"id":1,"memberName":"John Doe","startDate":"2023-01-01","endDate":"2023-12-31","type":"Premium","gym":{"id":1,"name":"Fitness Plus","location":"Downtown","description":"Best gym in town","memberships":[{"id":1,"memberName":"John Doe","startDate":"2023-01-01","endDate":"2023-12-31","type":"Premium","gym":{"id":1,"name":"Fitness Plus","location":"Downtown","description":"Best gym in town","memberships":[{"id":1,"memberName":"John Doe","startDate":"2023-01-01","endDate":"2023-12-31","type":"Premium","gym":{"id":1,"name":"Fitness Plus","location":"Downtown","description":"Best gym in town","memberships":[{"id":1,"memberName":"John Doe","startDate":"2023-01-01","endDate":"2023-12-31","type":"Premium","gym":{"id":1,"name":"Fitness Plus","location":"Downtown","description":"Best gym in town","memberships":[{"id":1,"memberName":"John Doe","startDate":"2023-01-01","endDate":"2023-12-31","type":"Premium","gym":{"id":1,"name":"Fitness Plus","location":"Downtown","description":"Best gym in town","memberships":[{"id":1,"memberName":"John Doe","startDate":"2023-01-01","endDate":"2023-12-31","type":"Premium","gym":{"id":1,"name":"Fitness Plus","location":"Downtown","description":"Best gym in town","memberships":[{"id":1,"memberName":"John Doe","startDate":"2023-01-01","endDate":"2023-12-31","type":"Premium","gym":{"id":1,"name":"Fitness Plus","location":"Downtown","description":"Best gym in town","memberships":[{"id":1,"memberName":"John Doe","startDate":"2023-01-01","endDate":"2023-12-31","type":"Premium","gym":{"id":1,"name":"Fitness Plus","location":"Downtown","description":"Best gym in town","memberships":[{"id":1,"memberName":"John Doe","startDate":"2023-01-01","endDate":"2023-12-31","type":"Premium","gym":{"id":1,"name":"Fitness Plus","location":"Downtown","description":"Best gym in town","memberships":[{"id":1,"memberName":"John Doe","startDate":"2023-01-01","endDate":"2023-12-31","type":"Premium","gym":{"id":1,"name":"Fitness Plus","location":"Downtown","description":"Best gym in town","memberships":[{"id":1,"memberName":"John Doe","startDate":"2023-01-01","endDate":"2023-12-31","type":"Premium","gym":{"id":1,"name":"Fitness Plus","location":"Downtown","description":"Best gym in town","memberships":[{"id":1,"memberName":"John Doe","startDate":"2023-01-01","endDate":"2023-12-31","type":"Premium","gym":{"id":1,"name":"Fitness Plus","location":"Downtown","description":"Best gym in town","memberships":[{"id":1,"memberName":"John Doe","startDate":"2023-01-01","endDate":"2023-12-31","type":"Premium","gym":{"id":1,"name":"Fitness Plus","location":"Downtown","description":"Best gym in town","memberships":[{"id":1,"memberName":"John Doe","startDate":"2023-01-01","endDate":"2023-12-31","type":"Premium","gym":{"id":1,"name":"Fitness Plus","location":"Downtown","description":"Best gym in town","memberships":[{"id":1,"memberName":"John Doe","startDate":"2023-01-01","endDate":"2023-12-31","type":"Premium","gym":{"id":1,"name":"Fitness Plus","location":"Downtown","description":"Best gym in town","memberships":[{"id":1,"memberName":"John Doe","startDate":"2023-01-01","endDate":"2023-12-31","type":"Premium","gym":{"id":1,"name":"Fitness Plus","location":"Downtown","description":"Best gym in town","memberships":[{"id":1,"memberName":"John Doe","startDate":"2023-01-01","endDate":"2023-12-31","type":"Premium","gym":{"id":1,"name":"Fitness Plus","location":"Downtown","description":"Best gym in town","memberships":[{"id":1,"memberName":"John Doe","startDate":"2023-01-01","endDate":"2023-12-31","type":"Premium","gym":{"id":1,"name":"Fitness Plus","location":"Downtown","description":"Best gym in town","memberships":[{"id":1,"memberName":"John Doe","startDate":"2023-01-01","endDate":"2023-12-31","type":"Premium","gym":{"id":1,"name":"Fitness Plus","location":"Downtown","description":"Best gym in town","memberships":[{"id":1,"memberName":"John Doe","startDate":"2023-01-01","endDate":"2023-12-31","type":"Premium","gym":{"id":1,"name":"Fitness Plus","location":"Downtown","description":"Best gym in town","memberships":[{"id":1,"memberName":"John Doe","startDate":"2023-01-01","endDate":"2023-12-31","type":"Premium","gym":{"id":1,"name":"Fitness Plus","location":"Downtown","description":"Best gym in town","memberships":[{"id":1,"memberName":"John Doe","startDate":"2023-01-01","endDate":"2023-12-31","type":"Premium","gym":{"id":1,"name":"Fitness Plus","location":"Downtown","description":"Best gym in town","memberships":[{"id":1,"memberName":"John Doe","startDate":"2023-01-01","endDate":"2023-12-31","type":"Premium","gym":{"id":1,"name":"Fitness Plus","location":"Downtown","description":"Best gym in town","memberships":[{"id":1,"memberName":"John Doe","startDate":"2023-01-01","endDate":"2023-12-31","type":"Premium","gym":{"id":1,"name":"Fitness Plus","location":"Downtown","description":"Best gym in town","memberships":[{"id":1,"memberName":"John Doe","startDate":"2023-01-01","endDate":"2023-12-31","type":"Premium","gym":{"id":1,"name":"Fitness Plus","location":"Downtown","description":"Best gym in town","memberships":[{"id":1,"memberName":"John Doe","startDate":"2023-01-01","endDate":"2023-12-31","type":"Premium","gym":{"id":1,"name":"Fitness Plus","location":"Downtown","description":"Best gym in town","memberships":[{"id":1,"memberName":"John Doe","startDate":"2023-01-01","endDate":"2023-12-31","type":"Premium","gym":{"id":1,"name":"Fitness Plus","location":"Downtown","description":"Best gym in town","memberships":[{"id":1,"memberName":"John Doe","startDate":"2023-01-01","endDate":"2023-12-31","type":"Premium","gym":{"id":1,"name":"Fitness Plus","location":"Downtown","description":"Best gym in town","memberships":[{"id":1,"memberName":"John Doe","startDate":"2023-01-01","endDate":"2023-12-31","type":"Premium","gym":{"id":1,"name":"Fitness Plus","location":"Downtown","description":"Best gym in town","memberships":[{"id":1,"memberName":"John Doe","startDate":"2023-01-01","endDate":"2023-12-31","type":"Premium","gym":{"id":1,"name":"Fitness Plus","location":"Downtown","description":"Best gym in town","memberships":[{"id":1,"memberName":"John Doe","startDate":"2023-01-01","endDate":"2023-12-31","type":"Premium","gym":{"id":1,"name":"Fitness Plus","location":"Downtown","description":"Best gym in town","memberships":[{"id":1,"memberName":"John Doe","startDate":"2023-01-01","endDate":"2023-12-31","type":"Premium","gym":{"id":1,"name":"Fitness Plus","location":"Downtown","description":"Best gym in town","memberships":[{"id":1,"memberName":"John Doe","startDate":"2023-01-01","endDate":"2023-12-31","type":"Premium","gym":{"id":1,"name":"Fitness Plus","location":"Downtown","description":"Best gym in town","memberships":[{"id":1,"memberName":"John Doe","startDate":"2023-01-01","endDate":"2023-12-31","type":"Premium","gym":{"id":1,"name":"Fitness Plus","location":"Downtown","description":"Best gym in town","memberships":[{"id":1,"memberName":"John Doe","startDate":"2023-01-01","endDate":"2023-12-31","type":"Premium","gym":{"id":1,"name":"Fitness Plus","location":"Downtown","description":"Best gym in town","memberships":[{"id":1,"memberName":"John Doe","startDate":"2023-01-01","endDate":"2023-12-31","type":"Premium","gym":{"id":1,"name":"Fitness Plus","location":"Downtown","description":"Best gym in town","memberships":[{"id":1,"memberName":"John Doe","startDate":"2023-01-01","endDate":"2023-12-31","type":"Premium","gym":{"id":1,"name":"Fitness Plus","location":"Downtown","description":"Best gym in town","memberships":[{"id":1,"memberName":"John Doe","startDate":"2023-01-01","endDate":"2023-12-31","type":"Premium","gym":{"id":1,"name":"Fitness Plus","location":"Downtown","description":"Best gym in town","memberships":[{"id":1,"memberName":"John Doe","startDate":"2023-01-01","endDate":"2023-12-31","type":"Premium","gym":{"id":1,"name":"Fitness Plus","location":"Downtown","description":"Best gym in town","memberships":[{"id":1,"memberName":"John Doe","startDate":"2023-01-01","endDate":"2023-12-31","type":"Premium","gym":{"id":1,"name":"Fitness Plus","location":"Downtown","description":"Best gym in town","memberships":[{"id":1,"memberName":"John Doe","startDate":"2023-01-01","endDate":"2023-12-31","type":"Premium","gym":{"id":1,"name":"Fitness Plus","location":"Downtown","description":"Best gym in town","memberships":[{"id":1,"memberName":"John Doe","startDate":"2023-01-01","endDate":"2023-12-31","type":"Premium","gym":{"id":1,"name":"Fitness Plus","location":"Downtown","description":"Best gym in town","memberships":[{"id":1,"memberName":"John Doe","startDate":"2023-01-01","endDate":"2023-12-31","type":"Premium","gym":{"id":1,"name":"Fitness Plus","location":"Downtown","description":"Best gym in town","memberships":[{"id":1,"memberName":"John Doe","startDate":"2023-01-01","endDate":"2023-12-31","type":"Premium","gym":{"id":1,"name":"Fitness Plus","location":"Downtown","description":"Best gym in town","memberships":[{"id":1,"memberName":"John Doe","startDate":"2023-01-01","endDate":"2023-12-31","type":"Premium","gym":{"id":1,"name":"Fitness Plus","location":"Downtown","description":"Best gym in town","memberships":[{"id":1,"memberName":"John Doe","startDate":"2023-01-01","endDate":"2023-12-31","type":"Premium","gym":{"id":1,"name":"Fitness Plus","location":"Downtown","description":"Best gym in town","memberships":[{"id":1,"memberName":"John Doe","startDate":"2023-01-01","endDate":"2023-12-31","type":"Premium","gym":{"id":1,"name":"Fitness Plus","location":"Downtown","description":"Best gym in town","memberships":[{"id":1,"memberName":"John Doe","startDate":"2023-01-01","endDate":"2023-12-31","type":"Premium","gym":{"id":1,"name":"Fitness Plus","location":"Downtown","description":"Best gym in town","memberships":[{"id":1,"memberName":"John Doe","startDate":"2023-01-01","endDate":"2023-12-31","type":"Premium","gym":{"id":1,"name":"Fitness Plus","location":"Downtown","description":"Best gym in town","memberships":[{"id":1,"memberName":"John Doe","startDate":"2023-01-01","endDate":"2023-12-31","type":"Premium","gym":{"id":1,"name":"Fitness Plus","location":"Downtown","description":"Best gym in town","memberships":[{"id":1,"memberName":"John Doe","startDate":"2023-01-01","endDate":"2023-12-31","type":"Premium","gym":{"id":1,"name":"Fitness Plus","location":"Downtown","description":"Best gym in town","memberships":[{"id":1,"memberName":"John Doe","startDate":"2023-01-01","endDate":"2023-12-31","type":"Premium","gym":{"id":1,"name":"Fitness Plus","location":"Downtown","description":"Best gym in town","memberships":[{"id":1,"memberName":"John Doe","startDate":"2023-01-01","endDate":"2023-12-31","type":"Premium","gym":{"id":1,"name":"Fitness Plus","location":"Downtown","description":"Best gym in town","memberships":[{"id":1,"memberName":"John Doe","startDate":"2023-01-01","endDate":"2023-12-31","type":"Premium","gym":{"id":1,"name":"Fitness Plus","location":"Downtown","description":"Best gym in town","memberships":[{"id":1,"memberName":"John Doe","startDate":"2023-01-01","endDate":"2023-12-31","type":"Premium","gym":{"id":1,"name":"Fitness Plus","location":"Downtown","description":"Best gym in town","memberships":[{"id":1,"memberName":"John Doe","startDate":"2023-01-01","endDate":"2023-12-31","type":"Premium","gym":{"id":1,"name":"Fitness Plus","location":"Downtown","description":"Best gym in town","memberships":[{"id":1,"memberName":"John Doe","startDate":"2023-01-01","endDate":"2023-12-31","type":"Premium","gym":{"id":1,"name":"Fitness Plus","location":"Downtown","description":"Best gym in town","memberships":[{"id":1,"memberName":"John Doe","startDate":"2023-01-01","endDate":"2023-12-31","type":"Premium","gym":{"id":1,"name":"Fitness Plus","location":"Downtown","description":"Best gym in town","memberships":[{"id":1,"memberName":"John Doe","startDate":"2023-01-01","endDate":"2023-12-31","type":"Premium","gym":{"id":1,"name":"Fitness Plus","location":"Downtown","description":"Best gym in town","memberships":[{"id":1,"memberName":"John Doe","startDate":"2023-01-01","endDate":"2023-12-31","type":"Premium","gym":{"id":1,"name":"Fitness Plus","location":"Downtown","description":"Best gym in town","memberships":[{"id":1,"memberName":"John Doe","startDate":"2023-01-01","endDate":"2023-12-31","type":"Premium","gym":{"id":1,"name":"Fitness Plus","location":"Downtown","description":"Best gym in town","memberships":[{"id":1,"memberName":"John Doe","startDate":"2023-01-01","endDate":"2023-12-31","type":"Premium","gym":{"id":1,"name":"Fitness Plus","location":"Downtown","description":"Best gym in town","memberships":[{"id":1,"memberName":"John Doe","startDate":"2023-01-01","endDate":"2023-12-31","type":"Premium","gym":{"id":1,"name":"Fitness Plus","location":"Downtown","description":"Best gym in town","memberships":[{"id":1,"memberName":"John Doe","startDate":"2023-01-01","endDate":"2023-12-31","type":"Premium","gym":{"id":1,"name":"Fitness Plus","location":"Downtown","description":"Best gym in town","memberships":[{"id":1,"memberName":"John Doe","startDate":"2023-01-01","endDate":"2023-12-31","type":"Premium","gym":{"id":1,"name":"Fitness Plus","location":"Downtown","description":"Best gym in town","memberships":[{"id":1,"memberName":"John Doe","startDate":"2023-01-01","endDate":"2023-12-31","type":"Premium","gym":{"id":1,"name":"Fitness Plus","location":"Downtown","description":"Best gym in town","memberships":[{"id":1,"memberName":"John Doe","startDate":"2023-01-01","endDate":"2023-12-31","type":"Premium","gym":{"id":1,"name":"Fitness Plus","location":"Downtown","description":"Best gym in town","memberships":[{"id":1,"memberName":"John Doe","startDate":"2023-01-01","endDate":"2023-12-31","type":"Premium","gym":{"id":1,"name":"Fitness Plus","location":"Downtown","description":"Best gym in town","memberships":[{"id":1,"memberName":"John Doe","startDate":"2023-01-01","endDate":"2023-12-31","type":"Premium","gym":{"id":1,"name":"Fitness Plus","location":"Downtown","description":"Best gym in town","memberships":[{"id":1,"memberName":"John Doe","startDate":"2023-01-01","endDate":"2023-12-31","type":"Premium","gym":{"id":1,"name":"Fitness Plus","location":"Downtown","description":"Best gym in town","memberships":[{"id":1,"memberName":"John Doe","startDate":"2023-01-01","endDate":"2023-12-31","type":"Premium","gym":{"id":1,"name":"Fitness Plus","location":"Downtown","description":"Best gym in town","memberships":[{"id":1,"memberName":"John Doe","startDate":"2023-01-01","endDate":"2023-12-31","type":"Premium","gym":{"id":1,"name":"Fitness Plus","location":"Downtown","description":"Best gym in town","memberships":[{"id":1,"memberName":"John Doe","startDate":"2023-01-01","endDate":"2023-12-31","type":"Premium","gym":{"id":1,"name":"Fitness Plus","location":"Downtown","description":"Best gym in town","memberships":[{"id":1,"memberName":"John Doe","startDate":"2023-01-01","endDate":"2023-12-31","type":"Premium","gym":{"id":1,"name":"Fitness Plus","location":"Downtown","description":"Best gym in town","memberships":[{"id":1,"memberName":"John Doe","startDate":"2023-01-01","endDate":"2023-12-31","type":"Premium","gym":{"id":1,"name":"Fitness Plus","location":"Downtown","description":"Best gym in town","memberships":[{"id":1,"memberName":"John Doe","startDate":"2023-01-01","endDate":"2023-12-31","type":"Premium","gym":{"id":1,"name":"Fitness Plus","location":"Downtown","description":"Best gym in town","memberships":[{"id":1,"memberName":"John Doe","startDate":"2023-01-01","endDate":"2023-12-31","type":"Premium","gym":{"id":1,"name":"Fitness Plus","location":"Downtown","description":"Best gym in town","memberships":[{"id":1,"memberName":"John Doe","startDate":"2023-01-01","endDate":"2023-12-31","type":"Premium","gym":{"id":1,"name":"Fitness Plus","location":"Downtown","description":"Best gym in town","memberships":[{"id":1,"memberName":"John Doe","startDate":"2023-01-01","endDate":"2023-12-31","type":"Premium","gym":{"id":1,"name":"Fitness Plus","location":"Downtown","description":"Best gym in town","memberships":[{"id":1,"memberName":"John Doe","startDate":"2023-01-01","endDate":"2023-12-31","type":"Premium","gym":{"id":1,"name":"Fitness Plus","location":"Downtown","description":"Best gym in town","memberships":[{"id":1,"memberName":"John Doe","startDate":"2023-01-01","endDate":"2023-12-31","type":"Premium","gym":{"id":1,"name":"Fitness Plus","location":"Downtown","description":"Best gym in town","memberships":[{"id":1,"memberName":"John Doe","startDate":"2023-01-01","endDate":"2023-12-31","type":"Premium","gym":{"id":1,"name":"Fitness Plus","location":"Downtown","description":"Best gym in town","memberships":[{"id":1,"memberName":"John Doe","startDate":"2023-01-01","endDate":"2023-12-31","type":"Premium","gym":{"id":1,"name":"Fitness Plus","location":"Downtown","description":"Best gym in town","memberships":[{"id":1,"memberName":"John Doe","startDate":"2023-01-01","endDate":"2023-12-31","type":"Premium","gym":{"id":1,"name":"Fitness Plus","location":"Downtown","description":"Best gym in town","memberships":[{"id":1,"memberName":"John Doe","startDate":"2023-01-01","endDate":"2023-12-31","type":"Premium","gym":{"id":1,"name":"Fitness Plus","location":"Downtown","description":"Best gym in town","memberships":[{"id":1,"memberName":"John Doe","startDate":"2023-01-01","endDate":"2023-12-31","type":"Premium","gym":{"id":1,"name":"Fitness Plus","location":"Downtown","description":"Best gym in town","memberships":[{"id":1,"memberName":"John Doe","startDate":"2023-01-01","endDate":"2023-12-31","type":"Premium","gym":{"id":1,"name":"Fitness Plus","location":"Downtown","description":"Best gym in town","memberships":[{"id":1,"memberName":"John Doe","startDate":"2023-01-01","endDate":"2023-12-31","type":"Premium","gym":{"id":1,"name":"Fitness Plus","location":"Downtown","description":"Best gym in town","memberships":[{"id":1,"memberName":"John Doe","startDate":"2023-01-01","endDate":"2023-12-31","type":"Premium","gym":{"id":1,"name":"Fitness Plus","location":"Downtown","description":"Best gym in town","memberships":[{"id":1,"memberName":"John Doe","startDate":"2023-01-01","endDate":"2023-12-31","type":"Premium","gym":{"id":1,"name":"Fitness Plus","location":"Downtown","description":"Best gym in town","memberships":[{"id":1,"memberName":"John Doe","startDate":"2023-01-01","endDate":"2023-12-31","type":"Premium","gym":{"id":1,"name":"Fitness Plus","location":"Downtown","description":"Best gym in town","memberships":[{"id":1,"memberName":"John Doe","startDate":"2023-01-01","endDate":"2023-12-31","type":"Premium","gym":{"id":1,"name":"Fitness Plus","location":"Downtown","description":"Best gym in town","memberships":[{"id":1,"memberName":"John Doe","startDate":"2023-01-01","endDate":"2023-12-31","type":"Premium","gym":{"id":1,"name":"Fitness Plus","location":"Downtown","description":"Best gym in town","memberships":[{"id":1,"memberName":"John Doe","startDate":"2023-01-01","endDate":"2023-12-31","type":"Premium","gym":{"id":1,"name":"Fitness Plus","location":"Downtown","description":"Best gym in town","memberships":[{"id":1,"memberName":"John Doe","startDate":"2023-01-01","endDate":"2023-12-31","type":"Premium","gym":{"id":1,"name":"Fitness Plus","location":"Downtown","description":"Best gym in town","memberships":[{"id":1,"memberName":"John Doe","startDate":"2023-01-01","endDate":"2023-12-31","type":"Premium","gym":{"id":1,"name":"Fitness Plus","location":"Downtown","description":"Best gym in town","memberships":[{"id":1,"memberName":"John Doe","startDate":"2023-01-01","endDate":"2023-12-31","type":"Premium","gym":{"id":1,"name":"Fitness Plus","location":"Downtown","description":"Best gym in town","memberships":[{"id":1,"memberName":"John Doe","startDate":"2023-01-01","endDate":"2023-12-31","type":"Premium","gym":{"id":1,"name":"Fitness Plus","location":"Downtown","description":"Best gym in town","memberships":[{"id":1,"memberName":"John Doe","startDate":"2023-01-01","endDate":"2023-12-31","type":"Premium","gym":{"id":1,"name":"Fitness Plus","location":"Downtown","description":"Best gym in town","memberships":[{"id":1,"memberName":"John Doe","startDate":"2023-01-01","endDate":"2023-12-31","type":"Premium","gym":{"id":1,"name":"Fitness Plus","location":"Downtown","description":"Best gym in town","memberships":[{"id":1,"memberName":"John Doe","startDate":"2023-01-01","endDate":"2023-12-31","type":"Premium","gym":{"id":1,"name":"Fitness Plus","location":"Downtown","description":"Best gym in town","memberships":[{"id":1,"memberName":"John Doe","startDate":"2023-01-01","endDate":"2023-12-31","type":"Premium","gym":{"id":1,"name":"Fitness Plus","location":"Downtown","description":"Best gym in town","memberships":[{"id":1,"memberName":"John Doe","startDate":"2023-01-01","endDate":"2023-12-31","type":"Premium","gym":{"id":1,"name":"Fitness Plus","location":"Downtown","description":"Best gym in town","memberships":[{"id":1,"memberName":"John Doe","startDate":"2023-01-01","endDate":"2023-12-31","type":"Premium","gym":{"id":1,"name":"Fitness Plus","location":"Downtown","description":"Best gym in town","memberships":[{"id":1,"memberName":"John Doe","startDate":"2023-01-01","endDate":"2023-12-31","type":"Premium","gym":{"id":1,"name":"Fitness Plus","location":"Downtown","description":"Best gym in town","memberships":[{"id":1,"memberName":"John Doe","startDate":"2023-01-01","endDate":"2023-12-31","type":"Premium","gym":{"id":1,"name":"Fitness Plus","location":"Downtown","description":"Best gym in town","memberships":[{"id":1,"memberName":"John Doe","startDate":"2023-01-01","endDate":"2023-12-31","type":"Premium","gym":{"id":1,"name":"Fitness Plus","location":"Downtown","description":"Best gym in town","memberships":[{"id":1,"memberName":"John Doe","startDate":"2023-01-01","endDate":"2023-12-31","type":"Premium","gym":{"id":1,"name":"Fitness Plus","location":"Downtown","description":"Best gym in town","memberships":[{"id":1,"memberName":"John Doe","startDate":"2023-01-01","endDate":"2023-12-31","type":"Premium","gym":{"id":1,"name":"Fitness Plus","location":"Downtown","description":"Best gym in town","memberships":[{"id":1,"memberName":"John Doe","startDate":"2023-01-01","endDate":"2023-12-31","type":"Premium","gym":{"id":1,"name":"Fitness Plus","location":"Downtown","description":"Best gym in town","memberships":[{"id":1,"memberName":"John Doe","startDate":"2023-01-01","endDate":"2023-12-31","type":"Premium","gym":{"id":1,"name":"Fitness Plus","location":"Downtown","description":"Best gym in town","memberships":[{"id":1,"memberName":"John Doe","startDate":"2023-01-01","endDate":"2023-12-31","type":"Premium","gym":{"id":1,"name":"Fitness Plus","location":"Downtown","description":"Best gym in town","memberships":[{"id":1,"memberName":"John Doe","startDate":"2023-01-01","endDate":"2023-12-31","type":"Premium","gym":{"id":1,"name":"Fitness Plus","location":"Downtown","description":"Best gym in town","memberships":[{"id":1,"memberName":"John Doe","startDate":"2023-01-01","endDate":"2023-12-31","type":"Premium","gym":{"id":1,"name":"Fitness Plus","location":"Downtown","description":"Best gym in town","memberships":[{"id":1,"memberName":"John Doe","startDate":"2023-01-01","endDate":"2023-12-31","type":"Premium","gym":{"id":1,"name":"Fitness Plus","location":"Downtown","description":"Best gym in town","memberships":[{"id":1,"memberName":"John Doe","startDate":"2023-01-01","endDate":"2023-12-31","type":"Premium","gym":{"id":1,"name":"Fitness Plus","location":"Downtown","description":"Best gym in town","memberships":[{"id":1,"memberName":"John Doe","startDate":"2023-01-01","endDate":"2023-12-31","type":"Premium","gym":{"id":1,"name":"Fitness Plus","location":"Downtown","description":"Best gym in town","memberships":[{"id":1,"memberName":"John Doe","startDate":"2023-01-01","endDate":"2023-12-31","type":"Premium","gym":{"id":1,"name":"Fitness Plus","location":"Downtown","description":"Best gym in town","memberships":[{"id":1,"memberName":"John Doe","startDate":"2023-01-01","endDate":"2023-12-31","type":"Premium","gym":{"id":1,"name":"Fitness Plus","location":"Downtown","description":"Best gym in town","memberships":[{"id":1,"memberName":"John Doe","startDate":"2023-01-01","endDate":"2023-12-31","type":"Premium","gym":{"id":1,"name":"Fitness Plus","location":"Downtown","description":"Best gym in town","memberships":[{"id":1,"memberName":"John Doe","startDate":"2023-01-01","endDate":"2023-12-31","type":"Premium","gym":{"id":1,"name":"Fitness Plus","location":"Downtown","description":"Best gym in town","memberships":[{"id":1,"memberName":"John Doe","startDate":"2023-01-01","endDate":"2023-12-31","type":"Premium","gym":{"id":1,"name":"Fitness Plus","location":"Downtown","description":"Best gym in town","memberships":[{"id":1,"memberName":"John Doe","startDate":"2023-01-01","endDate":"2023-12-31","type":"Premium","gym":{"id":1,"name":"Fitness Plus","location":"Downtown","description":"Best gym in town","memberships":[{"id":1,"memberName":"John Doe","startDate":"2023-01-01","endDate":"2023-12-31","type":"Premium","gym":{"id":1,"name":"Fitness Plus","location":"Downtown","description":"Best gym in town","memberships":[{"id":1,"memberName":"John Doe","startDate":"2023-01-01","endDate":"2023-12-31","type":"Premium","gym":{"id":1,"name":"Fitness Plus","location":"Downtown","description":"Best gym in town","memberships":[{"id":1,"memberName":"John Doe","startDate":"2023-01-01","endDate":"2023-12-31","type":"Premium","gym":{"id":1,"name":"Fitness Plus","location":"Downtown","description":"Best gym in town","memberships":[{"id":1,"memberName":"John Doe","startDate":"2023-01-01","endDate":"2023-12-31","type":"Premium","gym":{"id":1,"name":"Fitness Plus","location":"Downtown","description":"Best gym in town","memberships":[{"id":1,"memberName":"John Doe","startDate":"2023-01-01","endDate":"2023-12-31","type":"Premium","gym":{"id":1,"name":"Fitness Plus","location":"Downtown","description":"Best gym in town","memberships":[{"id":1,"memberName":"John Doe","startDate":"2023-01-01","endDate":"2023-12-31","type":"Premium","gym":{"id":1,"name":"Fitness Plus","location":"Downtown","description":"Best gym in town","memberships":[{"id":1,"memberName":"John Doe","startDate":"2023-01-01","endDate":"2023-12-31","type":"Premium","gym":{"id":1,"name":"Fitness Plus","location":"Downtown","description":"Best gym in town","memberships":[{"id":1,"memberName":"John Doe","startDate":"2023-01-01","endDate":"2023-12-31","type":"Premium","gym":{"id":1,"name":"Fitness Plus","location":"Downtown","description":"Best gym in town","memberships":[{"id":1,"memberName":"John Doe","startDate":"2023-01-01","endDate":"2023-12-31","type":"Premium","gym":{"id":1,"name":"Fitness Plus","location":"Downtown","description":"Best gym in town","memberships":[{"id":1,"memberName":"John Doe","startDate":"2023-01-01","endDate":"2023-12-31","type":"Premium","gym":{"id":1,"name":"Fitness Plus","location":"Downtown","description":"Best gym in town","memberships":[{"id":1,"memberName":"John Doe","startDate":"2023-01-01","endDate":"2023-12-31","type":"Premium","gym":{"id":1,"name":"Fitness Plus","location":"Downtown","description":"Best gym in town","memberships":[{"id":1,"memberName":"John Doe","startDate":"2023-01-01","endDate":"2023-12-31","type":"Premium","gym":{"id":1,"name":"Fitness Plus","location":"Downtown","description":"Best gym in town","memberships":[{"id":1,"memberName":"John Doe","startDate":"2023-01-01","endDate":"2023-12-31","type":"Premium","gym":{"id":1,"name":"Fitness Plus","location":"Downtown","description":"Best gym in town","memberships":[{"id":1,"memberName":"John Doe","startDate":"2023-01-01","endDate":"2023-12-31","type":"Premium","gym":{"id":1,"name":"Fitness Plus","location":"Downtown","description":"Best gym in town","memberships":[{"id":1,"memberName":"John Doe","startDate":"2023-01-01","endDate":"2023-12-31","type":"Premium","gym":{"id":1,"name":"Fitness Plus","location":"Downtown","description":"Best gym in town","memberships":[{"id":1,"memberName":"John Doe","startDate":"2023-01-01","endDate":"2023-12-31","type":"Premium","gym":{"id":1,"name":"Fitness Plus","location":"Downtown","description":"Best gym in town","memberships":[{"id":1,"memberName":"John Doe","startDate":"2023-01-01","endDate":"2023-12-31","type":"Premium","gym":{"id":1,"name":"Fitness Plus","location":"Downtown","description":"Best gym in town","memberships":[{"id":1,"memberName":"John Doe","startDate":"2023-01-01","endDate":"2023-12-31","type":"Premium","gym":{"id":1,"name":"Fitness Plus","location":"Downtown","description":"Best gym in town","memberships":[{"id":1,"memberName":"John Doe","startDate":"2023-01-01","endDate":"2023-12-31","type":"Premium","gym":{"id":1,"name":"Fitness Plus","location":"Downtown","description":"Best gym in town","memberships":[{"id":1,"memberName":"John Doe","startDate":"2023-01-01","endDate":"2023-12-31","type":"Premium","gym":{"id":1,"name":"Fitness Plus","location":"Downtown","description":"Best gym in town","memberships":[{"id":1,"memberName":"John Doe","startDate":"2023-01-01","endDate":"2023-12-31","type":"Premium","gym":{"id":1,"name":"Fitness Plus","location":"Downtown","description":"Best gym in town","memberships":[{"id":1,"memberName":"John Doe","startDate":"2023-01-01","endDate":"2023-12-31","type":"Premium","gym":{"id":1,"name":"Fitness Plus","location":"Downtown","description":"Best gym in town","memberships":[{"id":1,"memberName":"John Doe","startDate":"2023-01-01","endDate":"2023-12-31","type":"Premium","gym":{"id":1,"name":"Fitness Plus","location":"Downtown","description":"Best gym in town","memberships":[{"id":1,"memberName":"John Doe","startDate":"2023-01-01","endDate":"2023-12-31","type":"Premium","gym":{"id":1,"name":"Fitness Plus","location":"Downtown","description":"Best gym in town","memberships":[{"id":1,"memberName":"John Doe","startDate":"2023-01-01","endDate":"2023-12-31","type":"Premium","gym":{"id":1,"name":"Fitness Plus","location":"Downtown","description":"Best gym in town","memberships":[{"id":1,"memberName":"John Doe","startDate":"2023-01-01","endDate":"2023-12-31","type":"Premium","gym":{"id":1,"name":"Fitness Plus","location":"Downtown","description":"Best gym in town","memberships":[{"id":1,"memberName":"John Doe","startDate":"2023-01-01","endDate":"2023-12-31","type":"Premium","gym":{"id":1,"name":"Fitness Plus","location":"Downtown","description":"Best gym in town","memberships":[{"id":1,"memberName":"John Doe","startDate":"2023-01-01","endDate":"2023-12-31","type":"Premium","gym":{"id":1,"name":"Fitness Plus","location":"Downtown","description":"Best gym in town","memberships":[{"id":1,"memberName":"John Doe","startDate":"2023-01-01","endDate":"2023-12-31","type":"Premium","gym":{"id":1,"name":"Fitness Plus","location":"Downtown","description":"Best gym in town","memberships":[{"id":1,"memberName":"John Doe","startDate":"2023-01-01","endDate":"2023-12-31","type":"Premium","gym":{"id":1,"name":"Fitness Plus","location":"Downtown","description":"Best gym in town","memberships":[{"id":1,"memberName":"John Doe","startDate":"2023-01-01","endDate":"2023-12-31","type":"Premium","gym":{"id":1,"name":"Fitness Plus","location":"Downtown","description":"Best gym in town","memberships":[{"id":1,"memberName":"John Doe","startDate":"2023-01-01","endDate":"2023-12-31","type":"Premium","gym":{"id":1,"name":"Fitness Plus","location":"Downtown","description":"Best gym in town","memberships":[{"id":1,"memberName":"John Doe","startDate":"2023-01-01","endDate":"2023-12-31","type":"Premium","gym":{"id":1,"name":"Fitness Plus","location":"Downtown","description":"Best gym in town","memberships":[{"id":1,"memberName":"John Doe","startDate":"2023-01-01","endDate":"2023-12-31","type":"Premium","gym":{"id":1,"name":"Fitness Plus","location":"Downtown","description":"Best gym in town","memberships":[{"id":1,"memberName":"John Doe","startDate":"2023-01-01","endDate":"2023-12-31","type":"Premium","gym":{"id":1,"name":"Fitness Plus","location":"Downtown","description":"Best gym in town","memberships":[{"id":1,"memberName":"John Doe","startDate":"2023-01-01","endDate":"2023-12-31","type":"Premium","gym":{"id":1,"name":"Fitness Plus","location":"Downtown","description":"Best gym in town","memberships":[{"id":1,"memberName":"John Doe","startDate":"2023-01-01","endDate":"2023-12-31","type":"Premium","gym":{"id":1,"name":"Fitness Plus","location":"Downtown","description":"Best gym in town","memberships":[{"id":1,"memberName":"John Doe","startDate":"2023-01-01","endDate":"2023-12-31","type":"Premium","gym":{"id":1,"name":"Fitness Plus","location":"Downtown","description":"Best gym in town","memberships":[{"id":1,"memberName":"John Doe","startDate":"2023-01-01","endDate":"2023-12-31","type":"Premium","gym":{"id":1,"name":"Fitness Plus","location":"Downtown","description":"Best gym in town","memberships":[{"id":1,"memberName":"John Doe","startDate":"2023-01-01","endDate":"2023-12-31","type":"Premium","gym":{"id":1,"name":"Fitness Plus","location":"Downtown","description":"Best gym in town","memberships":[{"id":1,"memberName":"John Doe","startDate":"2023-01-01","endDate":"2023-12-31","type":"Premium","gym":{"id":1,"name":"Fitness Plus","location":"Downtown","description":"Best gym in town","memberships":[{"id":1,"memberName":"John Doe","startDate":"2023-01-01","endDate":"2023-12-31","type":"Premium","gym":{"id":1,"name":"Fitness Plus","location":"Downtown","description":"Best gym in town","memberships":[{"id":1,"memberName":"John Doe","startDate":"2023-01-01","endDate":"2023-12-31","type":"Premium","gym":{"id":1,"name":"Fitness Plus","location":"Downtown","description":"Best gym in town","memberships":[{"id":1,"memberName":"John Doe","startDate":"2023-01-01","endDate":"2023-12-31","type":"Premium","gym":{"id":1,"name":"Fitness Plus","location":"Downtown","description":"Best gym in town","memberships":[{"id":1,"memberName":"John Doe","startDate":"2023-01-01","endDate":"2023-12-31","type":"Premium","gym":{"id":1,"name":"Fitness Plus","location":"Downtown","description":"Best gym in town","memberships":[{"id":1,"memberName":"John Doe","startDate":"2023-01-01","endDate":"2023-12-31","type":"Premium","gym":{"id":1,"name":"Fitness Plus","location":"Downtown","description":"Best gym in town","memberships":[{"id":1,"memberName":"John Doe","startDate":"2023-01-01","endDate":"2023-12-31","type":"Premium","gym":{"id":1,"name":"Fitness Plus","location":"Downtown","description":"Best gym in town","memberships":[{"id":1,"memberName":"John Doe","startDate":"2023-01-01","endDate":"2023-12-31","type":"Premium","gym":{"id":1,"name":"Fitness Plus","location":"Downtown","description":"Best gym in town","memberships":[{"id":1,"memberName":"John Doe","startDate":"2023-01-01","endDate":"2023-12-31","type":"Premium","gym":{"id":1,"name":"Fitness Plus","location":"Downtown","description":"Best gym in town","memberships":[{"id":1,"memberName":"John Doe","startDate":"2023-01-01","endDate":"2023-12-31","type":"Premium","gym":{"id":1,"name":"Fitness Plus","location":"Downtown","description":"Best gym in town","memberships":[{"id":1,"memberName":"John Doe","startDate":"2023-01-01","endDate":"2023-12-31","type":"Premium","gym":{"id":1,"name":"Fitness Plus","location":"Downtown","description":"Best gym in town","memberships":[{"id":1,"memberName":"John Doe","startDate":"2023-01-01","endDate":"2023-12-31","type":"Premium","gym":{"id":1,"name":"Fitness Plus","location":"Downtown","description":"Best gym in town","memberships":[{"id":1,"memberName":"John Doe","startDate":"2023-01-01","endDate":"2023-12-31","type":"Premium","gym":{"id":1,"name":"Fitness Plus","location":"Downtown","description":"Best gym in town","memberships":[{"id":1,"memberName":"John Doe","startDate":"2023-01-01","endDate":"2023-12-31","type":"Premium","gym":{"id":1,"name":"Fitness Plus","location":"Downtown","description":"Best gym in town","memberships":[{"id":1,"memberName":"John Doe","startDate":"2023-01-01","endDate":"2023-12-31","type":"Premium","gym":{"id":1,"name":"Fitness Plus","location":"Downtown","description":"Best gym in town","memberships":[{"id":1,"memberName":"John Doe","startDate":"2023-01-01","endDate":"2023-12-31","type":"Premium","gym":{"id":1,"name":"Fitness Plus","location":"Downtown","description":"Best gym in town","memberships":[{"id":1,"memberName":"John Doe","startDate":"2023-01-01","endDate":"2023-12-31","type":"Premium","gym":{"id":1,"name":"Fitness Plus","location":"Downtown","description":"Best gym in town","memberships":[{"id":1,"memberName":"John Doe","startDate":"2023-01-01","endDate":"2023-12-31","type":"Premium","gym":{"id":1,"name":"Fitness Plus","location":"Downtown","description":"Best gym in town","memberships":[{"id":1,"memberName":"John Doe","startDate":"2023-01-01","endDate":"2023-12-31","type":"Premium","gym":{"id":1,"name":"Fitness Plus","location":"Downtown","description":"Best gym in town","memberships":[{"id":1,"memberName":"John Doe","startDate":"2023-01-01","endDate":"2023-12-31","type":"Premium","gym":{"id":1,"name":"Fitness Plus","location":"Downtown","description":"Best gym in town","memberships":[{"id":1,"memberName":"John Doe","startDate":"2023-01-01","endDate":"2023-12-31","type":"Premium","gym":{"id":1,"name":"Fitness Plus","location":"Downtown","description":"Best gym in town","memberships":[{"id":1,"memberName":"John Doe","startDate":"2023-01-01","endDate":"2023-12-31","type":"Premium","gym":{"id":1,"name":"Fitness Plus","location":"Downtown","description":"Best gym in town","memberships":[{"id":1,"memberName":"John Doe","startDate":"2023-01-01","endDate":"2023-12-31","type":"Premium","gym":{"id":1,"name":"Fitness Plus","location":"Downtown","description":"Best gym in town","memberships":[{"id":1,"memberName":"John Doe","startDate":"2023-01-01","endDate":"2023-12-31","type":"Premium","gym":{"id":1,"name":"Fitness Plus","location":"Downtown","description":"Best gym in town","memberships":[{"id":1,"memberName":"John Doe","startDate":"2023-01-01","endDate":"2023-12-31","type":"Premium","gym":{"id":1,"name":"Fitness Plus","location":"Downtown","description":"Best gym in town","memberships":[{"id":1,"memberName":"John Doe","startDate":"2023-01-01","endDate":"2023-12-31","type":"Premium","gym":{"id":1,"name":"Fitness Plus","location":"Downtown","description":"Best gym in town","memberships":[{"id":1,"memberName":"John Doe","startDate":"2023-01-01","endDate":"2023-12-31","type":"Premium","gym":{"id":1,"name":"Fitness Plus","location":"Downtown","description":"Best gym in town","memberships":[{"id":1,"memberName":"John Doe","startDate":"2023-01-01","endDate":"2023-12-31","type":"Premium","gym":{"id":1,"name":"Fitness Plus","location":"Downtown","description":"Best gym in town","memberships":[{"id":1,"memberName":"John Doe","startDate":"2023-01-01","endDate":"2023-12-31","type":"Premium","gym":{"id":1,"name":"Fitness Plus","location":"Downtown","description":"Best gym in town","memberships":[{"id":1,"memberName":"John Doe","startDate":"2023-01-01","endDate":"2023-12-31","type":"Premium","gym":{"id":1,"name":"Fitness Plus","location":"Downtown","description":"Best gym in town","memberships":[{"id":1,"memberName":"John Doe","startDate":"2023-01-01","endDate":"2023-12-31","type":"Premium","gym":{"id":1,"name":"Fitness Plus","location":"Downtown","description":"Best gym in town","memberships":[{"id":1,"memberName":"John Doe","startDate":"2023-01-01","endDate":"2023-12-31","type":"Premium","gym":{"id":1,"name":"Fitness Plus","location":"Downtown","description":"Best gym in town","memberships":[{"id":1,"memberName":"John Doe","startDate":"2023-01-01","endDate":"2023-12-31","type":"Premium","gym":{"id":1,"name":"Fitness Plus","location":"Downtown","description":"Best gym in town","memberships":[{"id":1,"memberName":"John Doe","startDate":"2023-01-01","endDate":"2023-12-31","type":"Premium","gym":{"id":1,"name":"Fitness Plus","location":"Downtown","description":"Best gym in town","memberships":[{"id":1,"memberName":"John Doe","startDate":"2023-01-01","endDate":"2023-12-31","type":"Premium","gym":{"id":1,"name":"Fitness Plus","location":"Downtown","description":"Best gym in town","memberships":[{"id":1,"memberName":"John Doe","startDate":"2023-01-01","endDate":"2023-12-31","type":"Premium","gym":{"id":1,"name":"Fitness Plus","location":"Downtown","description":"Best gym in town","memberships":[{"id":1,"memberName":"John Doe","startDate":"2023-01-01","endDate":"2023-12-31","type":"Premium","gym":{"id":1,"name":"Fitness Plus","location":"Downtown","description":"Best gym in town","memberships":[{"id":1,"memberName":"John Doe","startDate":"2023-01-01","endDate":"2023-12-31","type":"Premium","gym":{"id":1,"name":"Fitness Plus","location":"Downtown","description":"Best gym in town","memberships":[{"id":1,"memberName":"John Doe","startDate":"2023-01-01","endDate":"2023-12-31","type":"Premium","gym":{"id":1,"name":"Fitness Plus","location":"Downtown","description":"Best gym in town","memberships":[{"id":1,"memberName":"John Doe","startDate":"2023-01-01","endDate":"2023-12-31","type":"Premium","gym":{"id":1,"name":"Fitness Plus","location":"Downtown","description":"Best gym in town","memberships":[{"id":1,"memberName":"John Doe","startDate":"2023-01-01","endDate":"2023-12-31","type":"Premium","gym":{"id":1,"name":"Fitness Plus","location":"Downtown","description":"Best gym in town","memberships":[{"id":1,"memberName":"John Doe","startDate":"2023-01-01","endDate":"2023-12-31","type":"Premium","gym":{"id":1,"name":"Fitness Plus","location":"Downtown","description":"Best gym in town","memberships":[{"id":1,"memberName":"John Doe","startDate":"2023-01-01","endDate":"2023-12-31","type":"Premium","gym":{"id":1,"name":"Fitness Plus","location":"Downtown","description":"Best gym in town","memberships":[{"id":1,"memberName":"John Doe","startDate":"2023-01-01","endDate":"2023-12-31","type":"Premium","gym":{"id":1,"name":"Fitness Plus","location":"Downtown","description":"Best gym in town","memberships":[{"id":1,"memberName":"John Doe","startDate":"2023-01-01","endDate":"2023-12-31","type":"Premium","gym":{"id":1,"name":"Fitness Plus","location":"Downtown","description":"Best gym in town","memberships":[{"id":1,"memberName":"John Doe","startDate":"2023-01-01","endDate":"2023-12-31","type":"Premium","gym":{"id":1,"name":"Fitness Plus","location":"Downtown","description":"Best gym in town","memberships":[{"id":1,"memberName":"John Doe","startDate":"2023-01-01","endDate":"2023-12-31","type":"Premium","gym":{"id":1,"name":"Fitness Plus","location":"Downtown","description":"Best gym in town","memberships":[{"id":1,"memberName":"John Doe","startDate":"2023-01-01","endDate":"2023-12-31","type":"Premium","gym":{"id":1,"name":"Fitness Plus","location":"Downtown","description":"Best gym in town","memberships":[{"id":1,"memberName":"John Doe","startDate":"2023-01-01","endDate":"2023-12-31","type":"Premium","gym":{"id":1,"name":"Fitness Plus","location":"Downtown","description":"Best gym in town","memberships":[{"id":1,"memberName":"John Doe","startDate":"2023-01-01","endDate":"2023-12-31","type":"Premium","gym":{"id":1,"name":"Fitness Plus","location":"Downtown","description":"Best gym in town","memberships":[{"id":1,"memberName":"John Doe","startDate":"2023-01-01","endDate":"2023-12-31","type":"Premium","gym":{"id":1,"name":"Fitness Plus","location":"Downtown","description":"Best gym in town","memberships":[{"id":1,"memberName":"John Doe","startDate":"2023-01-01","endDate":"2023-12-31","type":"Premium","gym":{"id":1,"name":"Fitness Plus","location":"Downtown","description":"Best gym in town","memberships":[{"id":1,"memberName":"John Doe","startDate":"2023-01-01","endDate":"2023-12-31","type":"Premium","gym":{"id":1,"name":"Fitness Plus","location":"Downtown","description":"Best gym in town","memberships":[{"id":1,"memberName":"John Doe","startDate":"2023-01-01","endDate":"2023-12-31","type":"Premium","gym":{"id":1,"name":"Fitness Plus","location":"Downtown","description":"Best gym in town","memberships":[{"id":1,"memberName":"John Doe","startDate":"2023-01-01","endDate":"2023-12-31","type":"Premium","gym":{"id":1,"name":"Fitness Plus","location":"Downtown","description":"Best gym in town","memberships":[{"id":1,"memberName":"John Doe","startDate":"2023-01-01","endDate":"2023-12-31","type":"Premium","gym":{"id":1,"name":"Fitness Plus","location":"Downtown","description":"Best gym in town","memberships":[{"id":1,"memberName":"John Doe","startDate":"2023-01-01","endDate":"2023-12-31","type":"Premium","gym":{"id":1,"name":"Fitness Plus","location":"Downtown","description":"Best gym in town","memberships":[{"id":1,"memberName":"John Doe","startDate":"2023-01-01","endDate":"2023-12-31","type":"Premium","gym":{"id":1,"name":"Fitness Plus","location":"Downtown","description":"Best gym in town","memberships":[{"id":1,"memberName":"John Doe","startDate":"2023-01-01","endDate":"2023-12-31","type":"Premium","gym":{"id":1,"name":"Fitness Plus","location":"Downtown","description":"Best gym in town","memberships":[{"id":1,"memberName":"John Doe","startDate":"2023-01-01","endDate":"2023-12-31","type":"Premium","gym":{"id":1,"name":"Fitness Plus","location":"Downtown","description":"Best gym in town","memberships":[{"id":1,"memberName":"John Doe","startDate":"2023-01-01","endDate":"2023-12-31","type":"Premium","gym":{"id":1,"name":"Fitness Plus","location":"Downtown","description":"Best gym in town","memberships":[{"id":1,"memberName":"John Doe","startDate":"2023-01-01","endDate":"2023-12-31","type":"Premium","gym":{"id":1,"name":"Fitness Plus","location":"Downtown","description":"Best gym in town","memberships":[{"id":1,"memberName":"John Doe","startDate":"2023-01-01","endDate":"2023-12-31","type":"Premium","gym":{"id":1,"name":"Fitness Plus","location":"Downtown","description":"Best gym in town","memberships":[{"id":1,"memberName":"John Doe","startDate":"2023-01-01","endDate":"2023-12-31","type":"Premium","gym":{"id":1,"name":"Fitness Plus","location":"Downtown","description":"Best gym in town","memberships":[{"id":1,"memberName":"John Doe","startDate":"2023-01-01","endDate":"2023-12-31","type":"Premium","gym":{"id":1,"name":"Fitness Plus","location":"Downtown","description":"Best gym in town","memberships":[{"id":1,"memberName":"John Doe","startDate":"2023-01-01","endDate":"2023-12-31","type":"Premium","gym":{"id":1,"name":"Fitness Plus","location":"Downtown","description":"Best gym in town","memberships":[{"id":1,"memberName":"John Doe","startDate":"2023-01-01","endDate":"2023-12-31","type":"Premium","gym":{"id":1,"name":"Fitness Plus","location":"Downtown","description":"Best gym in town","memberships":[{"id":1,"memberName":"John Doe","startDate":"2023-01-01","endDate":"2023-12-31","type":"Premium","gym":{"id":1,"name":"Fitness Plus","location":"Downtown","description":"Best gym in town","memberships":[{"id":1,"memberName":"John Doe","startDate":"2023-01-01","endDate":"2023-12-31","type":"Premium","gym":{"id":1,"name":"Fitness Plus","location":"Downtown","description":"Best gym in town","memberships":[{"id":1,"memberName":"John Doe","startDate":"2023-01-01","endDate":"2023-12-31","type":"Premium","gym":{"id":1,"name":"Fitness Plus","location":"Downtown","description":"Best gym in town","memberships":[{"id":1,"memberName":"John Doe","startDate":"2023-01-01","endDate":"2023-12-31","type":"Premium","gym":{"id":1,"name":"Fitness Plus","location":"Downtown","description":"Best gym in town","memberships":[{"id":1,"memberName":"John Doe","startDate":"2023-01-01","endDate":"2023-12-31","type":"Premium","gym":{"id":1,"name":"Fitness Plus","location":"Downtown","description":"Best gym in town","memberships":[{"id":1,"memberName":"John Doe","startDate":"2023-01-01","endDate":"2023-12-31","type":"Premium","gym":{"id":1,"name":"Fitness Plus","location":"Downtown","description":"Best gym in town","memberships":[{"id":1,"memberName":"John Doe","startDate":"2023-01-01","endDate":"2023-12-31","type":"Premium","gym":{"id":1,"name":"Fitness Plus","location":"Downtown","description":"Best gym in town","memberships":[{"id":1,"memberName":"John Doe","startDate":"2023-01-01","endDate":"2023-12-31","type":"Premium","gym":{"id":1,"name":"Fitness Plus","location":"Downtown","description":"Best gym in town","memberships":[{"id":1,"memberName":"John Doe","startDate":"2023-01-01","endDate":"2023-12-31","type":"Premium","gym":{"id":1,"name":"Fitness Plus","location":"Downtown","description":"Best gym in town","memberships":[{"id":1,"memberName":"John Doe","startDate":"2023-01-01","endDate":"2023-12-31","type":"Premium","gym":{"id":1,"name":"Fitness Plus","location":"Downtown","description":"Best gym in town","memberships":[{"id":1,"memberName":"John Doe","startDate":"2023-01-01","endDate":"2023-12-31","type":"Premium","gym":{"id":1,"name":"Fitness Plus","location":"Downtown","description":"Best gym in town","memberships":[{"id":1,"memberName":"John Doe","startDate":"2023-01-01","endDate":"2023-12-31","type":"Premium","gym":{"id":1,"name":"Fitness Plus","location":"Downtown","description":"Best gym in town","memberships":[{"id":1,"memberName":"John Doe","startDate":"2023-01-01","endDate":"2023-12-31","type":"Premium","gym":{"id":1,"name":"Fitness Plus","location":"Downtown","description":"Best gym in town","memberships":[{"id":1,"memberName":"John Doe","startDate":"2023-01-01","endDate":"2023-12-31","type":"Premium","gym":{"id":1,"name":"Fitness Plus","location":"Downtown","description":"Best gym in town","memberships":[{"id":1,"memberName":"John Doe","startDate":"2023-01-01","endDate":"2023-12-31","type":"Premium","gym":{"id":1,"name":"Fitness Plus","location":"Downtown","description":"Best gym in town","memberships":[{"id":1,"memberName":"John Doe","startDate":"2023-01-01","endDate":"2023-12-31","type":"Premium","gym":{"id":1,"name":"Fitness Plus","location":"Downtown","description":"Best gym in town","memberships":[{"id":1,"memberName":"John Doe","startDate":"2023-01-01","endDate":"2023-12-31","type":"Premium","gym":{"id":1,"name":"Fitness Plus","location":"Downtown","description":"Best gym in town","memberships":[{"id":1,"memberName":"John Doe","startDate":"2023-01-01","endDate":"2023-12-31","type":"Premium","gym":{"id":1,"name":"Fitness Plus","location":"Downtown","description":"Best gym in town","memberships":[{"id":1,"memberName":"John Doe","startDate":"2023-01-01","endDate":"2023-12-31","type":"Premium","gym":{"id":1,"name":"Fitness Plus","location":"Downtown","description":"Best gym in town","memberships":[{"id":1,"memberName":"John Doe","startDate":"2023-01-01","endDate":"2023-12-31","type":"Premium","gym":{"id":1,"name":"Fitness Plus","location":"Downtown","description":"Best gym in town","memberships":[{"id":1,"memberName":"John Doe","startDate":"2023-01-01","endDate":"2023-12-31","type":"Premium","gym":{"id":1,"name":"Fitness Plus","location":"Downtown","description":"Best gym in town","memberships":[{"id":1,"memberName":"John Doe","startDate":"2023-01-01","endDate":"2023-12-31","type":"Premium","gym":{"id":1,"name":"Fitness Plus","location":"Downtown","description":"Best gym in town","memberships":[{"id":1,"memberName":"John Doe","startDate":"2023-01-01","endDate":"2023-12-31","type":"Premium","gym":{"id":1,"name":"Fitness Plus","location":"Downtown","description":"Best gym in town","memberships":[{"id":1,"memberName":"John Doe","startDate":"2023-01-01","endDate":"2023-12-31","type":"Premium","gym":{"id":1,"name":"Fitness Plus","location":"Downtown","description":"Best gym in town","memberships":[{"id":1,"memberName":"John Doe","startDate":"2023-01-01","endDate":"2023-12-31","type":"Premium","gym":{"id":1,"name":"Fitness Plus","location":"Downtown","description":"Best gym in town","memberships":[{"id":1,"memberName":"John Doe","startDate":"2023-01-01","endDate":"2023-12-31","type":"Premium","gym":{"id":1,"name":"Fitness Plus","location":"Downtown","description":"Best gym in town","memberships":[{"id":1,"memberName":"John Doe","startDate":"2023-01-01","endDate":"2023-12-31","type":"Premium","gym":{"id":1,"name":"Fitness Plus","location":"Downtown","description":"Best gym in town","memberships":[{"id":1,"memberName":"John Doe","startDate":"2023-01-01","endDate":"2023-12-31","type":"Premium","gym":{"id":1,"name":"Fitness Plus","location":"Downtown","description":"Best gym in town","memberships":[{"id":1,"memberName":"John Doe","startDate":"2023-01-01","endDate":"2023-12-31","type":"Premium","gym":{"id":1,"name":"Fitness Plus","location":"Downtown","description":"Best gym in town","memberships":[{"id":1,"memberName":"John Doe","startDate":"2023-01-01","endDate":"2023-12-31","type":"Premium","gym":{"id":1,"name":"Fitness Plus","location":"Downtown","description":"Best gym in town","memberships":[{"id":1,"memberName":"John Doe","startDate":"2023-01-01","endDate":"2023-12-31","type":"Premium","gym":{"id":1,"name":"Fitness Plus","location":"Downtown","description":"Best gym in town","memberships":[{"id":1,"memberName":"John Doe","startDate":"2023-01-01","endDate":"2023-12-31","type":"Premium","gym":{"id":1,"name":"Fitness Plus","location":"Downtown","description":"Best gym in town","memberships":[{"id":1,"memberName":"John Doe","startDate":"2023-01-01","endDate":"2023-12-31","type":"Premium","gym":{"id":1,"name":"Fitness Plus","location":"Downtown","description":"Best gym in town","memberships":[{"id":1,"memberName":"John Doe","startDate":"2023-01-01","endDate":"2023-12-31","type":"Premium","gym":{"id":1,"name":"Fitness Plus","location":"Downtown","description":"Best gym in town","memberships":[{"id":1,"memberName":"John Doe","startDate":"2023-01-01","endDate":"2023-12-31","type":"Premium","gym":{"id":1,"name":"Fitness Plus","location":"Downtown","description":"Best gym in town","memberships":[{"id":1,"memberName":"John Doe","startDate":"2023-01-01","endDate":"2023-12-31","type":"Premium","gym":{"id":1,"name":"Fitness Plus","location":"Downtown","description":"Best gym in town","memberships":[{"id":1,"memberName":"John Doe","startDate":"2023-01-01","endDate":"2023-12-31","type":"Premium","gym":{"id":1,"name":"Fitness Plus","location":"Downtown","description":"Best gym in town","memberships":[{"id":1,"memberName":"John Doe","startDate":"2023-01-01","endDate":"2023-12-31","type":"Premium","gym":{"id":1,"name":"Fitness Plus","location":"Downtown","description":"Best gym in town","memberships":[{"id":1,"memberName":"John Doe","startDate":"2023-01-01","endDate":"2023-12-31","type":"Premium","gym":{"id":1,"name":"Fitness Plus","location":"Downtown","description":"Best gym in town","memberships":[{"id":1,"memberName":"John Doe","startDate":"2023-01-01","endDate":"2023-12-31","type":"Premium","gym":{"id":1,"name":"Fitness Plus","location":"Downtown","description":"Best gym in town","memberships":[{"id":1,"memberName":"John Doe","startDate":"2023-01-01","endDate":"2023-12-31","type":"Premium","gym":{"id":1,"name":"Fitness Plus","location":"Downtown","description":"Best gym in town","memberships":[{"id":1,"memberName":"John Doe","startDate":"2023-01-01","endDate":"2023-12-31","type":"Premium","gym":{"id":1,"name":"Fitness Plus","location":"Downtown","description":"Best gym in town","memberships":[{"id":1,"memberName":"John Doe","startDate":"2023-01-01","endDate":"2023-12-31","type":"Premium","gym":{"id":1,"name":"Fitness Plus","location":"Downtown","description":"Best gym in town","memberships":[{"id":1,"memberName":"John Doe","startDate":"2023-01-01","endDate":"2023-12-31","type":"Premium","gym":{"id":1,"name":"Fitness Plus","location":"Downtown","description":"Best gym in town","memberships":[{"id":1,"memberName":"John Doe","startDate":"2023-01-01","endDate":"2023-12-31","type":"Premium","gym":{"id":1,"name":"Fitness Plus","location":"Downtown","description":"Best gym in town","memberships":[{"id":1,"memberName":"John Doe","startDate":"2023-01-01","endDate":"2023-12-31","type":"Premium","gym":{"id":1,"name":"Fitness Plus","location":"Downtown","description":"Best gym in town","memberships":[{"id":1,"memberName":"John Doe","startDate":"2023-01-01","endDate":"2023-12-31","type":"Premium","gym":{"id":1,"name":"Fitness Plus","location":"Downtown","description":"Best gym in town","memberships":[{"id":1,"memberName":"John Doe","startDate":"2023-01-01","endDate":"2023-12-31","type":"Premium","gym":{"id":1,"name":"Fitness Plus","location":"Downtown","description":"Best gym in town","memberships":[{"id":1,"memberName":"John Doe","startDate":"2023-01-01","endDate":"2023-12-31","type":"Premium","gym":{"id":1,"name":"Fitness Plus","location":"Downtown","description":"Best gym in town","memberships":[{"id":1,"memberName":"John Doe","startDate":"2023-01-01","endDate":"2023-12-31","type":"Premium","gym":{"id":1,"name":"Fitness Plus","location":"Downtown","description":"Best gym in town","memberships":[{"id":1,"memberName":"John Doe","startDate":"2023-01-01","endDate":"2023-12-31","type":"Premium","gym":{"id":1,"name":"Fitness Plus","location":"Downtown","description":"Best gym in town","memberships":[]}}]}}]}}]}}]}}]}}]}}]}}]}}]}}]}}]}}]}}]}}]}}]}}]}}]}}]}}]}}]}}]}}]}}]}}]}}]}}]}}]}}]}}]}}]}}]}}]}}]}}]}}]}}]}}]}}]}}]}}]}}]}}]}}]}}]}}]}}]}}]}}]}}]}}]}}]}}]}}]}}]}}]}}]}}]}}]}}]}}]}}]}}]}}]}}]}}]}}]}}]}}]}}]}}]}}]}}]}}]}}]}}]}}]}}]}}]}}]}}]}}]}}]}}]}}]}}]}}]}}]}}]}}]}}]}}]}}]}}]}}]}}]}}]}}]}}]}}]}}]}}]}}]}}]}}]}}]}}]}}]}}]}}]}}]}}]}}]}}]}}]}}]}}]}}]}}]}}]}}]}}]}}]}}]}}]}}]}}]}}]}}]}}]}}]}}]}}]}}]}}]}}]}}]}}]}}]}}]}}]}}]}}]}}]}}]}}]}}]}}]}}]}}]}}]}}]}}]}}]}}]}}]}}]}}]}}]}}]}}]}}]}}]}}]}}]}}]}}]}}]}}]}}]}}]}}]}}]}}]}}]}}]}}]}}]}}]}}]}}]}}]}}]}}]}}]}}]}}]}}]}}]}}]}}]}}]}}]}}]}}]}}]}}]}}]}}]}}]}}]}}]}}]}}]}}]}}]}}]}}]}}]}}]}}]}}]}}]}}]}}]}}]}}]}}]}}]}}]}}]}}]}}]}}]}}]}}]}}]}}]}}]}}]}}]}}]}}]}}]}}]}}]}}]}}]}}]}}]}}]}}]}}]}}]}}]}}]}}]}}]}}]}}]}}]}}]}}]}}]}}]}}]}}]}}]}}]}}]}}]}}]}}]}}]}}]}}]}}]}}]}}]}}]}}]}}]}}]}}]}}]}}]}}]}}]}}]}}]}}]}}]}}]}}]}}]}}]}}]}}]}}]}}]}}]}}]}}]}}]}}]}}]}}]}}]}}]}}]}}]}}]}}]}}]}}]}}]}}]}}]}}]}}]}}]}}]}}]}}]}}]}}]}}]}}]}}]}}]}}]}}]}}]}}]}}]}}]}}]}}]}}]}}]}}]}}]}}]}}]
    Forwarded URL = null
   Redirected URL = null
          Cookies = []
]]></system-out>
  </testcase>
  <testcase name="testGetMembershipsByGymId_NoMemberships" classname="com.examly.springapp.SpringappApplicationTests" time="0.008">
    <system-out><![CDATA[Hibernate: select m1_0.id,m1_0.end_date,m1_0.gym_id,m1_0.member_name,m1_0.start_date,m1_0.type from membership m1_0 where m1_0.gym_id=?
]]></system-out>
  </testcase>
  <testcase name="testRenewMembership" classname="com.examly.springapp.SpringappApplicationTests" time="0.012">
    <failure type="java.lang.AssertionError"><![CDATA[java.lang.AssertionError: Status expected:<200> but was:<400>
	at com.examly.springapp.SpringappApplicationTests.testRenewMembership(SpringappApplicationTests.java:151)
]]></failure>
    <system-out><![CDATA[Hibernate: select m1_0.id,m1_0.end_date,g1_0.id,g1_0.description,g1_0.location,g1_0.name,m1_0.member_name,m1_0.start_date,m1_0.type from membership m1_0 left join gym g1_0 on g1_0.id=m1_0.gym_id where m1_0.id=?

MockHttpServletRequest:
      HTTP Method = POST
      Request URI = /api/membership/renew/1
       Parameters = {}
          Headers = [Content-Type:"application/json;charset=UTF-8", Content-Length:"30"]
             Body = { "newEndDate": "2024-12-31" }
    Session Attrs = {}

Handler:
             Type = com.examly.springapp.controller.MembershipController
           Method = com.examly.springapp.controller.MembershipController#renewMembership(Long, Map)

Async:
    Async started = false
     Async result = null

Resolved Exception:
             Type = null

ModelAndView:
        View name = null
             View = null
            Model = null

FlashMap:
       Attributes = null

MockHttpServletResponse:
           Status = 400
    Error message = null
          Headers = [Content-Type:"text/plain;charset=UTF-8", Content-Length:"45"]
     Content type = text/plain;charset=UTF-8
             Body = Membership has expired and cannot be renewed.
    Forwarded URL = null
   Redirected URL = null
          Cookies = []
]]></system-out>
  </testcase>
  <testcase name="testRenewExpiredMembership" classname="com.examly.springapp.SpringappApplicationTests" time="0.022">
    <failure type="java.lang.AssertionError"><![CDATA[java.lang.AssertionError: Status expected:<400> but was:<404>
	at com.examly.springapp.SpringappApplicationTests.testRenewExpiredMembership(SpringappApplicationTests.java:165)
]]></failure>
    <system-out><![CDATA[Hibernate: select m1_0.id,m1_0.end_date,g1_0.id,g1_0.description,g1_0.location,g1_0.name,m1_0.member_name,m1_0.start_date,m1_0.type from membership m1_0 left join gym g1_0 on g1_0.id=m1_0.gym_id where m1_0.id=?

MockHttpServletRequest:
      HTTP Method = POST
      Request URI = /api/membership/renew/2
       Parameters = {}
          Headers = [Content-Type:"application/json;charset=UTF-8", Content-Length:"30"]
             Body = { "newEndDate": "2024-12-31" }
    Session Attrs = {}

Handler:
             Type = com.examly.springapp.controller.MembershipController
           Method = com.examly.springapp.controller.MembershipController#renewMembership(Long, Map)

Async:
    Async started = false
     Async result = null

Resolved Exception:
             Type = null

ModelAndView:
        View name = null
             View = null
            Model = null

FlashMap:
       Attributes = null

MockHttpServletResponse:
           Status = 404
    Error message = null
          Headers = [Content-Type:"text/plain;charset=UTF-8", Content-Length:"21"]
     Content type = text/plain;charset=UTF-8
             Body = Membership not found.
    Forwarded URL = null
   Redirected URL = null
          Cookies = []
]]></system-out>
  </testcase>
  <testcase name="testGetExpiredMemberships" classname="com.examly.springapp.SpringappApplicationTests" time="0.059">
    <failure type="java.lang.AssertionError"><![CDATA[java.lang.AssertionError: No value at JSON path "$"
	at com.examly.springapp.SpringappApplicationTests.testGetExpiredMemberships(SpringappApplicationTests.java:176)
Caused by: com.jayway.jsonpath.InvalidJsonException: net.minidev.json.parser.ParseException: Malicious payload, having non natural depths, parsing stoped on { at position 27000.
	at com.examly.springapp.SpringappApplicationTests.testGetExpiredMemberships(SpringappApplicationTests.java:176)
Caused by: net.minidev.json.parser.ParseException: Malicious payload, having non natural depths, parsing stoped on { at position 27000.
	at com.examly.springapp.SpringappApplicationTests.testGetExpiredMemberships(SpringappApplicationTests.java:176)
]]></failure>
    <system-out><![CDATA[Hibernate: select m1_0.id,m1_0.end_date,m1_0.gym_id,m1_0.member_name,m1_0.start_date,m1_0.type from membership m1_0 where m1_0.end_date<current_date
Hibernate: select g1_0.id,g1_0.description,g1_0.location,g1_0.name from gym g1_0 where g1_0.id=?
Hibernate: select m1_0.gym_id,m1_0.id,m1_0.end_date,m1_0.member_name,m1_0.start_date,m1_0.type from membership m1_0 where m1_0.gym_id=?
2025-04-29T07:04:49.850Z  WARN 1817 --- [           main] .w.s.m.s.DefaultHandlerExceptionResolver : Ignoring exception, response committed already: org.springframework.http.converter.HttpMessageNotWritableException: Could not write JSON: Document nesting depth (1001) exceeds the maximum allowed (1000, from `StreamWriteConstraints.getMaxNestingDepth()`)
2025-04-29T07:04:49.850Z  WARN 1817 --- [           main] .w.s.m.s.DefaultHandlerExceptionResolver : Resolved [org.springframework.http.converter.HttpMessageNotWritableException: Could not write JSON: Document nesting depth (1001) exceeds the maximum allowed (1000, from `StreamWriteConstraints.getMaxNestingDepth()`)]

MockHttpServletRequest:
      HTTP Method = GET
      Request URI = /api/membership/expired
       Parameters = {}
          Headers = [Accept:"application/json"]
             Body = null
    Session Attrs = {}

Handler:
             Type = com.examly.springapp.controller.MembershipController
           Method = com.examly.springapp.controller.MembershipController#getExpiredMemberships()

Async:
    Async started = false
     Async result = null

Resolved Exception:
             Type = org.springframework.http.converter.HttpMessageNotWritableException

ModelAndView:
        View name = null
             View = null
            Model = null

FlashMap:
       Attributes = null

MockHttpServletResponse:
           Status = 200
    Error message = null
          Headers = [Content-Type:"application/json"]
     Content type = application/json
             Body = [{"id":1,"memberName":"John Doe","startDate":"2023-01-01","endDate":"2023-12-31","type":"Premium","gym":{"id":1,"name":"Fitness Plus","location":"Downtown","description":"Best gym in town","memberships":[{"id":1,"memberName":"John Doe","startDate":"2023-01-01","endDate":"2023-12-31","type":"Premium","gym":{"id":1,"name":"Fitness Plus","location":"Downtown","description":"Best gym in town","memberships":[{"id":1,"memberName":"John Doe","startDate":"2023-01-01","endDate":"2023-12-31","type":"Premium","gym":{"id":1,"name":"Fitness Plus","location":"Downtown","description":"Best gym in town","memberships":[{"id":1,"memberName":"John Doe","startDate":"2023-01-01","endDate":"2023-12-31","type":"Premium","gym":{"id":1,"name":"Fitness Plus","location":"Downtown","description":"Best gym in town","memberships":[{"id":1,"memberName":"John Doe","startDate":"2023-01-01","endDate":"2023-12-31","type":"Premium","gym":{"id":1,"name":"Fitness Plus","location":"Downtown","description":"Best gym in town","memberships":[{"id":1,"memberName":"John Doe","startDate":"2023-01-01","endDate":"2023-12-31","type":"Premium","gym":{"id":1,"name":"Fitness Plus","location":"Downtown","description":"Best gym in town","memberships":[{"id":1,"memberName":"John Doe","startDate":"2023-01-01","endDate":"2023-12-31","type":"Premium","gym":{"id":1,"name":"Fitness Plus","location":"Downtown","description":"Best gym in town","memberships":[{"id":1,"memberName":"John Doe","startDate":"2023-01-01","endDate":"2023-12-31","type":"Premium","gym":{"id":1,"name":"Fitness Plus","location":"Downtown","description":"Best gym in town","memberships":[{"id":1,"memberName":"John Doe","startDate":"2023-01-01","endDate":"2023-12-31","type":"Premium","gym":{"id":1,"name":"Fitness Plus","location":"Downtown","description":"Best gym in town","memberships":[{"id":1,"memberName":"John Doe","startDate":"2023-01-01","endDate":"2023-12-31","type":"Premium","gym":{"id":1,"name":"Fitness Plus","location":"Downtown","description":"Best gym in town","memberships":[{"id":1,"memberName":"John Doe","startDate":"2023-01-01","endDate":"2023-12-31","type":"Premium","gym":{"id":1,"name":"Fitness Plus","location":"Downtown","description":"Best gym in town","memberships":[{"id":1,"memberName":"John Doe","startDate":"2023-01-01","endDate":"2023-12-31","type":"Premium","gym":{"id":1,"name":"Fitness Plus","location":"Downtown","description":"Best gym in town","memberships":[{"id":1,"memberName":"John Doe","startDate":"2023-01-01","endDate":"2023-12-31","type":"Premium","gym":{"id":1,"name":"Fitness Plus","location":"Downtown","description":"Best gym in town","memberships":[{"id":1,"memberName":"John Doe","startDate":"2023-01-01","endDate":"2023-12-31","type":"Premium","gym":{"id":1,"name":"Fitness Plus","location":"Downtown","description":"Best gym in town","memberships":[{"id":1,"memberName":"John Doe","startDate":"2023-01-01","endDate":"2023-12-31","type":"Premium","gym":{"id":1,"name":"Fitness Plus","location":"Downtown","description":"Best gym in town","memberships":[{"id":1,"memberName":"John Doe","startDate":"2023-01-01","endDate":"2023-12-31","type":"Premium","gym":{"id":1,"name":"Fitness Plus","location":"Downtown","description":"Best gym in town","memberships":[{"id":1,"memberName":"John Doe","startDate":"2023-01-01","endDate":"2023-12-31","type":"Premium","gym":{"id":1,"name":"Fitness Plus","location":"Downtown","description":"Best gym in town","memberships":[{"id":1,"memberName":"John Doe","startDate":"2023-01-01","endDate":"2023-12-31","type":"Premium","gym":{"id":1,"name":"Fitness Plus","location":"Downtown","description":"Best gym in town","memberships":[{"id":1,"memberName":"John Doe","startDate":"2023-01-01","endDate":"2023-12-31","type":"Premium","gym":{"id":1,"name":"Fitness Plus","location":"Downtown","description":"Best gym in town","memberships":[{"id":1,"memberName":"John Doe","startDate":"2023-01-01","endDate":"2023-12-31","type":"Premium","gym":{"id":1,"name":"Fitness Plus","location":"Downtown","description":"Best gym in town","memberships":[{"id":1,"memberName":"John Doe","startDate":"2023-01-01","endDate":"2023-12-31","type":"Premium","gym":{"id":1,"name":"Fitness Plus","location":"Downtown","description":"Best gym in town","memberships":[{"id":1,"memberName":"John Doe","startDate":"2023-01-01","endDate":"2023-12-31","type":"Premium","gym":{"id":1,"name":"Fitness Plus","location":"Downtown","description":"Best gym in town","memberships":[{"id":1,"memberName":"John Doe","startDate":"2023-01-01","endDate":"2023-12-31","type":"Premium","gym":{"id":1,"name":"Fitness Plus","location":"Downtown","description":"Best gym in town","memberships":[{"id":1,"memberName":"John Doe","startDate":"2023-01-01","endDate":"2023-12-31","type":"Premium","gym":{"id":1,"name":"Fitness Plus","location":"Downtown","description":"Best gym in town","memberships":[{"id":1,"memberName":"John Doe","startDate":"2023-01-01","endDate":"2023-12-31","type":"Premium","gym":{"id":1,"name":"Fitness Plus","location":"Downtown","description":"Best gym in town","memberships":[{"id":1,"memberName":"John Doe","startDate":"2023-01-01","endDate":"2023-12-31","type":"Premium","gym":{"id":1,"name":"Fitness Plus","location":"Downtown","description":"Best gym in town","memberships":[{"id":1,"memberName":"John Doe","startDate":"2023-01-01","endDate":"2023-12-31","type":"Premium","gym":{"id":1,"name":"Fitness Plus","location":"Downtown","description":"Best gym in town","memberships":[{"id":1,"memberName":"John Doe","startDate":"2023-01-01","endDate":"2023-12-31","type":"Premium","gym":{"id":1,"name":"Fitness Plus","location":"Downtown","description":"Best gym in town","memberships":[{"id":1,"memberName":"John Doe","startDate":"2023-01-01","endDate":"2023-12-31","type":"Premium","gym":{"id":1,"name":"Fitness Plus","location":"Downtown","description":"Best gym in town","memberships":[{"id":1,"memberName":"John Doe","startDate":"2023-01-01","endDate":"2023-12-31","type":"Premium","gym":{"id":1,"name":"Fitness Plus","location":"Downtown","description":"Best gym in town","memberships":[{"id":1,"memberName":"John Doe","startDate":"2023-01-01","endDate":"2023-12-31","type":"Premium","gym":{"id":1,"name":"Fitness Plus","location":"Downtown","description":"Best gym in town","memberships":[{"id":1,"memberName":"John Doe","startDate":"2023-01-01","endDate":"2023-12-31","type":"Premium","gym":{"id":1,"name":"Fitness Plus","location":"Downtown","description":"Best gym in town","memberships":[{"id":1,"memberName":"John Doe","startDate":"2023-01-01","endDate":"2023-12-31","type":"Premium","gym":{"id":1,"name":"Fitness Plus","location":"Downtown","description":"Best gym in town","memberships":[{"id":1,"memberName":"John Doe","startDate":"2023-01-01","endDate":"2023-12-31","type":"Premium","gym":{"id":1,"name":"Fitness Plus","location":"Downtown","description":"Best gym in town","memberships":[{"id":1,"memberName":"John Doe","startDate":"2023-01-01","endDate":"2023-12-31","type":"Premium","gym":{"id":1,"name":"Fitness Plus","location":"Downtown","description":"Best gym in town","memberships":[{"id":1,"memberName":"John Doe","startDate":"2023-01-01","endDate":"2023-12-31","type":"Premium","gym":{"id":1,"name":"Fitness Plus","location":"Downtown","description":"Best gym in town","memberships":[{"id":1,"memberName":"John Doe","startDate":"2023-01-01","endDate":"2023-12-31","type":"Premium","gym":{"id":1,"name":"Fitness Plus","location":"Downtown","description":"Best gym in town","memberships":[{"id":1,"memberName":"John Doe","startDate":"2023-01-01","endDate":"2023-12-31","type":"Premium","gym":{"id":1,"name":"Fitness Plus","location":"Downtown","description":"Best gym in town","memberships":[{"id":1,"memberName":"John Doe","startDate":"2023-01-01","endDate":"2023-12-31","type":"Premium","gym":{"id":1,"name":"Fitness Plus","location":"Downtown","description":"Best gym in town","memberships":[{"id":1,"memberName":"John Doe","startDate":"2023-01-01","endDate":"2023-12-31","type":"Premium","gym":{"id":1,"name":"Fitness Plus","location":"Downtown","description":"Best gym in town","memberships":[{"id":1,"memberName":"John Doe","startDate":"2023-01-01","endDate":"2023-12-31","type":"Premium","gym":{"id":1,"name":"Fitness Plus","location":"Downtown","description":"Best gym in town","memberships":[{"id":1,"memberName":"John Doe","startDate":"2023-01-01","endDate":"2023-12-31","type":"Premium","gym":{"id":1,"name":"Fitness Plus","location":"Downtown","description":"Best gym in town","memberships":[{"id":1,"memberName":"John Doe","startDate":"2023-01-01","endDate":"2023-12-31","type":"Premium","gym":{"id":1,"name":"Fitness Plus","location":"Downtown","description":"Best gym in town","memberships":[{"id":1,"memberName":"John Doe","startDate":"2023-01-01","endDate":"2023-12-31","type":"Premium","gym":{"id":1,"name":"Fitness Plus","location":"Downtown","description":"Best gym in town","memberships":[{"id":1,"memberName":"John Doe","startDate":"2023-01-01","endDate":"2023-12-31","type":"Premium","gym":{"id":1,"name":"Fitness Plus","location":"Downtown","description":"Best gym in town","memberships":[{"id":1,"memberName":"John Doe","startDate":"2023-01-01","endDate":"2023-12-31","type":"Premium","gym":{"id":1,"name":"Fitness Plus","location":"Downtown","description":"Best gym in town","memberships":[{"id":1,"memberName":"John Doe","startDate":"2023-01-01","endDate":"2023-12-31","type":"Premium","gym":{"id":1,"name":"Fitness Plus","location":"Downtown","description":"Best gym in town","memberships":[{"id":1,"memberName":"John Doe","startDate":"2023-01-01","endDate":"2023-12-31","type":"Premium","gym":{"id":1,"name":"Fitness Plus","location":"Downtown","description":"Best gym in town","memberships":[{"id":1,"memberName":"John Doe","startDate":"2023-01-01","endDate":"2023-12-31","type":"Premium","gym":{"id":1,"name":"Fitness Plus","location":"Downtown","description":"Best gym in town","memberships":[{"id":1,"memberName":"John Doe","startDate":"2023-01-01","endDate":"2023-12-31","type":"Premium","gym":{"id":1,"name":"Fitness Plus","location":"Downtown","description":"Best gym in town","memberships":[{"id":1,"memberName":"John Doe","startDate":"2023-01-01","endDate":"2023-12-31","type":"Premium","gym":{"id":1,"name":"Fitness Plus","location":"Downtown","description":"Best gym in town","memberships":[{"id":1,"memberName":"John Doe","startDate":"2023-01-01","endDate":"2023-12-31","type":"Premium","gym":{"id":1,"name":"Fitness Plus","location":"Downtown","description":"Best gym in town","memberships":[{"id":1,"memberName":"John Doe","startDate":"2023-01-01","endDate":"2023-12-31","type":"Premium","gym":{"id":1,"name":"Fitness Plus","location":"Downtown","description":"Best gym in town","memberships":[{"id":1,"memberName":"John Doe","startDate":"2023-01-01","endDate":"2023-12-31","type":"Premium","gym":{"id":1,"name":"Fitness Plus","location":"Downtown","description":"Best gym in town","memberships":[{"id":1,"memberName":"John Doe","startDate":"2023-01-01","endDate":"2023-12-31","type":"Premium","gym":{"id":1,"name":"Fitness Plus","location":"Downtown","description":"Best gym in town","memberships":[{"id":1,"memberName":"John Doe","startDate":"2023-01-01","endDate":"2023-12-31","type":"Premium","gym":{"id":1,"name":"Fitness Plus","location":"Downtown","description":"Best gym in town","memberships":[{"id":1,"memberName":"John Doe","startDate":"2023-01-01","endDate":"2023-12-31","type":"Premium","gym":{"id":1,"name":"Fitness Plus","location":"Downtown","description":"Best gym in town","memberships":[{"id":1,"memberName":"John Doe","startDate":"2023-01-01","endDate":"2023-12-31","type":"Premium","gym":{"id":1,"name":"Fitness Plus","location":"Downtown","description":"Best gym in town","memberships":[{"id":1,"memberName":"John Doe","startDate":"2023-01-01","endDate":"2023-12-31","type":"Premium","gym":{"id":1,"name":"Fitness Plus","location":"Downtown","description":"Best gym in town","memberships":[{"id":1,"memberName":"John Doe","startDate":"2023-01-01","endDate":"2023-12-31","type":"Premium","gym":{"id":1,"name":"Fitness Plus","location":"Downtown","description":"Best gym in town","memberships":[{"id":1,"memberName":"John Doe","startDate":"2023-01-01","endDate":"2023-12-31","type":"Premium","gym":{"id":1,"name":"Fitness Plus","location":"Downtown","description":"Best gym in town","memberships":[{"id":1,"memberName":"John Doe","startDate":"2023-01-01","endDate":"2023-12-31","type":"Premium","gym":{"id":1,"name":"Fitness Plus","location":"Downtown","description":"Best gym in town","memberships":[{"id":1,"memberName":"John Doe","startDate":"2023-01-01","endDate":"2023-12-31","type":"Premium","gym":{"id":1,"name":"Fitness Plus","location":"Downtown","description":"Best gym in town","memberships":[{"id":1,"memberName":"John Doe","startDate":"2023-01-01","endDate":"2023-12-31","type":"Premium","gym":{"id":1,"name":"Fitness Plus","location":"Downtown","description":"Best gym in town","memberships":[{"id":1,"memberName":"John Doe","startDate":"2023-01-01","endDate":"2023-12-31","type":"Premium","gym":{"id":1,"name":"Fitness Plus","location":"Downtown","description":"Best gym in town","memberships":[{"id":1,"memberName":"John Doe","startDate":"2023-01-01","endDate":"2023-12-31","type":"Premium","gym":{"id":1,"name":"Fitness Plus","location":"Downtown","description":"Best gym in town","memberships":[{"id":1,"memberName":"John Doe","startDate":"2023-01-01","endDate":"2023-12-31","type":"Premium","gym":{"id":1,"name":"Fitness Plus","location":"Downtown","description":"Best gym in town","memberships":[{"id":1,"memberName":"John Doe","startDate":"2023-01-01","endDate":"2023-12-31","type":"Premium","gym":{"id":1,"name":"Fitness Plus","location":"Downtown","description":"Best gym in town","memberships":[{"id":1,"memberName":"John Doe","startDate":"2023-01-01","endDate":"2023-12-31","type":"Premium","gym":{"id":1,"name":"Fitness Plus","location":"Downtown","description":"Best gym in town","memberships":[{"id":1,"memberName":"John Doe","startDate":"2023-01-01","endDate":"2023-12-31","type":"Premium","gym":{"id":1,"name":"Fitness Plus","location":"Downtown","description":"Best gym in town","memberships":[{"id":1,"memberName":"John Doe","startDate":"2023-01-01","endDate":"2023-12-31","type":"Premium","gym":{"id":1,"name":"Fitness Plus","location":"Downtown","description":"Best gym in town","memberships":[{"id":1,"memberName":"John Doe","startDate":"2023-01-01","endDate":"2023-12-31","type":"Premium","gym":{"id":1,"name":"Fitness Plus","location":"Downtown","description":"Best gym in town","memberships":[{"id":1,"memberName":"John Doe","startDate":"2023-01-01","endDate":"2023-12-31","type":"Premium","gym":{"id":1,"name":"Fitness Plus","location":"Downtown","description":"Best gym in town","memberships":[{"id":1,"memberName":"John Doe","startDate":"2023-01-01","endDate":"2023-12-31","type":"Premium","gym":{"id":1,"name":"Fitness Plus","location":"Downtown","description":"Best gym in town","memberships":[{"id":1,"memberName":"John Doe","startDate":"2023-01-01","endDate":"2023-12-31","type":"Premium","gym":{"id":1,"name":"Fitness Plus","location":"Downtown","description":"Best gym in town","memberships":[{"id":1,"memberName":"John Doe","startDate":"2023-01-01","endDate":"2023-12-31","type":"Premium","gym":{"id":1,"name":"Fitness Plus","location":"Downtown","description":"Best gym in town","memberships":[{"id":1,"memberName":"John Doe","startDate":"2023-01-01","endDate":"2023-12-31","type":"Premium","gym":{"id":1,"name":"Fitness Plus","location":"Downtown","description":"Best gym in town","memberships":[{"id":1,"memberName":"John Doe","startDate":"2023-01-01","endDate":"2023-12-31","type":"Premium","gym":{"id":1,"name":"Fitness Plus","location":"Downtown","description":"Best gym in town","memberships":[{"id":1,"memberName":"John Doe","startDate":"2023-01-01","endDate":"2023-12-31","type":"Premium","gym":{"id":1,"name":"Fitness Plus","location":"Downtown","description":"Best gym in town","memberships":[{"id":1,"memberName":"John Doe","startDate":"2023-01-01","endDate":"2023-12-31","type":"Premium","gym":{"id":1,"name":"Fitness Plus","location":"Downtown","description":"Best gym in town","memberships":[{"id":1,"memberName":"John Doe","startDate":"2023-01-01","endDate":"2023-12-31","type":"Premium","gym":{"id":1,"name":"Fitness Plus","location":"Downtown","description":"Best gym in town","memberships":[{"id":1,"memberName":"John Doe","startDate":"2023-01-01","endDate":"2023-12-31","type":"Premium","gym":{"id":1,"name":"Fitness Plus","location":"Downtown","description":"Best gym in town","memberships":[{"id":1,"memberName":"John Doe","startDate":"2023-01-01","endDate":"2023-12-31","type":"Premium","gym":{"id":1,"name":"Fitness Plus","location":"Downtown","description":"Best gym in town","memberships":[{"id":1,"memberName":"John Doe","startDate":"2023-01-01","endDate":"2023-12-31","type":"Premium","gym":{"id":1,"name":"Fitness Plus","location":"Downtown","description":"Best gym in town","memberships":[{"id":1,"memberName":"John Doe","startDate":"2023-01-01","endDate":"2023-12-31","type":"Premium","gym":{"id":1,"name":"Fitness Plus","location":"Downtown","description":"Best gym in town","memberships":[{"id":1,"memberName":"John Doe","startDate":"2023-01-01","endDate":"2023-12-31","type":"Premium","gym":{"id":1,"name":"Fitness Plus","location":"Downtown","description":"Best gym in town","memberships":[{"id":1,"memberName":"John Doe","startDate":"2023-01-01","endDate":"2023-12-31","type":"Premium","gym":{"id":1,"name":"Fitness Plus","location":"Downtown","description":"Best gym in town","memberships":[{"id":1,"memberName":"John Doe","startDate":"2023-01-01","endDate":"2023-12-31","type":"Premium","gym":{"id":1,"name":"Fitness Plus","location":"Downtown","description":"Best gym in town","memberships":[{"id":1,"memberName":"John Doe","startDate":"2023-01-01","endDate":"2023-12-31","type":"Premium","gym":{"id":1,"name":"Fitness Plus","location":"Downtown","description":"Best gym in town","memberships":[{"id":1,"memberName":"John Doe","startDate":"2023-01-01","endDate":"2023-12-31","type":"Premium","gym":{"id":1,"name":"Fitness Plus","location":"Downtown","description":"Best gym in town","memberships":[{"id":1,"memberName":"John Doe","startDate":"2023-01-01","endDate":"2023-12-31","type":"Premium","gym":{"id":1,"name":"Fitness Plus","location":"Downtown","description":"Best gym in town","memberships":[{"id":1,"memberName":"John Doe","startDate":"2023-01-01","endDate":"2023-12-31","type":"Premium","gym":{"id":1,"name":"Fitness Plus","location":"Downtown","description":"Best gym in town","memberships":[{"id":1,"memberName":"John Doe","startDate":"2023-01-01","endDate":"2023-12-31","type":"Premium","gym":{"id":1,"name":"Fitness Plus","location":"Downtown","description":"Best gym in town","memberships":[{"id":1,"memberName":"John Doe","startDate":"2023-01-01","endDate":"2023-12-31","type":"Premium","gym":{"id":1,"name":"Fitness Plus","location":"Downtown","description":"Best gym in town","memberships":[{"id":1,"memberName":"John Doe","startDate":"2023-01-01","endDate":"2023-12-31","type":"Premium","gym":{"id":1,"name":"Fitness Plus","location":"Downtown","description":"Best gym in town","memberships":[{"id":1,"memberName":"John Doe","startDate":"2023-01-01","endDate":"2023-12-31","type":"Premium","gym":{"id":1,"name":"Fitness Plus","location":"Downtown","description":"Best gym in town","memberships":[{"id":1,"memberName":"John Doe","startDate":"2023-01-01","endDate":"2023-12-31","type":"Premium","gym":{"id":1,"name":"Fitness Plus","location":"Downtown","description":"Best gym in town","memberships":[{"id":1,"memberName":"John Doe","startDate":"2023-01-01","endDate":"2023-12-31","type":"Premium","gym":{"id":1,"name":"Fitness Plus","location":"Downtown","description":"Best gym in town","memberships":[{"id":1,"memberName":"John Doe","startDate":"2023-01-01","endDate":"2023-12-31","type":"Premium","gym":{"id":1,"name":"Fitness Plus","location":"Downtown","description":"Best gym in town","memberships":[{"id":1,"memberName":"John Doe","startDate":"2023-01-01","endDate":"2023-12-31","type":"Premium","gym":{"id":1,"name":"Fitness Plus","location":"Downtown","description":"Best gym in town","memberships":[{"id":1,"memberName":"John Doe","startDate":"2023-01-01","endDate":"2023-12-31","type":"Premium","gym":{"id":1,"name":"Fitness Plus","location":"Downtown","description":"Best gym in town","memberships":[{"id":1,"memberName":"John Doe","startDate":"2023-01-01","endDate":"2023-12-31","type":"Premium","gym":{"id":1,"name":"Fitness Plus","location":"Downtown","description":"Best gym in town","memberships":[{"id":1,"memberName":"John Doe","startDate":"2023-01-01","endDate":"2023-12-31","type":"Premium","gym":{"id":1,"name":"Fitness Plus","location":"Downtown","description":"Best gym in town","memberships":[{"id":1,"memberName":"John Doe","startDate":"2023-01-01","endDate":"2023-12-31","type":"Premium","gym":{"id":1,"name":"Fitness Plus","location":"Downtown","description":"Best gym in town","memberships":[{"id":1,"memberName":"John Doe","startDate":"2023-01-01","endDate":"2023-12-31","type":"Premium","gym":{"id":1,"name":"Fitness Plus","location":"Downtown","description":"Best gym in town","memberships":[{"id":1,"memberName":"John Doe","startDate":"2023-01-01","endDate":"2023-12-31","type":"Premium","gym":{"id":1,"name":"Fitness Plus","location":"Downtown","description":"Best gym in town","memberships":[{"id":1,"memberName":"John Doe","startDate":"2023-01-01","endDate":"2023-12-31","type":"Premium","gym":{"id":1,"name":"Fitness Plus","location":"Downtown","description":"Best gym in town","memberships":[{"id":1,"memberName":"John Doe","startDate":"2023-01-01","endDate":"2023-12-31","type":"Premium","gym":{"id":1,"name":"Fitness Plus","location":"Downtown","description":"Best gym in town","memberships":[{"id":1,"memberName":"John Doe","startDate":"2023-01-01","endDate":"2023-12-31","type":"Premium","gym":{"id":1,"name":"Fitness Plus","location":"Downtown","description":"Best gym in town","memberships":[{"id":1,"memberName":"John Doe","startDate":"2023-01-01","endDate":"2023-12-31","type":"Premium","gym":{"id":1,"name":"Fitness Plus","location":"Downtown","description":"Best gym in town","memberships":[{"id":1,"memberName":"John Doe","startDate":"2023-01-01","endDate":"2023-12-31","type":"Premium","gym":{"id":1,"name":"Fitness Plus","location":"Downtown","description":"Best gym in town","memberships":[{"id":1,"memberName":"John Doe","startDate":"2023-01-01","endDate":"2023-12-31","type":"Premium","gym":{"id":1,"name":"Fitness Plus","location":"Downtown","description":"Best gym in town","memberships":[{"id":1,"memberName":"John Doe","startDate":"2023-01-01","endDate":"2023-12-31","type":"Premium","gym":{"id":1,"name":"Fitness Plus","location":"Downtown","description":"Best gym in town","memberships":[{"id":1,"memberName":"John Doe","startDate":"2023-01-01","endDate":"2023-12-31","type":"Premium","gym":{"id":1,"name":"Fitness Plus","location":"Downtown","description":"Best gym in town","memberships":[{"id":1,"memberName":"John Doe","startDate":"2023-01-01","endDate":"2023-12-31","type":"Premium","gym":{"id":1,"name":"Fitness Plus","location":"Downtown","description":"Best gym in town","memberships":[{"id":1,"memberName":"John Doe","startDate":"2023-01-01","endDate":"2023-12-31","type":"Premium","gym":{"id":1,"name":"Fitness Plus","location":"Downtown","description":"Best gym in town","memberships":[{"id":1,"memberName":"John Doe","startDate":"2023-01-01","endDate":"2023-12-31","type":"Premium","gym":{"id":1,"name":"Fitness Plus","location":"Downtown","description":"Best gym in town","memberships":[{"id":1,"memberName":"John Doe","startDate":"2023-01-01","endDate":"2023-12-31","type":"Premium","gym":{"id":1,"name":"Fitness Plus","location":"Downtown","description":"Best gym in town","memberships":[{"id":1,"memberName":"John Doe","startDate":"2023-01-01","endDate":"2023-12-31","type":"Premium","gym":{"id":1,"name":"Fitness Plus","location":"Downtown","description":"Best gym in town","memberships":[{"id":1,"memberName":"John Doe","startDate":"2023-01-01","endDate":"2023-12-31","type":"Premium","gym":{"id":1,"name":"Fitness Plus","location":"Downtown","description":"Best gym in town","memberships":[{"id":1,"memberName":"John Doe","startDate":"2023-01-01","endDate":"2023-12-31","type":"Premium","gym":{"id":1,"name":"Fitness Plus","location":"Downtown","description":"Best gym in town","memberships":[{"id":1,"memberName":"John Doe","startDate":"2023-01-01","endDate":"2023-12-31","type":"Premium","gym":{"id":1,"name":"Fitness Plus","location":"Downtown","description":"Best gym in town","memberships":[{"id":1,"memberName":"John Doe","startDate":"2023-01-01","endDate":"2023-12-31","type":"Premium","gym":{"id":1,"name":"Fitness Plus","location":"Downtown","description":"Best gym in town","memberships":[{"id":1,"memberName":"John Doe","startDate":"2023-01-01","endDate":"2023-12-31","type":"Premium","gym":{"id":1,"name":"Fitness Plus","location":"Downtown","description":"Best gym in town","memberships":[{"id":1,"memberName":"John Doe","startDate":"2023-01-01","endDate":"2023-12-31","type":"Premium","gym":{"id":1,"name":"Fitness Plus","location":"Downtown","description":"Best gym in town","memberships":[{"id":1,"memberName":"John Doe","startDate":"2023-01-01","endDate":"2023-12-31","type":"Premium","gym":{"id":1,"name":"Fitness Plus","location":"Downtown","description":"Best gym in town","memberships":[{"id":1,"memberName":"John Doe","startDate":"2023-01-01","endDate":"2023-12-31","type":"Premium","gym":{"id":1,"name":"Fitness Plus","location":"Downtown","description":"Best gym in town","memberships":[{"id":1,"memberName":"John Doe","startDate":"2023-01-01","endDate":"2023-12-31","type":"Premium","gym":{"id":1,"name":"Fitness Plus","location":"Downtown","description":"Best gym in town","memberships":[{"id":1,"memberName":"John Doe","startDate":"2023-01-01","endDate":"2023-12-31","type":"Premium","gym":{"id":1,"name":"Fitness Plus","location":"Downtown","description":"Best gym in town","memberships":[{"id":1,"memberName":"John Doe","startDate":"2023-01-01","endDate":"2023-12-31","type":"Premium","gym":{"id":1,"name":"Fitness Plus","location":"Downtown","description":"Best gym in town","memberships":[{"id":1,"memberName":"John Doe","startDate":"2023-01-01","endDate":"2023-12-31","type":"Premium","gym":{"id":1,"name":"Fitness Plus","location":"Downtown","description":"Best gym in town","memberships":[{"id":1,"memberName":"John Doe","startDate":"2023-01-01","endDate":"2023-12-31","type":"Premium","gym":{"id":1,"name":"Fitness Plus","location":"Downtown","description":"Best gym in town","memberships":[{"id":1,"memberName":"John Doe","startDate":"2023-01-01","endDate":"2023-12-31","type":"Premium","gym":{"id":1,"name":"Fitness Plus","location":"Downtown","description":"Best gym in town","memberships":[{"id":1,"memberName":"John Doe","startDate":"2023-01-01","endDate":"2023-12-31","type":"Premium","gym":{"id":1,"name":"Fitness Plus","location":"Downtown","description":"Best gym in town","memberships":[{"id":1,"memberName":"John Doe","startDate":"2023-01-01","endDate":"2023-12-31","type":"Premium","gym":{"id":1,"name":"Fitness Plus","location":"Downtown","description":"Best gym in town","memberships":[{"id":1,"memberName":"John Doe","startDate":"2023-01-01","endDate":"2023-12-31","type":"Premium","gym":{"id":1,"name":"Fitness Plus","location":"Downtown","description":"Best gym in town","memberships":[{"id":1,"memberName":"John Doe","startDate":"2023-01-01","endDate":"2023-12-31","type":"Premium","gym":{"id":1,"name":"Fitness Plus","location":"Downtown","description":"Best gym in town","memberships":[{"id":1,"memberName":"John Doe","startDate":"2023-01-01","endDate":"2023-12-31","type":"Premium","gym":{"id":1,"name":"Fitness Plus","location":"Downtown","description":"Best gym in town","memberships":[{"id":1,"memberName":"John Doe","startDate":"2023-01-01","endDate":"2023-12-31","type":"Premium","gym":{"id":1,"name":"Fitness Plus","location":"Downtown","description":"Best gym in town","memberships":[{"id":1,"memberName":"John Doe","startDate":"2023-01-01","endDate":"2023-12-31","type":"Premium","gym":{"id":1,"name":"Fitness Plus","location":"Downtown","description":"Best gym in town","memberships":[{"id":1,"memberName":"John Doe","startDate":"2023-01-01","endDate":"2023-12-31","type":"Premium","gym":{"id":1,"name":"Fitness Plus","location":"Downtown","description":"Best gym in town","memberships":[{"id":1,"memberName":"John Doe","startDate":"2023-01-01","endDate":"2023-12-31","type":"Premium","gym":{"id":1,"name":"Fitness Plus","location":"Downtown","description":"Best gym in town","memberships":[{"id":1,"memberName":"John Doe","startDate":"2023-01-01","endDate":"2023-12-31","type":"Premium","gym":{"id":1,"name":"Fitness Plus","location":"Downtown","description":"Best gym in town","memberships":[{"id":1,"memberName":"John Doe","startDate":"2023-01-01","endDate":"2023-12-31","type":"Premium","gym":{"id":1,"name":"Fitness Plus","location":"Downtown","description":"Best gym in town","memberships":[{"id":1,"memberName":"John Doe","startDate":"2023-01-01","endDate":"2023-12-31","type":"Premium","gym":{"id":1,"name":"Fitness Plus","location":"Downtown","description":"Best gym in town","memberships":[{"id":1,"memberName":"John Doe","startDate":"2023-01-01","endDate":"2023-12-31","type":"Premium","gym":{"id":1,"name":"Fitness Plus","location":"Downtown","description":"Best gym in town","memberships":[{"id":1,"memberName":"John Doe","startDate":"2023-01-01","endDate":"2023-12-31","type":"Premium","gym":{"id":1,"name":"Fitness Plus","location":"Downtown","description":"Best gym in town","memberships":[{"id":1,"memberName":"John Doe","startDate":"2023-01-01","endDate":"2023-12-31","type":"Premium","gym":{"id":1,"name":"Fitness Plus","location":"Downtown","description":"Best gym in town","memberships":[{"id":1,"memberName":"John Doe","startDate":"2023-01-01","endDate":"2023-12-31","type":"Premium","gym":{"id":1,"name":"Fitness Plus","location":"Downtown","description":"Best gym in town","memberships":[{"id":1,"memberName":"John Doe","startDate":"2023-01-01","endDate":"2023-12-31","type":"Premium","gym":{"id":1,"name":"Fitness Plus","location":"Downtown","description":"Best gym in town","memberships":[{"id":1,"memberName":"John Doe","startDate":"2023-01-01","endDate":"2023-12-31","type":"Premium","gym":{"id":1,"name":"Fitness Plus","location":"Downtown","description":"Best gym in town","memberships":[{"id":1,"memberName":"John Doe","startDate":"2023-01-01","endDate":"2023-12-31","type":"Premium","gym":{"id":1,"name":"Fitness Plus","location":"Downtown","description":"Best gym in town","memberships":[{"id":1,"memberName":"John Doe","startDate":"2023-01-01","endDate":"2023-12-31","type":"Premium","gym":{"id":1,"name":"Fitness Plus","location":"Downtown","description":"Best gym in town","memberships":[{"id":1,"memberName":"John Doe","startDate":"2023-01-01","endDate":"2023-12-31","type":"Premium","gym":{"id":1,"name":"Fitness Plus","location":"Downtown","description":"Best gym in town","memberships":[{"id":1,"memberName":"John Doe","startDate":"2023-01-01","endDate":"2023-12-31","type":"Premium","gym":{"id":1,"name":"Fitness Plus","location":"Downtown","description":"Best gym in town","memberships":[{"id":1,"memberName":"John Doe","startDate":"2023-01-01","endDate":"2023-12-31","type":"Premium","gym":{"id":1,"name":"Fitness Plus","location":"Downtown","description":"Best gym in town","memberships":[{"id":1,"memberName":"John Doe","startDate":"2023-01-01","endDate":"2023-12-31","type":"Premium","gym":{"id":1,"name":"Fitness Plus","location":"Downtown","description":"Best gym in town","memberships":[{"id":1,"memberName":"John Doe","startDate":"2023-01-01","endDate":"2023-12-31","type":"Premium","gym":{"id":1,"name":"Fitness Plus","location":"Downtown","description":"Best gym in town","memberships":[{"id":1,"memberName":"John Doe","startDate":"2023-01-01","endDate":"2023-12-31","type":"Premium","gym":{"id":1,"name":"Fitness Plus","location":"Downtown","description":"Best gym in town","memberships":[{"id":1,"memberName":"John Doe","startDate":"2023-01-01","endDate":"2023-12-31","type":"Premium","gym":{"id":1,"name":"Fitness Plus","location":"Downtown","description":"Best gym in town","memberships":[{"id":1,"memberName":"John Doe","startDate":"2023-01-01","endDate":"2023-12-31","type":"Premium","gym":{"id":1,"name":"Fitness Plus","location":"Downtown","description":"Best gym in town","memberships":[{"id":1,"memberName":"John Doe","startDate":"2023-01-01","endDate":"2023-12-31","type":"Premium","gym":{"id":1,"name":"Fitness Plus","location":"Downtown","description":"Best gym in town","memberships":[{"id":1,"memberName":"John Doe","startDate":"2023-01-01","endDate":"2023-12-31","type":"Premium","gym":{"id":1,"name":"Fitness Plus","location":"Downtown","description":"Best gym in town","memberships":[{"id":1,"memberName":"John Doe","startDate":"2023-01-01","endDate":"2023-12-31","type":"Premium","gym":{"id":1,"name":"Fitness Plus","location":"Downtown","description":"Best gym in town","memberships":[{"id":1,"memberName":"John Doe","startDate":"2023-01-01","endDate":"2023-12-31","type":"Premium","gym":{"id":1,"name":"Fitness Plus","location":"Downtown","description":"Best gym in town","memberships":[{"id":1,"memberName":"John Doe","startDate":"2023-01-01","endDate":"2023-12-31","type":"Premium","gym":{"id":1,"name":"Fitness Plus","location":"Downtown","description":"Best gym in town","memberships":[{"id":1,"memberName":"John Doe","startDate":"2023-01-01","endDate":"2023-12-31","type":"Premium","gym":{"id":1,"name":"Fitness Plus","location":"Downtown","description":"Best gym in town","memberships":[{"id":1,"memberName":"John Doe","startDate":"2023-01-01","endDate":"2023-12-31","type":"Premium","gym":{"id":1,"name":"Fitness Plus","location":"Downtown","description":"Best gym in town","memberships":[{"id":1,"memberName":"John Doe","startDate":"2023-01-01","endDate":"2023-12-31","type":"Premium","gym":{"id":1,"name":"Fitness Plus","location":"Downtown","description":"Best gym in town","memberships":[{"id":1,"memberName":"John Doe","startDate":"2023-01-01","endDate":"2023-12-31","type":"Premium","gym":{"id":1,"name":"Fitness Plus","location":"Downtown","description":"Best gym in town","memberships":[{"id":1,"memberName":"John Doe","startDate":"2023-01-01","endDate":"2023-12-31","type":"Premium","gym":{"id":1,"name":"Fitness Plus","location":"Downtown","description":"Best gym in town","memberships":[{"id":1,"memberName":"John Doe","startDate":"2023-01-01","endDate":"2023-12-31","type":"Premium","gym":{"id":1,"name":"Fitness Plus","location":"Downtown","description":"Best gym in town","memberships":[{"id":1,"memberName":"John Doe","startDate":"2023-01-01","endDate":"2023-12-31","type":"Premium","gym":{"id":1,"name":"Fitness Plus","location":"Downtown","description":"Best gym in town","memberships":[{"id":1,"memberName":"John Doe","startDate":"2023-01-01","endDate":"2023-12-31","type":"Premium","gym":{"id":1,"name":"Fitness Plus","location":"Downtown","description":"Best gym in town","memberships":[{"id":1,"memberName":"John Doe","startDate":"2023-01-01","endDate":"2023-12-31","type":"Premium","gym":{"id":1,"name":"Fitness Plus","location":"Downtown","description":"Best gym in town","memberships":[{"id":1,"memberName":"John Doe","startDate":"2023-01-01","endDate":"2023-12-31","type":"Premium","gym":{"id":1,"name":"Fitness Plus","location":"Downtown","description":"Best gym in town","memberships":[{"id":1,"memberName":"John Doe","startDate":"2023-01-01","endDate":"2023-12-31","type":"Premium","gym":{"id":1,"name":"Fitness Plus","location":"Downtown","description":"Best gym in town","memberships":[{"id":1,"memberName":"John Doe","startDate":"2023-01-01","endDate":"2023-12-31","type":"Premium","gym":{"id":1,"name":"Fitness Plus","location":"Downtown","description":"Best gym in town","memberships":[{"id":1,"memberName":"John Doe","startDate":"2023-01-01","endDate":"2023-12-31","type":"Premium","gym":{"id":1,"name":"Fitness Plus","location":"Downtown","description":"Best gym in town","memberships":[{"id":1,"memberName":"John Doe","startDate":"2023-01-01","endDate":"2023-12-31","type":"Premium","gym":{"id":1,"name":"Fitness Plus","location":"Downtown","description":"Best gym in town","memberships":[{"id":1,"memberName":"John Doe","startDate":"2023-01-01","endDate":"2023-12-31","type":"Premium","gym":{"id":1,"name":"Fitness Plus","location":"Downtown","description":"Best gym in town","memberships":[{"id":1,"memberName":"John Doe","startDate":"2023-01-01","endDate":"2023-12-31","type":"Premium","gym":{"id":1,"name":"Fitness Plus","location":"Downtown","description":"Best gym in town","memberships":[{"id":1,"memberName":"John Doe","startDate":"2023-01-01","endDate":"2023-12-31","type":"Premium","gym":{"id":1,"name":"Fitness Plus","location":"Downtown","description":"Best gym in town","memberships":[{"id":1,"memberName":"John Doe","startDate":"2023-01-01","endDate":"2023-12-31","type":"Premium","gym":{"id":1,"name":"Fitness Plus","location":"Downtown","description":"Best gym in town","memberships":[{"id":1,"memberName":"John Doe","startDate":"2023-01-01","endDate":"2023-12-31","type":"Premium","gym":{"id":1,"name":"Fitness Plus","location":"Downtown","description":"Best gym in town","memberships":[{"id":1,"memberName":"John Doe","startDate":"2023-01-01","endDate":"2023-12-31","type":"Premium","gym":{"id":1,"name":"Fitness Plus","location":"Downtown","description":"Best gym in town","memberships":[{"id":1,"memberName":"John Doe","startDate":"2023-01-01","endDate":"2023-12-31","type":"Premium","gym":{"id":1,"name":"Fitness Plus","location":"Downtown","description":"Best gym in town","memberships":[{"id":1,"memberName":"John Doe","startDate":"2023-01-01","endDate":"2023-12-31","type":"Premium","gym":{"id":1,"name":"Fitness Plus","location":"Downtown","description":"Best gym in town","memberships":[{"id":1,"memberName":"John Doe","startDate":"2023-01-01","endDate":"2023-12-31","type":"Premium","gym":{"id":1,"name":"Fitness Plus","location":"Downtown","description":"Best gym in town","memberships":[{"id":1,"memberName":"John Doe","startDate":"2023-01-01","endDate":"2023-12-31","type":"Premium","gym":{"id":1,"name":"Fitness Plus","location":"Downtown","description":"Best gym in town","memberships":[{"id":1,"memberName":"John Doe","startDate":"2023-01-01","endDate":"2023-12-31","type":"Premium","gym":{"id":1,"name":"Fitness Plus","location":"Downtown","description":"Best gym in town","memberships":[{"id":1,"memberName":"John Doe","startDate":"2023-01-01","endDate":"2023-12-31","type":"Premium","gym":{"id":1,"name":"Fitness Plus","location":"Downtown","description":"Best gym in town","memberships":[{"id":1,"memberName":"John Doe","startDate":"2023-01-01","endDate":"2023-12-31","type":"Premium","gym":{"id":1,"name":"Fitness Plus","location":"Downtown","description":"Best gym in town","memberships":[{"id":1,"memberName":"John Doe","startDate":"2023-01-01","endDate":"2023-12-31","type":"Premium","gym":{"id":1,"name":"Fitness Plus","location":"Downtown","description":"Best gym in town","memberships":[{"id":1,"memberName":"John Doe","startDate":"2023-01-01","endDate":"2023-12-31","type":"Premium","gym":{"id":1,"name":"Fitness Plus","location":"Downtown","description":"Best gym in town","memberships":[{"id":1,"memberName":"John Doe","startDate":"2023-01-01","endDate":"2023-12-31","type":"Premium","gym":{"id":1,"name":"Fitness Plus","location":"Downtown","description":"Best gym in town","memberships":[{"id":1,"memberName":"John Doe","startDate":"2023-01-01","endDate":"2023-12-31","type":"Premium","gym":{"id":1,"name":"Fitness Plus","location":"Downtown","description":"Best gym in town","memberships":[{"id":1,"memberName":"John Doe","startDate":"2023-01-01","endDate":"2023-12-31","type":"Premium","gym":{"id":1,"name":"Fitness Plus","location":"Downtown","description":"Best gym in town","memberships":[{"id":1,"memberName":"John Doe","startDate":"2023-01-01","endDate":"2023-12-31","type":"Premium","gym":{"id":1,"name":"Fitness Plus","location":"Downtown","description":"Best gym in town","memberships":[{"id":1,"memberName":"John Doe","startDate":"2023-01-01","endDate":"2023-12-31","type":"Premium","gym":{"id":1,"name":"Fitness Plus","location":"Downtown","description":"Best gym in town","memberships":[{"id":1,"memberName":"John Doe","startDate":"2023-01-01","endDate":"2023-12-31","type":"Premium","gym":{"id":1,"name":"Fitness Plus","location":"Downtown","description":"Best gym in town","memberships":[{"id":1,"memberName":"John Doe","startDate":"2023-01-01","endDate":"2023-12-31","type":"Premium","gym":{"id":1,"name":"Fitness Plus","location":"Downtown","description":"Best gym in town","memberships":[{"id":1,"memberName":"John Doe","startDate":"2023-01-01","endDate":"2023-12-31","type":"Premium","gym":{"id":1,"name":"Fitness Plus","location":"Downtown","description":"Best gym in town","memberships":[{"id":1,"memberName":"John Doe","startDate":"2023-01-01","endDate":"2023-12-31","type":"Premium","gym":{"id":1,"name":"Fitness Plus","location":"Downtown","description":"Best gym in town","memberships":[{"id":1,"memberName":"John Doe","startDate":"2023-01-01","endDate":"2023-12-31","type":"Premium","gym":{"id":1,"name":"Fitness Plus","location":"Downtown","description":"Best gym in town","memberships":[{"id":1,"memberName":"John Doe","startDate":"2023-01-01","endDate":"2023-12-31","type":"Premium","gym":{"id":1,"name":"Fitness Plus","location":"Downtown","description":"Best gym in town","memberships":[{"id":1,"memberName":"John Doe","startDate":"2023-01-01","endDate":"2023-12-31","type":"Premium","gym":{"id":1,"name":"Fitness Plus","location":"Downtown","description":"Best gym in town","memberships":[{"id":1,"memberName":"John Doe","startDate":"2023-01-01","endDate":"2023-12-31","type":"Premium","gym":{"id":1,"name":"Fitness Plus","location":"Downtown","description":"Best gym in town","memberships":[{"id":1,"memberName":"John Doe","startDate":"2023-01-01","endDate":"2023-12-31","type":"Premium","gym":{"id":1,"name":"Fitness Plus","location":"Downtown","description":"Best gym in town","memberships":[{"id":1,"memberName":"John Doe","startDate":"2023-01-01","endDate":"2023-12-31","type":"Premium","gym":{"id":1,"name":"Fitness Plus","location":"Downtown","description":"Best gym in town","memberships":[{"id":1,"memberName":"John Doe","startDate":"2023-01-01","endDate":"2023-12-31","type":"Premium","gym":{"id":1,"name":"Fitness Plus","location":"Downtown","description":"Best gym in town","memberships":[{"id":1,"memberName":"John Doe","startDate":"2023-01-01","endDate":"2023-12-31","type":"Premium","gym":{"id":1,"name":"Fitness Plus","location":"Downtown","description":"Best gym in town","memberships":[{"id":1,"memberName":"John Doe","startDate":"2023-01-01","endDate":"2023-12-31","type":"Premium","gym":{"id":1,"name":"Fitness Plus","location":"Downtown","description":"Best gym in town","memberships":[{"id":1,"memberName":"John Doe","startDate":"2023-01-01","endDate":"2023-12-31","type":"Premium","gym":{"id":1,"name":"Fitness Plus","location":"Downtown","description":"Best gym in town","memberships":[{"id":1,"memberName":"John Doe","startDate":"2023-01-01","endDate":"2023-12-31","type":"Premium","gym":{"id":1,"name":"Fitness Plus","location":"Downtown","description":"Best gym in town","memberships":[{"id":1,"memberName":"John Doe","startDate":"2023-01-01","endDate":"2023-12-31","type":"Premium","gym":{"id":1,"name":"Fitness Plus","location":"Downtown","description":"Best gym in town","memberships":[{"id":1,"memberName":"John Doe","startDate":"2023-01-01","endDate":"2023-12-31","type":"Premium","gym":{"id":1,"name":"Fitness Plus","location":"Downtown","description":"Best gym in town","memberships":[{"id":1,"memberName":"John Doe","startDate":"2023-01-01","endDate":"2023-12-31","type":"Premium","gym":{"id":1,"name":"Fitness Plus","location":"Downtown","description":"Best gym in town","memberships":[{"id":1,"memberName":"John Doe","startDate":"2023-01-01","endDate":"2023-12-31","type":"Premium","gym":{"id":1,"name":"Fitness Plus","location":"Downtown","description":"Best gym in town","memberships":[{"id":1,"memberName":"John Doe","startDate":"2023-01-01","endDate":"2023-12-31","type":"Premium","gym":{"id":1,"name":"Fitness Plus","location":"Downtown","description":"Best gym in town","memberships":[{"id":1,"memberName":"John Doe","startDate":"2023-01-01","endDate":"2023-12-31","type":"Premium","gym":{"id":1,"name":"Fitness Plus","location":"Downtown","description":"Best gym in town","memberships":[{"id":1,"memberName":"John Doe","startDate":"2023-01-01","endDate":"2023-12-31","type":"Premium","gym":{"id":1,"name":"Fitness Plus","location":"Downtown","description":"Best gym in town","memberships":[{"id":1,"memberName":"John Doe","startDate":"2023-01-01","endDate":"2023-12-31","type":"Premium","gym":{"id":1,"name":"Fitness Plus","location":"Downtown","description":"Best gym in town","memberships":[{"id":1,"memberName":"John Doe","startDate":"2023-01-01","endDate":"2023-12-31","type":"Premium","gym":{"id":1,"name":"Fitness Plus","location":"Downtown","description":"Best gym in town","memberships":[{"id":1,"memberName":"John Doe","startDate":"2023-01-01","endDate":"2023-12-31","type":"Premium","gym":{"id":1,"name":"Fitness Plus","location":"Downtown","description":"Best gym in town","memberships":[{"id":1,"memberName":"John Doe","startDate":"2023-01-01","endDate":"2023-12-31","type":"Premium","gym":{"id":1,"name":"Fitness Plus","location":"Downtown","description":"Best gym in town","memberships":[{"id":1,"memberName":"John Doe","startDate":"2023-01-01","endDate":"2023-12-31","type":"Premium","gym":{"id":1,"name":"Fitness Plus","location":"Downtown","description":"Best gym in town","memberships":[{"id":1,"memberName":"John Doe","startDate":"2023-01-01","endDate":"2023-12-31","type":"Premium","gym":{"id":1,"name":"Fitness Plus","location":"Downtown","description":"Best gym in town","memberships":[{"id":1,"memberName":"John Doe","startDate":"2023-01-01","endDate":"2023-12-31","type":"Premium","gym":{"id":1,"name":"Fitness Plus","location":"Downtown","description":"Best gym in town","memberships":[{"id":1,"memberName":"John Doe","startDate":"2023-01-01","endDate":"2023-12-31","type":"Premium","gym":{"id":1,"name":"Fitness Plus","location":"Downtown","description":"Best gym in town","memberships":[{"id":1,"memberName":"John Doe","startDate":"2023-01-01","endDate":"2023-12-31","type":"Premium","gym":{"id":1,"name":"Fitness Plus","location":"Downtown","description":"Best gym in town","memberships":[{"id":1,"memberName":"John Doe","startDate":"2023-01-01","endDate":"2023-12-31","type":"Premium","gym":{"id":1,"name":"Fitness Plus","location":"Downtown","description":"Best gym in town","memberships":[{"id":1,"memberName":"John Doe","startDate":"2023-01-01","endDate":"2023-12-31","type":"Premium","gym":{"id":1,"name":"Fitness Plus","location":"Downtown","description":"Best gym in town","memberships":[{"id":1,"memberName":"John Doe","startDate":"2023-01-01","endDate":"2023-12-31","type":"Premium","gym":{"id":1,"name":"Fitness Plus","location":"Downtown","description":"Best gym in town","memberships":[{"id":1,"memberName":"John Doe","startDate":"2023-01-01","endDate":"2023-12-31","type":"Premium","gym":{"id":1,"name":"Fitness Plus","location":"Downtown","description":"Best gym in town","memberships":[{"id":1,"memberName":"John Doe","startDate":"2023-01-01","endDate":"2023-12-31","type":"Premium","gym":{"id":1,"name":"Fitness Plus","location":"Downtown","description":"Best gym in town","memberships":[{"id":1,"memberName":"John Doe","startDate":"2023-01-01","endDate":"2023-12-31","type":"Premium","gym":{"id":1,"name":"Fitness Plus","location":"Downtown","description":"Best gym in town","memberships":[{"id":1,"memberName":"John Doe","startDate":"2023-01-01","endDate":"2023-12-31","type":"Premium","gym":{"id":1,"name":"Fitness Plus","location":"Downtown","description":"Best gym in town","memberships":[{"id":1,"memberName":"John Doe","startDate":"2023-01-01","endDate":"2023-12-31","type":"Premium","gym":{"id":1,"name":"Fitness Plus","location":"Downtown","description":"Best gym in town","memberships":[{"id":1,"memberName":"John Doe","startDate":"2023-01-01","endDate":"2023-12-31","type":"Premium","gym":{"id":1,"name":"Fitness Plus","location":"Downtown","description":"Best gym in town","memberships":[{"id":1,"memberName":"John Doe","startDate":"2023-01-01","endDate":"2023-12-31","type":"Premium","gym":{"id":1,"name":"Fitness Plus","location":"Downtown","description":"Best gym in town","memberships":[{"id":1,"memberName":"John Doe","startDate":"2023-01-01","endDate":"2023-12-31","type":"Premium","gym":{"id":1,"name":"Fitness Plus","location":"Downtown","description":"Best gym in town","memberships":[{"id":1,"memberName":"John Doe","startDate":"2023-01-01","endDate":"2023-12-31","type":"Premium","gym":{"id":1,"name":"Fitness Plus","location":"Downtown","description":"Best gym in town","memberships":[{"id":1,"memberName":"John Doe","startDate":"2023-01-01","endDate":"2023-12-31","type":"Premium","gym":{"id":1,"name":"Fitness Plus","location":"Downtown","description":"Best gym in town","memberships":[{"id":1,"memberName":"John Doe","startDate":"2023-01-01","endDate":"2023-12-31","type":"Premium","gym":{"id":1,"name":"Fitness Plus","location":"Downtown","description":"Best gym in town","memberships":[{"id":1,"memberName":"John Doe","startDate":"2023-01-01","endDate":"2023-12-31","type":"Premium","gym":{"id":1,"name":"Fitness Plus","location":"Downtown","description":"Best gym in town","memberships":[{"id":1,"memberName":"John Doe","startDate":"2023-01-01","endDate":"2023-12-31","type":"Premium","gym":{"id":1,"name":"Fitness Plus","location":"Downtown","description":"Best gym in town","memberships":[{"id":1,"memberName":"John Doe","startDate":"2023-01-01","endDate":"2023-12-31","type":"Premium","gym":{"id":1,"name":"Fitness Plus","location":"Downtown","description":"Best gym in town","memberships":[{"id":1,"memberName":"John Doe","startDate":"2023-01-01","endDate":"2023-12-31","type":"Premium","gym":{"id":1,"name":"Fitness Plus","location":"Downtown","description":"Best gym in town","memberships":[{"id":1,"memberName":"John Doe","startDate":"2023-01-01","endDate":"2023-12-31","type":"Premium","gym":{"id":1,"name":"Fitness Plus","location":"Downtown","description":"Best gym in town","memberships":[{"id":1,"memberName":"John Doe","startDate":"2023-01-01","endDate":"2023-12-31","type":"Premium","gym":{"id":1,"name":"Fitness Plus","location":"Downtown","description":"Best gym in town","memberships":[{"id":1,"memberName":"John Doe","startDate":"2023-01-01","endDate":"2023-12-31","type":"Premium","gym":{"id":1,"name":"Fitness Plus","location":"Downtown","description":"Best gym in town","memberships":[{"id":1,"memberName":"John Doe","startDate":"2023-01-01","endDate":"2023-12-31","type":"Premium","gym":{"id":1,"name":"Fitness Plus","location":"Downtown","description":"Best gym in town","memberships":[{"id":1,"memberName":"John Doe","startDate":"2023-01-01","endDate":"2023-12-31","type":"Premium","gym":{"id":1,"name":"Fitness Plus","location":"Downtown","description":"Best gym in town","memberships":[{"id":1,"memberName":"John Doe","startDate":"2023-01-01","endDate":"2023-12-31","type":"Premium","gym":{"id":1,"name":"Fitness Plus","location":"Downtown","description":"Best gym in town","memberships":[{"id":1,"memberName":"John Doe","startDate":"2023-01-01","endDate":"2023-12-31","type":"Premium","gym":{"id":1,"name":"Fitness Plus","location":"Downtown","description":"Best gym in town","memberships":[{"id":1,"memberName":"John Doe","startDate":"2023-01-01","endDate":"2023-12-31","type":"Premium","gym":{"id":1,"name":"Fitness Plus","location":"Downtown","description":"Best gym in town","memberships":[{"id":1,"memberName":"John Doe","startDate":"2023-01-01","endDate":"2023-12-31","type":"Premium","gym":{"id":1,"name":"Fitness Plus","location":"Downtown","description":"Best gym in town","memberships":[{"id":1,"memberName":"John Doe","startDate":"2023-01-01","endDate":"2023-12-31","type":"Premium","gym":{"id":1,"name":"Fitness Plus","location":"Downtown","description":"Best gym in town","memberships":[{"id":1,"memberName":"John Doe","startDate":"2023-01-01","endDate":"2023-12-31","type":"Premium","gym":{"id":1,"name":"Fitness Plus","location":"Downtown","description":"Best gym in town","memberships":[{"id":1,"memberName":"John Doe","startDate":"2023-01-01","endDate":"2023-12-31","type":"Premium","gym":{"id":1,"name":"Fitness Plus","location":"Downtown","description":"Best gym in town","memberships":[{"id":1,"memberName":"John Doe","startDate":"2023-01-01","endDate":"2023-12-31","type":"Premium","gym":{"id":1,"name":"Fitness Plus","location":"Downtown","description":"Best gym in town","memberships":[{"id":1,"memberName":"John Doe","startDate":"2023-01-01","endDate":"2023-12-31","type":"Premium","gym":{"id":1,"name":"Fitness Plus","location":"Downtown","description":"Best gym in town","memberships":[{"id":1,"memberName":"John Doe","startDate":"2023-01-01","endDate":"2023-12-31","type":"Premium","gym":{"id":1,"name":"Fitness Plus","location":"Downtown","description":"Best gym in town","memberships":[{"id":1,"memberName":"John Doe","startDate":"2023-01-01","endDate":"2023-12-31","type":"Premium","gym":{"id":1,"name":"Fitness Plus","location":"Downtown","description":"Best gym in town","memberships":[{"id":1,"memberName":"John Doe","startDate":"2023-01-01","endDate":"2023-12-31","type":"Premium","gym":{"id":1,"name":"Fitness Plus","location":"Downtown","description":"Best gym in town","memberships":[{"id":1,"memberName":"John Doe","startDate":"2023-01-01","endDate":"2023-12-31","type":"Premium","gym":{"id":1,"name":"Fitness Plus","location":"Downtown","description":"Best gym in town","memberships":[{"id":1,"memberName":"John Doe","startDate":"2023-01-01","endDate":"2023-12-31","type":"Premium","gym":{"id":1,"name":"Fitness Plus","location":"Downtown","description":"Best gym in town","memberships":[{"id":1,"memberName":"John Doe","startDate":"2023-01-01","endDate":"2023-12-31","type":"Premium","gym":{"id":1,"name":"Fitness Plus","location":"Downtown","description":"Best gym in town","memberships":[{"id":1,"memberName":"John Doe","startDate":"2023-01-01","endDate":"2023-12-31","type":"Premium","gym":{"id":1,"name":"Fitness Plus","location":"Downtown","description":"Best gym in town","memberships":[{"id":1,"memberName":"John Doe","startDate":"2023-01-01","endDate":"2023-12-31","type":"Premium","gym":{"id":1,"name":"Fitness Plus","location":"Downtown","description":"Best gym in town","memberships":[{"id":1,"memberName":"John Doe","startDate":"2023-01-01","endDate":"2023-12-31","type":"Premium","gym":{"id":1,"name":"Fitness Plus","location":"Downtown","description":"Best gym in town","memberships":[{"id":1,"memberName":"John Doe","startDate":"2023-01-01","endDate":"2023-12-31","type":"Premium","gym":{"id":1,"name":"Fitness Plus","location":"Downtown","description":"Best gym in town","memberships":[{"id":1,"memberName":"John Doe","startDate":"2023-01-01","endDate":"2023-12-31","type":"Premium","gym":{"id":1,"name":"Fitness Plus","location":"Downtown","description":"Best gym in town","memberships":[{"id":1,"memberName":"John Doe","startDate":"2023-01-01","endDate":"2023-12-31","type":"Premium","gym":{"id":1,"name":"Fitness Plus","location":"Downtown","description":"Best gym in town","memberships":[{"id":1,"memberName":"John Doe","startDate":"2023-01-01","endDate":"2023-12-31","type":"Premium","gym":{"id":1,"name":"Fitness Plus","location":"Downtown","description":"Best gym in town","memberships":[{"id":1,"memberName":"John Doe","startDate":"2023-01-01","endDate":"2023-12-31","type":"Premium","gym":{"id":1,"name":"Fitness Plus","location":"Downtown","description":"Best gym in town","memberships":[{"id":1,"memberName":"John Doe","startDate":"2023-01-01","endDate":"2023-12-31","type":"Premium","gym":{"id":1,"name":"Fitness Plus","location":"Downtown","description":"Best gym in town","memberships":[{"id":1,"memberName":"John Doe","startDate":"2023-01-01","endDate":"2023-12-31","type":"Premium","gym":{"id":1,"name":"Fitness Plus","location":"Downtown","description":"Best gym in town","memberships":[{"id":1,"memberName":"John Doe","startDate":"2023-01-01","endDate":"2023-12-31","type":"Premium","gym":{"id":1,"name":"Fitness Plus","location":"Downtown","description":"Best gym in town","memberships":[{"id":1,"memberName":"John Doe","startDate":"2023-01-01","endDate":"2023-12-31","type":"Premium","gym":{"id":1,"name":"Fitness Plus","location":"Downtown","description":"Best gym in town","memberships":[{"id":1,"memberName":"John Doe","startDate":"2023-01-01","endDate":"2023-12-31","type":"Premium","gym":{"id":1,"name":"Fitness Plus","location":"Downtown","description":"Best gym in town","memberships":[{"id":1,"memberName":"John Doe","startDate":"2023-01-01","endDate":"2023-12-31","type":"Premium","gym":{"id":1,"name":"Fitness Plus","location":"Downtown","description":"Best gym in town","memberships":[{"id":1,"memberName":"John Doe","startDate":"2023-01-01","endDate":"2023-12-31","type":"Premium","gym":{"id":1,"name":"Fitness Plus","location":"Downtown","description":"Best gym in town","memberships":[{"id":1,"memberName":"John Doe","startDate":"2023-01-01","endDate":"2023-12-31","type":"Premium","gym":{"id":1,"name":"Fitness Plus","location":"Downtown","description":"Best gym in town","memberships":[{"id":1,"memberName":"John Doe","startDate":"2023-01-01","endDate":"2023-12-31","type":"Premium","gym":{"id":1,"name":"Fitness Plus","location":"Downtown","description":"Best gym in town","memberships":[{"id":1,"memberName":"John Doe","startDate":"2023-01-01","endDate":"2023-12-31","type":"Premium","gym":{"id":1,"name":"Fitness Plus","location":"Downtown","description":"Best gym in town","memberships":[{"id":1,"memberName":"John Doe","startDate":"2023-01-01","endDate":"2023-12-31","type":"Premium","gym":{"id":1,"name":"Fitness Plus","location":"Downtown","description":"Best gym in town","memberships":[{"id":1,"memberName":"John Doe","startDate":"2023-01-01","endDate":"2023-12-31","type":"Premium","gym":{"id":1,"name":"Fitness Plus","location":"Downtown","description":"Best gym in town","memberships":[{"id":1,"memberName":"John Doe","startDate":"2023-01-01","endDate":"2023-12-31","type":"Premium","gym":{"id":1,"name":"Fitness Plus","location":"Downtown","description":"Best gym in town","memberships":[{"id":1,"memberName":"John Doe","startDate":"2023-01-01","endDate":"2023-12-31","type":"Premium","gym":{"id":1,"name":"Fitness Plus","location":"Downtown","description":"Best gym in town","memberships":[{"id":1,"memberName":"John Doe","startDate":"2023-01-01","endDate":"2023-12-31","type":"Premium","gym":{"id":1,"name":"Fitness Plus","location":"Downtown","description":"Best gym in town","memberships":[{"id":1,"memberName":"John Doe","startDate":"2023-01-01","endDate":"2023-12-31","type":"Premium","gym":{"id":1,"name":"Fitness Plus","location":"Downtown","description":"Best gym in town","memberships":[{"id":1,"memberName":"John Doe","startDate":"2023-01-01","endDate":"2023-12-31","type":"Premium","gym":{"id":1,"name":"Fitness Plus","location":"Downtown","description":"Best gym in town","memberships":[{"id":1,"memberName":"John Doe","startDate":"2023-01-01","endDate":"2023-12-31","type":"Premium","gym":{"id":1,"name":"Fitness Plus","location":"Downtown","description":"Best gym in town","memberships":[{"id":1,"memberName":"John Doe","startDate":"2023-01-01","endDate":"2023-12-31","type":"Premium","gym":{"id":1,"name":"Fitness Plus","location":"Downtown","description":"Best gym in town","memberships":[{"id":1,"memberName":"John Doe","startDate":"2023-01-01","endDate":"2023-12-31","type":"Premium","gym":{"id":1,"name":"Fitness Plus","location":"Downtown","description":"Best gym in town","memberships":[{"id":1,"memberName":"John Doe","startDate":"2023-01-01","endDate":"2023-12-31","type":"Premium","gym":{"id":1,"name":"Fitness Plus","location":"Downtown","description":"Best gym in town","memberships":[{"id":1,"memberName":"John Doe","startDate":"2023-01-01","endDate":"2023-12-31","type":"Premium","gym":{"id":1,"name":"Fitness Plus","location":"Downtown","description":"Best gym in town","memberships":[{"id":1,"memberName":"John Doe","startDate":"2023-01-01","endDate":"2023-12-31","type":"Premium","gym":{"id":1,"name":"Fitness Plus","location":"Downtown","description":"Best gym in town","memberships":[{"id":1,"memberName":"John Doe","startDate":"2023-01-01","endDate":"2023-12-31","type":"Premium","gym":{"id":1,"name":"Fitness Plus","location":"Downtown","description":"Best gym in town","memberships":[{"id":1,"memberName":"John Doe","startDate":"2023-01-01","endDate":"2023-12-31","type":"Premium","gym":{"id":1,"name":"Fitness Plus","location":"Downtown","description":"Best gym in town","memberships":[{"id":1,"memberName":"John Doe","startDate":"2023-01-01","endDate":"2023-12-31","type":"Premium","gym":{"id":1,"name":"Fitness Plus","location":"Downtown","description":"Best gym in town","memberships":[{"id":1,"memberName":"John Doe","startDate":"2023-01-01","endDate":"2023-12-31","type":"Premium","gym":{"id":1,"name":"Fitness Plus","location":"Downtown","description":"Best gym in town","memberships":[{"id":1,"memberName":"John Doe","startDate":"2023-01-01","endDate":"2023-12-31","type":"Premium","gym":{"id":1,"name":"Fitness Plus","location":"Downtown","description":"Best gym in town","memberships":[{"id":1,"memberName":"John Doe","startDate":"2023-01-01","endDate":"2023-12-31","type":"Premium","gym":{"id":1,"name":"Fitness Plus","location":"Downtown","description":"Best gym in town","memberships":[{"id":1,"memberName":"John Doe","startDate":"2023-01-01","endDate":"2023-12-31","type":"Premium","gym":{"id":1,"name":"Fitness Plus","location":"Downtown","description":"Best gym in town","memberships":[{"id":1,"memberName":"John Doe","startDate":"2023-01-01","endDate":"2023-12-31","type":"Premium","gym":{"id":1,"name":"Fitness Plus","location":"Downtown","description":"Best gym in town","memberships":[{"id":1,"memberName":"John Doe","startDate":"2023-01-01","endDate":"2023-12-31","type":"Premium","gym":{"id":1,"name":"Fitness Plus","location":"Downtown","description":"Best gym in town","memberships":[{"id":1,"memberName":"John Doe","startDate":"2023-01-01","endDate":"2023-12-31","type":"Premium","gym":{"id":1,"name":"Fitness Plus","location":"Downtown","description":"Best gym in town","memberships":[{"id":1,"memberName":"John Doe","startDate":"2023-01-01","endDate":"2023-12-31","type":"Premium","gym":{"id":1,"name":"Fitness Plus","location":"Downtown","description":"Best gym in town","memberships":[{"id":1,"memberName":"John Doe","startDate":"2023-01-01","endDate":"2023-12-31","type":"Premium","gym":{"id":1,"name":"Fitness Plus","location":"Downtown","description":"Best gym in town","memberships":[{"id":1,"memberName":"John Doe","startDate":"2023-01-01","endDate":"2023-12-31","type":"Premium","gym":{"id":1,"name":"Fitness Plus","location":"Downtown","description":"Best gym in town","memberships":[{"id":1,"memberName":"John Doe","startDate":"2023-01-01","endDate":"2023-12-31","type":"Premium","gym":{"id":1,"name":"Fitness Plus","location":"Downtown","description":"Best gym in town","memberships":[{"id":1,"memberName":"John Doe","startDate":"2023-01-01","endDate":"2023-12-31","type":"Premium","gym":{"id":1,"name":"Fitness Plus","location":"Downtown","description":"Best gym in town","memberships":[{"id":1,"memberName":"John Doe","startDate":"2023-01-01","endDate":"2023-12-31","type":"Premium","gym":{"id":1,"name":"Fitness Plus","location":"Downtown","description":"Best gym in town","memberships":[{"id":1,"memberName":"John Doe","startDate":"2023-01-01","endDate":"2023-12-31","type":"Premium","gym":{"id":1,"name":"Fitness Plus","location":"Downtown","description":"Best gym in town","memberships":[{"id":1,"memberName":"John Doe","startDate":"2023-01-01","endDate":"2023-12-31","type":"Premium","gym":{"id":1,"name":"Fitness Plus","location":"Downtown","description":"Best gym in town","memberships":[{"id":1,"memberName":"John Doe","startDate":"2023-01-01","endDate":"2023-12-31","type":"Premium","gym":{"id":1,"name":"Fitness Plus","location":"Downtown","description":"Best gym in town","memberships":[{"id":1,"memberName":"John Doe","startDate":"2023-01-01","endDate":"2023-12-31","type":"Premium","gym":{"id":1,"name":"Fitness Plus","location":"Downtown","description":"Best gym in town","memberships":[{"id":1,"memberName":"John Doe","startDate":"2023-01-01","endDate":"2023-12-31","type":"Premium","gym":{"id":1,"name":"Fitness Plus","location":"Downtown","description":"Best gym in town","memberships":[{"id":1,"memberName":"John Doe","startDate":"2023-01-01","endDate":"2023-12-31","type":"Premium","gym":{"id":1,"name":"Fitness Plus","location":"Downtown","description":"Best gym in town","memberships":[{"id":1,"memberName":"John Doe","startDate":"2023-01-01","endDate":"2023-12-31","type":"Premium","gym":{"id":1,"name":"Fitness Plus","location":"Downtown","description":"Best gym in town","memberships":[{"id":1,"memberName":"John Doe","startDate":"2023-01-01","endDate":"2023-12-31","type":"Premium","gym":{"id":1,"name":"Fitness Plus","location":"Downtown","description":"Best gym in town","memberships":[{"id":1,"memberName":"John Doe","startDate":"2023-01-01","endDate":"2023-12-31","type":"Premium","gym":{"id":1,"name":"Fitness Plus","location":"Downtown","description":"Best gym in town","memberships":[{"id":1,"memberName":"John Doe","startDate":"2023-01-01","endDate":"2023-12-31","type":"Premium","gym":{"id":1,"name":"Fitness Plus","location":"Downtown","description":"Best gym in town","memberships":[{"id":1,"memberName":"John Doe","startDate":"2023-01-01","endDate":"2023-12-31","type":"Premium","gym":{"id":1,"name":"Fitness Plus","location":"Downtown","description":"Best gym in town","memberships":[{"id":1,"memberName":"John Doe","startDate":"2023-01-01","endDate":"2023-12-31","type":"Premium","gym":{"id":1,"name":"Fitness Plus","location":"Downtown","description":"Best gym in town","memberships":[{"id":1,"memberName":"John Doe","startDate":"2023-01-01","endDate":"2023-12-31","type":"Premium","gym":{"id":1,"name":"Fitness Plus","location":"Downtown","description":"Best gym in town","memberships":[{"id":1,"memberName":"John Doe","startDate":"2023-01-01","endDate":"2023-12-31","type":"Premium","gym":{"id":1,"name":"Fitness Plus","location":"Downtown","description":"Best gym in town","memberships":[{"id":1,"memberName":"John Doe","startDate":"2023-01-01","endDate":"2023-12-31","type":"Premium","gym":{"id":1,"name":"Fitness Plus","location":"Downtown","description":"Best gym in town","memberships":[{"id":1,"memberName":"John Doe","startDate":"2023-01-01","endDate":"2023-12-31","type":"Premium","gym":{"id":1,"name":"Fitness Plus","location":"Downtown","description":"Best gym in town","memberships":[{"id":1,"memberName":"John Doe","startDate":"2023-01-01","endDate":"2023-12-31","type":"Premium","gym":{"id":1,"name":"Fitness Plus","location":"Downtown","description":"Best gym in town","memberships":[]}}]}}]}}]}}]}}]}}]}}]}}]}}]}}]}}]}}]}}]}}]}}]}}]}}]}}]}}]}}]}}]}}]}}]}}]}}]}}]}}]}}]}}]}}]}}]}}]}}]}}]}}]}}]}}]}}]}}]}}]}}]}}]}}]}}]}}]}}]}}]}}]}}]}}]}}]}}]}}]}}]}}]}}]}}]}}]}}]}}]}}]}}]}}]}}]}}]}}]}}]}}]}}]}}]}}]}}]}}]}}]}}]}}]}}]}}]}}]}}]}}]}}]}}]}}]}}]}}]}}]}}]}}]}}]}}]}}]}}]}}]}}]}}]}}]}}]}}]}}]}}]}}]}}]}}]}}]}}]}}]}}]}}]}}]}}]}}]}}]}}]}}]}}]}}]}}]}}]}}]}}]}}]}}]}}]}}]}}]}}]}}]}}]}}]}}]}}]}}]}}]}}]}}]}}]}}]}}]}}]}}]}}]}}]}}]}}]}}]}}]}}]}}]}}]}}]}}]}}]}}]}}]}}]}}]}}]}}]}}]}}]}}]}}]}}]}}]}}]}}]}}]}}]}}]}}]}}]}}]}}]}}]}}]}}]}}]}}]}}]}}]}}]}}]}}]}}]}}]}}]}}]}}]}}]}}]}}]}}]}}]}}]}}]}}]}}]}}]}}]}}]}}]}}]}}]}}]}}]}}]}}]}}]}}]}}]}}]}}]}}]}}]}}]}}]}}]}}]}}]}}]}}]}}]}}]}}]}}]}}]}}]}}]}}]}}]}}]}}]}}]}}]}}]}}]}}]}}]}}]}}]}}]}}]}}]}}]}}]}}]}}]}}]}}]}}]}}]}}]}}]}}]}}]}}]}}]}}]}}]}}]}}]}}]}}]}}]}}]}}]}}]}}]}}]}}]}}]}}]}}]}}]}}]}}]}}]}}]}}]}}]}}]}}]}}]}}]}}]}}]}}]}}]}}]}}]}}]}}]}}]}}]}}]}}]}}]}}]}}]}}]}}]}}]}}]}}]}}]}}]}}]}}]}}]}}]}}]}}]}}]}}]}}]}}]}}]}}]}}]}}]}}]}}]}}]}}]}}]}}]}}]}}]}}]}}]}}]}}]
    Forwarded URL = null
   Redirected URL = null
          Cookies = []
]]></system-out>
  </testcase>
  <testcase name="testFoldersAndFilesExist" classname="com.examly.springapp.SpringappApplicationTests" time="0.01"/>
  <testcase name="testGymServiceInterfaceExists" classname="com.examly.springapp.SpringappApplicationTests" time="0.012"/>
  <testcase name="testQueryAnnotationPresentInMembershipRepo" classname="com.examly.springapp.SpringappApplicationTests" time="0.017"/>
  <testcase name="testMembershipServiceInterfaceExists" classname="com.examly.springapp.SpringappApplicationTests" time="0.003"/>
  <testcase name="testOneToManyAnnotationPresentInGym" classname="com.examly.springapp.SpringappApplicationTests" time="0.002"/>
</testsuite>