<?xml version="1.0" encoding="UTF-8"?>
<testsuite xmlns:xsi="http://www.w3.org/2001/XMLSchema-instance" xsi:noNamespaceSchemaLocation="https://maven.apache.org/surefire/maven-surefire-plugin/xsd/surefire-test-report-3.0.xsd" version="3.0" name="com.examly.springapp.SpringappApplicationTests" time="5.395" tests="16" errors="0" skipped="0" failures="2">
  <properties>
    <property name="java.specification.version" value="17"/>
    <property name="sun.jnu.encoding" value="UTF-8"/>
    <property name="java.class.path" value="/home/coder/project/workspace/springapptests/springapp/target/test-classes:/home/coder/project/workspace/springapptests/springapp/target/classes:/home/coder/.m2/repository/org/springframework/boot/spring-boot-starter-data-jpa/3.3.8/spring-boot-starter-data-jpa-3.3.8.jar:/home/coder/.m2/repository/org/springframework/boot/spring-boot-starter-aop/3.3.8/spring-boot-starter-aop-3.3.8.jar:/home/coder/.m2/repository/org/springframework/spring-aop/6.1.16/spring-aop-6.1.16.jar:/home/coder/.m2/repository/org/aspectj/aspectjweaver/1.9.22.1/aspectjweaver-1.9.22.1.jar:/home/coder/.m2/repository/org/springframework/boot/spring-boot-starter-jdbc/3.3.8/spring-boot-starter-jdbc-3.3.8.jar:/home/coder/.m2/repository/com/zaxxer/HikariCP/5.1.0/HikariCP-5.1.0.jar:/home/coder/.m2/repository/org/springframework/spring-jdbc/6.1.16/spring-jdbc-6.1.16.jar:/home/coder/.m2/repository/org/hibernate/orm/hibernate-core/6.5.3.Final/hibernate-core-6.5.3.Final.jar:/home/coder/.m2/repository/jakarta/persistence/jakarta.persistence-api/3.1.0/jakarta.persistence-api-3.1.0.jar:/home/coder/.m2/repository/jakarta/transaction/jakarta.transaction-api/2.0.1/jakarta.transaction-api-2.0.1.jar:/home/coder/.m2/repository/org/jboss/logging/jboss-logging/3.5.3.Final/jboss-logging-3.5.3.Final.jar:/home/coder/.m2/repository/org/hibernate/common/hibernate-commons-annotations/6.0.6.Final/hibernate-commons-annotations-6.0.6.Final.jar:/home/coder/.m2/repository/io/smallrye/jandex/3.1.2/jandex-3.1.2.jar:/home/coder/.m2/repository/com/fasterxml/classmate/1.7.0/classmate-1.7.0.jar:/home/coder/.m2/repository/net/bytebuddy/byte-buddy/1.14.19/byte-buddy-1.14.19.jar:/home/coder/.m2/repository/org/glassfish/jaxb/jaxb-runtime/4.0.5/jaxb-runtime-4.0.5.jar:/home/coder/.m2/repository/org/glassfish/jaxb/jaxb-core/4.0.5/jaxb-core-4.0.5.jar:/home/coder/.m2/repository/org/eclipse/angus/angus-activation/2.0.2/angus-activation-2.0.2.jar:/home/coder/.m2/repository/org/glassfish/jaxb/txw2/4.0.5/txw2-4.0.5.jar:/home/coder/.m2/repository/com/sun/istack/istack-commons-runtime/4.1.2/istack-commons-runtime-4.1.2.jar:/home/coder/.m2/repository/jakarta/inject/jakarta.inject-api/2.0.1/jakarta.inject-api-2.0.1.jar:/home/coder/.m2/repository/org/antlr/antlr4-runtime/4.13.0/antlr4-runtime-4.13.0.jar:/home/coder/.m2/repository/org/springframework/data/spring-data-jpa/3.3.8/spring-data-jpa-3.3.8.jar:/home/coder/.m2/repository/org/springframework/data/spring-data-commons/3.3.8/spring-data-commons-3.3.8.jar:/home/coder/.m2/repository/org/springframework/spring-orm/6.1.16/spring-orm-6.1.16.jar:/home/coder/.m2/repository/org/springframework/spring-context/6.1.16/spring-context-6.1.16.jar:/home/coder/.m2/repository/org/springframework/spring-tx/6.1.16/spring-tx-6.1.16.jar:/home/coder/.m2/repository/org/springframework/spring-beans/6.1.16/spring-beans-6.1.16.jar:/home/coder/.m2/repository/jakarta/annotation/jakarta.annotation-api/2.1.1/jakarta.annotation-api-2.1.1.jar:/home/coder/.m2/repository/org/slf4j/slf4j-api/2.0.16/slf4j-api-2.0.16.jar:/home/coder/.m2/repository/org/springframework/spring-aspects/6.1.16/spring-aspects-6.1.16.jar:/home/coder/.m2/repository/org/springframework/boot/spring-boot-starter-web/3.3.8/spring-boot-starter-web-3.3.8.jar:/home/coder/.m2/repository/org/springframework/boot/spring-boot-starter/3.3.8/spring-boot-starter-3.3.8.jar:/home/coder/.m2/repository/org/springframework/boot/spring-boot-starter-logging/3.3.8/spring-boot-starter-logging-3.3.8.jar:/home/coder/.m2/repository/ch/qos/logback/logback-classic/1.5.16/logback-classic-1.5.16.jar:/home/coder/.m2/repository/ch/qos/logback/logback-core/1.5.16/logback-core-1.5.16.jar:/home/coder/.m2/repository/org/apache/logging/log4j/log4j-to-slf4j/2.23.1/log4j-to-slf4j-2.23.1.jar:/home/coder/.m2/repository/org/apache/logging/log4j/log4j-api/2.23.1/log4j-api-2.23.1.jar:/home/coder/.m2/repository/org/slf4j/jul-to-slf4j/2.0.16/jul-to-slf4j-2.0.16.jar:/home/coder/.m2/repository/org/yaml/snakeyaml/2.2/snakeyaml-2.2.jar:/home/coder/.m2/repository/org/springframework/boot/spring-boot-starter-json/3.3.8/spring-boot-starter-json-3.3.8.jar:/home/coder/.m2/repository/com/fasterxml/jackson/core/jackson-databind/2.17.3/jackson-databind-2.17.3.jar:/home/coder/.m2/repository/com/fasterxml/jackson/core/jackson-annotations/2.17.3/jackson-annotations-2.17.3.jar:/home/coder/.m2/repository/com/fasterxml/jackson/core/jackson-core/2.17.3/jackson-core-2.17.3.jar:/home/coder/.m2/repository/com/fasterxml/jackson/datatype/jackson-datatype-jdk8/2.17.3/jackson-datatype-jdk8-2.17.3.jar:/home/coder/.m2/repository/com/fasterxml/jackson/datatype/jackson-datatype-jsr310/2.17.3/jackson-datatype-jsr310-2.17.3.jar:/home/coder/.m2/repository/com/fasterxml/jackson/module/jackson-module-parameter-names/2.17.3/jackson-module-parameter-names-2.17.3.jar:/home/coder/.m2/repository/org/springframework/boot/spring-boot-starter-tomcat/3.3.8/spring-boot-starter-tomcat-3.3.8.jar:/home/coder/.m2/repository/org/apache/tomcat/embed/tomcat-embed-core/10.1.34/tomcat-embed-core-10.1.34.jar:/home/coder/.m2/repository/org/apache/tomcat/embed/tomcat-embed-el/10.1.34/tomcat-embed-el-10.1.34.jar:/home/coder/.m2/repository/org/apache/tomcat/embed/tomcat-embed-websocket/10.1.34/tomcat-embed-websocket-10.1.34.jar:/home/coder/.m2/repository/org/springframework/spring-web/6.1.16/spring-web-6.1.16.jar:/home/coder/.m2/repository/io/micrometer/micrometer-observation/1.13.10/micrometer-observation-1.13.10.jar:/home/coder/.m2/repository/io/micrometer/micrometer-commons/1.13.10/micrometer-commons-1.13.10.jar:/home/coder/.m2/repository/org/springframework/spring-webmvc/6.1.16/spring-webmvc-6.1.16.jar:/home/coder/.m2/repository/org/springframework/spring-expression/6.1.16/spring-expression-6.1.16.jar:/home/coder/.m2/repository/org/springframework/boot/spring-boot-devtools/3.3.8/spring-boot-devtools-3.3.8.jar:/home/coder/.m2/repository/org/springframework/boot/spring-boot/3.3.8/spring-boot-3.3.8.jar:/home/coder/.m2/repository/org/springframework/boot/spring-boot-autoconfigure/3.3.8/spring-boot-autoconfigure-3.3.8.jar:/home/coder/.m2/repository/com/mysql/mysql-connector-j/8.3.0/mysql-connector-j-8.3.0.jar:/home/coder/.m2/repository/org/springframework/boot/spring-boot-starter-test/3.3.8/spring-boot-starter-test-3.3.8.jar:/home/coder/.m2/repository/org/springframework/boot/spring-boot-test/3.3.8/spring-boot-test-3.3.8.jar:/home/coder/.m2/repository/org/springframework/boot/spring-boot-test-autoconfigure/3.3.8/spring-boot-test-autoconfigure-3.3.8.jar:/home/coder/.m2/repository/com/jayway/jsonpath/json-path/2.9.0/json-path-2.9.0.jar:/home/coder/.m2/repository/jakarta/xml/bind/jakarta.xml.bind-api/4.0.2/jakarta.xml.bind-api-4.0.2.jar:/home/coder/.m2/repository/jakarta/activation/jakarta.activation-api/2.1.3/jakarta.activation-api-2.1.3.jar:/home/coder/.m2/repository/net/minidev/json-smart/2.5.1/json-smart-2.5.1.jar:/home/coder/.m2/repository/net/minidev/accessors-smart/2.5.1/accessors-smart-2.5.1.jar:/home/coder/.m2/repository/org/ow2/asm/asm/9.6/asm-9.6.jar:/home/coder/.m2/repository/org/assertj/assertj-core/3.25.3/assertj-core-3.25.3.jar:/home/coder/.m2/repository/org/awaitility/awaitility/4.2.2/awaitility-4.2.2.jar:/home/coder/.m2/repository/org/hamcrest/hamcrest/2.2/hamcrest-2.2.jar:/home/coder/.m2/repository/org/junit/jupiter/junit-jupiter/5.10.5/junit-jupiter-5.10.5.jar:/home/coder/.m2/repository/org/junit/jupiter/junit-jupiter-api/5.10.5/junit-jupiter-api-5.10.5.jar:/home/coder/.m2/repository/org/opentest4j/opentest4j/1.3.0/opentest4j-1.3.0.jar:/home/coder/.m2/repository/org/junit/platform/junit-platform-commons/1.10.5/junit-platform-commons-1.10.5.jar:/home/coder/.m2/repository/org/apiguardian/apiguardian-api/1.1.2/apiguardian-api-1.1.2.jar:/home/coder/.m2/repository/org/junit/jupiter/junit-jupiter-params/5.10.5/junit-jupiter-params-5.10.5.jar:/home/coder/.m2/repository/org/junit/jupiter/junit-jupiter-engine/5.10.5/junit-jupiter-engine-5.10.5.jar:/home/coder/.m2/repository/org/junit/platform/junit-platform-engine/1.10.5/junit-platform-engine-1.10.5.jar:/home/coder/.m2/repository/org/mockito/mockito-core/5.11.0/mockito-core-5.11.0.jar:/home/coder/.m2/repository/net/bytebuddy/byte-buddy-agent/1.14.19/byte-buddy-agent-1.14.19.jar:/home/coder/.m2/repository/org/objenesis/objenesis/3.3/objenesis-3.3.jar:/home/coder/.m2/repository/org/mockito/mockito-junit-jupiter/5.11.0/mockito-junit-jupiter-5.11.0.jar:/home/coder/.m2/repository/org/skyscreamer/jsonassert/1.5.3/jsonassert-1.5.3.jar:/home/coder/.m2/repository/com/vaadin/external/google/android-json/0.0.20131108.vaadin1/android-json-0.0.20131108.vaadin1.jar:/home/coder/.m2/repository/org/springframework/spring-core/6.1.16/spring-core-6.1.16.jar:/home/coder/.m2/repository/org/springframework/spring-jcl/6.1.16/spring-jcl-6.1.16.jar:/home/coder/.m2/repository/org/springframework/spring-test/6.1.16/spring-test-6.1.16.jar:/home/coder/.m2/repository/org/xmlunit/xmlunit-core/2.9.1/xmlunit-core-2.9.1.jar:"/>
    <property name="java.vm.vendor" value="Debian"/>
    <property name="sun.arch.data.model" value="64"/>
    <property name="java.vendor.url" value="https://tracker.debian.org/openjdk-17"/>
    <property name="user.timezone" value="Etc/UTC"/>
    <property name="org.jboss.logging.provider" value="slf4j"/>
    <property name="os.name" value="Linux"/>
    <property name="java.vm.specification.version" value="17"/>
    <property name="sun.java.launcher" value="SUN_STANDARD"/>
    <property name="user.country" value="US"/>
    <property name="sun.boot.library.path" value="/usr/lib/jvm/java-17-openjdk-amd64/lib"/>
    <property name="sun.java.command" value="/home/coder/project/workspace/springapptests/springapp/target/surefire/surefirebooter8339506104710886095.jar /home/coder/project/workspace/springapptests/springapp/target/surefire 2025-04-23T20-12-46_766-jvmRun1 surefire10577254059332337252tmp surefire_066094081212225947tmp"/>
    <property name="jdk.debug" value="release"/>
    <property name="surefire.test.class.path" value="/home/coder/project/workspace/springapptests/springapp/target/test-classes:/home/coder/project/workspace/springapptests/springapp/target/classes:/home/coder/.m2/repository/org/springframework/boot/spring-boot-starter-data-jpa/3.3.8/spring-boot-starter-data-jpa-3.3.8.jar:/home/coder/.m2/repository/org/springframework/boot/spring-boot-starter-aop/3.3.8/spring-boot-starter-aop-3.3.8.jar:/home/coder/.m2/repository/org/springframework/spring-aop/6.1.16/spring-aop-6.1.16.jar:/home/coder/.m2/repository/org/aspectj/aspectjweaver/1.9.22.1/aspectjweaver-1.9.22.1.jar:/home/coder/.m2/repository/org/springframework/boot/spring-boot-starter-jdbc/3.3.8/spring-boot-starter-jdbc-3.3.8.jar:/home/coder/.m2/repository/com/zaxxer/HikariCP/5.1.0/HikariCP-5.1.0.jar:/home/coder/.m2/repository/org/springframework/spring-jdbc/6.1.16/spring-jdbc-6.1.16.jar:/home/coder/.m2/repository/org/hibernate/orm/hibernate-core/6.5.3.Final/hibernate-core-6.5.3.Final.jar:/home/coder/.m2/repository/jakarta/persistence/jakarta.persistence-api/3.1.0/jakarta.persistence-api-3.1.0.jar:/home/coder/.m2/repository/jakarta/transaction/jakarta.transaction-api/2.0.1/jakarta.transaction-api-2.0.1.jar:/home/coder/.m2/repository/org/jboss/logging/jboss-logging/3.5.3.Final/jboss-logging-3.5.3.Final.jar:/home/coder/.m2/repository/org/hibernate/common/hibernate-commons-annotations/6.0.6.Final/hibernate-commons-annotations-6.0.6.Final.jar:/home/coder/.m2/repository/io/smallrye/jandex/3.1.2/jandex-3.1.2.jar:/home/coder/.m2/repository/com/fasterxml/classmate/1.7.0/classmate-1.7.0.jar:/home/coder/.m2/repository/net/bytebuddy/byte-buddy/1.14.19/byte-buddy-1.14.19.jar:/home/coder/.m2/repository/org/glassfish/jaxb/jaxb-runtime/4.0.5/jaxb-runtime-4.0.5.jar:/home/coder/.m2/repository/org/glassfish/jaxb/jaxb-core/4.0.5/jaxb-core-4.0.5.jar:/home/coder/.m2/repository/org/eclipse/angus/angus-activation/2.0.2/angus-activation-2.0.2.jar:/home/coder/.m2/repository/org/glassfish/jaxb/txw2/4.0.5/txw2-4.0.5.jar:/home/coder/.m2/repository/com/sun/istack/istack-commons-runtime/4.1.2/istack-commons-runtime-4.1.2.jar:/home/coder/.m2/repository/jakarta/inject/jakarta.inject-api/2.0.1/jakarta.inject-api-2.0.1.jar:/home/coder/.m2/repository/org/antlr/antlr4-runtime/4.13.0/antlr4-runtime-4.13.0.jar:/home/coder/.m2/repository/org/springframework/data/spring-data-jpa/3.3.8/spring-data-jpa-3.3.8.jar:/home/coder/.m2/repository/org/springframework/data/spring-data-commons/3.3.8/spring-data-commons-3.3.8.jar:/home/coder/.m2/repository/org/springframework/spring-orm/6.1.16/spring-orm-6.1.16.jar:/home/coder/.m2/repository/org/springframework/spring-context/6.1.16/spring-context-6.1.16.jar:/home/coder/.m2/repository/org/springframework/spring-tx/6.1.16/spring-tx-6.1.16.jar:/home/coder/.m2/repository/org/springframework/spring-beans/6.1.16/spring-beans-6.1.16.jar:/home/coder/.m2/repository/jakarta/annotation/jakarta.annotation-api/2.1.1/jakarta.annotation-api-2.1.1.jar:/home/coder/.m2/repository/org/slf4j/slf4j-api/2.0.16/slf4j-api-2.0.16.jar:/home/coder/.m2/repository/org/springframework/spring-aspects/6.1.16/spring-aspects-6.1.16.jar:/home/coder/.m2/repository/org/springframework/boot/spring-boot-starter-web/3.3.8/spring-boot-starter-web-3.3.8.jar:/home/coder/.m2/repository/org/springframework/boot/spring-boot-starter/3.3.8/spring-boot-starter-3.3.8.jar:/home/coder/.m2/repository/org/springframework/boot/spring-boot-starter-logging/3.3.8/spring-boot-starter-logging-3.3.8.jar:/home/coder/.m2/repository/ch/qos/logback/logback-classic/1.5.16/logback-classic-1.5.16.jar:/home/coder/.m2/repository/ch/qos/logback/logback-core/1.5.16/logback-core-1.5.16.jar:/home/coder/.m2/repository/org/apache/logging/log4j/log4j-to-slf4j/2.23.1/log4j-to-slf4j-2.23.1.jar:/home/coder/.m2/repository/org/apache/logging/log4j/log4j-api/2.23.1/log4j-api-2.23.1.jar:/home/coder/.m2/repository/org/slf4j/jul-to-slf4j/2.0.16/jul-to-slf4j-2.0.16.jar:/home/coder/.m2/repository/org/yaml/snakeyaml/2.2/snakeyaml-2.2.jar:/home/coder/.m2/repository/org/springframework/boot/spring-boot-starter-json/3.3.8/spring-boot-starter-json-3.3.8.jar:/home/coder/.m2/repository/com/fasterxml/jackson/core/jackson-databind/2.17.3/jackson-databind-2.17.3.jar:/home/coder/.m2/repository/com/fasterxml/jackson/core/jackson-annotations/2.17.3/jackson-annotations-2.17.3.jar:/home/coder/.m2/repository/com/fasterxml/jackson/core/jackson-core/2.17.3/jackson-core-2.17.3.jar:/home/coder/.m2/repository/com/fasterxml/jackson/datatype/jackson-datatype-jdk8/2.17.3/jackson-datatype-jdk8-2.17.3.jar:/home/coder/.m2/repository/com/fasterxml/jackson/datatype/jackson-datatype-jsr310/2.17.3/jackson-datatype-jsr310-2.17.3.jar:/home/coder/.m2/repository/com/fasterxml/jackson/module/jackson-module-parameter-names/2.17.3/jackson-module-parameter-names-2.17.3.jar:/home/coder/.m2/repository/org/springframework/boot/spring-boot-starter-tomcat/3.3.8/spring-boot-starter-tomcat-3.3.8.jar:/home/coder/.m2/repository/org/apache/tomcat/embed/tomcat-embed-core/10.1.34/tomcat-embed-core-10.1.34.jar:/home/coder/.m2/repository/org/apache/tomcat/embed/tomcat-embed-el/10.1.34/tomcat-embed-el-10.1.34.jar:/home/coder/.m2/repository/org/apache/tomcat/embed/tomcat-embed-websocket/10.1.34/tomcat-embed-websocket-10.1.34.jar:/home/coder/.m2/repository/org/springframework/spring-web/6.1.16/spring-web-6.1.16.jar:/home/coder/.m2/repository/io/micrometer/micrometer-observation/1.13.10/micrometer-observation-1.13.10.jar:/home/coder/.m2/repository/io/micrometer/micrometer-commons/1.13.10/micrometer-commons-1.13.10.jar:/home/coder/.m2/repository/org/springframework/spring-webmvc/6.1.16/spring-webmvc-6.1.16.jar:/home/coder/.m2/repository/org/springframework/spring-expression/6.1.16/spring-expression-6.1.16.jar:/home/coder/.m2/repository/org/springframework/boot/spring-boot-devtools/3.3.8/spring-boot-devtools-3.3.8.jar:/home/coder/.m2/repository/org/springframework/boot/spring-boot/3.3.8/spring-boot-3.3.8.jar:/home/coder/.m2/repository/org/springframework/boot/spring-boot-autoconfigure/3.3.8/spring-boot-autoconfigure-3.3.8.jar:/home/coder/.m2/repository/com/mysql/mysql-connector-j/8.3.0/mysql-connector-j-8.3.0.jar:/home/coder/.m2/repository/org/springframework/boot/spring-boot-starter-test/3.3.8/spring-boot-starter-test-3.3.8.jar:/home/coder/.m2/repository/org/springframework/boot/spring-boot-test/3.3.8/spring-boot-test-3.3.8.jar:/home/coder/.m2/repository/org/springframework/boot/spring-boot-test-autoconfigure/3.3.8/spring-boot-test-autoconfigure-3.3.8.jar:/home/coder/.m2/repository/com/jayway/jsonpath/json-path/2.9.0/json-path-2.9.0.jar:/home/coder/.m2/repository/jakarta/xml/bind/jakarta.xml.bind-api/4.0.2/jakarta.xml.bind-api-4.0.2.jar:/home/coder/.m2/repository/jakarta/activation/jakarta.activation-api/2.1.3/jakarta.activation-api-2.1.3.jar:/home/coder/.m2/repository/net/minidev/json-smart/2.5.1/json-smart-2.5.1.jar:/home/coder/.m2/repository/net/minidev/accessors-smart/2.5.1/accessors-smart-2.5.1.jar:/home/coder/.m2/repository/org/ow2/asm/asm/9.6/asm-9.6.jar:/home/coder/.m2/repository/org/assertj/assertj-core/3.25.3/assertj-core-3.25.3.jar:/home/coder/.m2/repository/org/awaitility/awaitility/4.2.2/awaitility-4.2.2.jar:/home/coder/.m2/repository/org/hamcrest/hamcrest/2.2/hamcrest-2.2.jar:/home/coder/.m2/repository/org/junit/jupiter/junit-jupiter/5.10.5/junit-jupiter-5.10.5.jar:/home/coder/.m2/repository/org/junit/jupiter/junit-jupiter-api/5.10.5/junit-jupiter-api-5.10.5.jar:/home/coder/.m2/repository/org/opentest4j/opentest4j/1.3.0/opentest4j-1.3.0.jar:/home/coder/.m2/repository/org/junit/platform/junit-platform-commons/1.10.5/junit-platform-commons-1.10.5.jar:/home/coder/.m2/repository/org/apiguardian/apiguardian-api/1.1.2/apiguardian-api-1.1.2.jar:/home/coder/.m2/repository/org/junit/jupiter/junit-jupiter-params/5.10.5/junit-jupiter-params-5.10.5.jar:/home/coder/.m2/repository/org/junit/jupiter/junit-jupiter-engine/5.10.5/junit-jupiter-engine-5.10.5.jar:/home/coder/.m2/repository/org/junit/platform/junit-platform-engine/1.10.5/junit-platform-engine-1.10.5.jar:/home/coder/.m2/repository/org/mockito/mockito-core/5.11.0/mockito-core-5.11.0.jar:/home/coder/.m2/repository/net/bytebuddy/byte-buddy-agent/1.14.19/byte-buddy-agent-1.14.19.jar:/home/coder/.m2/repository/org/objenesis/objenesis/3.3/objenesis-3.3.jar:/home/coder/.m2/repository/org/mockito/mockito-junit-jupiter/5.11.0/mockito-junit-jupiter-5.11.0.jar:/home/coder/.m2/repository/org/skyscreamer/jsonassert/1.5.3/jsonassert-1.5.3.jar:/home/coder/.m2/repository/com/vaadin/external/google/android-json/0.0.20131108.vaadin1/android-json-0.0.20131108.vaadin1.jar:/home/coder/.m2/repository/org/springframework/spring-core/6.1.16/spring-core-6.1.16.jar:/home/coder/.m2/repository/org/springframework/spring-jcl/6.1.16/spring-jcl-6.1.16.jar:/home/coder/.m2/repository/org/springframework/spring-test/6.1.16/spring-test-6.1.16.jar:/home/coder/.m2/repository/org/xmlunit/xmlunit-core/2.9.1/xmlunit-core-2.9.1.jar:"/>
    <property name="sun.cpu.endian" value="little"/>
    <property name="user.home" value="/home/coder"/>
    <property name="user.language" value="en"/>
    <property name="java.specification.vendor" value="Oracle Corporation"/>
    <property name="java.version.date" value="2025-01-21"/>
    <property name="java.home" value="/usr/lib/jvm/java-17-openjdk-amd64"/>
    <property name="file.separator" value="/"/>
    <property name="basedir" value="/home/coder/project/workspace/springapptests/springapp"/>
    <property name="java.vm.compressedOopsMode" value="32-bit"/>
    <property name="line.separator" value="&#10;"/>
    <property name="java.specification.name" value="Java Platform API Specification"/>
    <property name="java.vm.specification.vendor" value="Oracle Corporation"/>
    <property name="FILE_LOG_CHARSET" value="UTF-8"/>
    <property name="java.awt.headless" value="true"/>
    <property name="surefire.real.class.path" value="/home/coder/project/workspace/springapptests/springapp/target/surefire/surefirebooter8339506104710886095.jar"/>
    <property name="sun.management.compiler" value="HotSpot 64-Bit Tiered Compilers"/>
    <property name="java.runtime.version" value="17.0.14+7-Debian-1deb11u1"/>
    <property name="user.name" value="coder"/>
    <property name="path.separator" value=":"/>
    <property name="os.version" value="6.1.123+"/>
    <property name="java.runtime.name" value="OpenJDK Runtime Environment"/>
    <property name="file.encoding" value="UTF-8"/>
    <property name="java.vm.name" value="OpenJDK 64-Bit Server VM"/>
    <property name="localRepository" value="/home/coder/.m2/repository"/>
    <property name="java.vendor.url.bug" value="https://bugs.debian.org/openjdk-17"/>
    <property name="java.io.tmpdir" value="/tmp"/>
    <property name="com.zaxxer.hikari.pool_number" value="1"/>
    <property name="java.version" value="17.0.14"/>
    <property name="user.dir" value="/home/coder/project/workspace/springapptests/springapp"/>
    <property name="os.arch" value="amd64"/>
    <property name="java.vm.specification.name" value="Java Virtual Machine Specification"/>
    <property name="PID" value="61943"/>
    <property name="CONSOLE_LOG_CHARSET" value="UTF-8"/>
    <property name="native.encoding" value="UTF-8"/>
    <property name="java.library.path" value="/usr/java/packages/lib:/usr/lib/x86_64-linux-gnu/jni:/lib/x86_64-linux-gnu:/usr/lib/x86_64-linux-gnu:/usr/lib/jni:/lib:/usr/lib"/>
    <property name="java.vm.info" value="mixed mode, sharing"/>
    <property name="java.vendor" value="Debian"/>
    <property name="java.vm.version" value="17.0.14+7-Debian-1deb11u1"/>
    <property name="java.specification.maintenance.version" value="1"/>
    <property name="sun.io.unicode.encoding" value="UnicodeLittle"/>
    <property name="java.class.version" value="61.0"/>
  </properties>
  <testcase name="testGetAllLaptops_NotFound" classname="com.examly.springapp.SpringappApplicationTests" time="0.594">
    <system-out><![CDATA[20:12:47.981 [main] INFO org.springframework.boot.devtools.restart.RestartApplicationListener -- Restart disabled due to context in which it is running

  .   ____          _            __ _ _
 /\\ / ___'_ __ _ _(_)_ __  __ _ \ \ \ \
( ( )\___ | '_ | '_| | '_ \/ _` | \ \ \ \
 \\/  ___)| |_)| | | | | || (_| |  ) ) ) )
  '  |____| .__|_| |_|_| |_\__, | / / / /
 =========|_|==============|___/=/_/_/_/

 :: Spring Boot ::                (v3.3.8)

2025-04-23T20:12:48.232Z  INFO 61943 --- [           main] c.e.springapp.SpringappApplicationTests  : Starting SpringappApplicationTests using Java 17.0.14 with PID 61943 (started by coder in /home/coder/project/workspace/springapptests/springapp)
2025-04-23T20:12:48.234Z  INFO 61943 --- [           main] c.e.springapp.SpringappApplicationTests  : No active profile set, falling back to 1 default profile: "default"
2025-04-23T20:12:48.976Z  INFO 61943 --- [           main] .s.d.r.c.RepositoryConfigurationDelegate : Bootstrapping Spring Data JPA repositories in DEFAULT mode.
2025-04-23T20:12:49.026Z  INFO 61943 --- [           main] .s.d.r.c.RepositoryConfigurationDelegate : Finished Spring Data repository scanning in 44 ms. Found 2 JPA repository interfaces.
2025-04-23T20:12:49.468Z  INFO 61943 --- [           main] o.hibernate.jpa.internal.util.LogHelper  : HHH000204: Processing PersistenceUnitInfo [name: default]
2025-04-23T20:12:49.513Z  INFO 61943 --- [           main] org.hibernate.Version                    : HHH000412: Hibernate ORM core version 6.5.3.Final
2025-04-23T20:12:49.539Z  INFO 61943 --- [           main] o.h.c.internal.RegionFactoryInitiator    : HHH000026: Second-level cache disabled
2025-04-23T20:12:49.781Z  INFO 61943 --- [           main] o.s.o.j.p.SpringPersistenceUnitInfo      : No LoadTimeWeaver setup: ignoring JPA class transformer
2025-04-23T20:12:49.812Z  INFO 61943 --- [           main] com.zaxxer.hikari.HikariDataSource       : HikariPool-1 - Starting...
2025-04-23T20:12:50.053Z  INFO 61943 --- [           main] com.zaxxer.hikari.pool.HikariPool        : HikariPool-1 - Added connection com.mysql.cj.jdbc.ConnectionImpl@38c10190
2025-04-23T20:12:50.056Z  INFO 61943 --- [           main] com.zaxxer.hikari.HikariDataSource       : HikariPool-1 - Start completed.
2025-04-23T20:12:50.079Z  WARN 61943 --- [           main] org.hibernate.orm.deprecation            : HHH90000025: MySQL8Dialect does not need to be specified explicitly using 'hibernate.dialect' (remove the property setting and it will be selected by default)
2025-04-23T20:12:50.080Z  WARN 61943 --- [           main] org.hibernate.orm.deprecation            : HHH90000026: MySQL8Dialect has been deprecated; use org.hibernate.dialect.MySQLDialect instead
2025-04-23T20:12:50.780Z  INFO 61943 --- [           main] o.h.e.t.j.p.i.JtaPlatformInitiator       : HHH000489: No JTA platform available (set 'hibernate.transaction.jta.platform' to enable JTA platform integration)
Hibernate: alter table laptop drop foreign key FKooqo9avddwki53oo4fmad0u0q
Hibernate: drop table if exists laptop
Hibernate: drop table if exists user
Hibernate: create table laptop (id bigint not null auto_increment, user_id bigint, brand varchar(255), model varchar(255), serial_number varchar(255), status varchar(255), primary key (id)) engine=InnoDB
Hibernate: create table user (id bigint not null auto_increment, department varchar(255), name varchar(255), primary key (id)) engine=InnoDB
Hibernate: alter table laptop add constraint UKtlki0ww9j5y04x8vunr7022c2 unique (user_id)
Hibernate: alter table laptop add constraint FKooqo9avddwki53oo4fmad0u0q foreign key (user_id) references user (id)
2025-04-23T20:12:50.975Z  INFO 61943 --- [           main] j.LocalContainerEntityManagerFactoryBean : Initialized JPA EntityManagerFactory for persistence unit 'default'
2025-04-23T20:12:51.382Z  WARN 61943 --- [           main] JpaBaseConfiguration$JpaWebConfiguration : spring.jpa.open-in-view is enabled by default. Therefore, database queries may be performed during view rendering. Explicitly configure spring.jpa.open-in-view to disable this warning
2025-04-23T20:12:51.760Z  INFO 61943 --- [           main] o.s.b.t.m.w.SpringBootMockServletContext : Initializing Spring TestDispatcherServlet ''
2025-04-23T20:12:51.761Z  INFO 61943 --- [           main] o.s.t.web.servlet.TestDispatcherServlet  : Initializing Servlet ''
2025-04-23T20:12:51.763Z  INFO 61943 --- [           main] o.s.t.web.servlet.TestDispatcherServlet  : Completed initialization in 1 ms
2025-04-23T20:12:51.787Z  INFO 61943 --- [           main] c.e.springapp.SpringappApplicationTests  : Started SpringappApplicationTests in 3.817 seconds (process running for 4.734)
Hibernate: select l1_0.id,l1_0.brand,l1_0.model,l1_0.serial_number,l1_0.status,l1_0.user_id from laptop l1_0
]]></system-out>
  </testcase>
  <testcase name="testCreateUser_Success" classname="com.examly.springapp.SpringappApplicationTests" time="0.135">
    <system-out><![CDATA[Hibernate: insert into user (department,name) values (?,?)
]]></system-out>
  </testcase>
  <testcase name="testCreateLaptop_Success" classname="com.examly.springapp.SpringappApplicationTests" time="0.035">
    <system-out><![CDATA[Hibernate: select u1_0.id,u1_0.department,l1_0.id,l1_0.brand,l1_0.model,l1_0.serial_number,l1_0.status,u1_0.name from user u1_0 left join laptop l1_0 on u1_0.id=l1_0.user_id where u1_0.id=?
Hibernate: insert into laptop (brand,model,serial_number,status,user_id) values (?,?,?,?,?)
]]></system-out>
  </testcase>
  <testcase name="testGetAllLaptops_Success" classname="com.examly.springapp.SpringappApplicationTests" time="0.02">
    <system-out><![CDATA[Hibernate: select l1_0.id,l1_0.brand,l1_0.model,l1_0.serial_number,l1_0.status,l1_0.user_id from laptop l1_0
Hibernate: select u1_0.id,u1_0.department,l1_0.id,l1_0.brand,l1_0.model,l1_0.serial_number,l1_0.status,u1_0.name from user u1_0 left join laptop l1_0 on u1_0.id=l1_0.user_id where u1_0.id=?
]]></system-out>
  </testcase>
  <testcase name="testUpdateLaptop_Success" classname="com.examly.springapp.SpringappApplicationTests" time="0.032">
    <system-out><![CDATA[Hibernate: select l1_0.id,l1_0.brand,l1_0.model,l1_0.serial_number,l1_0.status,u1_0.id,u1_0.department,u1_0.name from laptop l1_0 left join user u1_0 on u1_0.id=l1_0.user_id where l1_0.id=?
Hibernate: update laptop set brand=?,model=?,serial_number=?,status=?,user_id=? where id=?
]]></system-out>
  </testcase>
  <testcase name="testUpdateLaptop_NotFound" classname="com.examly.springapp.SpringappApplicationTests" time="0.015">
    <system-out><![CDATA[Hibernate: select l1_0.id,l1_0.brand,l1_0.model,l1_0.serial_number,l1_0.status,u1_0.id,u1_0.department,u1_0.name from laptop l1_0 left join user u1_0 on u1_0.id=l1_0.user_id where l1_0.id=?
]]></system-out>
  </testcase>
  <testcase name="testAssignLaptopToUser_UserNotFound" classname="com.examly.springapp.SpringappApplicationTests" time="0.011">
    <system-out><![CDATA[Hibernate: select u1_0.id,u1_0.department,l1_0.id,l1_0.brand,l1_0.model,l1_0.serial_number,l1_0.status,u1_0.name from user u1_0 left join laptop l1_0 on u1_0.id=l1_0.user_id where u1_0.id=?
]]></system-out>
  </testcase>
  <testcase name="testGetLaptopById_Success" classname="com.examly.springapp.SpringappApplicationTests" time="0.009">
    <system-out><![CDATA[Hibernate: select l1_0.id,l1_0.brand,l1_0.model,l1_0.serial_number,l1_0.status,u1_0.id,u1_0.department,u1_0.name from laptop l1_0 left join user u1_0 on u1_0.id=l1_0.user_id where l1_0.id=?
]]></system-out>
  </testcase>
  <testcase name="testGetLaptopsByDepartment_Success" classname="com.examly.springapp.SpringappApplicationTests" time="0.014">
    <failure type="java.lang.AssertionError"><![CDATA[java.lang.AssertionError: Status expected:<200> but was:<404>
	at com.examly.springapp.SpringappApplicationTests.testGetLaptopsByDepartment_Success(SpringappApplicationTests.java:139)
]]></failure>
    <system-out><![CDATA[
MockHttpServletRequest:
      HTTP Method = GET
      Request URI = /api/laptop/byDepartment/Engineering
       Parameters = {}
          Headers = [Accept:"application/json"]
             Body = null
    Session Attrs = {}

Handler:
             Type = org.springframework.web.servlet.resource.ResourceHttpRequestHandler

Async:
    Async started = false
     Async result = null

Resolved Exception:
             Type = org.springframework.web.servlet.resource.NoResourceFoundException

ModelAndView:
        View name = null
             View = null
            Model = null

FlashMap:
       Attributes = null

MockHttpServletResponse:
           Status = 404
    Error message = No static resource api/laptop/byDepartment/Engineering.
          Headers = [Vary:"Origin", "Access-Control-Request-Method", "Access-Control-Request-Headers"]
     Content type = null
             Body = 
    Forwarded URL = null
   Redirected URL = null
          Cookies = []
]]></system-out>
  </testcase>
  <testcase name="testGetLaptopById_NotFound" classname="com.examly.springapp.SpringappApplicationTests" time="0.017">
    <system-out><![CDATA[Hibernate: select l1_0.id,l1_0.brand,l1_0.model,l1_0.serial_number,l1_0.status,u1_0.id,u1_0.department,u1_0.name from laptop l1_0 left join user u1_0 on u1_0.id=l1_0.user_id where l1_0.id=?
]]></system-out>
  </testcase>
  <testcase name="testDeleteLaptop_Success" classname="com.examly.springapp.SpringappApplicationTests" time="0.212">
    <system-out><![CDATA[Hibernate: select count(*) from laptop l1_0 where l1_0.id=?
Hibernate: select l1_0.id,l1_0.brand,l1_0.model,l1_0.serial_number,l1_0.status,u1_0.id,u1_0.department,u1_0.name from laptop l1_0 left join user u1_0 on u1_0.id=l1_0.user_id where l1_0.id=?
Hibernate: delete from laptop where id=?
]]></system-out>
  </testcase>
  <testcase name="testDeleteLaptop_NotFound" classname="com.examly.springapp.SpringappApplicationTests" time="0.011">
    <system-out><![CDATA[Hibernate: select count(*) from laptop l1_0 where l1_0.id=?
]]></system-out>
  </testcase>
  <testcase name="testLaptopUnderMaintenanceException" classname="com.examly.springapp.SpringappApplicationTests" time="0.01">
    <failure type="java.lang.AssertionError"><![CDATA[java.lang.AssertionError: Response content expected:<Laptop is under maintenance and cannot be assigned.> but was:<>
	at com.examly.springapp.SpringappApplicationTests.testLaptopUnderMaintenanceException(SpringappApplicationTests.java:188)
]]></failure>
    <system-out><![CDATA[2025-04-23T20:12:52.939Z  WARN 61943 --- [           main] .w.s.m.s.DefaultHandlerExceptionResolver : Resolved [org.springframework.http.converter.HttpMessageNotReadableException: JSON parse error: Unexpected character ('}' (code 125)): was expecting double-quote to start field name]

MockHttpServletRequest:
      HTTP Method = POST
      Request URI = /api/laptop/user/1
       Parameters = {}
          Headers = [Content-Type:"application/json;charset=UTF-8", Accept:"application/json", Content-Length:"93"]
             Body = {"brand": "Dell","model": "XPS 13","serialNumber": "SN123456","status": "Under Maintenance",}
    Session Attrs = {}

Handler:
             Type = com.examly.springapp.controller.LaptopController
           Method = com.examly.springapp.controller.LaptopController#addLaptop(Laptop, Long)

Async:
    Async started = false
     Async result = null

Resolved Exception:
             Type = org.springframework.http.converter.HttpMessageNotReadableException

ModelAndView:
        View name = null
             View = null
            Model = null

FlashMap:
       Attributes = null

MockHttpServletResponse:
           Status = 400
    Error message = null
          Headers = []
     Content type = null
             Body = 
    Forwarded URL = null
   Redirected URL = null
          Cookies = []
]]></system-out>
  </testcase>
  <testcase name="testQueryAnnotationPresentInLaptopRepository" classname="com.examly.springapp.SpringappApplicationTests" time="0.008"/>
  <testcase name="testFoldersExist" classname="com.examly.springapp.SpringappApplicationTests" time="0.003"/>
  <testcase name="testFilesExist" classname="com.examly.springapp.SpringappApplicationTests" time="0.003"/>
</testsuite>