<?xml version="1.0" encoding="UTF-8"?>
<testsuite xmlns:xsi="http://www.w3.org/2001/XMLSchema-instance" xsi:noNamespaceSchemaLocation="https://maven.apache.org/surefire/maven-surefire-plugin/xsd/surefire-test-report-3.0.xsd" version="3.0" name="com.examly.springapp.SpringappApplicationTests" time="4.596" tests="17" errors="2" skipped="0" failures="3">
  <properties>
    <property name="java.specification.version" value="17"/>
    <property name="sun.jnu.encoding" value="UTF-8"/>
    <property name="java.class.path" value="/home/coder/project/workspace/springapptests/springapp/target/test-classes:/home/coder/project/workspace/springapptests/springapp/target/classes:/home/coder/.m2/repository/org/springframework/boot/spring-boot-starter-data-jpa/3.3.8/spring-boot-starter-data-jpa-3.3.8.jar:/home/coder/.m2/repository/org/springframework/boot/spring-boot-starter-aop/3.3.8/spring-boot-starter-aop-3.3.8.jar:/home/coder/.m2/repository/org/springframework/spring-aop/6.1.16/spring-aop-6.1.16.jar:/home/coder/.m2/repository/org/aspectj/aspectjweaver/1.9.22.1/aspectjweaver-1.9.22.1.jar:/home/coder/.m2/repository/org/springframework/boot/spring-boot-starter-jdbc/3.3.8/spring-boot-starter-jdbc-3.3.8.jar:/home/coder/.m2/repository/com/zaxxer/HikariCP/5.1.0/HikariCP-5.1.0.jar:/home/coder/.m2/repository/org/springframework/spring-jdbc/6.1.16/spring-jdbc-6.1.16.jar:/home/coder/.m2/repository/org/hibernate/orm/hibernate-core/6.5.3.Final/hibernate-core-6.5.3.Final.jar:/home/coder/.m2/repository/jakarta/persistence/jakarta.persistence-api/3.1.0/jakarta.persistence-api-3.1.0.jar:/home/coder/.m2/repository/jakarta/transaction/jakarta.transaction-api/2.0.1/jakarta.transaction-api-2.0.1.jar:/home/coder/.m2/repository/org/jboss/logging/jboss-logging/3.5.3.Final/jboss-logging-3.5.3.Final.jar:/home/coder/.m2/repository/org/hibernate/common/hibernate-commons-annotations/6.0.6.Final/hibernate-commons-annotations-6.0.6.Final.jar:/home/coder/.m2/repository/io/smallrye/jandex/3.1.2/jandex-3.1.2.jar:/home/coder/.m2/repository/com/fasterxml/classmate/1.7.0/classmate-1.7.0.jar:/home/coder/.m2/repository/net/bytebuddy/byte-buddy/1.14.19/byte-buddy-1.14.19.jar:/home/coder/.m2/repository/org/glassfish/jaxb/jaxb-runtime/4.0.5/jaxb-runtime-4.0.5.jar:/home/coder/.m2/repository/org/glassfish/jaxb/jaxb-core/4.0.5/jaxb-core-4.0.5.jar:/home/coder/.m2/repository/org/eclipse/angus/angus-activation/2.0.2/angus-activation-2.0.2.jar:/home/coder/.m2/repository/org/glassfish/jaxb/txw2/4.0.5/txw2-4.0.5.jar:/home/coder/.m2/repository/com/sun/istack/istack-commons-runtime/4.1.2/istack-commons-runtime-4.1.2.jar:/home/coder/.m2/repository/jakarta/inject/jakarta.inject-api/2.0.1/jakarta.inject-api-2.0.1.jar:/home/coder/.m2/repository/org/antlr/antlr4-runtime/4.13.0/antlr4-runtime-4.13.0.jar:/home/coder/.m2/repository/org/springframework/data/spring-data-jpa/3.3.8/spring-data-jpa-3.3.8.jar:/home/coder/.m2/repository/org/springframework/data/spring-data-commons/3.3.8/spring-data-commons-3.3.8.jar:/home/coder/.m2/repository/org/springframework/spring-orm/6.1.16/spring-orm-6.1.16.jar:/home/coder/.m2/repository/org/springframework/spring-context/6.1.16/spring-context-6.1.16.jar:/home/coder/.m2/repository/org/springframework/spring-tx/6.1.16/spring-tx-6.1.16.jar:/home/coder/.m2/repository/org/springframework/spring-beans/6.1.16/spring-beans-6.1.16.jar:/home/coder/.m2/repository/jakarta/annotation/jakarta.annotation-api/2.1.1/jakarta.annotation-api-2.1.1.jar:/home/coder/.m2/repository/org/slf4j/slf4j-api/2.0.16/slf4j-api-2.0.16.jar:/home/coder/.m2/repository/org/springframework/spring-aspects/6.1.16/spring-aspects-6.1.16.jar:/home/coder/.m2/repository/org/springframework/boot/spring-boot-starter-web/3.3.8/spring-boot-starter-web-3.3.8.jar:/home/coder/.m2/repository/org/springframework/boot/spring-boot-starter/3.3.8/spring-boot-starter-3.3.8.jar:/home/coder/.m2/repository/org/springframework/boot/spring-boot-starter-logging/3.3.8/spring-boot-starter-logging-3.3.8.jar:/home/coder/.m2/repository/ch/qos/logback/logback-classic/1.5.16/logback-classic-1.5.16.jar:/home/coder/.m2/repository/ch/qos/logback/logback-core/1.5.16/logback-core-1.5.16.jar:/home/coder/.m2/repository/org/apache/logging/log4j/log4j-to-slf4j/2.23.1/log4j-to-slf4j-2.23.1.jar:/home/coder/.m2/repository/org/apache/logging/log4j/log4j-api/2.23.1/log4j-api-2.23.1.jar:/home/coder/.m2/repository/org/slf4j/jul-to-slf4j/2.0.16/jul-to-slf4j-2.0.16.jar:/home/coder/.m2/repository/org/yaml/snakeyaml/2.2/snakeyaml-2.2.jar:/home/coder/.m2/repository/org/springframework/boot/spring-boot-starter-json/3.3.8/spring-boot-starter-json-3.3.8.jar:/home/coder/.m2/repository/com/fasterxml/jackson/core/jackson-databind/2.17.3/jackson-databind-2.17.3.jar:/home/coder/.m2/repository/com/fasterxml/jackson/core/jackson-annotations/2.17.3/jackson-annotations-2.17.3.jar:/home/coder/.m2/repository/com/fasterxml/jackson/core/jackson-core/2.17.3/jackson-core-2.17.3.jar:/home/coder/.m2/repository/com/fasterxml/jackson/datatype/jackson-datatype-jdk8/2.17.3/jackson-datatype-jdk8-2.17.3.jar:/home/coder/.m2/repository/com/fasterxml/jackson/datatype/jackson-datatype-jsr310/2.17.3/jackson-datatype-jsr310-2.17.3.jar:/home/coder/.m2/repository/com/fasterxml/jackson/module/jackson-module-parameter-names/2.17.3/jackson-module-parameter-names-2.17.3.jar:/home/coder/.m2/repository/org/springframework/boot/spring-boot-starter-tomcat/3.3.8/spring-boot-starter-tomcat-3.3.8.jar:/home/coder/.m2/repository/org/apache/tomcat/embed/tomcat-embed-core/10.1.34/tomcat-embed-core-10.1.34.jar:/home/coder/.m2/repository/org/apache/tomcat/embed/tomcat-embed-el/10.1.34/tomcat-embed-el-10.1.34.jar:/home/coder/.m2/repository/org/apache/tomcat/embed/tomcat-embed-websocket/10.1.34/tomcat-embed-websocket-10.1.34.jar:/home/coder/.m2/repository/org/springframework/spring-web/6.1.16/spring-web-6.1.16.jar:/home/coder/.m2/repository/io/micrometer/micrometer-observation/1.13.10/micrometer-observation-1.13.10.jar:/home/coder/.m2/repository/io/micrometer/micrometer-commons/1.13.10/micrometer-commons-1.13.10.jar:/home/coder/.m2/repository/org/springframework/spring-webmvc/6.1.16/spring-webmvc-6.1.16.jar:/home/coder/.m2/repository/org/springframework/spring-expression/6.1.16/spring-expression-6.1.16.jar:/home/coder/.m2/repository/org/springframework/boot/spring-boot-devtools/3.3.8/spring-boot-devtools-3.3.8.jar:/home/coder/.m2/repository/org/springframework/boot/spring-boot/3.3.8/spring-boot-3.3.8.jar:/home/coder/.m2/repository/org/springframework/boot/spring-boot-autoconfigure/3.3.8/spring-boot-autoconfigure-3.3.8.jar:/home/coder/.m2/repository/com/mysql/mysql-connector-j/8.3.0/mysql-connector-j-8.3.0.jar:/home/coder/.m2/repository/org/springframework/boot/spring-boot-starter-test/3.3.8/spring-boot-starter-test-3.3.8.jar:/home/coder/.m2/repository/org/springframework/boot/spring-boot-test/3.3.8/spring-boot-test-3.3.8.jar:/home/coder/.m2/repository/org/springframework/boot/spring-boot-test-autoconfigure/3.3.8/spring-boot-test-autoconfigure-3.3.8.jar:/home/coder/.m2/repository/com/jayway/jsonpath/json-path/2.9.0/json-path-2.9.0.jar:/home/coder/.m2/repository/jakarta/xml/bind/jakarta.xml.bind-api/4.0.2/jakarta.xml.bind-api-4.0.2.jar:/home/coder/.m2/repository/jakarta/activation/jakarta.activation-api/2.1.3/jakarta.activation-api-2.1.3.jar:/home/coder/.m2/repository/net/minidev/json-smart/2.5.1/json-smart-2.5.1.jar:/home/coder/.m2/repository/net/minidev/accessors-smart/2.5.1/accessors-smart-2.5.1.jar:/home/coder/.m2/repository/org/ow2/asm/asm/9.6/asm-9.6.jar:/home/coder/.m2/repository/org/assertj/assertj-core/3.25.3/assertj-core-3.25.3.jar:/home/coder/.m2/repository/org/awaitility/awaitility/4.2.2/awaitility-4.2.2.jar:/home/coder/.m2/repository/org/hamcrest/hamcrest/2.2/hamcrest-2.2.jar:/home/coder/.m2/repository/org/junit/jupiter/junit-jupiter/5.10.5/junit-jupiter-5.10.5.jar:/home/coder/.m2/repository/org/junit/jupiter/junit-jupiter-api/5.10.5/junit-jupiter-api-5.10.5.jar:/home/coder/.m2/repository/org/opentest4j/opentest4j/1.3.0/opentest4j-1.3.0.jar:/home/coder/.m2/repository/org/junit/platform/junit-platform-commons/1.10.5/junit-platform-commons-1.10.5.jar:/home/coder/.m2/repository/org/apiguardian/apiguardian-api/1.1.2/apiguardian-api-1.1.2.jar:/home/coder/.m2/repository/org/junit/jupiter/junit-jupiter-params/5.10.5/junit-jupiter-params-5.10.5.jar:/home/coder/.m2/repository/org/junit/jupiter/junit-jupiter-engine/5.10.5/junit-jupiter-engine-5.10.5.jar:/home/coder/.m2/repository/org/junit/platform/junit-platform-engine/1.10.5/junit-platform-engine-1.10.5.jar:/home/coder/.m2/repository/org/mockito/mockito-core/5.11.0/mockito-core-5.11.0.jar:/home/coder/.m2/repository/net/bytebuddy/byte-buddy-agent/1.14.19/byte-buddy-agent-1.14.19.jar:/home/coder/.m2/repository/org/objenesis/objenesis/3.3/objenesis-3.3.jar:/home/coder/.m2/repository/org/mockito/mockito-junit-jupiter/5.11.0/mockito-junit-jupiter-5.11.0.jar:/home/coder/.m2/repository/org/skyscreamer/jsonassert/1.5.3/jsonassert-1.5.3.jar:/home/coder/.m2/repository/com/vaadin/external/google/android-json/0.0.20131108.vaadin1/android-json-0.0.20131108.vaadin1.jar:/home/coder/.m2/repository/org/springframework/spring-core/6.1.16/spring-core-6.1.16.jar:/home/coder/.m2/repository/org/springframework/spring-jcl/6.1.16/spring-jcl-6.1.16.jar:/home/coder/.m2/repository/org/springframework/spring-test/6.1.16/spring-test-6.1.16.jar:/home/coder/.m2/repository/org/xmlunit/xmlunit-core/2.9.1/xmlunit-core-2.9.1.jar:"/>
    <property name="java.vm.vendor" value="Debian"/>
    <property name="sun.arch.data.model" value="64"/>
    <property name="java.vendor.url" value="https://tracker.debian.org/openjdk-17"/>
    <property name="user.timezone" value="Etc/UTC"/>
    <property name="org.jboss.logging.provider" value="slf4j"/>
    <property name="os.name" value="Linux"/>
    <property name="java.vm.specification.version" value="17"/>
    <property name="sun.java.launcher" value="SUN_STANDARD"/>
    <property name="user.country" value="US"/>
    <property name="sun.boot.library.path" value="/usr/lib/jvm/java-17-openjdk-amd64/lib"/>
    <property name="sun.java.command" value="/home/coder/project/workspace/springapptests/springapp/target/surefire/surefirebooter13272136458514504233.jar /home/coder/project/workspace/springapptests/springapp/target/surefire 2025-04-30T11-42-35_792-jvmRun1 surefire17015976291517924161tmp surefire_017561824481378761190tmp"/>
    <property name="jdk.debug" value="release"/>
    <property name="surefire.test.class.path" value="/home/coder/project/workspace/springapptests/springapp/target/test-classes:/home/coder/project/workspace/springapptests/springapp/target/classes:/home/coder/.m2/repository/org/springframework/boot/spring-boot-starter-data-jpa/3.3.8/spring-boot-starter-data-jpa-3.3.8.jar:/home/coder/.m2/repository/org/springframework/boot/spring-boot-starter-aop/3.3.8/spring-boot-starter-aop-3.3.8.jar:/home/coder/.m2/repository/org/springframework/spring-aop/6.1.16/spring-aop-6.1.16.jar:/home/coder/.m2/repository/org/aspectj/aspectjweaver/1.9.22.1/aspectjweaver-1.9.22.1.jar:/home/coder/.m2/repository/org/springframework/boot/spring-boot-starter-jdbc/3.3.8/spring-boot-starter-jdbc-3.3.8.jar:/home/coder/.m2/repository/com/zaxxer/HikariCP/5.1.0/HikariCP-5.1.0.jar:/home/coder/.m2/repository/org/springframework/spring-jdbc/6.1.16/spring-jdbc-6.1.16.jar:/home/coder/.m2/repository/org/hibernate/orm/hibernate-core/6.5.3.Final/hibernate-core-6.5.3.Final.jar:/home/coder/.m2/repository/jakarta/persistence/jakarta.persistence-api/3.1.0/jakarta.persistence-api-3.1.0.jar:/home/coder/.m2/repository/jakarta/transaction/jakarta.transaction-api/2.0.1/jakarta.transaction-api-2.0.1.jar:/home/coder/.m2/repository/org/jboss/logging/jboss-logging/3.5.3.Final/jboss-logging-3.5.3.Final.jar:/home/coder/.m2/repository/org/hibernate/common/hibernate-commons-annotations/6.0.6.Final/hibernate-commons-annotations-6.0.6.Final.jar:/home/coder/.m2/repository/io/smallrye/jandex/3.1.2/jandex-3.1.2.jar:/home/coder/.m2/repository/com/fasterxml/classmate/1.7.0/classmate-1.7.0.jar:/home/coder/.m2/repository/net/bytebuddy/byte-buddy/1.14.19/byte-buddy-1.14.19.jar:/home/coder/.m2/repository/org/glassfish/jaxb/jaxb-runtime/4.0.5/jaxb-runtime-4.0.5.jar:/home/coder/.m2/repository/org/glassfish/jaxb/jaxb-core/4.0.5/jaxb-core-4.0.5.jar:/home/coder/.m2/repository/org/eclipse/angus/angus-activation/2.0.2/angus-activation-2.0.2.jar:/home/coder/.m2/repository/org/glassfish/jaxb/txw2/4.0.5/txw2-4.0.5.jar:/home/coder/.m2/repository/com/sun/istack/istack-commons-runtime/4.1.2/istack-commons-runtime-4.1.2.jar:/home/coder/.m2/repository/jakarta/inject/jakarta.inject-api/2.0.1/jakarta.inject-api-2.0.1.jar:/home/coder/.m2/repository/org/antlr/antlr4-runtime/4.13.0/antlr4-runtime-4.13.0.jar:/home/coder/.m2/repository/org/springframework/data/spring-data-jpa/3.3.8/spring-data-jpa-3.3.8.jar:/home/coder/.m2/repository/org/springframework/data/spring-data-commons/3.3.8/spring-data-commons-3.3.8.jar:/home/coder/.m2/repository/org/springframework/spring-orm/6.1.16/spring-orm-6.1.16.jar:/home/coder/.m2/repository/org/springframework/spring-context/6.1.16/spring-context-6.1.16.jar:/home/coder/.m2/repository/org/springframework/spring-tx/6.1.16/spring-tx-6.1.16.jar:/home/coder/.m2/repository/org/springframework/spring-beans/6.1.16/spring-beans-6.1.16.jar:/home/coder/.m2/repository/jakarta/annotation/jakarta.annotation-api/2.1.1/jakarta.annotation-api-2.1.1.jar:/home/coder/.m2/repository/org/slf4j/slf4j-api/2.0.16/slf4j-api-2.0.16.jar:/home/coder/.m2/repository/org/springframework/spring-aspects/6.1.16/spring-aspects-6.1.16.jar:/home/coder/.m2/repository/org/springframework/boot/spring-boot-starter-web/3.3.8/spring-boot-starter-web-3.3.8.jar:/home/coder/.m2/repository/org/springframework/boot/spring-boot-starter/3.3.8/spring-boot-starter-3.3.8.jar:/home/coder/.m2/repository/org/springframework/boot/spring-boot-starter-logging/3.3.8/spring-boot-starter-logging-3.3.8.jar:/home/coder/.m2/repository/ch/qos/logback/logback-classic/1.5.16/logback-classic-1.5.16.jar:/home/coder/.m2/repository/ch/qos/logback/logback-core/1.5.16/logback-core-1.5.16.jar:/home/coder/.m2/repository/org/apache/logging/log4j/log4j-to-slf4j/2.23.1/log4j-to-slf4j-2.23.1.jar:/home/coder/.m2/repository/org/apache/logging/log4j/log4j-api/2.23.1/log4j-api-2.23.1.jar:/home/coder/.m2/repository/org/slf4j/jul-to-slf4j/2.0.16/jul-to-slf4j-2.0.16.jar:/home/coder/.m2/repository/org/yaml/snakeyaml/2.2/snakeyaml-2.2.jar:/home/coder/.m2/repository/org/springframework/boot/spring-boot-starter-json/3.3.8/spring-boot-starter-json-3.3.8.jar:/home/coder/.m2/repository/com/fasterxml/jackson/core/jackson-databind/2.17.3/jackson-databind-2.17.3.jar:/home/coder/.m2/repository/com/fasterxml/jackson/core/jackson-annotations/2.17.3/jackson-annotations-2.17.3.jar:/home/coder/.m2/repository/com/fasterxml/jackson/core/jackson-core/2.17.3/jackson-core-2.17.3.jar:/home/coder/.m2/repository/com/fasterxml/jackson/datatype/jackson-datatype-jdk8/2.17.3/jackson-datatype-jdk8-2.17.3.jar:/home/coder/.m2/repository/com/fasterxml/jackson/datatype/jackson-datatype-jsr310/2.17.3/jackson-datatype-jsr310-2.17.3.jar:/home/coder/.m2/repository/com/fasterxml/jackson/module/jackson-module-parameter-names/2.17.3/jackson-module-parameter-names-2.17.3.jar:/home/coder/.m2/repository/org/springframework/boot/spring-boot-starter-tomcat/3.3.8/spring-boot-starter-tomcat-3.3.8.jar:/home/coder/.m2/repository/org/apache/tomcat/embed/tomcat-embed-core/10.1.34/tomcat-embed-core-10.1.34.jar:/home/coder/.m2/repository/org/apache/tomcat/embed/tomcat-embed-el/10.1.34/tomcat-embed-el-10.1.34.jar:/home/coder/.m2/repository/org/apache/tomcat/embed/tomcat-embed-websocket/10.1.34/tomcat-embed-websocket-10.1.34.jar:/home/coder/.m2/repository/org/springframework/spring-web/6.1.16/spring-web-6.1.16.jar:/home/coder/.m2/repository/io/micrometer/micrometer-observation/1.13.10/micrometer-observation-1.13.10.jar:/home/coder/.m2/repository/io/micrometer/micrometer-commons/1.13.10/micrometer-commons-1.13.10.jar:/home/coder/.m2/repository/org/springframework/spring-webmvc/6.1.16/spring-webmvc-6.1.16.jar:/home/coder/.m2/repository/org/springframework/spring-expression/6.1.16/spring-expression-6.1.16.jar:/home/coder/.m2/repository/org/springframework/boot/spring-boot-devtools/3.3.8/spring-boot-devtools-3.3.8.jar:/home/coder/.m2/repository/org/springframework/boot/spring-boot/3.3.8/spring-boot-3.3.8.jar:/home/coder/.m2/repository/org/springframework/boot/spring-boot-autoconfigure/3.3.8/spring-boot-autoconfigure-3.3.8.jar:/home/coder/.m2/repository/com/mysql/mysql-connector-j/8.3.0/mysql-connector-j-8.3.0.jar:/home/coder/.m2/repository/org/springframework/boot/spring-boot-starter-test/3.3.8/spring-boot-starter-test-3.3.8.jar:/home/coder/.m2/repository/org/springframework/boot/spring-boot-test/3.3.8/spring-boot-test-3.3.8.jar:/home/coder/.m2/repository/org/springframework/boot/spring-boot-test-autoconfigure/3.3.8/spring-boot-test-autoconfigure-3.3.8.jar:/home/coder/.m2/repository/com/jayway/jsonpath/json-path/2.9.0/json-path-2.9.0.jar:/home/coder/.m2/repository/jakarta/xml/bind/jakarta.xml.bind-api/4.0.2/jakarta.xml.bind-api-4.0.2.jar:/home/coder/.m2/repository/jakarta/activation/jakarta.activation-api/2.1.3/jakarta.activation-api-2.1.3.jar:/home/coder/.m2/repository/net/minidev/json-smart/2.5.1/json-smart-2.5.1.jar:/home/coder/.m2/repository/net/minidev/accessors-smart/2.5.1/accessors-smart-2.5.1.jar:/home/coder/.m2/repository/org/ow2/asm/asm/9.6/asm-9.6.jar:/home/coder/.m2/repository/org/assertj/assertj-core/3.25.3/assertj-core-3.25.3.jar:/home/coder/.m2/repository/org/awaitility/awaitility/4.2.2/awaitility-4.2.2.jar:/home/coder/.m2/repository/org/hamcrest/hamcrest/2.2/hamcrest-2.2.jar:/home/coder/.m2/repository/org/junit/jupiter/junit-jupiter/5.10.5/junit-jupiter-5.10.5.jar:/home/coder/.m2/repository/org/junit/jupiter/junit-jupiter-api/5.10.5/junit-jupiter-api-5.10.5.jar:/home/coder/.m2/repository/org/opentest4j/opentest4j/1.3.0/opentest4j-1.3.0.jar:/home/coder/.m2/repository/org/junit/platform/junit-platform-commons/1.10.5/junit-platform-commons-1.10.5.jar:/home/coder/.m2/repository/org/apiguardian/apiguardian-api/1.1.2/apiguardian-api-1.1.2.jar:/home/coder/.m2/repository/org/junit/jupiter/junit-jupiter-params/5.10.5/junit-jupiter-params-5.10.5.jar:/home/coder/.m2/repository/org/junit/jupiter/junit-jupiter-engine/5.10.5/junit-jupiter-engine-5.10.5.jar:/home/coder/.m2/repository/org/junit/platform/junit-platform-engine/1.10.5/junit-platform-engine-1.10.5.jar:/home/coder/.m2/repository/org/mockito/mockito-core/5.11.0/mockito-core-5.11.0.jar:/home/coder/.m2/repository/net/bytebuddy/byte-buddy-agent/1.14.19/byte-buddy-agent-1.14.19.jar:/home/coder/.m2/repository/org/objenesis/objenesis/3.3/objenesis-3.3.jar:/home/coder/.m2/repository/org/mockito/mockito-junit-jupiter/5.11.0/mockito-junit-jupiter-5.11.0.jar:/home/coder/.m2/repository/org/skyscreamer/jsonassert/1.5.3/jsonassert-1.5.3.jar:/home/coder/.m2/repository/com/vaadin/external/google/android-json/0.0.20131108.vaadin1/android-json-0.0.20131108.vaadin1.jar:/home/coder/.m2/repository/org/springframework/spring-core/6.1.16/spring-core-6.1.16.jar:/home/coder/.m2/repository/org/springframework/spring-jcl/6.1.16/spring-jcl-6.1.16.jar:/home/coder/.m2/repository/org/springframework/spring-test/6.1.16/spring-test-6.1.16.jar:/home/coder/.m2/repository/org/xmlunit/xmlunit-core/2.9.1/xmlunit-core-2.9.1.jar:"/>
    <property name="sun.cpu.endian" value="little"/>
    <property name="user.home" value="/home/coder"/>
    <property name="user.language" value="en"/>
    <property name="java.specification.vendor" value="Oracle Corporation"/>
    <property name="java.version.date" value="2025-01-21"/>
    <property name="java.home" value="/usr/lib/jvm/java-17-openjdk-amd64"/>
    <property name="file.separator" value="/"/>
    <property name="basedir" value="/home/coder/project/workspace/springapptests/springapp"/>
    <property name="java.vm.compressedOopsMode" value="32-bit"/>
    <property name="line.separator" value="&#10;"/>
    <property name="java.specification.name" value="Java Platform API Specification"/>
    <property name="java.vm.specification.vendor" value="Oracle Corporation"/>
    <property name="FILE_LOG_CHARSET" value="UTF-8"/>
    <property name="java.awt.headless" value="true"/>
    <property name="surefire.real.class.path" value="/home/coder/project/workspace/springapptests/springapp/target/surefire/surefirebooter13272136458514504233.jar"/>
    <property name="sun.management.compiler" value="HotSpot 64-Bit Tiered Compilers"/>
    <property name="java.runtime.version" value="17.0.14+7-Debian-1deb11u1"/>
    <property name="user.name" value="coder"/>
    <property name="path.separator" value=":"/>
    <property name="os.version" value="6.1.123+"/>
    <property name="java.runtime.name" value="OpenJDK Runtime Environment"/>
    <property name="file.encoding" value="UTF-8"/>
    <property name="java.vm.name" value="OpenJDK 64-Bit Server VM"/>
    <property name="localRepository" value="/home/coder/.m2/repository"/>
    <property name="java.vendor.url.bug" value="https://bugs.debian.org/openjdk-17"/>
    <property name="java.io.tmpdir" value="/tmp"/>
    <property name="com.zaxxer.hikari.pool_number" value="1"/>
    <property name="java.version" value="17.0.14"/>
    <property name="user.dir" value="/home/coder/project/workspace/springapptests/springapp"/>
    <property name="os.arch" value="amd64"/>
    <property name="java.vm.specification.name" value="Java Virtual Machine Specification"/>
    <property name="PID" value="64919"/>
    <property name="CONSOLE_LOG_CHARSET" value="UTF-8"/>
    <property name="native.encoding" value="UTF-8"/>
    <property name="java.library.path" value="/usr/java/packages/lib:/usr/lib/x86_64-linux-gnu/jni:/lib/x86_64-linux-gnu:/usr/lib/x86_64-linux-gnu:/usr/lib/jni:/lib:/usr/lib"/>
    <property name="java.vm.info" value="mixed mode, sharing"/>
    <property name="java.vendor" value="Debian"/>
    <property name="java.vm.version" value="17.0.14+7-Debian-1deb11u1"/>
    <property name="java.specification.maintenance.version" value="1"/>
    <property name="sun.io.unicode.encoding" value="UnicodeLittle"/>
    <property name="java.class.version" value="61.0"/>
  </properties>
  <testcase name="testGetAllRestaurants_NoContent" classname="com.examly.springapp.SpringappApplicationTests" time="0.514">
    <system-out><![CDATA[11:42:36.697 [main] INFO org.springframework.test.context.support.AnnotationConfigContextLoaderUtils -- Could not detect default configuration classes for test class [com.examly.springapp.SpringappApplicationTests]: SpringappApplicationTests does not declare any static, non-private, non-final, nested classes annotated with @Configuration.
11:42:36.787 [main] INFO org.springframework.boot.test.context.SpringBootTestContextBootstrapper -- Found @SpringBootConfiguration com.examly.springapp.SpringappApplication for test class com.examly.springapp.SpringappApplicationTests
11:42:36.900 [main] INFO org.springframework.boot.devtools.restart.RestartApplicationListener -- Restart disabled due to context in which it is running

  .   ____          _            __ _ _
 /\\ / ___'_ __ _ _(_)_ __  __ _ \ \ \ \
( ( )\___ | '_ | '_| | '_ \/ _` | \ \ \ \
 \\/  ___)| |_)| | | | | || (_| |  ) ) ) )
  '  |____| .__|_| |_|_| |_\__, | / / / /
 =========|_|==============|___/=/_/_/_/

 :: Spring Boot ::                (v3.3.8)

2025-04-30T11:42:37.131Z  INFO 64919 --- [           main] c.e.springapp.SpringappApplicationTests  : Starting SpringappApplicationTests using Java 17.0.14 with PID 64919 (started by coder in /home/coder/project/workspace/springapptests/springapp)
2025-04-30T11:42:37.133Z  INFO 64919 --- [           main] c.e.springapp.SpringappApplicationTests  : No active profile set, falling back to 1 default profile: "default"
2025-04-30T11:42:37.710Z  INFO 64919 --- [           main] .s.d.r.c.RepositoryConfigurationDelegate : Bootstrapping Spring Data JPA repositories in DEFAULT mode.
2025-04-30T11:42:37.745Z  INFO 64919 --- [           main] .s.d.r.c.RepositoryConfigurationDelegate : Finished Spring Data repository scanning in 31 ms. Found 2 JPA repository interfaces.
2025-04-30T11:42:38.059Z  INFO 64919 --- [           main] o.hibernate.jpa.internal.util.LogHelper  : HHH000204: Processing PersistenceUnitInfo [name: default]
2025-04-30T11:42:38.090Z  INFO 64919 --- [           main] org.hibernate.Version                    : HHH000412: Hibernate ORM core version 6.5.3.Final
2025-04-30T11:42:38.111Z  INFO 64919 --- [           main] o.h.c.internal.RegionFactoryInitiator    : HHH000026: Second-level cache disabled
2025-04-30T11:42:38.305Z  INFO 64919 --- [           main] o.s.o.j.p.SpringPersistenceUnitInfo      : No LoadTimeWeaver setup: ignoring JPA class transformer
2025-04-30T11:42:38.324Z  INFO 64919 --- [           main] com.zaxxer.hikari.HikariDataSource       : HikariPool-1 - Starting...
2025-04-30T11:42:38.452Z  INFO 64919 --- [           main] com.zaxxer.hikari.pool.HikariPool        : HikariPool-1 - Added connection com.mysql.cj.jdbc.ConnectionImpl@acb5508
2025-04-30T11:42:38.454Z  INFO 64919 --- [           main] com.zaxxer.hikari.HikariDataSource       : HikariPool-1 - Start completed.
2025-04-30T11:42:38.470Z  WARN 64919 --- [           main] org.hibernate.orm.deprecation            : HHH90000025: MySQL8Dialect does not need to be specified explicitly using 'hibernate.dialect' (remove the property setting and it will be selected by default)
2025-04-30T11:42:38.471Z  WARN 64919 --- [           main] org.hibernate.orm.deprecation            : HHH90000026: MySQL8Dialect has been deprecated; use org.hibernate.dialect.MySQLDialect instead
2025-04-30T11:42:39.136Z  INFO 64919 --- [           main] o.h.e.t.j.p.i.JtaPlatformInitiator       : HHH000489: No JTA platform available (set 'hibernate.transaction.jta.platform' to enable JTA platform integration)
Hibernate: alter table dish drop foreign key FKt13glsbe9ivpka00hbeg539cv
Hibernate: drop table if exists dish
Hibernate: drop table if exists restaurant
Hibernate: create table dish (price float(53) not null, stock integer not null, id bigint not null auto_increment, restaurant_id bigint, description varchar(255), name varchar(255), primary key (id)) engine=InnoDB
Hibernate: create table restaurant (id bigint not null auto_increment, description varchar(255), location varchar(255), name varchar(255), primary key (id)) engine=InnoDB
Hibernate: alter table dish add constraint FKt13glsbe9ivpka00hbeg539cv foreign key (restaurant_id) references restaurant (id)
2025-04-30T11:42:39.253Z  INFO 64919 --- [           main] j.LocalContainerEntityManagerFactoryBean : Initialized JPA EntityManagerFactory for persistence unit 'default'
2025-04-30T11:42:39.423Z  INFO 64919 --- [           main] o.s.d.j.r.query.QueryEnhancerFactory     : Hibernate is in classpath; If applicable, HQL parser will be used.
2025-04-30T11:42:39.776Z  WARN 64919 --- [           main] JpaBaseConfiguration$JpaWebConfiguration : spring.jpa.open-in-view is enabled by default. Therefore, database queries may be performed during view rendering. Explicitly configure spring.jpa.open-in-view to disable this warning
2025-04-30T11:42:40.021Z  INFO 64919 --- [           main] o.s.b.t.m.w.SpringBootMockServletContext : Initializing Spring TestDispatcherServlet ''
2025-04-30T11:42:40.022Z  INFO 64919 --- [           main] o.s.t.web.servlet.TestDispatcherServlet  : Initializing Servlet ''
2025-04-30T11:42:40.023Z  INFO 64919 --- [           main] o.s.t.web.servlet.TestDispatcherServlet  : Completed initialization in 0 ms
2025-04-30T11:42:40.053Z  INFO 64919 --- [           main] c.e.springapp.SpringappApplicationTests  : Started SpringappApplicationTests in 3.16 seconds (process running for 4.035)
Hibernate: select r1_0.id,r1_0.description,r1_0.location,r1_0.name from restaurant r1_0
]]></system-out>
  </testcase>
  <testcase name="testAddRestaurant" classname="com.examly.springapp.SpringappApplicationTests" time="0.139">
    <system-out><![CDATA[Hibernate: select r1_0.id,r1_0.description,r1_0.location,r1_0.name from restaurant r1_0 where r1_0.name=? and r1_0.location=?
Hibernate: insert into restaurant (description,location,name) values (?,?,?)
]]></system-out>
  </testcase>
  <testcase name="testDuplicateAddRestaurant" classname="com.examly.springapp.SpringappApplicationTests" time="0.028">
    <system-out><![CDATA[Hibernate: select r1_0.id,r1_0.description,r1_0.location,r1_0.name from restaurant r1_0 where r1_0.name=? and r1_0.location=?
]]></system-out>
  </testcase>
  <testcase name="testGetRestaurantById" classname="com.examly.springapp.SpringappApplicationTests" time="0.029">
    <system-out><![CDATA[Hibernate: select r1_0.id,r1_0.description,r1_0.location,r1_0.name from restaurant r1_0 where r1_0.id=?
Hibernate: select d1_0.restaurant_id,d1_0.id,d1_0.description,d1_0.name,d1_0.price,d1_0.stock from dish d1_0 where d1_0.restaurant_id=?
]]></system-out>
  </testcase>
  <testcase name="testGetRestaurantById_NotFound" classname="com.examly.springapp.SpringappApplicationTests" time="0.009">
    <system-out><![CDATA[Hibernate: select r1_0.id,r1_0.description,r1_0.location,r1_0.name from restaurant r1_0 where r1_0.id=?
]]></system-out>
  </testcase>
  <testcase name="testGetAllRestaurants" classname="com.examly.springapp.SpringappApplicationTests" time="0.015">
    <system-out><![CDATA[Hibernate: select r1_0.id,r1_0.description,r1_0.location,r1_0.name from restaurant r1_0
Hibernate: select d1_0.restaurant_id,d1_0.id,d1_0.description,d1_0.name,d1_0.price,d1_0.stock from dish d1_0 where d1_0.restaurant_id=?
]]></system-out>
  </testcase>
  <testcase name="testAddDish" classname="com.examly.springapp.SpringappApplicationTests" time="0.067">
    <failure type="java.lang.AssertionError"><![CDATA[java.lang.AssertionError: No value at JSON path "$.name"
	at com.examly.springapp.SpringappApplicationTests.testAddDish(SpringappApplicationTests.java:118)
Caused by: com.jayway.jsonpath.InvalidJsonException: net.minidev.json.parser.ParseException: Malicious payload, having non natural depths, parsing stoped on { at position 25896.
	at com.examly.springapp.SpringappApplicationTests.testAddDish(SpringappApplicationTests.java:118)
Caused by: net.minidev.json.parser.ParseException: Malicious payload, having non natural depths, parsing stoped on { at position 25896.
	at com.examly.springapp.SpringappApplicationTests.testAddDish(SpringappApplicationTests.java:118)
]]></failure>
    <system-out><![CDATA[Hibernate: select r1_0.id,r1_0.description,r1_0.location,r1_0.name from restaurant r1_0 where r1_0.id=?
Hibernate: insert into dish (description,name,price,restaurant_id,stock) values (?,?,?,?,?)
Hibernate: select d1_0.restaurant_id,d1_0.id,d1_0.description,d1_0.name,d1_0.price,d1_0.stock from dish d1_0 where d1_0.restaurant_id=?
2025-04-30T11:42:40.851Z  WARN 64919 --- [           main] .w.s.m.s.DefaultHandlerExceptionResolver : Ignoring exception, response committed already: org.springframework.http.converter.HttpMessageNotWritableException: Could not write JSON: Document nesting depth (1001) exceeds the maximum allowed (1000, from `StreamWriteConstraints.getMaxNestingDepth()`)
2025-04-30T11:42:40.852Z  WARN 64919 --- [           main] .w.s.m.s.DefaultHandlerExceptionResolver : Resolved [org.springframework.http.converter.HttpMessageNotWritableException: Could not write JSON: Document nesting depth (1001) exceeds the maximum allowed (1000, from `StreamWriteConstraints.getMaxNestingDepth()`)]

MockHttpServletRequest:
      HTTP Method = POST
      Request URI = /api/dish/1
       Parameters = {}
          Headers = [Content-Type:"application/json;charset=UTF-8", Content-Length:"84"]
             Body = {  "name": "Margherita", "price": 10.0, "stock": 5, "description": "Classic pizza" }
    Session Attrs = {}

Handler:
             Type = com.examly.springapp.controller.DishController
           Method = com.examly.springapp.controller.DishController#addDish(Long, Dish)

Async:
    Async started = false
     Async result = null

Resolved Exception:
             Type = org.springframework.http.converter.HttpMessageNotWritableException

ModelAndView:
        View name = null
             View = null
            Model = null

FlashMap:
       Attributes = null

MockHttpServletResponse:
           Status = 201
    Error message = null
          Headers = [Content-Type:"application/json"]
     Content type = application/json
             Body = {"id":1,"name":"Margherita","price":10.0,"stock":5,"description":"Classic pizza","restaurant":{"id":1,"name":"Pizza Palace","location":"Main Street","description":"Best pizza in town","dishes":[{"id":1,"name":"Margherita","price":10.0,"stock":5,"description":"Classic pizza","restaurant":{"id":1,"name":"Pizza Palace","location":"Main Street","description":"Best pizza in town","dishes":[{"id":1,"name":"Margherita","price":10.0,"stock":5,"description":"Classic pizza","restaurant":{"id":1,"name":"Pizza Palace","location":"Main Street","description":"Best pizza in town","dishes":[{"id":1,"name":"Margherita","price":10.0,"stock":5,"description":"Classic pizza","restaurant":{"id":1,"name":"Pizza Palace","location":"Main Street","description":"Best pizza in town","dishes":[{"id":1,"name":"Margherita","price":10.0,"stock":5,"description":"Classic pizza","restaurant":{"id":1,"name":"Pizza Palace","location":"Main Street","description":"Best pizza in town","dishes":[{"id":1,"name":"Margherita","price":10.0,"stock":5,"description":"Classic pizza","restaurant":{"id":1,"name":"Pizza Palace","location":"Main Street","description":"Best pizza in town","dishes":[{"id":1,"name":"Margherita","price":10.0,"stock":5,"description":"Classic pizza","restaurant":{"id":1,"name":"Pizza Palace","location":"Main Street","description":"Best pizza in town","dishes":[{"id":1,"name":"Margherita","price":10.0,"stock":5,"description":"Classic pizza","restaurant":{"id":1,"name":"Pizza Palace","location":"Main Street","description":"Best pizza in town","dishes":[{"id":1,"name":"Margherita","price":10.0,"stock":5,"description":"Classic pizza","restaurant":{"id":1,"name":"Pizza Palace","location":"Main Street","description":"Best pizza in town","dishes":[{"id":1,"name":"Margherita","price":10.0,"stock":5,"description":"Classic pizza","restaurant":{"id":1,"name":"Pizza Palace","location":"Main Street","description":"Best pizza in town","dishes":[{"id":1,"name":"Margherita","price":10.0,"stock":5,"description":"Classic pizza","restaurant":{"id":1,"name":"Pizza Palace","location":"Main Street","description":"Best pizza in town","dishes":[{"id":1,"name":"Margherita","price":10.0,"stock":5,"description":"Classic pizza","restaurant":{"id":1,"name":"Pizza Palace","location":"Main Street","description":"Best pizza in town","dishes":[{"id":1,"name":"Margherita","price":10.0,"stock":5,"description":"Classic pizza","restaurant":{"id":1,"name":"Pizza Palace","location":"Main Street","description":"Best pizza in town","dishes":[{"id":1,"name":"Margherita","price":10.0,"stock":5,"description":"Classic pizza","restaurant":{"id":1,"name":"Pizza Palace","location":"Main Street","description":"Best pizza in town","dishes":[{"id":1,"name":"Margherita","price":10.0,"stock":5,"description":"Classic pizza","restaurant":{"id":1,"name":"Pizza Palace","location":"Main Street","description":"Best pizza in town","dishes":[{"id":1,"name":"Margherita","price":10.0,"stock":5,"description":"Classic pizza","restaurant":{"id":1,"name":"Pizza Palace","location":"Main Street","description":"Best pizza in town","dishes":[{"id":1,"name":"Margherita","price":10.0,"stock":5,"description":"Classic pizza","restaurant":{"id":1,"name":"Pizza Palace","location":"Main Street","description":"Best pizza in town","dishes":[{"id":1,"name":"Margherita","price":10.0,"stock":5,"description":"Classic pizza","restaurant":{"id":1,"name":"Pizza Palace","location":"Main Street","description":"Best pizza in town","dishes":[{"id":1,"name":"Margherita","price":10.0,"stock":5,"description":"Classic pizza","restaurant":{"id":1,"name":"Pizza Palace","location":"Main Street","description":"Best pizza in town","dishes":[{"id":1,"name":"Margherita","price":10.0,"stock":5,"description":"Classic pizza","restaurant":{"id":1,"name":"Pizza Palace","location":"Main Street","description":"Best pizza in town","dishes":[{"id":1,"name":"Margherita","price":10.0,"stock":5,"description":"Classic pizza","restaurant":{"id":1,"name":"Pizza Palace","location":"Main Street","description":"Best pizza in town","dishes":[{"id":1,"name":"Margherita","price":10.0,"stock":5,"description":"Classic pizza","restaurant":{"id":1,"name":"Pizza Palace","location":"Main Street","description":"Best pizza in town","dishes":[{"id":1,"name":"Margherita","price":10.0,"stock":5,"description":"Classic pizza","restaurant":{"id":1,"name":"Pizza Palace","location":"Main Street","description":"Best pizza in town","dishes":[{"id":1,"name":"Margherita","price":10.0,"stock":5,"description":"Classic pizza","restaurant":{"id":1,"name":"Pizza Palace","location":"Main Street","description":"Best pizza in town","dishes":[{"id":1,"name":"Margherita","price":10.0,"stock":5,"description":"Classic pizza","restaurant":{"id":1,"name":"Pizza Palace","location":"Main Street","description":"Best pizza in town","dishes":[{"id":1,"name":"Margherita","price":10.0,"stock":5,"description":"Classic pizza","restaurant":{"id":1,"name":"Pizza Palace","location":"Main Street","description":"Best pizza in town","dishes":[{"id":1,"name":"Margherita","price":10.0,"stock":5,"description":"Classic pizza","restaurant":{"id":1,"name":"Pizza Palace","location":"Main Street","description":"Best pizza in town","dishes":[{"id":1,"name":"Margherita","price":10.0,"stock":5,"description":"Classic pizza","restaurant":{"id":1,"name":"Pizza Palace","location":"Main Street","description":"Best pizza in town","dishes":[{"id":1,"name":"Margherita","price":10.0,"stock":5,"description":"Classic pizza","restaurant":{"id":1,"name":"Pizza Palace","location":"Main Street","description":"Best pizza in town","dishes":[{"id":1,"name":"Margherita","price":10.0,"stock":5,"description":"Classic pizza","restaurant":{"id":1,"name":"Pizza Palace","location":"Main Street","description":"Best pizza in town","dishes":[{"id":1,"name":"Margherita","price":10.0,"stock":5,"description":"Classic pizza","restaurant":{"id":1,"name":"Pizza Palace","location":"Main Street","description":"Best pizza in town","dishes":[{"id":1,"name":"Margherita","price":10.0,"stock":5,"description":"Classic pizza","restaurant":{"id":1,"name":"Pizza Palace","location":"Main Street","description":"Best pizza in town","dishes":[{"id":1,"name":"Margherita","price":10.0,"stock":5,"description":"Classic pizza","restaurant":{"id":1,"name":"Pizza Palace","location":"Main Street","description":"Best pizza in town","dishes":[{"id":1,"name":"Margherita","price":10.0,"stock":5,"description":"Classic pizza","restaurant":{"id":1,"name":"Pizza Palace","location":"Main Street","description":"Best pizza in town","dishes":[{"id":1,"name":"Margherita","price":10.0,"stock":5,"description":"Classic pizza","restaurant":{"id":1,"name":"Pizza Palace","location":"Main Street","description":"Best pizza in town","dishes":[{"id":1,"name":"Margherita","price":10.0,"stock":5,"description":"Classic pizza","restaurant":{"id":1,"name":"Pizza Palace","location":"Main Street","description":"Best pizza in town","dishes":[{"id":1,"name":"Margherita","price":10.0,"stock":5,"description":"Classic pizza","restaurant":{"id":1,"name":"Pizza Palace","location":"Main Street","description":"Best pizza in town","dishes":[{"id":1,"name":"Margherita","price":10.0,"stock":5,"description":"Classic pizza","restaurant":{"id":1,"name":"Pizza Palace","location":"Main Street","description":"Best pizza in town","dishes":[{"id":1,"name":"Margherita","price":10.0,"stock":5,"description":"Classic pizza","restaurant":{"id":1,"name":"Pizza Palace","location":"Main Street","description":"Best pizza in town","dishes":[{"id":1,"name":"Margherita","price":10.0,"stock":5,"description":"Classic pizza","restaurant":{"id":1,"name":"Pizza Palace","location":"Main Street","description":"Best pizza in town","dishes":[{"id":1,"name":"Margherita","price":10.0,"stock":5,"description":"Classic pizza","restaurant":{"id":1,"name":"Pizza Palace","location":"Main Street","description":"Best pizza in town","dishes":[{"id":1,"name":"Margherita","price":10.0,"stock":5,"description":"Classic pizza","restaurant":{"id":1,"name":"Pizza Palace","location":"Main Street","description":"Best pizza in town","dishes":[{"id":1,"name":"Margherita","price":10.0,"stock":5,"description":"Classic pizza","restaurant":{"id":1,"name":"Pizza Palace","location":"Main Street","description":"Best pizza in town","dishes":[{"id":1,"name":"Margherita","price":10.0,"stock":5,"description":"Classic pizza","restaurant":{"id":1,"name":"Pizza Palace","location":"Main Street","description":"Best pizza in town","dishes":[{"id":1,"name":"Margherita","price":10.0,"stock":5,"description":"Classic pizza","restaurant":{"id":1,"name":"Pizza Palace","location":"Main Street","description":"Best pizza in town","dishes":[{"id":1,"name":"Margherita","price":10.0,"stock":5,"description":"Classic pizza","restaurant":{"id":1,"name":"Pizza Palace","location":"Main Street","description":"Best pizza in town","dishes":[{"id":1,"name":"Margherita","price":10.0,"stock":5,"description":"Classic pizza","restaurant":{"id":1,"name":"Pizza Palace","location":"Main Street","description":"Best pizza in town","dishes":[{"id":1,"name":"Margherita","price":10.0,"stock":5,"description":"Classic pizza","restaurant":{"id":1,"name":"Pizza Palace","location":"Main Street","description":"Best pizza in town","dishes":[{"id":1,"name":"Margherita","price":10.0,"stock":5,"description":"Classic pizza","restaurant":{"id":1,"name":"Pizza Palace","location":"Main Street","description":"Best pizza in town","dishes":[{"id":1,"name":"Margherita","price":10.0,"stock":5,"description":"Classic pizza","restaurant":{"id":1,"name":"Pizza Palace","location":"Main Street","description":"Best pizza in town","dishes":[{"id":1,"name":"Margherita","price":10.0,"stock":5,"description":"Classic pizza","restaurant":{"id":1,"name":"Pizza Palace","location":"Main Street","description":"Best pizza in town","dishes":[{"id":1,"name":"Margherita","price":10.0,"stock":5,"description":"Classic pizza","restaurant":{"id":1,"name":"Pizza Palace","location":"Main Street","description":"Best pizza in town","dishes":[{"id":1,"name":"Margherita","price":10.0,"stock":5,"description":"Classic pizza","restaurant":{"id":1,"name":"Pizza Palace","location":"Main Street","description":"Best pizza in town","dishes":[{"id":1,"name":"Margherita","price":10.0,"stock":5,"description":"Classic pizza","restaurant":{"id":1,"name":"Pizza Palace","location":"Main Street","description":"Best pizza in town","dishes":[{"id":1,"name":"Margherita","price":10.0,"stock":5,"description":"Classic pizza","restaurant":{"id":1,"name":"Pizza Palace","location":"Main Street","description":"Best pizza in town","dishes":[{"id":1,"name":"Margherita","price":10.0,"stock":5,"description":"Classic pizza","restaurant":{"id":1,"name":"Pizza Palace","location":"Main Street","description":"Best pizza in town","dishes":[{"id":1,"name":"Margherita","price":10.0,"stock":5,"description":"Classic pizza","restaurant":{"id":1,"name":"Pizza Palace","location":"Main Street","description":"Best pizza in town","dishes":[{"id":1,"name":"Margherita","price":10.0,"stock":5,"description":"Classic pizza","restaurant":{"id":1,"name":"Pizza Palace","location":"Main Street","description":"Best pizza in town","dishes":[{"id":1,"name":"Margherita","price":10.0,"stock":5,"description":"Classic pizza","restaurant":{"id":1,"name":"Pizza Palace","location":"Main Street","description":"Best pizza in town","dishes":[{"id":1,"name":"Margherita","price":10.0,"stock":5,"description":"Classic pizza","restaurant":{"id":1,"name":"Pizza Palace","location":"Main Street","description":"Best pizza in town","dishes":[{"id":1,"name":"Margherita","price":10.0,"stock":5,"description":"Classic pizza","restaurant":{"id":1,"name":"Pizza Palace","location":"Main Street","description":"Best pizza in town","dishes":[{"id":1,"name":"Margherita","price":10.0,"stock":5,"description":"Classic pizza","restaurant":{"id":1,"name":"Pizza Palace","location":"Main Street","description":"Best pizza in town","dishes":[{"id":1,"name":"Margherita","price":10.0,"stock":5,"description":"Classic pizza","restaurant":{"id":1,"name":"Pizza Palace","location":"Main Street","description":"Best pizza in town","dishes":[{"id":1,"name":"Margherita","price":10.0,"stock":5,"description":"Classic pizza","restaurant":{"id":1,"name":"Pizza Palace","location":"Main Street","description":"Best pizza in town","dishes":[{"id":1,"name":"Margherita","price":10.0,"stock":5,"description":"Classic pizza","restaurant":{"id":1,"name":"Pizza Palace","location":"Main Street","description":"Best pizza in town","dishes":[{"id":1,"name":"Margherita","price":10.0,"stock":5,"description":"Classic pizza","restaurant":{"id":1,"name":"Pizza Palace","location":"Main Street","description":"Best pizza in town","dishes":[{"id":1,"name":"Margherita","price":10.0,"stock":5,"description":"Classic pizza","restaurant":{"id":1,"name":"Pizza Palace","location":"Main Street","description":"Best pizza in town","dishes":[{"id":1,"name":"Margherita","price":10.0,"stock":5,"description":"Classic pizza","restaurant":{"id":1,"name":"Pizza Palace","location":"Main Street","description":"Best pizza in town","dishes":[{"id":1,"name":"Margherita","price":10.0,"stock":5,"description":"Classic pizza","restaurant":{"id":1,"name":"Pizza Palace","location":"Main Street","description":"Best pizza in town","dishes":[{"id":1,"name":"Margherita","price":10.0,"stock":5,"description":"Classic pizza","restaurant":{"id":1,"name":"Pizza Palace","location":"Main Street","description":"Best pizza in town","dishes":[{"id":1,"name":"Margherita","price":10.0,"stock":5,"description":"Classic pizza","restaurant":{"id":1,"name":"Pizza Palace","location":"Main Street","description":"Best pizza in town","dishes":[{"id":1,"name":"Margherita","price":10.0,"stock":5,"description":"Classic pizza","restaurant":{"id":1,"name":"Pizza Palace","location":"Main Street","description":"Best pizza in town","dishes":[{"id":1,"name":"Margherita","price":10.0,"stock":5,"description":"Classic pizza","restaurant":{"id":1,"name":"Pizza Palace","location":"Main Street","description":"Best pizza in town","dishes":[{"id":1,"name":"Margherita","price":10.0,"stock":5,"description":"Classic pizza","restaurant":{"id":1,"name":"Pizza Palace","location":"Main Street","description":"Best pizza in town","dishes":[{"id":1,"name":"Margherita","price":10.0,"stock":5,"description":"Classic pizza","restaurant":{"id":1,"name":"Pizza Palace","location":"Main Street","description":"Best pizza in town","dishes":[{"id":1,"name":"Margherita","price":10.0,"stock":5,"description":"Classic pizza","restaurant":{"id":1,"name":"Pizza Palace","location":"Main Street","description":"Best pizza in town","dishes":[{"id":1,"name":"Margherita","price":10.0,"stock":5,"description":"Classic pizza","restaurant":{"id":1,"name":"Pizza Palace","location":"Main Street","description":"Best pizza in town","dishes":[{"id":1,"name":"Margherita","price":10.0,"stock":5,"description":"Classic pizza","restaurant":{"id":1,"name":"Pizza Palace","location":"Main Street","description":"Best pizza in town","dishes":[{"id":1,"name":"Margherita","price":10.0,"stock":5,"description":"Classic pizza","restaurant":{"id":1,"name":"Pizza Palace","location":"Main Street","description":"Best pizza in town","dishes":[{"id":1,"name":"Margherita","price":10.0,"stock":5,"description":"Classic pizza","restaurant":{"id":1,"name":"Pizza Palace","location":"Main Street","description":"Best pizza in town","dishes":[{"id":1,"name":"Margherita","price":10.0,"stock":5,"description":"Classic pizza","restaurant":{"id":1,"name":"Pizza Palace","location":"Main Street","description":"Best pizza in town","dishes":[{"id":1,"name":"Margherita","price":10.0,"stock":5,"description":"Classic pizza","restaurant":{"id":1,"name":"Pizza Palace","location":"Main Street","description":"Best pizza in town","dishes":[{"id":1,"name":"Margherita","price":10.0,"stock":5,"description":"Classic pizza","restaurant":{"id":1,"name":"Pizza Palace","location":"Main Street","description":"Best pizza in town","dishes":[{"id":1,"name":"Margherita","price":10.0,"stock":5,"description":"Classic pizza","restaurant":{"id":1,"name":"Pizza Palace","location":"Main Street","description":"Best pizza in town","dishes":[{"id":1,"name":"Margherita","price":10.0,"stock":5,"description":"Classic pizza","restaurant":{"id":1,"name":"Pizza Palace","location":"Main Street","description":"Best pizza in town","dishes":[{"id":1,"name":"Margherita","price":10.0,"stock":5,"description":"Classic pizza","restaurant":{"id":1,"name":"Pizza Palace","location":"Main Street","description":"Best pizza in town","dishes":[{"id":1,"name":"Margherita","price":10.0,"stock":5,"description":"Classic pizza","restaurant":{"id":1,"name":"Pizza Palace","location":"Main Street","description":"Best pizza in town","dishes":[{"id":1,"name":"Margherita","price":10.0,"stock":5,"description":"Classic pizza","restaurant":{"id":1,"name":"Pizza Palace","location":"Main Street","description":"Best pizza in town","dishes":[{"id":1,"name":"Margherita","price":10.0,"stock":5,"description":"Classic pizza","restaurant":{"id":1,"name":"Pizza Palace","location":"Main Street","description":"Best pizza in town","dishes":[{"id":1,"name":"Margherita","price":10.0,"stock":5,"description":"Classic pizza","restaurant":{"id":1,"name":"Pizza Palace","location":"Main Street","description":"Best pizza in town","dishes":[{"id":1,"name":"Margherita","price":10.0,"stock":5,"description":"Classic pizza","restaurant":{"id":1,"name":"Pizza Palace","location":"Main Street","description":"Best pizza in town","dishes":[{"id":1,"name":"Margherita","price":10.0,"stock":5,"description":"Classic pizza","restaurant":{"id":1,"name":"Pizza Palace","location":"Main Street","description":"Best pizza in town","dishes":[{"id":1,"name":"Margherita","price":10.0,"stock":5,"description":"Classic pizza","restaurant":{"id":1,"name":"Pizza Palace","location":"Main Street","description":"Best pizza in town","dishes":[{"id":1,"name":"Margherita","price":10.0,"stock":5,"description":"Classic pizza","restaurant":{"id":1,"name":"Pizza Palace","location":"Main Street","description":"Best pizza in town","dishes":[{"id":1,"name":"Margherita","price":10.0,"stock":5,"description":"Classic pizza","restaurant":{"id":1,"name":"Pizza Palace","location":"Main Street","description":"Best pizza in town","dishes":[{"id":1,"name":"Margherita","price":10.0,"stock":5,"description":"Classic pizza","restaurant":{"id":1,"name":"Pizza Palace","location":"Main Street","description":"Best pizza in town","dishes":[{"id":1,"name":"Margherita","price":10.0,"stock":5,"description":"Classic pizza","restaurant":{"id":1,"name":"Pizza Palace","location":"Main Street","description":"Best pizza in town","dishes":[{"id":1,"name":"Margherita","price":10.0,"stock":5,"description":"Classic pizza","restaurant":{"id":1,"name":"Pizza Palace","location":"Main Street","description":"Best pizza in town","dishes":[{"id":1,"name":"Margherita","price":10.0,"stock":5,"description":"Classic pizza","restaurant":{"id":1,"name":"Pizza Palace","location":"Main Street","description":"Best pizza in town","dishes":[{"id":1,"name":"Margherita","price":10.0,"stock":5,"description":"Classic pizza","restaurant":{"id":1,"name":"Pizza Palace","location":"Main Street","description":"Best pizza in town","dishes":[{"id":1,"name":"Margherita","price":10.0,"stock":5,"description":"Classic pizza","restaurant":{"id":1,"name":"Pizza Palace","location":"Main Street","description":"Best pizza in town","dishes":[{"id":1,"name":"Margherita","price":10.0,"stock":5,"description":"Classic pizza","restaurant":{"id":1,"name":"Pizza Palace","location":"Main Street","description":"Best pizza in town","dishes":[{"id":1,"name":"Margherita","price":10.0,"stock":5,"description":"Classic pizza","restaurant":{"id":1,"name":"Pizza Palace","location":"Main Street","description":"Best pizza in town","dishes":[{"id":1,"name":"Margherita","price":10.0,"stock":5,"description":"Classic pizza","restaurant":{"id":1,"name":"Pizza Palace","location":"Main Street","description":"Best pizza in town","dishes":[{"id":1,"name":"Margherita","price":10.0,"stock":5,"description":"Classic pizza","restaurant":{"id":1,"name":"Pizza Palace","location":"Main Street","description":"Best pizza in town","dishes":[{"id":1,"name":"Margherita","price":10.0,"stock":5,"description":"Classic pizza","restaurant":{"id":1,"name":"Pizza Palace","location":"Main Street","description":"Best pizza in town","dishes":[{"id":1,"name":"Margherita","price":10.0,"stock":5,"description":"Classic pizza","restaurant":{"id":1,"name":"Pizza Palace","location":"Main Street","description":"Best pizza in town","dishes":[{"id":1,"name":"Margherita","price":10.0,"stock":5,"description":"Classic pizza","restaurant":{"id":1,"name":"Pizza Palace","location":"Main Street","description":"Best pizza in town","dishes":[{"id":1,"name":"Margherita","price":10.0,"stock":5,"description":"Classic pizza","restaurant":{"id":1,"name":"Pizza Palace","location":"Main Street","description":"Best pizza in town","dishes":[{"id":1,"name":"Margherita","price":10.0,"stock":5,"description":"Classic pizza","restaurant":{"id":1,"name":"Pizza Palace","location":"Main Street","description":"Best pizza in town","dishes":[{"id":1,"name":"Margherita","price":10.0,"stock":5,"description":"Classic pizza","restaurant":{"id":1,"name":"Pizza Palace","location":"Main Street","description":"Best pizza in town","dishes":[{"id":1,"name":"Margherita","price":10.0,"stock":5,"description":"Classic pizza","restaurant":{"id":1,"name":"Pizza Palace","location":"Main Street","description":"Best pizza in town","dishes":[{"id":1,"name":"Margherita","price":10.0,"stock":5,"description":"Classic pizza","restaurant":{"id":1,"name":"Pizza Palace","location":"Main Street","description":"Best pizza in town","dishes":[{"id":1,"name":"Margherita","price":10.0,"stock":5,"description":"Classic pizza","restaurant":{"id":1,"name":"Pizza Palace","location":"Main Street","description":"Best pizza in town","dishes":[{"id":1,"name":"Margherita","price":10.0,"stock":5,"description":"Classic pizza","restaurant":{"id":1,"name":"Pizza Palace","location":"Main Street","description":"Best pizza in town","dishes":[{"id":1,"name":"Margherita","price":10.0,"stock":5,"description":"Classic pizza","restaurant":{"id":1,"name":"Pizza Palace","location":"Main Street","description":"Best pizza in town","dishes":[{"id":1,"name":"Margherita","price":10.0,"stock":5,"description":"Classic pizza","restaurant":{"id":1,"name":"Pizza Palace","location":"Main Street","description":"Best pizza in town","dishes":[{"id":1,"name":"Margherita","price":10.0,"stock":5,"description":"Classic pizza","restaurant":{"id":1,"name":"Pizza Palace","location":"Main Street","description":"Best pizza in town","dishes":[{"id":1,"name":"Margherita","price":10.0,"stock":5,"description":"Classic pizza","restaurant":{"id":1,"name":"Pizza Palace","location":"Main Street","description":"Best pizza in town","dishes":[{"id":1,"name":"Margherita","price":10.0,"stock":5,"description":"Classic pizza","restaurant":{"id":1,"name":"Pizza Palace","location":"Main Street","description":"Best pizza in town","dishes":[{"id":1,"name":"Margherita","price":10.0,"stock":5,"description":"Classic pizza","restaurant":{"id":1,"name":"Pizza Palace","location":"Main Street","description":"Best pizza in town","dishes":[{"id":1,"name":"Margherita","price":10.0,"stock":5,"description":"Classic pizza","restaurant":{"id":1,"name":"Pizza Palace","location":"Main Street","description":"Best pizza in town","dishes":[{"id":1,"name":"Margherita","price":10.0,"stock":5,"description":"Classic pizza","restaurant":{"id":1,"name":"Pizza Palace","location":"Main Street","description":"Best pizza in town","dishes":[{"id":1,"name":"Margherita","price":10.0,"stock":5,"description":"Classic pizza","restaurant":{"id":1,"name":"Pizza Palace","location":"Main Street","description":"Best pizza in town","dishes":[{"id":1,"name":"Margherita","price":10.0,"stock":5,"description":"Classic pizza","restaurant":{"id":1,"name":"Pizza Palace","location":"Main Street","description":"Best pizza in town","dishes":[{"id":1,"name":"Margherita","price":10.0,"stock":5,"description":"Classic pizza","restaurant":{"id":1,"name":"Pizza Palace","location":"Main Street","description":"Best pizza in town","dishes":[{"id":1,"name":"Margherita","price":10.0,"stock":5,"description":"Classic pizza","restaurant":{"id":1,"name":"Pizza Palace","location":"Main Street","description":"Best pizza in town","dishes":[{"id":1,"name":"Margherita","price":10.0,"stock":5,"description":"Classic pizza","restaurant":{"id":1,"name":"Pizza Palace","location":"Main Street","description":"Best pizza in town","dishes":[{"id":1,"name":"Margherita","price":10.0,"stock":5,"description":"Classic pizza","restaurant":{"id":1,"name":"Pizza Palace","location":"Main Street","description":"Best pizza in town","dishes":[{"id":1,"name":"Margherita","price":10.0,"stock":5,"description":"Classic pizza","restaurant":{"id":1,"name":"Pizza Palace","location":"Main Street","description":"Best pizza in town","dishes":[{"id":1,"name":"Margherita","price":10.0,"stock":5,"description":"Classic pizza","restaurant":{"id":1,"name":"Pizza Palace","location":"Main Street","description":"Best pizza in town","dishes":[{"id":1,"name":"Margherita","price":10.0,"stock":5,"description":"Classic pizza","restaurant":{"id":1,"name":"Pizza Palace","location":"Main Street","description":"Best pizza in town","dishes":[{"id":1,"name":"Margherita","price":10.0,"stock":5,"description":"Classic pizza","restaurant":{"id":1,"name":"Pizza Palace","location":"Main Street","description":"Best pizza in town","dishes":[{"id":1,"name":"Margherita","price":10.0,"stock":5,"description":"Classic pizza","restaurant":{"id":1,"name":"Pizza Palace","location":"Main Street","description":"Best pizza in town","dishes":[{"id":1,"name":"Margherita","price":10.0,"stock":5,"description":"Classic pizza","restaurant":{"id":1,"name":"Pizza Palace","location":"Main Street","description":"Best pizza in town","dishes":[{"id":1,"name":"Margherita","price":10.0,"stock":5,"description":"Classic pizza","restaurant":{"id":1,"name":"Pizza Palace","location":"Main Street","description":"Best pizza in town","dishes":[{"id":1,"name":"Margherita","price":10.0,"stock":5,"description":"Classic pizza","restaurant":{"id":1,"name":"Pizza Palace","location":"Main Street","description":"Best pizza in town","dishes":[{"id":1,"name":"Margherita","price":10.0,"stock":5,"description":"Classic pizza","restaurant":{"id":1,"name":"Pizza Palace","location":"Main Street","description":"Best pizza in town","dishes":[{"id":1,"name":"Margherita","price":10.0,"stock":5,"description":"Classic pizza","restaurant":{"id":1,"name":"Pizza Palace","location":"Main Street","description":"Best pizza in town","dishes":[{"id":1,"name":"Margherita","price":10.0,"stock":5,"description":"Classic pizza","restaurant":{"id":1,"name":"Pizza Palace","location":"Main Street","description":"Best pizza in town","dishes":[{"id":1,"name":"Margherita","price":10.0,"stock":5,"description":"Classic pizza","restaurant":{"id":1,"name":"Pizza Palace","location":"Main Street","description":"Best pizza in town","dishes":[{"id":1,"name":"Margherita","price":10.0,"stock":5,"description":"Classic pizza","restaurant":{"id":1,"name":"Pizza Palace","location":"Main Street","description":"Best pizza in town","dishes":[{"id":1,"name":"Margherita","price":10.0,"stock":5,"description":"Classic pizza","restaurant":{"id":1,"name":"Pizza Palace","location":"Main Street","description":"Best pizza in town","dishes":[{"id":1,"name":"Margherita","price":10.0,"stock":5,"description":"Classic pizza","restaurant":{"id":1,"name":"Pizza Palace","location":"Main Street","description":"Best pizza in town","dishes":[{"id":1,"name":"Margherita","price":10.0,"stock":5,"description":"Classic pizza","restaurant":{"id":1,"name":"Pizza Palace","location":"Main Street","description":"Best pizza in town","dishes":[{"id":1,"name":"Margherita","price":10.0,"stock":5,"description":"Classic pizza","restaurant":{"id":1,"name":"Pizza Palace","location":"Main Street","description":"Best pizza in town","dishes":[{"id":1,"name":"Margherita","price":10.0,"stock":5,"description":"Classic pizza","restaurant":{"id":1,"name":"Pizza Palace","location":"Main Street","description":"Best pizza in town","dishes":[{"id":1,"name":"Margherita","price":10.0,"stock":5,"description":"Classic pizza","restaurant":{"id":1,"name":"Pizza Palace","location":"Main Street","description":"Best pizza in town","dishes":[{"id":1,"name":"Margherita","price":10.0,"stock":5,"description":"Classic pizza","restaurant":{"id":1,"name":"Pizza Palace","location":"Main Street","description":"Best pizza in town","dishes":[{"id":1,"name":"Margherita","price":10.0,"stock":5,"description":"Classic pizza","restaurant":{"id":1,"name":"Pizza Palace","location":"Main Street","description":"Best pizza in town","dishes":[{"id":1,"name":"Margherita","price":10.0,"stock":5,"description":"Classic pizza","restaurant":{"id":1,"name":"Pizza Palace","location":"Main Street","description":"Best pizza in town","dishes":[{"id":1,"name":"Margherita","price":10.0,"stock":5,"description":"Classic pizza","restaurant":{"id":1,"name":"Pizza Palace","location":"Main Street","description":"Best pizza in town","dishes":[{"id":1,"name":"Margherita","price":10.0,"stock":5,"description":"Classic pizza","restaurant":{"id":1,"name":"Pizza Palace","location":"Main Street","description":"Best pizza in town","dishes":[{"id":1,"name":"Margherita","price":10.0,"stock":5,"description":"Classic pizza","restaurant":{"id":1,"name":"Pizza Palace","location":"Main Street","description":"Best pizza in town","dishes":[{"id":1,"name":"Margherita","price":10.0,"stock":5,"description":"Classic pizza","restaurant":{"id":1,"name":"Pizza Palace","location":"Main Street","description":"Best pizza in town","dishes":[{"id":1,"name":"Margherita","price":10.0,"stock":5,"description":"Classic pizza","restaurant":{"id":1,"name":"Pizza Palace","location":"Main Street","description":"Best pizza in town","dishes":[{"id":1,"name":"Margherita","price":10.0,"stock":5,"description":"Classic pizza","restaurant":{"id":1,"name":"Pizza Palace","location":"Main Street","description":"Best pizza in town","dishes":[{"id":1,"name":"Margherita","price":10.0,"stock":5,"description":"Classic pizza","restaurant":{"id":1,"name":"Pizza Palace","location":"Main Street","description":"Best pizza in town","dishes":[{"id":1,"name":"Margherita","price":10.0,"stock":5,"description":"Classic pizza","restaurant":{"id":1,"name":"Pizza Palace","location":"Main Street","description":"Best pizza in town","dishes":[{"id":1,"name":"Margherita","price":10.0,"stock":5,"description":"Classic pizza","restaurant":{"id":1,"name":"Pizza Palace","location":"Main Street","description":"Best pizza in town","dishes":[{"id":1,"name":"Margherita","price":10.0,"stock":5,"description":"Classic pizza","restaurant":{"id":1,"name":"Pizza Palace","location":"Main Street","description":"Best pizza in town","dishes":[{"id":1,"name":"Margherita","price":10.0,"stock":5,"description":"Classic pizza","restaurant":{"id":1,"name":"Pizza Palace","location":"Main Street","description":"Best pizza in town","dishes":[{"id":1,"name":"Margherita","price":10.0,"stock":5,"description":"Classic pizza","restaurant":{"id":1,"name":"Pizza Palace","location":"Main Street","description":"Best pizza in town","dishes":[{"id":1,"name":"Margherita","price":10.0,"stock":5,"description":"Classic pizza","restaurant":{"id":1,"name":"Pizza Palace","location":"Main Street","description":"Best pizza in town","dishes":[{"id":1,"name":"Margherita","price":10.0,"stock":5,"description":"Classic pizza","restaurant":{"id":1,"name":"Pizza Palace","location":"Main Street","description":"Best pizza in town","dishes":[{"id":1,"name":"Margherita","price":10.0,"stock":5,"description":"Classic pizza","restaurant":{"id":1,"name":"Pizza Palace","location":"Main Street","description":"Best pizza in town","dishes":[{"id":1,"name":"Margherita","price":10.0,"stock":5,"description":"Classic pizza","restaurant":{"id":1,"name":"Pizza Palace","location":"Main Street","description":"Best pizza in town","dishes":[{"id":1,"name":"Margherita","price":10.0,"stock":5,"description":"Classic pizza","restaurant":{"id":1,"name":"Pizza Palace","location":"Main Street","description":"Best pizza in town","dishes":[{"id":1,"name":"Margherita","price":10.0,"stock":5,"description":"Classic pizza","restaurant":{"id":1,"name":"Pizza Palace","location":"Main Street","description":"Best pizza in town","dishes":[{"id":1,"name":"Margherita","price":10.0,"stock":5,"description":"Classic pizza","restaurant":{"id":1,"name":"Pizza Palace","location":"Main Street","description":"Best pizza in town","dishes":[{"id":1,"name":"Margherita","price":10.0,"stock":5,"description":"Classic pizza","restaurant":{"id":1,"name":"Pizza Palace","location":"Main Street","description":"Best pizza in town","dishes":[{"id":1,"name":"Margherita","price":10.0,"stock":5,"description":"Classic pizza","restaurant":{"id":1,"name":"Pizza Palace","location":"Main Street","description":"Best pizza in town","dishes":[{"id":1,"name":"Margherita","price":10.0,"stock":5,"description":"Classic pizza","restaurant":{"id":1,"name":"Pizza Palace","location":"Main Street","description":"Best pizza in town","dishes":[{"id":1,"name":"Margherita","price":10.0,"stock":5,"description":"Classic pizza","restaurant":{"id":1,"name":"Pizza Palace","location":"Main Street","description":"Best pizza in town","dishes":[{"id":1,"name":"Margherita","price":10.0,"stock":5,"description":"Classic pizza","restaurant":{"id":1,"name":"Pizza Palace","location":"Main Street","description":"Best pizza in town","dishes":[{"id":1,"name":"Margherita","price":10.0,"stock":5,"description":"Classic pizza","restaurant":{"id":1,"name":"Pizza Palace","location":"Main Street","description":"Best pizza in town","dishes":[{"id":1,"name":"Margherita","price":10.0,"stock":5,"description":"Classic pizza","restaurant":{"id":1,"name":"Pizza Palace","location":"Main Street","description":"Best pizza in town","dishes":[{"id":1,"name":"Margherita","price":10.0,"stock":5,"description":"Classic pizza","restaurant":{"id":1,"name":"Pizza Palace","location":"Main Street","description":"Best pizza in town","dishes":[{"id":1,"name":"Margherita","price":10.0,"stock":5,"description":"Classic pizza","restaurant":{"id":1,"name":"Pizza Palace","location":"Main Street","description":"Best pizza in town","dishes":[{"id":1,"name":"Margherita","price":10.0,"stock":5,"description":"Classic pizza","restaurant":{"id":1,"name":"Pizza Palace","location":"Main Street","description":"Best pizza in town","dishes":[{"id":1,"name":"Margherita","price":10.0,"stock":5,"description":"Classic pizza","restaurant":{"id":1,"name":"Pizza Palace","location":"Main Street","description":"Best pizza in town","dishes":[{"id":1,"name":"Margherita","price":10.0,"stock":5,"description":"Classic pizza","restaurant":{"id":1,"name":"Pizza Palace","location":"Main Street","description":"Best pizza in town","dishes":[{"id":1,"name":"Margherita","price":10.0,"stock":5,"description":"Classic pizza","restaurant":{"id":1,"name":"Pizza Palace","location":"Main Street","description":"Best pizza in town","dishes":[{"id":1,"name":"Margherita","price":10.0,"stock":5,"description":"Classic pizza","restaurant":{"id":1,"name":"Pizza Palace","location":"Main Street","description":"Best pizza in town","dishes":[{"id":1,"name":"Margherita","price":10.0,"stock":5,"description":"Classic pizza","restaurant":{"id":1,"name":"Pizza Palace","location":"Main Street","description":"Best pizza in town","dishes":[{"id":1,"name":"Margherita","price":10.0,"stock":5,"description":"Classic pizza","restaurant":{"id":1,"name":"Pizza Palace","location":"Main Street","description":"Best pizza in town","dishes":[{"id":1,"name":"Margherita","price":10.0,"stock":5,"description":"Classic pizza","restaurant":{"id":1,"name":"Pizza Palace","location":"Main Street","description":"Best pizza in town","dishes":[{"id":1,"name":"Margherita","price":10.0,"stock":5,"description":"Classic pizza","restaurant":{"id":1,"name":"Pizza Palace","location":"Main Street","description":"Best pizza in town","dishes":[{"id":1,"name":"Margherita","price":10.0,"stock":5,"description":"Classic pizza","restaurant":{"id":1,"name":"Pizza Palace","location":"Main Street","description":"Best pizza in town","dishes":[{"id":1,"name":"Margherita","price":10.0,"stock":5,"description":"Classic pizza","restaurant":{"id":1,"name":"Pizza Palace","location":"Main Street","description":"Best pizza in town","dishes":[{"id":1,"name":"Margherita","price":10.0,"stock":5,"description":"Classic pizza","restaurant":{"id":1,"name":"Pizza Palace","location":"Main Street","description":"Best pizza in town","dishes":[{"id":1,"name":"Margherita","price":10.0,"stock":5,"description":"Classic pizza","restaurant":{"id":1,"name":"Pizza Palace","location":"Main Street","description":"Best pizza in town","dishes":[{"id":1,"name":"Margherita","price":10.0,"stock":5,"description":"Classic pizza","restaurant":{"id":1,"name":"Pizza Palace","location":"Main Street","description":"Best pizza in town","dishes":[{"id":1,"name":"Margherita","price":10.0,"stock":5,"description":"Classic pizza","restaurant":{"id":1,"name":"Pizza Palace","location":"Main Street","description":"Best pizza in town","dishes":[{"id":1,"name":"Margherita","price":10.0,"stock":5,"description":"Classic pizza","restaurant":{"id":1,"name":"Pizza Palace","location":"Main Street","description":"Best pizza in town","dishes":[{"id":1,"name":"Margherita","price":10.0,"stock":5,"description":"Classic pizza","restaurant":{"id":1,"name":"Pizza Palace","location":"Main Street","description":"Best pizza in town","dishes":[{"id":1,"name":"Margherita","price":10.0,"stock":5,"description":"Classic pizza","restaurant":{"id":1,"name":"Pizza Palace","location":"Main Street","description":"Best pizza in town","dishes":[{"id":1,"name":"Margherita","price":10.0,"stock":5,"description":"Classic pizza","restaurant":{"id":1,"name":"Pizza Palace","location":"Main Street","description":"Best pizza in town","dishes":[{"id":1,"name":"Margherita","price":10.0,"stock":5,"description":"Classic pizza","restaurant":{"id":1,"name":"Pizza Palace","location":"Main Street","description":"Best pizza in town","dishes":[{"id":1,"name":"Margherita","price":10.0,"stock":5,"description":"Classic pizza","restaurant":{"id":1,"name":"Pizza Palace","location":"Main Street","description":"Best pizza in town","dishes":[{"id":1,"name":"Margherita","price":10.0,"stock":5,"description":"Classic pizza","restaurant":{"id":1,"name":"Pizza Palace","location":"Main Street","description":"Best pizza in town","dishes":[{"id":1,"name":"Margherita","price":10.0,"stock":5,"description":"Classic pizza","restaurant":{"id":1,"name":"Pizza Palace","location":"Main Street","description":"Best pizza in town","dishes":[{"id":1,"name":"Margherita","price":10.0,"stock":5,"description":"Classic pizza","restaurant":{"id":1,"name":"Pizza Palace","location":"Main Street","description":"Best pizza in town","dishes":[{"id":1,"name":"Margherita","price":10.0,"stock":5,"description":"Classic pizza","restaurant":{"id":1,"name":"Pizza Palace","location":"Main Street","description":"Best pizza in town","dishes":[{"id":1,"name":"Margherita","price":10.0,"stock":5,"description":"Classic pizza","restaurant":{"id":1,"name":"Pizza Palace","location":"Main Street","description":"Best pizza in town","dishes":[{"id":1,"name":"Margherita","price":10.0,"stock":5,"description":"Classic pizza","restaurant":{"id":1,"name":"Pizza Palace","location":"Main Street","description":"Best pizza in town","dishes":[{"id":1,"name":"Margherita","price":10.0,"stock":5,"description":"Classic pizza","restaurant":{"id":1,"name":"Pizza Palace","location":"Main Street","description":"Best pizza in town","dishes":[{"id":1,"name":"Margherita","price":10.0,"stock":5,"description":"Classic pizza","restaurant":{"id":1,"name":"Pizza Palace","location":"Main Street","description":"Best pizza in town","dishes":[{"id":1,"name":"Margherita","price":10.0,"stock":5,"description":"Classic pizza","restaurant":{"id":1,"name":"Pizza Palace","location":"Main Street","description":"Best pizza in town","dishes":[{"id":1,"name":"Margherita","price":10.0,"stock":5,"description":"Classic pizza","restaurant":{"id":1,"name":"Pizza Palace","location":"Main Street","description":"Best pizza in town","dishes":[{"id":1,"name":"Margherita","price":10.0,"stock":5,"description":"Classic pizza","restaurant":{"id":1,"name":"Pizza Palace","location":"Main Street","description":"Best pizza in town","dishes":[{"id":1,"name":"Margherita","price":10.0,"stock":5,"description":"Classic pizza","restaurant":{"id":1,"name":"Pizza Palace","location":"Main Street","description":"Best pizza in town","dishes":[{"id":1,"name":"Margherita","price":10.0,"stock":5,"description":"Classic pizza","restaurant":{"id":1,"name":"Pizza Palace","location":"Main Street","description":"Best pizza in town","dishes":[{"id":1,"name":"Margherita","price":10.0,"stock":5,"description":"Classic pizza","restaurant":{"id":1,"name":"Pizza Palace","location":"Main Street","description":"Best pizza in town","dishes":[{"id":1,"name":"Margherita","price":10.0,"stock":5,"description":"Classic pizza","restaurant":{"id":1,"name":"Pizza Palace","location":"Main Street","description":"Best pizza in town","dishes":[{"id":1,"name":"Margherita","price":10.0,"stock":5,"description":"Classic pizza","restaurant":{"id":1,"name":"Pizza Palace","location":"Main Street","description":"Best pizza in town","dishes":[{"id":1,"name":"Margherita","price":10.0,"stock":5,"description":"Classic pizza","restaurant":{"id":1,"name":"Pizza Palace","location":"Main Street","description":"Best pizza in town","dishes":[{"id":1,"name":"Margherita","price":10.0,"stock":5,"description":"Classic pizza","restaurant":{"id":1,"name":"Pizza Palace","location":"Main Street","description":"Best pizza in town","dishes":[{"id":1,"name":"Margherita","price":10.0,"stock":5,"description":"Classic pizza","restaurant":{"id":1,"name":"Pizza Palace","location":"Main Street","description":"Best pizza in town","dishes":[{"id":1,"name":"Margherita","price":10.0,"stock":5,"description":"Classic pizza","restaurant":{"id":1,"name":"Pizza Palace","location":"Main Street","description":"Best pizza in town","dishes":[{"id":1,"name":"Margherita","price":10.0,"stock":5,"description":"Classic pizza","restaurant":{"id":1,"name":"Pizza Palace","location":"Main Street","description":"Best pizza in town","dishes":[{"id":1,"name":"Margherita","price":10.0,"stock":5,"description":"Classic pizza","restaurant":{"id":1,"name":"Pizza Palace","location":"Main Street","description":"Best pizza in town","dishes":[{"id":1,"name":"Margherita","price":10.0,"stock":5,"description":"Classic pizza","restaurant":{"id":1,"name":"Pizza Palace","location":"Main Street","description":"Best pizza in town","dishes":[{"id":1,"name":"Margherita","price":10.0,"stock":5,"description":"Classic pizza","restaurant":{"id":1,"name":"Pizza Palace","location":"Main Street","description":"Best pizza in town","dishes":[{"id":1,"name":"Margherita","price":10.0,"stock":5,"description":"Classic pizza","restaurant":{"id":1,"name":"Pizza Palace","location":"Main Street","description":"Best pizza in town","dishes":[{"id":1,"name":"Margherita","price":10.0,"stock":5,"description":"Classic pizza","restaurant":{"id":1,"name":"Pizza Palace","location":"Main Street","description":"Best pizza in town","dishes":[{"id":1,"name":"Margherita","price":10.0,"stock":5,"description":"Classic pizza","restaurant":{"id":1,"name":"Pizza Palace","location":"Main Street","description":"Best pizza in town","dishes":[{"id":1,"name":"Margherita","price":10.0,"stock":5,"description":"Classic pizza","restaurant":{"id":1,"name":"Pizza Palace","location":"Main Street","description":"Best pizza in town","dishes":[{"id":1,"name":"Margherita","price":10.0,"stock":5,"description":"Classic pizza","restaurant":{"id":1,"name":"Pizza Palace","location":"Main Street","description":"Best pizza in town","dishes":[{"id":1,"name":"Margherita","price":10.0,"stock":5,"description":"Classic pizza","restaurant":{"id":1,"name":"Pizza Palace","location":"Main Street","description":"Best pizza in town","dishes":[{"id":1,"name":"Margherita","price":10.0,"stock":5,"description":"Classic pizza","restaurant":{"id":1,"name":"Pizza Palace","location":"Main Street","description":"Best pizza in town","dishes":[{"id":1,"name":"Margherita","price":10.0,"stock":5,"description":"Classic pizza","restaurant":{"id":1,"name":"Pizza Palace","location":"Main Street","description":"Best pizza in town","dishes":[{"id":1,"name":"Margherita","price":10.0,"stock":5,"description":"Classic pizza","restaurant":{"id":1,"name":"Pizza Palace","location":"Main Street","description":"Best pizza in town","dishes":[{"id":1,"name":"Margherita","price":10.0,"stock":5,"description":"Classic pizza","restaurant":{"id":1,"name":"Pizza Palace","location":"Main Street","description":"Best pizza in town","dishes":[{"id":1,"name":"Margherita","price":10.0,"stock":5,"description":"Classic pizza","restaurant":{"id":1,"name":"Pizza Palace","location":"Main Street","description":"Best pizza in town","dishes":[{"id":1,"name":"Margherita","price":10.0,"stock":5,"description":"Classic pizza","restaurant":{"id":1,"name":"Pizza Palace","location":"Main Street","description":"Best pizza in town","dishes":[{"id":1,"name":"Margherita","price":10.0,"stock":5,"description":"Classic pizza","restaurant":{"id":1,"name":"Pizza Palace","location":"Main Street","description":"Best pizza in town","dishes":[{"id":1,"name":"Margherita","price":10.0,"stock":5,"description":"Classic pizza","restaurant":{"id":1,"name":"Pizza Palace","location":"Main Street","description":"Best pizza in town","dishes":[{"id":1,"name":"Margherita","price":10.0,"stock":5,"description":"Classic pizza","restaurant":{"id":1,"name":"Pizza Palace","location":"Main Street","description":"Best pizza in town","dishes":[{"id":1,"name":"Margherita","price":10.0,"stock":5,"description":"Classic pizza","restaurant":{"id":1,"name":"Pizza Palace","location":"Main Street","description":"Best pizza in town","dishes":[{"id":1,"name":"Margherita","price":10.0,"stock":5,"description":"Classic pizza","restaurant":{"id":1,"name":"Pizza Palace","location":"Main Street","description":"Best pizza in town","dishes":[{"id":1,"name":"Margherita","price":10.0,"stock":5,"description":"Classic pizza","restaurant":{"id":1,"name":"Pizza Palace","location":"Main Street","description":"Best pizza in town","dishes":[{"id":1,"name":"Margherita","price":10.0,"stock":5,"description":"Classic pizza","restaurant":{"id":1,"name":"Pizza Palace","location":"Main Street","description":"Best pizza in town","dishes":[{"id":1,"name":"Margherita","price":10.0,"stock":5,"description":"Classic pizza","restaurant":{"id":1,"name":"Pizza Palace","location":"Main Street","description":"Best pizza in town","dishes":[{"id":1,"name":"Margherita","price":10.0,"stock":5,"description":"Classic pizza","restaurant":{"id":1,"name":"Pizza Palace","location":"Main Street","description":"Best pizza in town","dishes":[{"id":1,"name":"Margherita","price":10.0,"stock":5,"description":"Classic pizza","restaurant":{"id":1,"name":"Pizza Palace","location":"Main Street","description":"Best pizza in town","dishes":[{"id":1,"name":"Margherita","price":10.0,"stock":5,"description":"Classic pizza","restaurant":{"id":1,"name":"Pizza Palace","location":"Main Street","description":"Best pizza in town","dishes":[{"id":1,"name":"Margherita","price":10.0,"stock":5,"description":"Classic pizza","restaurant":{"id":1,"name":"Pizza Palace","location":"Main Street","description":"Best pizza in town","dishes":[{"id":1,"name":"Margherita","price":10.0,"stock":5,"description":"Classic pizza","restaurant":{"id":1,"name":"Pizza Palace","location":"Main Street","description":"Best pizza in town","dishes":[{"id":1,"name":"Margherita","price":10.0,"stock":5,"description":"Classic pizza","restaurant":{"id":1,"name":"Pizza Palace","location":"Main Street","description":"Best pizza in town","dishes":[{"id":1,"name":"Margherita","price":10.0,"stock":5,"description":"Classic pizza","restaurant":{"id":1,"name":"Pizza Palace","location":"Main Street","description":"Best pizza in town","dishes":[{"id":1,"name":"Margherita","price":10.0,"stock":5,"description":"Classic pizza","restaurant":{"id":1,"name":"Pizza Palace","location":"Main Street","description":"Best pizza in town","dishes":[{"id":1,"name":"Margherita","price":10.0,"stock":5,"description":"Classic pizza","restaurant":{"id":1,"name":"Pizza Palace","location":"Main Street","description":"Best pizza in town","dishes":[{"id":1,"name":"Margherita","price":10.0,"stock":5,"description":"Classic pizza","restaurant":{"id":1,"name":"Pizza Palace","location":"Main Street","description":"Best pizza in town","dishes":[{"id":1,"name":"Margherita","price":10.0,"stock":5,"description":"Classic pizza","restaurant":{"id":1,"name":"Pizza Palace","location":"Main Street","description":"Best pizza in town","dishes":[{"id":1,"name":"Margherita","price":10.0,"stock":5,"description":"Classic pizza","restaurant":{"id":1,"name":"Pizza Palace","location":"Main Street","description":"Best pizza in town","dishes":[{"id":1,"name":"Margherita","price":10.0,"stock":5,"description":"Classic pizza","restaurant":{"id":1,"name":"Pizza Palace","location":"Main Street","description":"Best pizza in town","dishes":[{"id":1,"name":"Margherita","price":10.0,"stock":5,"description":"Classic pizza","restaurant":{"id":1,"name":"Pizza Palace","location":"Main Street","description":"Best pizza in town","dishes":[{"id":1,"name":"Margherita","price":10.0,"stock":5,"description":"Classic pizza","restaurant":{"id":1,"name":"Pizza Palace","location":"Main Street","description":"Best pizza in town","dishes":[{"id":1,"name":"Margherita","price":10.0,"stock":5,"description":"Classic pizza","restaurant":{"id":1,"name":"Pizza Palace","location":"Main Street","description":"Best pizza in town","dishes":[{"id":1,"name":"Margherita","price":10.0,"stock":5,"description":"Classic pizza","restaurant":{"id":1,"name":"Pizza Palace","location":"Main Street","description":"Best pizza in town","dishes":[{"id":1,"name":"Margherita","price":10.0,"stock":5,"description":"Classic pizza","restaurant":{"id":1,"name":"Pizza Palace","location":"Main Street","description":"Best pizza in town","dishes":[{"id":1,"name":"Margherita","price":10.0,"stock":5,"description":"Classic pizza","restaurant":{"id":1,"name":"Pizza Palace","location":"Main Street","description":"Best pizza in town","dishes":[{"id":1,"name":"Margherita","price":10.0,"stock":5,"description":"Classic pizza","restaurant":{"id":1,"name":"Pizza Palace","location":"Main Street","description":"Best pizza in town","dishes":[{"id":1,"name":"Margherita","price":10.0,"stock":5,"description":"Classic pizza","restaurant":{"id":1,"name":"Pizza Palace","location":"Main Street","description":"Best pizza in town","dishes":[{"id":1,"name":"Margherita","price":10.0,"stock":5,"description":"Classic pizza","restaurant":{"id":1,"name":"Pizza Palace","location":"Main Street","description":"Best pizza in town","dishes":[{"id":1,"name":"Margherita","price":10.0,"stock":5,"description":"Classic pizza","restaurant":{"id":1,"name":"Pizza Palace","location":"Main Street","description":"Best pizza in town","dishes":[{"id":1,"name":"Margherita","price":10.0,"stock":5,"description":"Classic pizza","restaurant":{"id":1,"name":"Pizza Palace","location":"Main Street","description":"Best pizza in town","dishes":[{"id":1,"name":"Margherita","price":10.0,"stock":5,"description":"Classic pizza","restaurant":{"id":1,"name":"Pizza Palace","location":"Main Street","description":"Best pizza in town","dishes":[{"id":1,"name":"Margherita","price":10.0,"stock":5,"description":"Classic pizza","restaurant":{"id":1,"name":"Pizza Palace","location":"Main Street","description":"Best pizza in town","dishes":[{"id":1,"name":"Margherita","price":10.0,"stock":5,"description":"Classic pizza","restaurant":{"id":1,"name":"Pizza Palace","location":"Main Street","description":"Best pizza in town","dishes":[{"id":1,"name":"Margherita","price":10.0,"stock":5,"description":"Classic pizza","restaurant":{"id":1,"name":"Pizza Palace","location":"Main Street","description":"Best pizza in town","dishes":[{"id":1,"name":"Margherita","price":10.0,"stock":5,"description":"Classic pizza","restaurant":{"id":1,"name":"Pizza Palace","location":"Main Street","description":"Best pizza in town","dishes":[{"id":1,"name":"Margherita","price":10.0,"stock":5,"description":"Classic pizza","restaurant":{"id":1,"name":"Pizza Palace","location":"Main Street","description":"Best pizza in town","dishes":[{"id":1,"name":"Margherita","price":10.0,"stock":5,"description":"Classic pizza","restaurant":{"id":1,"name":"Pizza Palace","location":"Main Street","description":"Best pizza in town","dishes":[{"id":1,"name":"Margherita","price":10.0,"stock":5,"description":"Classic pizza","restaurant":{"id":1,"name":"Pizza Palace","location":"Main Street","description":"Best pizza in town","dishes":[{"id":1,"name":"Margherita","price":10.0,"stock":5,"description":"Classic pizza","restaurant":{"id":1,"name":"Pizza Palace","location":"Main Street","description":"Best pizza in town","dishes":[{"id":1,"name":"Margherita","price":10.0,"stock":5,"description":"Classic pizza","restaurant":{"id":1,"name":"Pizza Palace","location":"Main Street","description":"Best pizza in town","dishes":[{"id":1,"name":"Margherita","price":10.0,"stock":5,"description":"Classic pizza","restaurant":{"id":1,"name":"Pizza Palace","location":"Main Street","description":"Best pizza in town","dishes":[{"id":1,"name":"Margherita","price":10.0,"stock":5,"description":"Classic pizza","restaurant":{"id":1,"name":"Pizza Palace","location":"Main Street","description":"Best pizza in town","dishes":[{"id":1,"name":"Margherita","price":10.0,"stock":5,"description":"Classic pizza","restaurant":{"id":1,"name":"Pizza Palace","location":"Main Street","description":"Best pizza in town","dishes":[{"id":1,"name":"Margherita","price":10.0,"stock":5,"description":"Classic pizza","restaurant":{"id":1,"name":"Pizza Palace","location":"Main Street","description":"Best pizza in town","dishes":[{"id":1,"name":"Margherita","price":10.0,"stock":5,"description":"Classic pizza","restaurant":{"id":1,"name":"Pizza Palace","location":"Main Street","description":"Best pizza in town","dishes":[{"id":1,"name":"Margherita","price":10.0,"stock":5,"description":"Classic pizza","restaurant":{"id":1,"name":"Pizza Palace","location":"Main Street","description":"Best pizza in town","dishes":[{"id":1,"name":"Margherita","price":10.0,"stock":5,"description":"Classic pizza","restaurant":{"id":1,"name":"Pizza Palace","location":"Main Street","description":"Best pizza in town","dishes":[{"id":1,"name":"Margherita","price":10.0,"stock":5,"description":"Classic pizza","restaurant":{"id":1,"name":"Pizza Palace","location":"Main Street","description":"Best pizza in town","dishes":[{"id":1,"name":"Margherita","price":10.0,"stock":5,"description":"Classic pizza","restaurant":{"id":1,"name":"Pizza Palace","location":"Main Street","description":"Best pizza in town","dishes":[{"id":1,"name":"Margherita","price":10.0,"stock":5,"description":"Classic pizza","restaurant":{"id":1,"name":"Pizza Palace","location":"Main Street","description":"Best pizza in town","dishes":[{"id":1,"name":"Margherita","price":10.0,"stock":5,"description":"Classic pizza","restaurant":{"id":1,"name":"Pizza Palace","location":"Main Street","description":"Best pizza in town","dishes":[{"id":1,"name":"Margherita","price":10.0,"stock":5,"description":"Classic pizza","restaurant":{"id":1,"name":"Pizza Palace","location":"Main Street","description":"Best pizza in town","dishes":[{"id":1,"name":"Margherita","price":10.0,"stock":5,"description":"Classic pizza","restaurant":{"id":1,"name":"Pizza Palace","location":"Main Street","description":"Best pizza in town","dishes":[{"id":1,"name":"Margherita","price":10.0,"stock":5,"description":"Classic pizza","restaurant":{"id":1,"name":"Pizza Palace","location":"Main Street","description":"Best pizza in town","dishes":[{"id":1,"name":"Margherita","price":10.0,"stock":5,"description":"Classic pizza","restaurant":{"id":1,"name":"Pizza Palace","location":"Main Street","description":"Best pizza in town","dishes":[{"id":1,"name":"Margherita","price":10.0,"stock":5,"description":"Classic pizza","restaurant":{"id":1,"name":"Pizza Palace","location":"Main Street","description":"Best pizza in town","dishes":[{"id":1,"name":"Margherita","price":10.0,"stock":5,"description":"Classic pizza","restaurant":{"id":1,"name":"Pizza Palace","location":"Main Street","description":"Best pizza in town","dishes":[{"id":1,"name":"Margherita","price":10.0,"stock":5,"description":"Classic pizza","restaurant":{"id":1,"name":"Pizza Palace","location":"Main Street","description":"Best pizza in town","dishes":[{"id":1,"name":"Margherita","price":10.0,"stock":5,"description":"Classic pizza","restaurant":{"id":1,"name":"Pizza Palace","location":"Main Street","description":"Best pizza in town","dishes":[{"id":1,"name":"Margherita","price":10.0,"stock":5,"description":"Classic pizza","restaurant":{"id":1,"name":"Pizza Palace","location":"Main Street","description":"Best pizza in town","dishes":[{"id":1,"name":"Margherita","price":10.0,"stock":5,"description":"Classic pizza","restaurant":{"id":1,"name":"Pizza Palace","location":"Main Street","description":"Best pizza in town","dishes":[{"id":1,"name":"Margherita","price":10.0,"stock":5,"description":"Classic pizza","restaurant":{"id":1,"name":"Pizza Palace","location":"Main Street","description":"Best pizza in town","dishes":[{"id":1,"name":"Margherita","price":10.0,"stock":5,"description":"Classic pizza","restaurant":{"id":1,"name":"Pizza Palace","location":"Main Street","description":"Best pizza in town","dishes":[{"id":1,"name":"Margherita","price":10.0,"stock":5,"description":"Classic pizza","restaurant":{"id":1,"name":"Pizza Palace","location":"Main Street","description":"Best pizza in town","dishes":[{"id":1,"name":"Margherita","price":10.0,"stock":5,"description":"Classic pizza","restaurant":{"id":1,"name":"Pizza Palace","location":"Main Street","description":"Best pizza in town","dishes":[{"id":1,"name":"Margherita","price":10.0,"stock":5,"description":"Classic pizza","restaurant":{"id":1,"name":"Pizza Palace","location":"Main Street","description":"Best pizza in town","dishes":[{"id":1,"name":"Margherita","price":10.0,"stock":5,"description":"Classic pizza","restaurant":{"id":1,"name":"Pizza Palace","location":"Main Street","description":"Best pizza in town","dishes":[{"id":1,"name":"Margherita","price":10.0,"stock":5,"description":"Classic pizza","restaurant":{"id":1,"name":"Pizza Palace","location":"Main Street","description":"Best pizza in town","dishes":[{"id":1,"name":"Margherita","price":10.0,"stock":5,"description":"Classic pizza","restaurant":{"id":1,"name":"Pizza Palace","location":"Main Street","description":"Best pizza in town","dishes":[{"id":1,"name":"Margherita","price":10.0,"stock":5,"description":"Classic pizza","restaurant":{"id":1,"name":"Pizza Palace","location":"Main Street","description":"Best pizza in town","dishes":[{"id":1,"name":"Margherita","price":10.0,"stock":5,"description":"Classic pizza","restaurant":{"id":1,"name":"Pizza Palace","location":"Main Street","description":"Best pizza in town","dishes":[{"id":1,"name":"Margherita","price":10.0,"stock":5,"description":"Classic pizza","restaurant":{"id":1,"name":"Pizza Palace","location":"Main Street","description":"Best pizza in town","dishes":[{"id":1,"name":"Margherita","price":10.0,"stock":5,"description":"Classic pizza","restaurant":{"id":1,"name":"Pizza Palace","location":"Main Street","description":"Best pizza in town","dishes":[{"id":1,"name":"Margherita","price":10.0,"stock":5,"description":"Classic pizza","restaurant":{"id":1,"name":"Pizza Palace","location":"Main Street","description":"Best pizza in town","dishes":[{"id":1,"name":"Margherita","price":10.0,"stock":5,"description":"Classic pizza","restaurant":{"id":1,"name":"Pizza Palace","location":"Main Street","description":"Best pizza in town","dishes":[{"id":1,"name":"Margherita","price":10.0,"stock":5,"description":"Classic pizza","restaurant":{"id":1,"name":"Pizza Palace","location":"Main Street","description":"Best pizza in town","dishes":[{"id":1,"name":"Margherita","price":10.0,"stock":5,"description":"Classic pizza","restaurant":{"id":1,"name":"Pizza Palace","location":"Main Street","description":"Best pizza in town","dishes":[{"id":1,"name":"Margherita","price":10.0,"stock":5,"description":"Classic pizza","restaurant":{"id":1,"name":"Pizza Palace","location":"Main Street","description":"Best pizza in town","dishes":[{"id":1,"name":"Margherita","price":10.0,"stock":5,"description":"Classic pizza","restaurant":{"id":1,"name":"Pizza Palace","location":"Main Street","description":"Best pizza in town","dishes":[{"id":1,"name":"Margherita","price":10.0,"stock":5,"description":"Classic pizza","restaurant":{"id":1,"name":"Pizza Palace","location":"Main Street","description":"Best pizza in town","dishes":[{"id":1,"name":"Margherita","price":10.0,"stock":5,"description":"Classic pizza","restaurant":{"id":1,"name":"Pizza Palace","location":"Main Street","description":"Best pizza in town","dishes":[{"id":1,"name":"Margherita","price":10.0,"stock":5,"description":"Classic pizza","restaurant":{"id":1,"name":"Pizza Palace","location":"Main Street","description":"Best pizza in town","dishes":[{"id":1,"name":"Margherita","price":10.0,"stock":5,"description":"Classic pizza","restaurant":{"id":1,"name":"Pizza Palace","location":"Main Street","description":"Best pizza in town","dishes":[{"id":1,"name":"Margherita","price":10.0,"stock":5,"description":"Classic pizza","restaurant":{"id":1,"name":"Pizza Palace","location":"Main Street","description":"Best pizza in town","dishes":[{"id":1,"name":"Margherita","price":10.0,"stock":5,"description":"Classic pizza","restaurant":{"id":1,"name":"Pizza Palace","location":"Main Street","description":"Best pizza in town","dishes":[{"id":1,"name":"Margherita","price":10.0,"stock":5,"description":"Classic pizza","restaurant":{"id":1,"name":"Pizza Palace","location":"Main Street","description":"Best pizza in town","dishes":[{"id":1,"name":"Margherita","price":10.0,"stock":5,"description":"Classic pizza","restaurant":{"id":1,"name":"Pizza Palace","location":"Main Street","description":"Best pizza in town","dishes":[{"id":1,"name":"Margherita","price":10.0,"stock":5,"description":"Classic pizza","restaurant":{"id":1,"name":"Pizza Palace","location":"Main Street","description":"Best pizza in town","dishes":[{"id":1,"name":"Margherita","price":10.0,"stock":5,"description":"Classic pizza","restaurant":{"id":1,"name":"Pizza Palace","location":"Main Street","description":"Best pizza in town","dishes":[{"id":1,"name":"Margherita","price":10.0,"stock":5,"description":"Classic pizza","restaurant":{"id":1,"name":"Pizza Palace","location":"Main Street","description":"Best pizza in town","dishes":[{"id":1,"name":"Margherita","price":10.0,"stock":5,"description":"Classic pizza","restaurant":{"id":1,"name":"Pizza Palace","location":"Main Street","description":"Best pizza in town","dishes":[{"id":1,"name":"Margherita","price":10.0,"stock":5,"description":"Classic pizza","restaurant":{"id":1,"name":"Pizza Palace","location":"Main Street","description":"Best pizza in town","dishes":[{"id":1,"name":"Margherita","price":10.0,"stock":5,"description":"Classic pizza","restaurant":{"id":1,"name":"Pizza Palace","location":"Main Street","description":"Best pizza in town","dishes":[{"id":1,"name":"Margherita","price":10.0,"stock":5,"description":"Classic pizza","restaurant":{"id":1,"name":"Pizza Palace","location":"Main Street","description":"Best pizza in town","dishes":[{"id":1,"name":"Margherita","price":10.0,"stock":5,"description":"Classic pizza","restaurant":{"id":1,"name":"Pizza Palace","location":"Main Street","description":"Best pizza in town","dishes":[{"id":1,"name":"Margherita","price":10.0,"stock":5,"description":"Classic pizza","restaurant":}]}}]}}]}}]}}]}}]}}]}}]}}]}}]}}]}}]}}]}}]}}]}}]}}]}}]}}]}}]}}]}}]}}]}}]}}]}}]}}]}}]}}]}}]}}]}}]}}]}}]}}]}}]}}]}}]}}]}}]}}]}}]}}]}}]}}]}}]}}]}}]}}]}}]}}]}}]}}]}}]}}]}}]}}]}}]}}]}}]}}]}}]}}]}}]}}]}}]}}]}}]}}]}}]}}]}}]}}]}}]}}]}}]}}]}}]}}]}}]}}]}}]}}]}}]}}]}}]}}]}}]}}]}}]}}]}}]}}]}}]}}]}}]}}]}}]}}]}}]}}]}}]}}]}}]}}]}}]}}]}}]}}]}}]}}]}}]}}]}}]}}]}}]}}]}}]}}]}}]}}]}}]}}]}}]}}]}}]}}]}}]}}]}}]}}]}}]}}]}}]}}]}}]}}]}}]}}]}}]}}]}}]}}]}}]}}]}}]}}]}}]}}]}}]}}]}}]}}]}}]}}]}}]}}]}}]}}]}}]}}]}}]}}]}}]}}]}}]}}]}}]}}]}}]}}]}}]}}]}}]}}]}}]}}]}}]}}]}}]}}]}}]}}]}}]}}]}}]}}]}}]}}]}}]}}]}}]}}]}}]}}]}}]}}]}}]}}]}}]}}]}}]}}]}}]}}]}}]}}]}}]}}]}}]}}]}}]}}]}}]}}]}}]}}]}}]}}]}}]}}]}}]}}]}}]}}]}}]}}]}}]}}]}}]}}]}}]}}]}}]}}]}}]}}]}}]}}]}}]}}]}}]}}]}}]}}]}}]}}]}}]}}]}}]}}]}}]}}]}}]}}]}}]}}]}}]}}]}}]}}]}}]}}]}}]}}]}}]}}]}}]}}]}}]}}]}}]}}]}}]}}]}}]}}]}}]}}]}}]}}]}}]}}]}}]}}]}}]}}]}}]}}]}}]}}]}}]}}]}}]}}]}}]}}]}}]}}]}}]}}]}}]}}]}}]}}]}}]}}]}}]}}]}}]}}]}}]}}]}}]}}]}}]}}]}}]}}]}}]}}]}}]}}]}}]}}]}}]}}]}}]}}]}}]}}]}}]}}]}}
    Forwarded URL = null
   Redirected URL = null
          Cookies = []
]]></system-out>
  </testcase>
  <testcase name="testGetDishesUnderPriceRange" classname="com.examly.springapp.SpringappApplicationTests" time="0.039">
    <failure type="java.lang.AssertionError"><![CDATA[java.lang.AssertionError: Status expected:<200> but was:<404>
	at com.examly.springapp.SpringappApplicationTests.testGetDishesUnderPriceRange(SpringappApplicationTests.java:128)
]]></failure>
    <system-out><![CDATA[
MockHttpServletRequest:
      HTTP Method = GET
      Request URI = /api/dish/search/15.0
       Parameters = {}
          Headers = [Accept:"application/json"]
             Body = null
    Session Attrs = {}

Handler:
             Type = org.springframework.web.servlet.resource.ResourceHttpRequestHandler

Async:
    Async started = false
     Async result = null

Resolved Exception:
             Type = org.springframework.web.servlet.resource.NoResourceFoundException

ModelAndView:
        View name = null
             View = null
            Model = null

FlashMap:
       Attributes = null

MockHttpServletResponse:
           Status = 404
    Error message = No static resource api/dish/search/15.0.
          Headers = [Vary:"Origin", "Access-Control-Request-Method", "Access-Control-Request-Headers"]
     Content type = null
             Body = 
    Forwarded URL = null
   Redirected URL = null
          Cookies = []
]]></system-out>
  </testcase>
  <testcase name="testGetDishesUnderPriceRange_NoDishes" classname="com.examly.springapp.SpringappApplicationTests" time="0.016">
    <failure type="java.lang.AssertionError"><![CDATA[java.lang.AssertionError: Status expected:<204> but was:<404>
	at com.examly.springapp.SpringappApplicationTests.testGetDishesUnderPriceRange_NoDishes(SpringappApplicationTests.java:139)
]]></failure>
    <system-out><![CDATA[
MockHttpServletRequest:
      HTTP Method = GET
      Request URI = /api/dish/search/100.0
       Parameters = {}
          Headers = [Accept:"application/json"]
             Body = null
    Session Attrs = {}

Handler:
             Type = org.springframework.web.servlet.resource.ResourceHttpRequestHandler

Async:
    Async started = false
     Async result = null

Resolved Exception:
             Type = org.springframework.web.servlet.resource.NoResourceFoundException

ModelAndView:
        View name = null
             View = null
            Model = null

FlashMap:
       Attributes = null

MockHttpServletResponse:
           Status = 404
    Error message = No static resource api/dish/search/100.0.
          Headers = [Vary:"Origin", "Access-Control-Request-Method", "Access-Control-Request-Headers"]
     Content type = null
             Body = 
    Forwarded URL = null
   Redirected URL = null
          Cookies = []
]]></system-out>
  </testcase>
  <testcase name="testDishOutOfStockException" classname="com.examly.springapp.SpringappApplicationTests" time="0.009">
    <error type="jakarta.servlet.ServletException"><![CDATA[jakarta.servlet.ServletException: Request processing failed: java.lang.RuntimeException: Dish is currently out of stock.
	at com.examly.springapp.SpringappApplicationTests.testDishOutOfStockException(SpringappApplicationTests.java:150)
Caused by: java.lang.RuntimeException: Dish is currently out of stock.
	at com.examly.springapp.SpringappApplicationTests.testDishOutOfStockException(SpringappApplicationTests.java:150)
]]></error>
  </testcase>
  <testcase name="testDeleteDish" classname="com.examly.springapp.SpringappApplicationTests" time="0.067">
    <system-out><![CDATA[Hibernate: select d1_0.id,d1_0.description,d1_0.name,d1_0.price,r1_0.id,r1_0.description,r1_0.location,r1_0.name,d1_0.stock from dish d1_0 left join restaurant r1_0 on r1_0.id=d1_0.restaurant_id where d1_0.id=?
Hibernate: delete from dish where id=?
]]></system-out>
  </testcase>
  <testcase name="testDeleteDish_NotFound" classname="com.examly.springapp.SpringappApplicationTests" time="0.045">
    <error type="jakarta.servlet.ServletException"><![CDATA[jakarta.servlet.ServletException: Request processing failed: java.lang.RuntimeException: Dish not found with ID: 999
	at com.examly.springapp.SpringappApplicationTests.testDeleteDish_NotFound(SpringappApplicationTests.java:171)
Caused by: java.lang.RuntimeException: Dish not found with ID: 999
	at com.examly.springapp.SpringappApplicationTests.testDeleteDish_NotFound(SpringappApplicationTests.java:171)
]]></error>
    <system-out><![CDATA[Hibernate: select d1_0.id,d1_0.description,d1_0.name,d1_0.price,r1_0.id,r1_0.description,r1_0.location,r1_0.name,d1_0.stock from dish d1_0 left join restaurant r1_0 on r1_0.id=d1_0.restaurant_id where d1_0.id=?
]]></system-out>
  </testcase>
  <testcase name="testOneToManyAnnotationPresentInRestaurant" classname="com.examly.springapp.SpringappApplicationTests" time="0.007"/>
  <testcase name="testQueryAnnotationPresentInDishRepo" classname="com.examly.springapp.SpringappApplicationTests" time="0.004"/>
  <testcase name="testFoldersAndFilesExist" classname="com.examly.springapp.SpringappApplicationTests" time="0.006"/>
  <testcase name="testDishServiceInterfaceExists" classname="com.examly.springapp.SpringappApplicationTests" time="0.003"/>
  <testcase name="testRestaurantServiceInterfaceExists" classname="com.examly.springapp.SpringappApplicationTests" time="0.003"/>
</testsuite>